Use LAH: 0
Use Concorde Feasible Solution improvement: 0
Name: bubbles3
directory: 2D
option: 2D
OPTION 2D ACTIVATED, Z COORDINATES BECAME 0
Instance Size: 127
Initial Upper Bound: 530.73339104
Average radius size: 10.00000000
Using variable selection rule #1!
Size of the tree: 1.19557593e+211
Raiz: 0 102 77 
Initial root: 0 102 77 
Value of objective function: 3.13836120e+02
SolverStatus: Solved
Solution: 
( 1.00000000e+02, 1.00000000e+02, 0.00000000e+00 )
( 1.53217199e+02, 1.57651966e+02, 0.00000000e+00 )
( 4.67828010e+01, 4.23480344e+01, 0.00000000e+00 )
( 1.00000000e+02, 1.00000000e+02, 0.00000000e+00 )

Not covered in root: 90 89 114 115 88 91 113 116 48 58 87 92 112 117 47 11 57 76 93 86 118 111 12 46 36 10 75 56 85 94 110 119 13 45 59 9 35 21 74 55 95 84 120 109 44 14 60 8 22 34 54 73 83 96 121 108 15 43 7 61 23 33 53 72 82 97 107 122 42 16 62 6 32 24 71 52 81 98 123 106 17 41 5 63 25 31 70 51 80 99 105 124 40 18 64 4 26 30 50 69 100 79 104 125 39 19 3 65 103 28 49 20 101 27 126 38 37 78 1 2 68 67 66 29 
INFEASIBLE ROOT

Using variable selection rule #1!
F. value	BestUB	        BestLB	        GAP%(I)	        Level	#Uncov	#Solved	 open	        Tree (%)	
417.33838		- 	313.83612		- 	002	085	0000004	 000000000002	0.0000000%
529.63326		- 	529.41115		- 	007	029	0000378	 000000000021	0.0000000%
529.85179		- 	529.63326		- 	009	028	0000724	 000000000057	0.0000000%
529.85762		- 	529.73647		- 	018	022	0001117	 000000000095	0.0000000%
530.07428		- 	529.85179		- 	009	027	0001592	 000000000131	0.0000000%
530.21270		- 	529.85762		- 	019	022	0002098	 000000000165	0.0000000%
529.95427		- 	529.90595		- 	020	020	0002704	 000000000199	0.0000000%
530.24559		- 	529.90737		- 	020	022	0003292	 000000000234	0.0000000%
530.07126		- 	529.95304		- 	018	021	0003710	 000000000275	0.0000000%
529.95441		- 	529.95429		- 	021	019	0004342	 000000000309	0.0000000%
529.95452		- 	529.95440		- 	022	018	0005050	 000000000341	0.0000000%
529.95452		- 	529.95441		- 	022	018	0005786	 000000000372	0.0000000%
529.95462		- 	529.95451		- 	023	017	0006524	 000000000404	0.0000000%
529.95461		- 	529.95451		- 	023	012	0007292	 000000000435	0.0000000%
529.95462		- 	529.95452		- 	023	012	0008036	 000000000467	0.0000000%
529.95464		- 	529.95452		- 	023	017	0008804	 000000000498	0.0000000%
529.95472		- 	529.95461		- 	024	011	0009571	 000000000530	0.0000000%
529.95472		- 	529.95461		- 	024	010	0010371	 000000000561	0.0000000%
529.95474		- 	529.95461		- 	024	010	0011146	 000000000593	0.0000000%
529.95471		- 	529.95461		- 	024	011	0011946	 000000000624	0.0000000%
529.95473		- 	529.95462		- 	024	011	0012721	 000000000656	0.0000000%
529.95474		- 	529.95462		- 	024	016	0013521	 000000000687	0.0000000%
529.95476		- 	529.95464		- 	024	016	0014296	 000000000719	0.0000000%
529.95475		- 	529.95464		- 	024	016	0015096	 000000000750	0.0000000%
529.95474		- 	529.95471		- 	025	005	0016384	 000000000763	0.0000000%
529.95474		- 	529.95471		- 	025	005	0018022	 000000000763	0.0000000%
529.95476		- 	529.95473		- 	025	010	0019660	 000000000763	0.0000000%
529.95476		- 	529.95473		- 	025	010	0021298	 000000000763	0.0000000%
529.95476		- 	529.95473		- 	025	009	0022936	 000000000763	0.0000000%

### Final Log ###

Termination Reason: Optimal
OPTIMAL SOLUTION FOUND
Function objective value: 529.954759389046671
Sum of infeasibilities: 0.000000091793848
Sequence: 0 121 123 65 66 102 28 99 27 93 21 10 90 9 111 105 2 1 77 29 81 86 35 36 89 59 60 120 
Solution: 

Number of Resolved Nodes: 29304
Pruned tree percentage: 0.000000000000000%
Computed Tree Percentage: 0.000000000000000%
Total: 0.000000000000000
Time total: 33.264873999999999
Time S.B: 33.233853000000003
Time SOCP: 32.902048000000029
Iterations to incumbent: 23634
Peak Memory Consumption: 17652
#################
Warm Start Time: 1.457278999999985
    init Time: 0.000040000000000
    construct Time: 1.457238999999985
        solve Time: 1.410507999999854
SOCPs solved: 29430
Solvers made: 26
SOCP Internal Iterations: 320970
SOCP Internal Solve Time: 38.005247354000154
SOCP Setup Time: 6.636074578998589
    SOCP Equilibration Time: 0.900767050000346
    SOCP KKT init Time: 5.045644804999426
SOCP initialization Time: 0.037851987000000
SOCP IP Iteration Time: 31.327029448999994
    SOCP KKT Update Time: 14.212459404000112
    SOCP KKT Solve Time: 12.298215939999922

