Use LAH: 0
Use Concorde Feasible Solution improvement: 0
Name: concentricCircles1
directory: 2D
option: 2D
OPTION 2D ACTIVATED, Z COORDINATES BECAME 0
Instance Size: 17
Initial Upper Bound: 53.15798819
Average radius size: 3.00000000
Using variable selection rule #1!
Size of the tree: 1.11621963e+13
Raiz: 0 1 9 
Initial root: 0 1 9 
Value of objective function: 2.80000000e+01
SolverStatus: Solved
Solution: 
( 1.00000000e+02, 1.00000000e+02, 0.00000000e+00 )
( 1.00000000e+02, 9.30000000e+01, 0.00000000e+00 )
( 1.00000000e+02, 1.07000000e+02, 0.00000000e+00 )
( 1.00000000e+02, 1.00000000e+02, 0.00000000e+00 )

Not covered in root: 5 13 4 6 12 14 15 3 7 11 16 2 8 10 
INFEASIBLE ROOT

Using variable selection rule #1!
F. value	BestUB	        BestLB	        GAP%(I)	        Level	#Uncov	#Solved	 open	        Tree (%)	
37.171563		- 	28.000000		- 	002	013	0000004	 000000000002	0.0000000%
43.061920		- 	37.171563		- 	003	012	0000012	 000000000008	0.0000000%
49.761882		- 	43.061920		- 	004	010	0000021	 000000000014	0.0000000%
49.541293		- 	43.061920		- 	004	010	0000031	 000000000020	0.0000000%
53.126659		- 	46.417229		- 	004	010	0000041	 000000000026	0.0000000%
50.288921		- 	46.417229		- 	004	011	0000051	 000000000032	0.0000000%
48.816189		- 	47.963328		- 	005	009	0000068	 000000000037	0.0000000%
50.555067		- 	48.103346		- 	005	010	0000086	 000000000042	0.0000000%
50.555067		- 	48.103346		- 	005	010	0000098	 000000000048	0.0000000%
51.040532		- 	49.541293		- 	005	009	0000145	 000000000049	0.0000000%
52.650012		- 	49.654119		- 	007	008	0000179	 000000000052	0.0000000%
51.458866		- 	49.654120		- 	007	007	0000195	 000000000058	0.0000000%
52.200489		- 	49.792553		- 	007	008	0000227	 000000000061	0.0000000%
51.379573		- 	50.441099		- 	006	008	0000286	 000000000060	0.0000000%
51.881898		- 	51.040532		- 	006	008	0000342	 000000000060	0.0000000%
52.200489		- 	51.358051		- 	007	008	0000451	 000000000052	0.0000000%
52.515147		- 	51.458866		- 	008	006	0000528	 000000000050	0.0000000%
53.083311		- 	52.049007		- 	008	007	0000644	 000000000044	0.0000000%
52.744347		- 	52.200489		- 	008	007	0000716	 000000000044	0.0000000%
52.762784		- 	52.508776		- 	009	005	0000789	 000000000044	0.0000000%
53.109436		- 	52.508776		- 	009	005	0000809	 000000000050	0.0000000%
53.109436		- 	52.515147		- 	009	005	0000849	 000000000054	0.0000000%
52.732292		- 	52.633061		- 	010	004	0000881	 000000000059	0.0000000%
53.085709		- 	52.633260		- 	010	004	0000914	 000000000064	0.0000000%
53.085709		- 	52.633260		- 	010	004	0000936	 000000000070	0.0000000%
53.057734		- 	52.732292		- 	011	003	0001026	 000000000069	0.0000000%
53.057908		- 	52.732466		- 	011	003	0001074	 000000000073	0.0000000%
52.863586		- 	52.744347		- 	009	006	0001116	 000000000077	0.0000000%
53.066059		- 	52.758496		- 	009	006	0001156	 000000000081	0.0000000%
53.096113		- 	52.762784		- 	010	004	0001199	 000000000085	0.0000000%
52.936376		- 	52.830318		- 	012	002	0001313	 000000000081	0.0000000%
52.936551		- 	52.830492		- 	012	002	0001365	 000000000085	0.0000000%
52.975044		- 	52.863586		- 	010	005	0001437	 000000000087	0.0000000%
53.046641		- 	52.936376		- 	013	001	0001540	 000000000085	0.0000000%
53.066482		- 	52.960423		- 	012	002	0001651	 000000000085	0.0000000%
53.065077		- 	52.966265		- 	011	003	0001750	 000000000085	0.0000000%
53.086861		- 	52.982917		- 	011	004	0001846	 000000000085	0.0000000%

### Final Log ###

Termination Reason: Optimal
OPTIMAL SOLUTION FOUND
Function objective value: 53.157988191942401
Sum of infeasibilities: 0.000000023004898
Sequence: 
Solution: 

Number of Resolved Nodes: 2906
Pruned tree percentage: 0.000000000000000%
Computed Tree Percentage: 0.000000026034303%
Total: 0.000000026034303
Time total: 1.270826000000000
Time S.B: 1.269294999999998
Time SOCP: 1.259715000000002
Iterations to incumbent: 0
Peak Memory Consumption: 17652
#################
Warm Start Time: 0.145326000000001
    init Time: 0.000091000000000
    construct Time: 0.145235000000001
        solve Time: 0.142215999999996
SOCPs solved: 2922
Solvers made: 14
SOCP Internal Iterations: 25395
SOCP Internal Solve Time: 1.455283412000003
SOCP Setup Time: 0.344145194999996
    SOCP Equilibration Time: 0.043301881000001
    SOCP KKT init Time: 0.261499489999998
SOCP initialization Time: 0.002192679000000
SOCP IP Iteration Time: 1.108407664999998
    SOCP KKT Update Time: 0.513146001000000
    SOCP KKT Solve Time: 0.417661956000000

