Use LAH: 0
Use Concorde Feasible Solution improvement: 0
Name: rotatingDiamonds2
directory: 2D
option: 2D
OPTION 2D ACTIVATED, Z COORDINATES BECAME 0
Instance Size: 61
Initial Upper Bound: 140.47740878
Average radius size: 2.00000000
Using variable selection rule #1!
Size of the tree: 4.23103102e+81
Raiz: 0 51 31 
Initial root: 0 51 31 
Value of objective function: 7.19999999e+01
SolverStatus: Solved
Solution: 
( 1.00000000e+02, 1.00000000e+02, 0.00000000e+00 )
( 8.20000000e+01, 1.00000000e+02, 0.00000000e+00 )
( 1.18000000e+02, 1.00000000e+02, 0.00000000e+00 )
( 1.00000000e+02, 1.00000000e+02, 0.00000000e+00 )

Not covered in root: 21 41 60 22 40 42 59 23 39 43 58 24 38 44 45 25 37 57 47 26 36 56 27 35 55 48 46 54 28 34 20 19 18 1 12 2 3 8 13 11 10 9 29 53 49 33 17 14 7 4 16 15 30 32 6 50 52 5 
INFEASIBLE ROOT

Using variable selection rule #1!
F. value	BestUB	        BestLB	        GAP%(I)	        Level	#Uncov	#Solved	 open	        Tree (%)	
96.916298		- 	72.000000		- 	002	041	0000004	 000000000002	0.0000000%
118.22489		- 	111.84970		- 	004	020	0000036	 000000000025	0.0000000%
124.45776		- 	118.22489		- 	005	019	0000072	 000000000049	0.0000000%
122.50019		- 	120.64372		- 	006	024	0000112	 000000000073	0.0000000%
126.23839		- 	121.84789		- 	004	024	0000150	 000000000097	0.0000000%
126.94564		- 	122.49707		- 	007	021	0000184	 000000000122	0.0000000%
130.62312		- 	122.50019		- 	007	018	0000224	 000000000147	0.0000000%
140.40792		- 	124.45776		- 	006	022	0000259	 000000000172	0.0000000%
130.55732		- 	124.46266		- 	008	027	0000298	 000000000197	0.0000000%
131.52991		- 	124.47677		- 	006	024	0000339	 000000000222	0.0000000%
131.92851		- 	124.47677		- 	006	022	0000381	 000000000246	0.0000000%
130.71074		- 	125.09217		- 	007	013	0000424	 000000000271	0.0000000%
129.56616		- 	125.42619		- 	005	023	0000480	 000000000292	0.0000000%
128.96938		- 	125.54186		- 	009	031	0000560	 000000000314	0.0000000%
127.68867		- 	125.84854		- 	006	025	0000602	 000000000338	0.0000000%
130.38105		- 	126.30587		- 	007	022	0000656	 000000000360	0.0000000%
131.96928		- 	126.30907		- 	007	021	0000696	 000000000385	0.0000000%
130.83271		- 	126.38412		- 	007	028	0000736	 000000000410	0.0000000%
137.08659		- 	126.94564		- 	008	018	0000777	 000000000435	0.0000000%
129.66715		- 	126.94564		- 	008	020	0000822	 000000000460	0.0000000%
133.00970		- 	127.00525		- 	008	016	0000882	 000000000483	0.0000000%
130.82514		- 	127.02788		- 	007	018	0000950	 000000000505	0.0000000%
129.13423		- 	127.18418		- 	009	023	0001002	 000000000529	0.0000000%
129.22285		- 	127.36638		- 	007	022	0001078	 000000000551	0.0000000%
137.38092		- 	127.46243		- 	006	021	0001132	 000000000574	0.0000000%
138.40798		- 	127.48377		- 	010	027	0001182	 000000000598	0.0000000%
133.34888		- 	127.68867		- 	007	021	0001256	 000000000621	0.0000000%
135.12053		- 	127.68867		- 	007	023	0001296	 000000000646	0.0000000%
131.48732		- 	128.01654		- 	009	022	0001382	 000000000667	0.0000000%
134.62624		- 	128.23706		- 	005	020	0001436	 000000000690	0.0000000%
131.71633		- 	128.28984		- 	008	028	0001508	 000000000711	0.0000000%
131.80125		- 	128.37369		- 	008	033	0001598	 000000000731	0.0000000%
132.52889		- 	128.96938		- 	010	026	0001667	 000000000753	0.0000000%
133.49234		- 	128.98460		- 	008	020	0001771	 000000000773	0.0000000%
130.96479		- 	128.98467		- 	008	029	0001816	 000000000798	0.0000000%
132.70369		- 	129.13423		- 	010	018	0001905	 000000000819	0.0000000%
132.77883		- 	129.22285		- 	008	017	0002003	 000000000839	0.0000000%
135.22503		- 	129.32862		- 	011	029	0002072	 000000000863	0.0000000%
131.79656		- 	129.38475		- 	009	030	0002128	 000000000888	0.0000000%
137.81685		- 	129.56616		- 	006	017	0002184	 000000000910	0.0000000%
131.63660		- 	129.66941		- 	008	025	0002318	 000000000926	0.0000000%
137.08375		- 	129.88124		- 	007	019	0002382	 000000000949	0.0000000%
132.44568		- 	129.96768		- 	010	020	0002442	 000000000972	0.0000000%
133.07752		- 	129.96768		- 	010	021	0002486	 000000000998	0.0000000%
133.68526		- 	130.12923		- 	008	017	0002580	 000000001018	0.0000000%
132.20696		- 	130.24954		- 	009	021	0002701	 000000001036	0.0000000%
137.04317		- 	130.37399		- 	007	016	0002785	 000000001057	0.0000000%
136.78373		- 	130.39807		- 	007	022	0002843	 000000001080	0.0000000%
135.71857		- 	130.61868		- 	007	015	0002959	 000000001098	0.0000000%
135.71893		- 	130.64217		- 	007	015	0003097	 000000001114	0.0000000%
137.47367		- 	130.71074		- 	008	010	0003142	 000000001139	0.0000000%
134.63894		- 	130.81681		- 	007	020	0003234	 000000001158	0.0000000%
137.22731		- 	130.82449		- 	008	021	0003297	 000000001181	0.0000000%
134.65362		- 	130.83965		- 	007	026	0003385	 000000001201	0.0000000%
135.63112		- 	130.84918		- 	011	025	0003474	 000000001222	0.0000000%
136.87185		- 	130.91532		- 	008	022	0003564	 000000001242	0.0000000%
133.40983		- 	130.93184		- 	011	025	0003624	 000000001267	0.0000000%
133.35585		- 	130.96825		- 	011	024	0003692	 000000001291	0.0000000%
138.79396		- 	130.96825		- 	011	027	0003740	 000000001317	0.0000000%
134.75282		- 	130.97298		- 	011	018	0003788	 000000001343	0.0000000%
140.24410		- 	131.03205		- 	009	018	0003880	 000000001364	0.0000000%
136.46785		- 	131.11493		- 	011	016	0003946	 000000001388	0.0000000%
138.20240		- 	131.17177		- 	009	026	0004014	 000000001411	0.0000000%
133.01951		- 	131.17236		- 	007	022	0004100	 000000001432	0.0000000%
137.36333		- 	131.46087		- 	012	024	0004169	 000000001454	0.0000000%
139.31042		- 	131.48732		- 	010	024	0004242	 000000001477	0.0000000%
135.31472		- 	131.48773		- 	011	024	0004287	 000000001503	0.0000000%
135.84651		- 	131.50571		- 	007	016	0004359	 000000001527	0.0000000%
139.39345		- 	131.56484		- 	010	022	0004418	 000000001551	0.0000000%
138.18379		- 	131.61201		- 	010	014	0004499	 000000001573	0.0000000%
136.95166		- 	131.61220		- 	010	013	0004565	 000000001597	0.0000000%
133.09273		- 	131.65810		- 	007	015	0004645	 000000001618	0.0000000%
133.41780		- 	131.69401		- 	009	015	0004717	 000000001640	0.0000000%
132.81349		- 	131.74257		- 	008	032	0004838	 000000001658	0.0000000%
140.39607		- 	131.74455		- 	008	024	0004901	 000000001681	0.0000000%
137.63597		- 	131.79656		- 	010	029	0005013	 000000001701	0.0000000%
135.30438		- 	131.81165		- 	009	029	0005145	 000000001719	0.0000000%
133.61980		- 	131.88342		- 	010	019	0005231	 000000001740	0.0000000%
138.36108		- 	131.98481		- 	007	023	0005325	 000000001760	0.0000000%
137.94474		- 	131.98481		- 	007	017	0005381	 000000001783	0.0000000%
139.39887		- 	132.04498		- 	010	026	0005443	 000000001807	0.0000000%
138.22007		- 	132.06216		- 	010	022	0005487	 000000001833	0.0000000%
134.90618		- 	132.07836		- 	010	012	0005570	 000000001855	0.0000000%
138.06212		- 	132.14177		- 	011	020	0005636	 000000001878	0.0000000%
139.81702		- 	132.15460		- 	010	028	0005729	 000000001900	0.0000000%
136.03025		- 	132.20339		- 	007	019	0005839	 000000001917	0.0000000%
137.56018		- 	132.20696		- 	010	019	0005903	 000000001941	0.0000000%
134.16523		- 	132.22092		- 	008	016	0005992	 000000001962	0.0000000%
137.11155		- 	132.32408		- 	009	015	0006101	 000000001981	0.0000000%
138.72952		- 	132.43925		- 	012	024	0006176	 000000002005	0.0000000%
140.27857		- 	132.45535		- 	011	029	0006284	 000000002026	0.0000000%
137.91988		- 	132.49492		- 	008	012	0006344	 000000002050	0.0000000%
136.04522		- 	132.51770		- 	007	019	0006434	 000000002071	0.0000000%
139.03404		- 	132.52889		- 	011	024	0006518	 000000002094	0.0000000%
137.91112		- 	132.56910		- 	012	023	0006601	 000000002117	0.0000000%
138.06803		- 	132.57617		- 	011	018	0006651	 000000002143	0.0000000%
139.20003		- 	132.57617		- 	011	017	0006687	 000000002170	0.0000000%
137.36873		- 	132.58120		- 	011	018	0006759	 000000002194	0.0000000%
140.23765		- 	132.61397		- 	006	017	0006808	 000000002217	0.0000000%
137.26360		- 	132.67108		- 	008	011	0006886	 000000002239	0.0000000%
133.66836		- 	132.68710		- 	008	020	0006981	 000000002259	0.0000000%
135.49815		- 	132.70369		- 	011	017	0007056	 000000002282	0.0000000%
134.02587		- 	132.77883		- 	009	013	0007138	 000000002304	0.0000000%
136.81092		- 	132.78245		- 	008	020	0007204	 000000002327	0.0000000%
136.35410		- 	132.79970		- 	009	027	0007292	 000000002348	0.0000000%
134.61218		- 	132.87500		- 	010	018	0007443	 000000002363	0.0000000%
137.21655		- 	132.90864		- 	004	030	0007568	 000000002379	0.0000000%
134.31325		- 	132.93852		- 	011	027	0007632	 000000002402	0.0000000%
140.20122		- 	132.99409		- 	008	023	0007776	 000000002418	0.0000000%
140.17044		- 	133.01538		- 	009	014	0007887	 000000002437	0.0000000%
139.12931		- 	133.03952		- 	009	012	0008014	 000000002453	0.0000000%
137.10480		- 	133.04240		- 	012	019	0008129	 000000002473	0.0000000%
135.47113		- 	133.05571		- 	011	030	0008244	 000000002491	0.0000000%
138.20205		- 	133.07752		- 	011	019	0008316	 000000002515	0.0000000%
136.65560		- 	133.09272		- 	009	022	0008413	 000000002537	0.0000000%
134.93744		- 	133.09273		- 	008	022	0008488	 000000002559	0.0000000%
139.02627		- 	133.10593		- 	012	025	0008598	 000000002579	0.0000000%
137.60497		- 	133.20403		- 	008	014	0008702	 000000002600	0.0000000%
136.01719		- 	133.22273		- 	010	014	0008836	 000000002618	0.0000000%
134.26298		- 	133.27971		- 	008	019	0008938	 000000002638	0.0000000%
139.15861		- 	133.31919		- 	010	029	0009006	 000000002661	0.0000000%
136.91208		- 	133.35704		- 	008	019	0009161	 000000002676	0.0000000%
134.34910		- 	133.41780		- 	010	012	0009321	 000000002693	0.0000000%
136.97518		- 	133.42898		- 	010	013	0009420	 000000002714	0.0000000%
136.22647		- 	133.43201		- 	009	011	0009511	 000000002736	0.0000000%
139.55637		- 	133.44808		- 	010	021	0009589	 000000002758	0.0000000%
136.94090		- 	133.44863		- 	008	026	0009667	 000000002780	0.0000000%
136.31642		- 	133.48842		- 	009	008	0009764	 000000002801	0.0000000%
139.52626		- 	133.49235		- 	009	014	0009874	 000000002820	0.0000000%
136.75374		- 	133.50993		- 	011	016	0009960	 000000002842	0.0000000%
139.29326		- 	133.52123		- 	011	020	0010035	 000000002865	0.0000000%
135.93065		- 	133.54595		- 	009	015	0010111	 000000002888	0.0000000%
134.87381		- 	133.57756		- 	010	017	0010227	 000000002908	0.0000000%
139.28393		- 	133.59696		- 	010	023	0010304	 000000002931	0.0000000%
135.45209		- 	133.61165		- 	011	019	0010441	 000000002948	0.0000000%
138.99535		- 	133.65624		- 	010	021	0010523	 000000002971	0.0000000%
140.13809		- 	133.66412		- 	010	020	0010593	 000000002995	0.0000000%
138.50733		- 	133.66750		- 	010	026	0010648	 000000003020	0.0000000%
138.45087		- 	133.67123		- 	010	021	0010741	 000000003041	0.0000000%
139.91561		- 	133.69545		- 	008	021	0010809	 000000003064	0.0000000%
137.66960		- 	133.71419		- 	007	024	0010920	 000000003082	0.0000000%
135.04220		- 	133.74594		- 	009	021	0011022	 000000003102	0.0000000%
138.11576		- 	133.79469		- 	011	019	0011154	 000000003120	0.0000000%
134.65949		- 	133.81728		- 	010	021	0011235	 000000003143	0.0000000%
134.72568		- 	133.88184		- 	008	013	0011378	 000000003160	0.0000000%
139.73128		- 	133.92643		- 	011	017	0011457	 000000003183	0.0000000%
134.91795		- 	133.94157		- 	009	016	0011553	 000000003203	0.0000000%
139.65548		- 	133.95091		- 	009	007	0011669	 000000003221	0.0000000%
136.69084		- 	133.96937		- 	008	025	0011803	 000000003237	0.0000000%
140.01811		- 	134.01770		- 	010	018	0011935	 000000003255	0.0000000%
136.09158		- 	134.02197		- 	010	020	0012033	 000000003277	0.0000000%
136.85355		- 	134.02587		- 	010	011	0012101	 000000003301	0.0000000%
136.75470		- 	134.03317		- 	009	020	0012199	 000000003322	0.0000000%
135.81871		- 	134.08966		- 	012	021	0012318	 000000003342	0.0000000%
140.22899		- 	134.10675		- 	012	023	0012403	 000000003364	0.0000000%
135.89633		- 	134.16072		- 	012	020	0012519	 000000003384	0.0000000%
137.93242		- 	134.16523		- 	009	014	0012582	 000000003408	0.0000000%
138.20169		- 	134.17322		- 	008	020	0012649	 000000003432	0.0000000%
140.16147		- 	134.18726		- 	010	021	0012732	 000000003454	0.0000000%
137.01523		- 	134.19077		- 	011	018	0012800	 000000003478	0.0000000%
139.91476		- 	134.20510		- 	011	009	0012902	 000000003499	0.0000000%
139.91901		- 	134.21443		- 	011	009	0013027	 000000003519	0.0000000%
137.81002		- 	134.25413		- 	009	016	0013108	 000000003542	0.0000000%
135.99966		- 	134.27254		- 	010	011	0013267	 000000003556	0.0000000%
136.04569		- 	134.32190		- 	010	011	0013361	 000000003578	0.0000000%
139.12028		- 	134.34191		- 	011	017	0013459	 000000003599	0.0000000%
136.09026		- 	134.34910		- 	011	011	0013549	 000000003621	0.0000000%
137.18024		- 	134.35244		- 	013	017	0013656	 000000003642	0.0000000%
139.15339		- 	134.36734		- 	012	018	0013721	 000000003667	0.0000000%
135.18663		- 	134.39444		- 	009	018	0013836	 000000003686	0.0000000%
138.19881		- 	134.41898		- 	012	025	0014014	 000000003701	0.0000000%
137.16443		- 	134.43464		- 	011	017	0014091	 000000003724	0.0000000%
136.41182		- 	134.46602		- 	009	021	0014232	 000000003740	0.0000000%
139.43534		- 	134.48351		- 	008	013	0014333	 000000003760	0.0000000%
135.50099		- 	134.51787		- 	008	018	0014426	 000000003782	0.0000000%
140.02451		- 	134.53053		- 	013	018	0014528	 000000003804	0.0000000%
135.83831		- 	134.54205		- 	011	022	0014664	 000000003823	0.0000000%
139.34503		- 	134.56674		- 	011	024	0014792	 000000003841	0.0000000%
137.85228		- 	134.61218		- 	011	016	0014885	 000000003863	0.0000000%
140.28259		- 	134.62624		- 	006	018	0014968	 000000003885	0.0000000%
136.85401		- 	134.63862		- 	008	016	0015098	 000000003899	0.0000000%
136.86870		- 	134.65362		- 	008	022	0015174	 000000003922	0.0000000%
136.39227		- 	134.66848		- 	010	019	0015313	 000000003939	0.0000000%
137.41620		- 	134.69491		- 	010	012	0015461	 000000003956	0.0000000%
136.02194		- 	134.72568		- 	009	012	0015616	 000000003971	0.0000000%
138.52012		- 	134.74032		- 	011	019	0015769	 000000003987	0.0000000%
136.62804		- 	134.75728		- 	010	031	0015890	 000000004007	0.0000000%
135.69102		- 	134.77550		- 	011	016	0016007	 000000004026	0.0000000%
135.70558		- 	134.79238		- 	010	012	0016185	 000000004040	0.0000000%
138.64923		- 	134.82260		- 	012	023	0016351	 000000004055	0.0000000%
135.69677		- 	134.84652		- 	008	013	0016478	 000000004074	0.0000000%
140.19872		- 	134.86311		- 	011	020	0016627	 000000004092	0.0000000%
139.39705		- 	134.87381		- 	011	016	0016699	 000000004116	0.0000000%
135.66816		- 	134.88222		- 	011	018	0016785	 000000004138	0.0000000%
137.49080		- 	134.89246		- 	010	010	0016898	 000000004158	0.0000000%
136.19839		- 	134.90618		- 	011	011	0017019	 000000004177	0.0000000%
139.54215		- 	134.90618		- 	011	010	0017115	 000000004199	0.0000000%
136.65899		- 	134.92507		- 	010	012	0017239	 000000004218	0.0000000%
138.01713		- 	134.92810		- 	013	020	0017350	 000000004239	0.0000000%
139.60480		- 	134.94520		- 	012	014	0017488	 000000004257	0.0000000%
138.78037		- 	134.95231		- 	011	020	0017598	 000000004277	0.0000000%
137.17727		- 	134.95673		- 	011	015	0017702	 000000004298	0.0000000%
137.99332		- 	134.96362		- 	009	016	0017784	 000000004320	0.0000000%
139.74056		- 	135.01543		- 	010	024	0017910	 000000004340	0.0000000%
136.76894		- 	135.03376		- 	010	022	0018070	 000000004354	0.0000000%
136.33365		- 	135.04143		- 	011	014	0018211	 000000004372	0.0000000%
139.84493		- 	135.04685		- 	010	017	0018333	 000000004391	0.0000000%
137.79231		- 	135.07082		- 	009	020	0018502	 000000004406	0.0000000%
137.07841		- 	135.12053		- 	008	018	0018637	 000000004424	0.0000000%
137.76373		- 	135.13293		- 	010	007	0018722	 000000004446	0.0000000%
137.76373		- 	135.13293		- 	010	007	0018777	 000000004471	0.0000000%
138.21824		- 	135.13294		- 	010	009	0018832	 000000004496	0.0000000%
140.47629		- 	135.13975		- 	010	019	0018944	 000000004516	0.0000000%
136.28969		- 	135.16961		- 	012	014	0019053	 000000004537	0.0000000%
136.47479		- 	135.17854		- 	010	017	0019175	 000000004557	0.0000000%
136.54920		- 	135.18663		- 	010	021	0019328	 000000004574	0.0000000%
137.13609		- 	135.19336		- 	010	017	0019495	 000000004591	0.0000000%
139.32135		- 	135.22503		- 	012	028	0019610	 000000004611	0.0000000%
139.75142		- 	135.22953		- 	010	019	0019676	 000000004635	0.0000000%
138.73323		- 	135.26701		- 	010	027	0019763	 000000004657	0.0000000%
136.99121		- 	135.27359		- 	009	013	0019856	 000000004678	0.0000000%
140.18440		- 	135.30436		- 	009	017	0019955	 000000004699	0.0000000%
137.04725		- 	135.31240		- 	009	021	0020078	 000000004717	0.0000000%
137.95059		- 	135.31979		- 	012	010	0020192	 000000004738	0.0000000%
137.28205		- 	135.32439		- 	008	017	0020288	 000000004760	0.0000000%
138.41328		- 	135.37077		- 	010	015	0020421	 000000004778	0.0000000%
138.22198		- 	135.39399		- 	010	014	0020531	 000000004798	0.0000000%
138.46712		- 	135.39646		- 	012	016	0020627	 000000004820	0.0000000%
138.46712		- 	135.39647		- 	012	016	0020705	 000000004844	0.0000000%
137.43951		- 	135.40312		- 	010	014	0020810	 000000004864	0.0000000%
136.58014		- 	135.42412		- 	012	019	0020904	 000000004886	0.0000000%
136.03838		- 	135.44565		- 	009	008	0021028	 000000004906	0.0000000%
137.91829		- 	135.44826		- 	012	019	0021164	 000000004923	0.0000000%
137.31782		- 	135.47007		- 	008	023	0021260	 000000004945	0.0000000%
138.44445		- 	135.49815		- 	012	016	0021401	 000000004962	0.0000000%
137.88411		- 	135.50099		- 	009	017	0021512	 000000004983	0.0000000%
138.53275		- 	135.52862		- 	011	011	0021618	 000000005004	0.0000000%
137.29175		- 	135.56681		- 	012	014	0021835	 000000005016	0.0000000%
137.51335		- 	135.58236		- 	011	014	0021989	 000000005034	0.0000000%
138.45113		- 	135.62333		- 	013	017	0022131	 000000005053	0.0000000%
137.37906		- 	135.63724		- 	011	014	0022282	 000000005069	0.0000000%
139.18343		- 	135.63724		- 	011	013	0022366	 000000005092	0.0000000%
139.55484		- 	135.64474		- 	009	010	0022466	 000000005112	0.0000000%
136.55885		- 	135.66816		- 	012	015	0022635	 000000005126	0.0000000%
137.77095		- 	135.68779		- 	011	019	0022784	 000000005144	0.0000000%
139.82467		- 	135.69417		- 	005	025	0022888	 000000005165	0.0000000%
139.32758		- 	135.69677		- 	009	012	0023011	 000000005183	0.0000000%
138.50003		- 	135.70558		- 	011	011	0023122	 000000005204	0.0000000%
138.54243		- 	135.71442		- 	011	011	0023205	 000000005227	0.0000000%
137.84405		- 	135.71731		- 	010	013	0023298	 000000005249	0.0000000%
138.54151		- 	135.71731		- 	010	013	0023375	 000000005272	0.0000000%
137.46104		- 	135.73446		- 	013	017	0023520	 000000005289	0.0000000%
139.52929		- 	135.74944		- 	014	017	0023668	 000000005306	0.0000000%
137.34818		- 	135.76080		- 	010	011	0023860	 000000005320	0.0000000%
139.39424		- 	135.76342		- 	013	012	0024007	 000000005338	0.0000000%
136.55622		- 	135.77029		- 	014	016	0024146	 000000005358	0.0000000%
137.77886		- 	135.78323		- 	009	014	0024260	 000000005379	0.0000000%
137.72572		- 	135.79179		- 	009	013	0024362	 000000005399	0.0000000%
138.83746		- 	135.81167		- 	011	018	0024493	 000000005417	0.0000000%
136.72574		- 	135.81752		- 	013	018	0024619	 000000005433	0.0000000%
137.55150		- 	135.82641		- 	012	013	0024777	 000000005449	0.0000000%
138.43869		- 	135.83704		- 	012	017	0024959	 000000005465	0.0000000%
137.95536		- 	135.84705		- 	009	015	0025159	 000000005478	0.0000000%
139.76859		- 	135.87026		- 	009	023	0025268	 000000005497	0.0000000%
139.29327		- 	135.89849		- 	013	018	0025516	 000000005508	0.0000000%
137.54814		- 	135.90942		- 	009	019	0025634	 000000005528	0.0000000%
139.22859		- 	135.92958		- 	010	020	0025780	 000000005545	0.0000000%
138.88688		- 	135.94091		- 	013	018	0025930	 000000005563	0.0000000%
138.35122		- 	135.95111		- 	012	024	0026134	 000000005577	0.0000000%
138.34832		- 	135.96327		- 	010	014	0026278	 000000005595	0.0000000%
138.20620		- 	135.98677		- 	010	015	0026447	 000000005611	0.0000000%
137.70669		- 	135.99795		- 	010	014	0026535	 000000005633	0.0000000%
138.76408		- 	136.00099		- 	009	010	0026620	 000000005655	0.0000000%
138.40989		- 	136.01485		- 	010	016	0026802	 000000005671	0.0000000%
137.26721		- 	136.01719		- 	011	010	0026908	 000000005692	0.0000000%
138.74029		- 	136.02194		- 	010	010	0027040	 000000005711	0.0000000%
137.78165		- 	136.03414		- 	008	010	0027182	 000000005727	0.0000000%
139.10464		- 	136.03838		- 	010	009	0027249	 000000005750	0.0000000%
139.10464		- 	136.03839		- 	010	009	0027315	 000000005774	0.0000000%
136.97699		- 	136.04569		- 	011	008	0027402	 000000005796	0.0000000%
139.29828		- 	136.05781		- 	011	025	0027519	 000000005815	0.0000000%
139.95064		- 	136.06338		- 	012	010	0027682	 000000005832	0.0000000%
139.95074		- 	136.06374		- 	012	010	0027812	 000000005852	0.0000000%
138.90854		- 	136.08071		- 	010	021	0027953	 000000005869	0.0000000%
137.58527		- 	136.09026		- 	012	010	0028131	 000000005885	0.0000000%
140.15358		- 	136.09158		- 	011	014	0028272	 000000005904	0.0000000%
139.58546		- 	136.11487		- 	009	026	0028448	 000000005919	0.0000000%
137.47101		- 	136.13195		- 	013	017	0028604	 000000005935	0.0000000%
138.56213		- 	136.15613		- 	012	010	0028871	 000000005944	0.0000000%
136.94243		- 	136.15649		- 	013	013	0029070	 000000005959	0.0000000%
138.52509		- 	136.16877		- 	010	024	0029271	 000000005972	0.0000000%
137.26657		- 	136.18010		- 	009	016	0029458	 000000005985	0.0000000%
137.17880		- 	136.19839		- 	012	017	0029605	 000000006002	0.0000000%
139.45378		- 	136.21234		- 	012	014	0029818	 000000006014	0.0000000%
136.90470		- 	136.21917		- 	010	007	0029915	 000000006036	0.0000000%
138.88506		- 	136.21917		- 	010	009	0029992	 000000006059	0.0000000%
137.72148		- 	136.22647		- 	010	010	0030068	 000000006082	0.0000000%
137.72148		- 	136.22647		- 	010	010	0030134	 000000006106	0.0000000%
137.48439		- 	136.22860		- 	011	022	0030225	 000000006128	0.0000000%
137.54917		- 	136.25697		- 	013	012	0030451	 000000006138	0.0000000%
137.18063		- 	136.26756		- 	013	011	0030639	 000000006152	0.0000000%
139.21840		- 	136.28111		- 	013	014	0030777	 000000006172	0.0000000%
138.22566		- 	136.28530		- 	010	030	0030899	 000000006192	0.0000000%
137.22063		- 	136.30625		- 	012	015	0031097	 000000006206	0.0000000%
137.60884		- 	136.31642		- 	010	007	0031319	 000000006218	0.0000000%
139.35231		- 	136.31642		- 	010	014	0031407	 000000006240	0.0000000%
138.53917		- 	136.31873		- 	011	013	0031514	 000000006261	0.0000000%
138.55089		- 	136.33091		- 	012	014	0031658	 000000006278	0.0000000%
138.56882		- 	136.34957		- 	012	018	0031875	 000000006291	0.0000000%
137.27223		- 	136.36370		- 	011	018	0032043	 000000006307	0.0000000%
137.37955		- 	136.39061		- 	009	021	0032271	 000000006319	0.0000000%
137.70214		- 	136.40161		- 	010	020	0032422	 000000006336	0.0000000%
139.13552		- 	136.40550		- 	011	015	0032578	 000000006353	0.0000000%
140.04107		- 	136.41026		- 	011	013	0032681	 000000006374	0.0000000%
137.66187		- 	136.41173		- 	010	012	0032772	 000000006396	0.0000000%
138.59779		- 	136.42370		- 	012	024	0032875	 000000006417	0.0000000%
138.16987		- 	136.43489		- 	010	014	0033029	 000000006433	0.0000000%
139.98562		- 	136.44339		- 	011	017	0033157	 000000006453	0.0000000%
137.73984		- 	136.44762		- 	012	016	0033273	 000000006474	0.0000000%
137.23058		- 	136.45619		- 	013	018	0033431	 000000006491	0.0000000%
139.40659		- 	136.46781		- 	012	014	0033614	 000000006507	0.0000000%
139.41728		- 	136.47098		- 	011	018	0033768	 000000006524	0.0000000%
138.43904		- 	136.49410		- 	009	017	0033924	 000000006540	0.0000000%
140.34775		- 	136.50406		- 	010	009	0034067	 000000006557	0.0000000%
138.38319		- 	136.50429		- 	010	010	0034155	 000000006579	0.0000000%
138.68344		- 	136.51713		- 	011	025	0034326	 000000006595	0.0000000%
138.74754		- 	136.52722		- 	011	014	0034526	 000000006606	0.0000000%
139.48468		- 	136.54094		- 	012	014	0034689	 000000006623	0.0000000%
137.11073		- 	136.55885		- 	013	013	0034840	 000000006641	0.0000000%
140.41094		- 	136.57130		- 	013	010	0035034	 000000006657	0.0000000%
137.51546		- 	136.58397		- 	013	014	0035184	 000000006674	0.0000000%
137.51948		- 	136.58797		- 	013	014	0035324	 000000006694	0.0000000%
137.87742		- 	136.60469		- 	012	014	0035465	 000000006710	0.0000000%
140.45480		- 	136.62804		- 	011	029	0035648	 000000006722	0.0000000%
139.68805		- 	136.63449		- 	013	014	0035779	 000000006741	0.0000000%
140.23637		- 	136.63597		- 	012	028	0035890	 000000006763	0.0000000%
140.11150		- 	136.64527		- 	010	026	0036010	 000000006782	0.0000000%
140.11546		- 	136.64963		- 	010	027	0036273	 000000006790	0.0000000%
139.95263		- 	136.65560		- 	010	027	0036501	 000000006800	0.0000000%
137.58867		- 	136.65899		- 	011	009	0036646	 000000006818	0.0000000%
137.55914		- 	136.66841		- 	015	013	0036797	 000000006835	0.0000000%
138.69402		- 	136.67498		- 	011	005	0036903	 000000006856	0.0000000%
139.71430		- 	136.67799		- 	013	023	0037023	 000000006876	0.0000000%
139.00573		- 	136.69149		- 	009	007	0037177	 000000006892	0.0000000%
138.00409		- 	136.69596		- 	008	012	0037333	 000000006907	0.0000000%
139.66334		- 	136.72574		- 	014	016	0037584	 000000006917	0.0000000%
140.37852		- 	136.74766		- 	010	020	0037763	 000000006933	0.0000000%
139.75503		- 	136.75089		- 	012	017	0037879	 000000006953	0.0000000%
138.69476		- 	136.75884		- 	010	016	0038030	 000000006970	0.0000000%
139.15939		- 	136.76621		- 	011	022	0038156	 000000006990	0.0000000%
139.25287		- 	136.77343		- 	013	024	0038230	 000000007014	0.0000000%
138.77632		- 	136.79112		- 	013	007	0038417	 000000007028	0.0000000%
139.99867		- 	136.79562		- 	009	022	0038539	 000000007049	0.0000000%
140.37921		- 	136.80646		- 	010	018	0038647	 000000007070	0.0000000%
138.50832		- 	136.81542		- 	008	015	0038773	 000000007088	0.0000000%
139.77000		- 	136.82370		- 	013	014	0038957	 000000007102	0.0000000%
140.00621		- 	136.82463		- 	008	014	0039076	 000000007121	0.0000000%
138.52820		- 	136.84845		- 	008	021	0039233	 000000007135	0.0000000%
138.14562		- 	136.85355		- 	011	010	0039371	 000000007153	0.0000000%
139.79178		- 	136.85360		- 	011	012	0039491	 000000007173	0.0000000%
138.84971		- 	136.85401		- 	009	013	0039613	 000000007192	0.0000000%
137.71597		- 	136.86870		- 	009	016	0039864	 000000007201	0.0000000%
140.04686		- 	136.88030		- 	012	026	0040045	 000000007213	0.0000000%
139.92678		- 	136.89133		- 	011	012	0040172	 000000007232	0.0000000%
139.89031		- 	136.89691		- 	011	006	0040332	 000000007249	0.0000000%
138.65007		- 	136.90256		- 	009	016	0040465	 000000007267	0.0000000%
139.86932		- 	136.90470		- 	011	005	0040585	 000000007287	0.0000000%
140.06137		- 	136.91208		- 	009	024	0040769	 000000007303	0.0000000%
137.84320		- 	136.91559		- 	013	011	0040941	 000000007318	0.0000000%
138.65922		- 	136.91807		- 	011	011	0041040	 000000007340	0.0000000%
139.14310		- 	136.92249		- 	013	013	0041234	 000000007353	0.0000000%
138.69300		- 	136.92710		- 	010	010	0041409	 000000007367	0.0000000%
139.85161		- 	136.94090		- 	009	022	0041536	 000000007386	0.0000000%
138.79651		- 	136.94845		- 	009	028	0041804	 000000007392	0.0000000%
140.26234		- 	136.95725		- 	010	020	0042015	 000000007403	0.0000000%
138.18761		- 	136.96244		- 	008	019	0042200	 000000007417	0.0000000%
139.36542		- 	136.97125		- 	010	021	0042359	 000000007434	0.0000000%
137.89603		- 	136.97518		- 	011	010	0042500	 000000007452	0.0000000%
139.19143		- 	136.97821		- 	010	008	0042632	 000000007471	0.0000000%
139.19143		- 	136.97821		- 	010	008	0042698	 000000007495	0.0000000%
139.91957		- 	136.98121		- 	012	017	0042766	 000000007519	0.0000000%
139.91748		- 	136.98523		- 	012	017	0042909	 000000007538	0.0000000%
138.92501		- 	136.99403		- 	011	015	0043103	 000000007552	0.0000000%
139.41246		- 	137.00909		- 	009	016	0043273	 000000007567	0.0000000%
139.94722		- 	137.01523		- 	012	016	0043400	 000000007587	0.0000000%
139.06318		- 	137.03236		- 	011	007	0043588	 000000007602	0.0000000%
139.44955		- 	137.03832		- 	009	021	0043789	 000000007614	0.0000000%
139.46405		- 	137.04514		- 	007	014	0043966	 000000007627	0.0000000%
138.92195		- 	137.05837		- 	010	017	0044230	 000000007633	0.0000000%
139.79977		- 	137.07195		- 	014	015	0044367	 000000007652	0.0000000%
138.49886		- 	137.07841		- 	009	017	0044582	 000000007666	0.0000000%
139.03861		- 	137.08377		- 	013	010	0044761	 000000007681	0.0000000%
139.03448		- 	137.08377		- 	013	010	0044859	 000000007704	0.0000000%
138.82357		- 	137.09194		- 	013	015	0045079	 000000007716	0.0000000%
137.39882		- 	137.10223		- 	011	007	0045273	 000000007730	0.0000000%
140.42414		- 	137.10706		- 	009	021	0045467	 000000007743	0.0000000%
137.95660		- 	137.11276		- 	008	015	0045586	 000000007764	0.0000000%
138.76600		- 	137.11279		- 	011	011	0045688	 000000007785	0.0000000%
139.14866		- 	137.12072		- 	010	009	0045803	 000000007805	0.0000000%
138.09756		- 	137.12473		- 	011	013	0045899	 000000007827	0.0000000%
138.86312		- 	137.12895		- 	012	013	0046026	 000000007846	0.0000000%
140.41267		- 	137.13432		- 	009	017	0046231	 000000007858	0.0000000%
139.36693		- 	137.14735		- 	013	013	0046455	 000000007870	0.0000000%
138.90460		- 	137.17235		- 	009	013	0046744	 000000007876	0.0000000%
138.91380		- 	137.17880		- 	013	013	0047149	 000000007876	0.0000000%
138.92321		- 	137.18213		- 	014	010	0047422	 000000007887	0.0000000%
138.93841		- 	137.19725		- 	014	011	0047681	 000000007897	0.0000000%
140.03721		- 	137.20921		- 	011	012	0047808	 000000007917	0.0000000%
139.28354		- 	137.23729		- 	008	013	0048243	 000000007907	0.0000000%
138.74314		- 	137.24892		- 	012	011	0048472	 000000007919	0.0000000%
140.19108		- 	137.25379		- 	012	016	0048608	 000000007939	0.0000000%
140.09160		- 	137.26360		- 	009	009	0048840	 000000007950	0.0000000%
140.00067		- 	137.26721		- 	012	008	0049057	 000000007962	0.0000000%
139.89801		- 	137.26721		- 	012	009	0049200	 000000007981	0.0000000%
140.21102		- 	137.27223		- 	012	016	0049322	 000000008001	0.0000000%
138.59023		- 	137.28205		- 	009	016	0049521	 000000008015	0.0000000%
139.51244		- 	137.29175		- 	013	014	0049635	 000000008036	0.0000000%
139.03381		- 	137.29335		- 	014	010	0049810	 000000008054	0.0000000%
139.52700		- 	137.31293		- 	009	014	0050040	 000000008065	0.0000000%
139.69835		- 	137.32370		- 	008	012	0050235	 000000008076	0.0000000%
140.42927		- 	137.34397		- 	012	010	0050475	 000000008086	0.0000000%
139.07157		- 	137.34646		- 	013	017	0050606	 000000008106	0.0000000%
138.88884		- 	137.35187		- 	012	013	0050840	 000000008118	0.0000000%
139.02198		- 	137.35911		- 	011	017	0051318	 000000008113	0.0000000%
140.20512		- 	137.37705		- 	012	017	0051631	 000000008118	0.0000000%
138.28392		- 	137.37979		- 	013	012	0051902	 000000008127	0.0000000%
138.07359		- 	137.38826		- 	013	007	0052359	 000000008119	0.0000000%
138.32148		- 	137.39882		- 	012	007	0052570	 000000008133	0.0000000%
138.30600		- 	137.40634		- 	013	011	0052752	 000000008149	0.0000000%
139.73063		- 	137.41640		- 	010	009	0052973	 000000008161	0.0000000%
140.35559		- 	137.42334		- 	013	019	0053183	 000000008175	0.0000000%
139.64462		- 	137.42468		- 	011	014	0053308	 000000008196	0.0000000%
138.35629		- 	137.42913		- 	011	011	0053450	 000000008215	0.0000000%
140.37052		- 	137.43186		- 	013	019	0053647	 000000008230	0.0000000%
139.65797		- 	137.43778		- 	011	014	0053802	 000000008247	0.0000000%
138.36919		- 	137.43951		- 	011	011	0053964	 000000008264	0.0000000%
140.27138		- 	137.44693		- 	012	020	0054125	 000000008282	0.0000000%
138.36846		- 	137.46104		- 	014	014	0054482	 000000008285	0.0000000%
139.68640		- 	137.46719		- 	010	017	0054739	 000000008292	0.0000000%
139.21545		- 	137.47367		- 	009	009	0054898	 000000008309	0.0000000%
138.40398		- 	137.49080		- 	011	007	0055111	 000000008320	0.0000000%
140.44861		- 	137.50499		- 	013	019	0055495	 000000008322	0.0000000%
139.20778		- 	137.51390		- 	012	011	0055692	 000000008337	0.0000000%
139.73724		- 	137.51707		- 	014	013	0055834	 000000008357	0.0000000%
139.15849		- 	137.52027		- 	009	019	0056010	 000000008373	0.0000000%
139.93937		- 	137.52802		- 	009	027	0056130	 000000008392	0.0000000%
139.71500		- 	137.53784		- 	010	009	0056357	 000000008404	0.0000000%
139.28063		- 	137.54809		- 	012	023	0056586	 000000008414	0.0000000%
138.47294		- 	137.55150		- 	013	010	0056848	 000000008424	0.0000000%
139.09508		- 	137.55840		- 	013	009	0057070	 000000008437	0.0000000%
139.14034		- 	137.56031		- 	011	017	0057316	 000000008449	0.0000000%
139.40307		- 	137.56264		- 	012	015	0057488	 000000008466	0.0000000%
138.69522		- 	137.56689		- 	013	007	0057662	 000000008482	0.0000000%
140.21028		- 	137.57948		- 	012	008	0057893	 000000008495	0.0000000%
139.19704		- 	137.57969		- 	012	010	0057997	 000000008517	0.0000000%
139.39507		- 	137.58099		- 	009	008	0058085	 000000008539	0.0000000%
139.85999		- 	137.58530		- 	013	009	0058275	 000000008554	0.0000000%
139.35262		- 	137.58864		- 	012	008	0058416	 000000008573	0.0000000%
139.46803		- 	137.58867		- 	012	010	0058507	 000000008596	0.0000000%
138.70606		- 	137.60497		- 	009	021	0058682	 000000008611	0.0000000%
138.95809		- 	137.61902		- 	013	019	0059057	 000000008612	0.0000000%
139.34797		- 	137.62421		- 	012	018	0059335	 000000008621	0.0000000%
140.37216		- 	137.63886		- 	012	013	0059500	 000000008637	0.0000000%
140.38341		- 	137.65008		- 	012	013	0059677	 000000008653	0.0000000%
140.25337		- 	137.65524		- 	012	022	0059816	 000000008672	0.0000000%
140.18975		- 	137.66187		- 	011	010	0060086	 000000008680	0.0000000%
138.65008		- 	137.67528		- 	012	014	0060332	 000000008689	0.0000000%
139.17571		- 	137.67529		- 	012	005	0060462	 000000008709	0.0000000%
139.34684		- 	137.69097		- 	012	026	0060638	 000000008725	0.0000000%
140.30985		- 	137.70420		- 	011	013	0060910	 000000008732	0.0000000%
139.92768		- 	137.70669		- 	011	014	0061113	 000000008747	0.0000000%
140.06419		- 	137.71052		- 	013	012	0061283	 000000008764	0.0000000%
138.60743		- 	137.71290		- 	013	010	0061439	 000000008781	0.0000000%
138.86034		- 	137.71820		- 	013	019	0061647	 000000008794	0.0000000%
138.69431		- 	137.72148		- 	011	016	0061795	 000000008812	0.0000000%
139.94629		- 	137.72679		- 	013	015	0061912	 000000008832	0.0000000%
138.65925		- 	137.72957		- 	011	011	0062076	 000000008850	0.0000000%
139.95883		- 	137.73723		- 	013	016	0062312	 000000008860	0.0000000%
140.15047		- 	137.73866		- 	009	029	0062450	 000000008878	0.0000000%
139.92941		- 	137.75532		- 	011	025	0062649	 000000008892	0.0000000%
139.98660		- 	137.76562		- 	012	010	0062858	 000000008904	0.0000000%
139.57821		- 	137.77886		- 	010	013	0063133	 000000008912	0.0000000%
140.28852		- 	137.78165		- 	009	010	0063317	 000000008925	0.0000000%
139.85595		- 	137.78282		- 	009	018	0063427	 000000008944	0.0000000%
138.94838		- 	137.79557		- 	010	016	0063666	 000000008955	0.0000000%
139.06025		- 	137.81002		- 	010	012	0063897	 000000008964	0.0000000%
139.00017		- 	137.81465		- 	013	008	0064050	 000000008982	0.0000000%
139.61288		- 	137.81685		- 	007	015	0064203	 000000008997	0.0000000%
139.70564		- 	137.84296		- 	014	012	0064618	 000000008994	0.0000000%
138.82048		- 	137.84405		- 	011	019	0064837	 000000009008	0.0000000%
139.47419		- 	137.85217		- 	014	012	0065093	 000000009020	0.0000000%
139.59446		- 	137.86284		- 	013	012	0065306	 000000009033	0.0000000%
138.71392		- 	137.86648		- 	009	023	0065452	 000000009052	0.0000000%
139.11757		- 	137.86975		- 	011	007	0065668	 000000009065	0.0000000%
139.12733		- 	137.87742		- 	013	010	0065892	 000000009077	0.0000000%
139.40110		- 	137.89530		- 	012	009	0066246	 000000009079	0.0000000%
140.01296		- 	137.89603		- 	012	009	0066441	 000000009094	0.0000000%
139.09441		- 	137.89823		- 	010	006	0066589	 000000009112	0.0000000%
139.15448		- 	137.90449		- 	010	012	0066793	 000000009123	0.0000000%
139.85877		- 	137.91780		- 	014	021	0067104	 000000009126	0.0000000%
139.15142		- 	137.91810		- 	011	007	0067224	 000000009146	0.0000000%
139.00549		- 	137.92345		- 	013	019	0067451	 000000009157	0.0000000%
139.59391		- 	137.94071		- 	009	005	0067802	 000000009155	0.0000000%
139.90543		- 	137.95059		- 	013	009	0067922	 000000009175	0.0000000%
139.50971		- 	137.95089		- 	012	004	0068032	 000000009197	0.0000000%
138.88066		- 	137.96699		- 	011	010	0068430	 000000009195	0.0000000%
140.28570		- 	137.97147		- 	013	007	0068614	 000000009211	0.0000000%
140.20691		- 	137.98590		- 	014	014	0068939	 000000009218	0.0000000%
139.24501		- 	137.99810		- 	014	014	0069395	 000000009214	0.0000000%
138.93846		- 	138.00878		- 	014	011	0069594	 000000009225	0.0000000%
140.23221		- 	138.01195		- 	014	013	0069781	 000000009241	0.0000000%
139.32125		- 	138.02072		- 	010	020	0070052	 000000009251	0.0000000%
139.59026		- 	138.02358		- 	011	005	0070146	 000000009273	0.0000000%
139.76833		- 	138.02656		- 	010	006	0070240	 000000009295	0.0000000%
140.25531		- 	138.03559		- 	013	018	0070480	 000000009306	0.0000000%
138.95163		- 	138.04311		- 	012	013	0070669	 000000009321	0.0000000%
139.34467		- 	138.05485		- 	011	017	0070929	 000000009329	0.0000000%
139.86664		- 	138.05560		- 	011	005	0071097	 000000009345	0.0000000%
138.98927		- 	138.05960		- 	013	014	0071273	 000000009362	0.0000000%
140.29939		- 	138.06575		- 	010	024	0071570	 000000009369	0.0000000%
140.29128		- 	138.07115		- 	013	016	0071782	 000000009381	0.0000000%
140.02437		- 	138.07359		- 	014	007	0071900	 000000009403	0.0000000%
139.00341		- 	138.09019		- 	011	009	0072106	 000000009417	0.0000000%
139.83114		- 	138.09756		- 	012	009	0072330	 000000009430	0.0000000%
139.76209		- 	138.10357		- 	012	008	0072592	 000000009439	0.0000000%
139.84220		- 	138.10616		- 	011	015	0072856	 000000009448	0.0000000%
139.04166		- 	138.11032		- 	011	010	0073075	 000000009459	0.0000000%
139.04496		- 	138.11623		- 	014	010	0073285	 000000009473	0.0000000%
140.33657		- 	138.11709		- 	014	012	0073435	 000000009493	0.0000000%
140.35037		- 	138.12840		- 	014	012	0073810	 000000009496	0.0000000%
140.35222		- 	138.13015		- 	014	012	0074050	 000000009510	0.0000000%
139.12632		- 	138.14562		- 	012	016	0074384	 000000009513	0.0000000%
140.37215		- 	138.15249		- 	011	013	0074595	 000000009526	0.0000000%
139.12623		- 	138.15354		- 	011	014	0074715	 000000009546	0.0000000%
139.12623		- 	138.15354		- 	011	014	0074835	 000000009566	0.0000000%
140.38249		- 	138.16108		- 	011	013	0075206	 000000009568	0.0000000%
139.67563		- 	138.16499		- 	010	016	0075362	 000000009585	0.0000000%
139.10879		- 	138.17856		- 	013	011	0075765	 000000009582	0.0000000%
140.08724		- 	138.18793		- 	008	017	0076303	 000000009568	0.0000000%
140.27945		- 	138.19549		- 	013	022	0076549	 000000009577	0.0000000%
139.92084		- 	138.20620		- 	011	014	0076975	 000000009569	0.0000000%
140.45919		- 	138.21210		- 	014	006	0077269	 000000009577	0.0000000%
139.95569		- 	138.21453		- 	014	010	0077474	 000000009593	0.0000000%
138.53251		- 	138.21824		- 	011	006	0077721	 000000009603	0.0000000%
140.44160		- 	138.22198		- 	011	013	0077929	 000000009616	0.0000000%
140.29982		- 	138.22566		- 	011	030	0078095	 000000009633	0.0000000%
140.45259		- 	138.23112		- 	011	013	0078327	 000000009645	0.0000000%
140.45259		- 	138.23112		- 	011	013	0078447	 000000009665	0.0000000%
139.23724		- 	138.24232		- 	012	009	0078914	 000000009660	0.0000000%
139.64405		- 	138.24234		- 	012	011	0079070	 000000009678	0.0000000%
140.24131		- 	138.24561		- 	009	013	0079413	 000000009681	0.0000000%
139.55673		- 	138.26466		- 	013	013	0079928	 000000009671	0.0000000%
140.01465		- 	138.27577		- 	012	020	0080557	 000000009653	0.0000000%
140.44486		- 	138.29992		- 	012	010	0081179	 000000009633	0.0000000%
140.46315		- 	138.31035		- 	014	015	0081557	 000000009634	0.0000000%
139.29066		- 	138.31783		- 	011	016	0081796	 000000009646	0.0000000%
139.73095		- 	138.31908		- 	013	003	0081978	 000000009662	0.0000000%
139.29426		- 	138.32148		- 	013	013	0082183	 000000009677	0.0000000%
140.45003		- 	138.32328		- 	011	013	0082346	 000000009695	0.0000000%
139.29848		- 	138.32566		- 	013	013	0082490	 000000009714	0.0000000%
139.31207		- 	138.34043		- 	011	014	0082837	 000000009719	0.0000000%
139.25377		- 	138.34054		- 	011	015	0082957	 000000009739	0.0000000%
140.23311		- 	138.35604		- 	012	011	0083427	 000000009729	0.0000000%
139.04181		- 	138.35629		- 	012	009	0083557	 000000009749	0.0000000%
140.30277		- 	138.36028		- 	011	013	0083898	 000000009752	0.0000000%
140.32077		- 	138.36796		- 	010	027	0084251	 000000009752	0.0000000%
140.24570		- 	138.36916		- 	012	011	0084478	 000000009765	0.0000000%
140.10404		- 	138.37046		- 	013	009	0084665	 000000009781	0.0000000%
140.37102		- 	138.38316		- 	011	010	0085035	 000000009784	0.0000000%
139.23842		- 	138.39298		- 	009	018	0085394	 000000009786	0.0000000%
138.95038		- 	138.39846		- 	011	012	0085580	 000000009800	0.0000000%
139.32121		- 	138.40795		- 	011	011	0085940	 000000009799	0.0000000%
140.27955		- 	138.41599		- 	009	027	0086341	 000000009795	0.0000000%
139.70988		- 	138.43122		- 	012	011	0086709	 000000009796	0.0000000%
139.95328		- 	138.44284		- 	011	019	0087111	 000000009793	0.0000000%
139.24141		- 	138.44445		- 	013	014	0087359	 000000009803	0.0000000%
139.97659		- 	138.44871		- 	015	009	0087773	 000000009805	0.0000000%
139.37202		- 	138.46350		- 	013	018	0088281	 000000009794	0.0000000%
139.25720		- 	138.47124		- 	015	015	0088701	 000000009793	0.0000000%
139.99231		- 	138.47481		- 	012	010	0089013	 000000009800	0.0000000%
140.27279		- 	138.48401		- 	011	005	0089344	 000000009804	0.0000000%
140.22688		- 	138.48506		- 	014	014	0089507	 000000009822	0.0000000%
139.80705		- 	138.49886		- 	010	016	0089960	 000000009813	0.0000000%
139.41595		- 	138.50112		- 	010	016	0090269	 000000009818	0.0000000%
139.81040		- 	138.50451		- 	013	012	0090590	 000000009824	0.0000000%
140.24092		- 	138.51543		- 	013	017	0091152	 000000009808	0.0000000%
140.34102		- 	138.52509		- 	011	020	0091456	 000000009815	0.0000000%
139.65029		- 	138.53251		- 	012	003	0091678	 000000009828	0.0000000%
139.65446		- 	138.53671		- 	012	003	0091979	 000000009833	0.0000000%
139.58050		- 	138.53917		- 	012	012	0092200	 000000009846	0.0000000%
139.72796		- 	138.54243		- 	012	010	0092547	 000000009847	0.0000000%
139.88699		- 	138.54545		- 	010	030	0092821	 000000009855	0.0000000%
140.26898		- 	138.55437		- 	009	006	0093292	 000000009849	0.0000000%
139.74765		- 	138.56213		- 	013	009	0093686	 000000009850	0.0000000%
139.50190		- 	138.56882		- 	013	014	0093972	 000000009857	0.0000000%
140.31491		- 	138.57880		- 	012	009	0094289	 000000009861	0.0000000%
140.40925		- 	138.58002		- 	009	010	0094486	 000000009875	0.0000000%
140.33133		- 	138.59951		- 	012	021	0094853	 000000009877	0.0000000%
139.99978		- 	138.61190		- 	009	012	0095196	 000000009883	0.0000000%
139.52516		- 	138.63443		- 	015	015	0095736	 000000009874	0.0000000%
140.38173		- 	138.65008		- 	013	010	0096044	 000000009879	0.0000000%
139.59279		- 	138.65889		- 	014	010	0096413	 000000009880	0.0000000%
140.35444		- 	138.66017		- 	011	020	0096739	 000000009885	0.0000000%
140.40333		- 	138.66966		- 	012	008	0097071	 000000009891	0.0000000%
139.82456		- 	138.67425		- 	009	024	0097338	 000000009901	0.0000000%
138.97980		- 	138.68796		- 	012	003	0097756	 000000009899	0.0000000%
139.39928		- 	138.68796		- 	012	004	0097951	 000000009914	0.0000000%
139.98542		- 	138.69300		- 	011	009	0098264	 000000009919	0.0000000%
140.42788		- 	138.69431		- 	012	012	0098511	 000000009929	0.0000000%
140.45919		- 	138.69522		- 	014	006	0098769	 000000009939	0.0000000%
139.69746		- 	138.73009		- 	009	025	0099598	 000000009904	0.0000000%
139.77957		- 	138.74314		- 	013	010	0100248	 000000009883	0.0000000%
139.26053		- 	138.74754		- 	012	013	0100684	 000000009879	0.0000000%
139.41560		- 	138.76358		- 	011	007	0101072	 000000009879	0.0000000%
139.55210		- 	138.76614		- 	014	017	0101370	 000000009884	0.0000000%
139.96185		- 	138.77632		- 	014	006	0101832	 000000009878	0.0000000%
139.50130		- 	138.78350		- 	011	016	0102275	 000000009872	0.0000000%
139.18280		- 	138.79544		- 	010	009	0102933	 000000009846	0.0000000%
139.73335		- 	138.80401		- 	014	014	0103480	 000000009836	0.0000000%
139.73974		- 	138.81042		- 	014	014	0103953	 000000009833	0.0000000%
140.07417		- 	138.82726		- 	014	014	0104628	 000000009813	0.0000000%
140.16501		- 	138.83661		- 	011	017	0105476	 000000009777	0.0000000%
139.74125		- 	138.84732		- 	009	013	0106194	 000000009746	0.0000000%
139.79970		- 	138.87003		- 	013	010	0107239	 000000009696	0.0000000%
139.80095		- 	138.88736		- 	011	012	0108576	 000000009623	0.0000000%
139.63340		- 	138.89884		- 	013	015	0109265	 000000009603	0.0000000%
140.19918		- 	138.90936		- 	011	019	0109802	 000000009592	0.0000000%
140.04027		- 	138.91191		- 	015	010	0110130	 000000009598	0.0000000%
140.34236		- 	138.92172		- 	015	009	0110616	 000000009593	0.0000000%
140.23315		- 	138.92501		- 	012	014	0111106	 000000009586	0.0000000%
140.11336		- 	138.92786		- 	013	008	0111392	 000000009594	0.0000000%
140.04612		- 	138.92956		- 	012	006	0111661	 000000009604	0.0000000%
140.12400		- 	138.93846		- 	015	010	0112014	 000000009606	0.0000000%
140.20758		- 	138.95163		- 	013	011	0112817	 000000009575	0.0000000%
139.61989		- 	138.95536		- 	012	010	0113207	 000000009575	0.0000000%
139.95108		- 	138.97980		- 	013	009	0113999	 000000009542	0.0000000%
139.95108		- 	138.97980		- 	013	009	0114139	 000000009562	0.0000000%
139.63287		- 	138.98397		- 	013	003	0114395	 000000009573	0.0000000%
139.96117		- 	138.98838		- 	012	013	0114706	 000000009579	0.0000000%
139.94006		- 	139.00017		- 	014	006	0115415	 000000009552	0.0000000%
139.99302		- 	139.00585		- 	010	011	0116070	 000000009533	0.0000000%
140.26410		- 	139.01412		- 	012	013	0116693	 000000009514	0.0000000%
139.94496		- 	139.03143		- 	010	010	0117602	 000000009475	0.0000000%
139.91436		- 	139.03861		- 	014	007	0118698	 000000009420	0.0000000%
140.31611		- 	139.04206		- 	012	009	0119085	 000000009423	0.0000000%
139.92934		- 	139.05471		- 	013	006	0120159	 000000009378	0.0000000%
140.31605		- 	139.06025		- 	011	009	0120720	 000000009367	0.0000000%
140.04124		- 	139.06868		- 	012	014	0121075	 000000009370	0.0000000%
140.20301		- 	139.07467		- 	013	010	0121664	 000000009356	0.0000000%
139.87272		- 	139.07892		- 	014	008	0122155	 000000009351	0.0000000%
140.06385		- 	139.08631		- 	011	015	0123061	 000000009312	0.0000000%
140.07767		- 	139.09508		- 	014	015	0123630	 000000009296	0.0000000%
140.07659		- 	139.09915		- 	011	015	0124132	 000000009287	0.0000000%
139.98170		- 	139.10464		- 	011	007	0124339	 000000009300	0.0000000%
140.04432		- 	139.11282		- 	013	013	0124856	 000000009290	0.0000000%
140.11366		- 	139.13609		- 	014	015	0126360	 000000009207	0.0000000%
140.05818		- 	139.14557		- 	011	014	0127405	 000000009164	0.0000000%
140.14532		- 	139.15142		- 	012	005	0127849	 000000009160	0.0000000%
140.44572		- 	139.15330		- 	012	010	0128086	 000000009172	0.0000000%
140.13427		- 	139.15621		- 	011	012	0128537	 000000009167	0.0000000%
140.29544		- 	139.16711		- 	014	008	0129168	 000000009148	0.0000000%
140.14844		- 	139.17572		- 	013	011	0129664	 000000009141	0.0000000%
140.03826		- 	139.18343		- 	012	012	0130299	 000000009118	0.0000000%
140.16134		- 	139.19143		- 	011	014	0130828	 000000009106	0.0000000%
139.63102		- 	139.19678		- 	013	009	0131046	 000000009119	0.0000000%
140.44756		- 	139.20099		- 	011	010	0131864	 000000009086	0.0000000%
139.63166		- 	139.21066		- 	013	009	0132833	 000000009043	0.0000000%
139.74556		- 	139.22119		- 	014	010	0133445	 000000009025	0.0000000%
140.20998		- 	139.23249		- 	014	015	0134170	 000000009001	0.0000000%
139.88644		- 	139.24141		- 	014	012	0135069	 000000008963	0.0000000%
140.14912		- 	139.25839		- 	016	012	0136033	 000000008922	0.0000000%
140.41391		- 	139.26309		- 	012	004	0137176	 000000008867	0.0000000%
140.37770		- 	139.27622		- 	010	024	0137748	 000000008853	0.0000000%
140.44544		- 	139.29263		- 	011	021	0138886	 000000008795	0.0000000%
139.99810		- 	139.31277		- 	017	010	0140408	 000000008712	0.0000000%
140.02098		- 	139.33577		- 	013	006	0141488	 000000008655	0.0000000%
140.00291		- 	139.34202		- 	012	015	0141935	 000000008650	0.0000000%
140.27882		- 	139.34726		- 	012	014	0142593	 000000008630	0.0000000%
140.28742		- 	139.35940		- 	014	011	0143936	 000000008556	0.0000000%
140.25732		- 	139.36260		- 	014	013	0144441	 000000008550	0.0000000%
140.08604		- 	139.37471		- 	012	004	0145443	 000000008502	0.0000000%
140.31842		- 	139.39424		- 	014	009	0146410	 000000008459	0.0000000%
140.37411		- 	139.39928		- 	013	010	0147225	 000000008429	0.0000000%
140.31902		- 	139.40157		- 	014	009	0147735	 000000008422	0.0000000%
140.27997		- 	139.42688		- 	011	017	0149196	 000000008338	0.0000000%
140.41687		- 	139.44454		- 	014	015	0150409	 000000008273	0.0000000%
140.42731		- 	139.45458		- 	013	011	0150884	 000000008267	0.0000000%
140.43175		- 	139.45893		- 	013	013	0151569	 000000008245	0.0000000%
140.15947		- 	139.47413		- 	015	010	0152340	 000000008217	0.0000000%
140.40751		- 	139.49898		- 	012	013	0153606	 000000008153	0.0000000%
140.20816		- 	139.52282		- 	015	009	0155458	 000000008051	0.0000000%
139.92476		- 	139.53828		- 	012	004	0156973	 000000007962	0.0000000%
139.92907		- 	139.53829		- 	012	004	0157168	 000000007977	0.0000000%
140.47378		- 	139.56910		- 	013	017	0158574	 000000007901	0.0000000%
140.46731		- 	139.59025		- 	012	003	0159994	 000000007822	0.0000000%
140.46731		- 	139.59026		- 	012	003	0160189	 000000007837	0.0000000%
139.97055		- 	139.61088		- 	010	006	0162032	 000000007729	0.0000000%
140.29471		- 	139.61816		- 	014	002	0162811	 000000007700	0.0000000%
140.43250		- 	139.62245		- 	011	017	0163624	 000000007670	0.0000000%
140.29888		- 	139.63287		- 	014	002	0164501	 000000007638	0.0000000%
140.27952		- 	139.64116		- 	013	004	0165037	 000000007627	0.0000000%
140.33014		- 	139.64462		- 	012	012	0165622	 000000007613	0.0000000%
140.34349		- 	139.65797		- 	012	012	0167187	 000000007520	0.0000000%
140.32841		- 	139.67952		- 	013	003	0169307	 000000007385	0.0000000%
140.23857		- 	139.68640		- 	011	015	0170042	 000000007358	0.0000000%
140.29471		- 	139.72944		- 	013	002	0173162	 000000007159	0.0000000%
140.29557		- 	139.73095		- 	014	002	0173626	 000000007156	0.0000000%
140.29975		- 	139.73512		- 	014	002	0174749	 000000007110	0.0000000%
140.46346		- 	139.77812		- 	015	007	0179676	 000000006787	0.0000000%
140.45626		- 	139.79178		- 	012	010	0181098	 000000006708	0.0000000%
140.30670		- 	139.87090		- 	009	019	0188495	 000000006176	0.0000000%
140.30818		- 	139.98170		- 	012	006	0203854	 000000005090	0.0000000%

### Final Log ###

Termination Reason: Optimal
OPTIMAL SOLUTION FOUND
Function objective value: 140.477408784276008
Sum of infeasibilities: 0.000002149810361
Sequence: 
Solution: 

Number of Resolved Nodes: 274813
Pruned tree percentage: 0.000000000000000%
Computed Tree Percentage: 0.000000000000000%
Total: 0.000000000000000
Time total: 125.385224000000008
Time S.B: 125.244029999999654
Time SOCP: 122.882099999999994
Iterations to incumbent: 0
Peak Memory Consumption: 52812
#################
Warm Start Time: 14.399230000000303
    init Time: 0.000052000000000
    construct Time: 14.399178000000303
        solve Time: 14.048529000004553
SOCPs solved: 274873
Solvers made: 18
SOCP Internal Iterations: 2062762
SOCP Internal Solve Time: 145.866694240999237
SOCP Setup Time: 38.037939192996163
    SOCP Equilibration Time: 5.105395262986633
    SOCP KKT init Time: 28.984683825924073
SOCP initialization Time: 0.206292810999906
SOCP IP Iteration Time: 107.581743893999047
    SOCP KKT Update Time: 50.101536753999547
    SOCP KKT Solve Time: 40.209835737000184

