Use LAH: 0
Use Concorde Feasible Solution improvement: 0
Name: CETSP-50-7
directory: Behdani
option: 2D
OPTION 2D ACTIVATED, Z COORDINATES BECAME 0
Instance Size: 51
Initial Upper Bound: 999.00000000
Average radius size: 1.00000000
Using variable selection rule #1!
Size of the tree: 1.55175266e+64
Raiz: 0 47 33 
Initial root: 0 47 33 
Value of objective function: 3.18262734e+01
SolverStatus: Solved
Solution: 
( 1.26191000e+01, 4.29292000e+00, 0.00000000e+00 )
( 1.28718162e+00, 9.27913844e+00, 0.00000000e+00 )
( 1.50362536e+01, 9.45030040e+00, 0.00000000e+00 )
( 1.26191000e+01, 4.29292000e+00, 0.00000000e+00 )

Not covered in root: 45 35 29 3 44 19 38 4 18 7 6 13 46 12 37 16 43 31 30 2 26 9 49 50 21 25 42 15 40 8 32 10 28 27 48 11 24 23 22 39 20 5 41 17 34 36 14 1 
INFEASIBLE ROOT

Using variable selection rule #1!
F. value	BestUB	        BestLB	        GAP%(I)	        Level	#Uncov	#Solved	 open	        Tree (%)	
37.771175		- 	31.826273		- 	002	021	0000004	 000000000002	0.0000000%
49.407741		- 	40.575772		- 	003	022	0000029	 000000000022	0.0000000%
49.919040		- 	41.388559		- 	004	020	0000055	 000000000043	0.0000000%
41.956685		- 	41.806277		- 	007	012	0000078	 000000000065	0.0000000%
51.433549		- 	41.954924		- 	007	011	0000105	 000000000086	0.0000000%
46.739419		- 	42.359595		- 	008	017	0000131	 000000000108	0.0000000%
49.219856		- 	42.411232		- 	007	015	0000157	 000000000130	0.0000000%
62.231668		- 	42.461504		- 	009	008	0000185	 000000000152	0.0000000%
51.398643		- 	42.517453		- 	009	008	0000203	 000000000175	0.0000000%
48.465249		- 	42.554338		- 	009	013	0000233	 000000000197	0.0000000%
58.207134		- 	42.616686		- 	009	010	0000261	 000000000219	0.0000000%
47.108238		- 	42.728258		- 	008	017	0000281	 000000000242	0.0000000%
48.454948		- 	42.747646		- 	007	014	0000307	 000000000264	0.0000000%
63.130458		- 	42.812162		- 	008	008	0000335	 000000000286	0.0000000%
44.699311		- 	42.855877		- 	010	012	0000356	 000000000309	0.0000000%
50.704423		- 	42.861030		- 	010	007	0000378	 000000000332	0.0000000%
44.969931		- 	42.886811		- 	009	015	0000409	 000000000354	0.0000000%
54.067158		- 	42.911118		- 	011	005	0000431	 000000000377	0.0000000%
44.272649		- 	42.915252		- 	010	013	0000454	 000000000400	0.0000000%
58.213424		- 	42.920295		- 	009	012	0000486	 000000000422	0.0000000%
43.328105		- 	42.949444		- 	011	008	0000509	 000000000445	0.0000000%
63.908813		- 	42.982553		- 	011	011	0000533	 000000000468	0.0000000%
54.845822		- 	42.984442		- 	012	009	0000559	 000000000491	0.0000000%
49.162062		- 	42.986045		- 	009	011	0000580	 000000000514	0.0000000%
46.733836		- 	43.001897		- 	010	014	0000604	 000000000537	0.0000000%
45.039465		- 	43.025562		- 	012	007	0000628	 000000000560	0.0000000%
45.160326		- 	43.043666		- 	010	012	0000653	 000000000583	0.0000000%
45.622859		- 	43.054269		- 	013	006	0000681	 000000000606	0.0000000%
56.083511		- 	43.058955		- 	012	006	0000708	 000000000629	0.0000000%
50.472335		- 	43.064823		- 	014	007	0000738	 000000000652	0.0000000%
57.549284		- 	43.072846		- 	015	004	0000761	 000000000675	0.0000000%
48.517400		- 	43.072846		- 	015	005	0000777	 000000000699	0.0000000%
63.114641		- 	43.091186		- 	012	008	0000805	 000000000722	0.0000000%
56.632934		- 	43.128782		- 	013	006	0000839	 000000000744	0.0000000%
50.052725		- 	43.129000		- 	016	002	0000856	 000000000768	0.0000000%
50.540530		- 	43.133010		- 	015	008	0000889	 000000000791	0.0000000%
55.499453		- 	43.139909		- 	017	002	0000907	 000000000815	0.0000000%
56.760294		- 	43.142300		- 	018	002	0000944	 000000000838	0.0000000%
43.413251		- 	43.142300		- 	018	002	0000963	 000000000862	0.0000000%

### Final Log ###

Termination Reason: Optimal
OPTIMAL SOLUTION FOUND
Function objective value: 43.144398801633521
Sum of infeasibilities: 0.000001105002090
Sequence: 0 49 2 40 37 13 43 35 45 19 30 47 41 32 5 14 28 21 50 33 25 
Solution: 

Number of Resolved Nodes: 1003
Pruned tree percentage: 0.000000000000000%
Computed Tree Percentage: 0.000000000000000%
Total: 0.000000000000000
Time total: 0.471595000000000
Time S.B: 0.456550000000000
Time SOCP: 0.391482000000000
Iterations to incumbent: 979
Peak Memory Consumption: 17660
#################
Warm Start Time: 0.050095000000000
    init Time: 0.000054000000000
    construct Time: 0.050041000000000
        solve Time: 0.048246000000000
SOCPs solved: 1053
Solvers made: 19
SOCP Internal Iterations: 7347
SOCP Internal Solve Time: 0.486852564000000
SOCP Setup Time: 0.134860942000001
    SOCP Equilibration Time: 0.017131365000000
    SOCP KKT init Time: 0.101583399999999
SOCP initialization Time: 0.001729163000000
SOCP IP Iteration Time: 0.350062450000000
    SOCP KKT Update Time: 0.162307904000000
    SOCP KKT Solve Time: 0.131033136000000

