Use LAH: 0
Use Concorde Feasible Solution improvement: 0
Name: CETSP-50-1
directory: Behdani
option: 2D
OPTION 2D ACTIVATED, Z COORDINATES BECAME 0
Instance Size: 51
Initial Upper Bound: 999.00000000
Average radius size: 1.00000000
Using variable selection rule #1!
Size of the tree: 1.55175266e+64
Raiz: 0 34 5 
Initial root: 0 34 5 
Value of objective function: 3.02741697e+01
SolverStatus: Solved
Solution: 
( 1.25680000e+01, 5.94815000e+00, 0.00000000e+00 )
( 2.10609581e+00, 2.83477936e-01, 0.00000000e+00 )
( 1.50933162e+01, 1.22507766e+00, 0.00000000e+00 )
( 1.25680000e+01, 5.94815000e+00, 0.00000000e+00 )

Not covered in root: 45 8 49 32 9 47 18 30 10 21 7 35 26 41 42 23 22 2 19 29 27 50 3 24 33 12 1 13 46 40 44 39 15 25 48 43 28 16 20 38 17 37 14 36 4 6 31 11 
INFEASIBLE ROOT

Using variable selection rule #1!
F. value	BestUB	        BestLB	        GAP%(I)	        Level	#Uncov	#Solved	 open	        Tree (%)	
36.207342		- 	30.274170		- 	002	025	0000004	 000000000002	0.0000000%
44.477431		- 	41.928543		- 	005	017	0000028	 000000000022	0.0000000%
47.741126		- 	42.642131		- 	005	023	0000054	 000000000043	0.0000000%
45.149770		- 	43.368501		- 	008	017	0000085	 000000000064	0.0000000%
45.257607		- 	43.756009		- 	009	012	0000105	 000000000086	0.0000000%
50.071531		- 	44.043664		- 	006	017	0000128	 000000000108	0.0000000%
57.287976		- 	44.318647		- 	007	012	0000153	 000000000130	0.0000000%
48.447242		- 	44.506699		- 	005	021	0000180	 000000000151	0.0000000%
52.506678		- 	44.582917		- 	010	009	0000205	 000000000173	0.0000000%
49.789690		- 	44.735002		- 	008	017	0000229	 000000000195	0.0000000%
48.060146		- 	44.842368		- 	006	020	0000254	 000000000217	0.0000000%
57.890224		- 	44.925008		- 	009	012	0000283	 000000000239	0.0000000%
54.323632		- 	44.980480		- 	010	013	0000303	 000000000262	0.0000000%
64.198200		- 	45.149770		- 	009	010	0000332	 000000000284	0.0000000%
51.688834		- 	45.257607		- 	010	008	0000354	 000000000307	0.0000000%
56.063703		- 	45.270668		- 	009	012	0000384	 000000000329	0.0000000%
45.924917		- 	45.438959		- 	007	018	0000408	 000000000351	0.0000000%
51.825496		- 	45.454494		- 	010	014	0000427	 000000000374	0.0000000%
56.524229		- 	45.513110		- 	011	014	0000460	 000000000396	0.0000000%
50.233271		- 	45.516498		- 	010	013	0000482	 000000000419	0.0000000%
52.883621		- 	45.532343		- 	010	011	0000505	 000000000442	0.0000000%
59.231270		- 	45.565498		- 	011	010	0000534	 000000000464	0.0000000%
50.422999		- 	45.567635		- 	006	019	0000553	 000000000487	0.0000000%
50.707289		- 	45.568325		- 	011	016	0000577	 000000000510	0.0000000%
48.614427		- 	45.645208		- 	009	013	0000605	 000000000532	0.0000000%
52.534899		- 	45.706387		- 	010	011	0000634	 000000000554	0.0000000%
56.523799		- 	45.732322		- 	012	010	0000660	 000000000577	0.0000000%
56.534505		- 	45.735448		- 	011	010	0000684	 000000000600	0.0000000%
54.916873		- 	45.762548		- 	010	010	0000706	 000000000623	0.0000000%
47.236051		- 	45.778043		- 	008	012	0000727	 000000000646	0.0000000%
47.913838		- 	45.861475		- 	005	023	0000756	 000000000668	0.0000000%
47.330032		- 	45.875348		- 	012	012	0000781	 000000000691	0.0000000%
56.965467		- 	45.875648		- 	013	014	0000809	 000000000714	0.0000000%
56.682782		- 	45.887190		- 	012	011	0000835	 000000000737	0.0000000%
47.591626		- 	45.908577		- 	011	010	0000854	 000000000760	0.0000000%
58.359986		- 	45.958426		- 	007	014	0000884	 000000000782	0.0000000%
49.308188		- 	45.992149		- 	014	012	0000908	 000000000805	0.0000000%
61.471081		- 	45.995274		- 	013	006	0000937	 000000000828	0.0000000%
57.022436		- 	46.011111		- 	011	013	0000959	 000000000851	0.0000000%
56.811856		- 	46.012775		- 	011	010	0000984	 000000000874	0.0000000%
46.413898		- 	46.020967		- 	009	013	0001003	 000000000897	0.0000000%
55.995092		- 	46.030515		- 	013	014	0001031	 000000000920	0.0000000%
49.724652		- 	46.034312		- 	013	016	0001058	 000000000943	0.0000000%
53.748129		- 	46.065911		- 	009	010	0001081	 000000000966	0.0000000%
53.383062		- 	46.082204		- 	012	013	0001109	 000000000989	0.0000000%
56.615887		- 	46.115595		- 	014	008	0001139	 000000001012	0.0000000%
46.430240		- 	46.125515		- 	012	014	0001152	 000000001036	0.0000000%
49.962806		- 	46.135039		- 	015	012	0001181	 000000001059	0.0000000%
51.780606		- 	46.139622		- 	010	012	0001208	 000000001082	0.0000000%
72.803904		- 	46.144357		- 	015	006	0001235	 000000001105	0.0000000%
46.732299		- 	46.145279		- 	010	012	0001259	 000000001128	0.0000000%
55.567609		- 	46.153276		- 	005	014	0001280	 000000001151	0.0000000%
55.772864		- 	46.156099		- 	012	013	0001306	 000000001174	0.0000000%
52.405284		- 	46.164256		- 	010	012	0001330	 000000001197	0.0000000%
56.290570		- 	46.189507		- 	013	008	0001354	 000000001220	0.0000000%
46.622645		- 	46.199974		- 	009	011	0001380	 000000001243	0.0000000%
49.184814		- 	46.209607		- 	009	010	0001410	 000000001265	0.0000000%
51.639982		- 	46.212933		- 	016	006	0001427	 000000001289	0.0000000%
51.333268		- 	46.220336		- 	015	012	0001467	 000000001311	0.0000000%
46.579296		- 	46.231520		- 	011	013	0001486	 000000001334	0.0000000%
63.679531		- 	46.232989		- 	015	008	0001502	 000000001358	0.0000000%
54.453585		- 	46.236490		- 	015	007	0001538	 000000001380	0.0000000%
70.588969		- 	46.236490		- 	015	011	0001554	 000000001404	0.0000000%
66.152916		- 	46.253833		- 	016	007	0001588	 000000001427	0.0000000%
47.359837		- 	46.253833		- 	016	007	0001605	 000000001451	0.0000000%
58.641811		- 	46.267718		- 	015	006	0001632	 000000001474	0.0000000%
61.745957		- 	46.270148		- 	015	006	0001664	 000000001497	0.0000000%
69.282665		- 	46.270149		- 	015	011	0001680	 000000001521	0.0000000%
47.333327		- 	46.272600		- 	013	012	0001710	 000000001544	0.0000000%
64.309616		- 	46.286306		- 	017	004	0001728	 000000001568	0.0000000%
47.503787		- 	46.290504		- 	018	003	0001765	 000000001591	0.0000000%
58.661026		- 	46.290504		- 	018	003	0001784	 000000001615	0.0000000%
61.038329		- 	46.295067		- 	010	009	0001808	 000000001638	0.0000000%
51.450145	53.156404	46.301648	14.804561	019	003	0001842	 000000001661	8.2206352e-17%

### Final Log ###

Termination Reason: Optimal
OPTIMAL SOLUTION FOUND
Function objective value: 46.309891922012838
Sum of infeasibilities: 0.000002362867388
Sequence: 0 26 42 35 2 46 22 24 32 7 45 9 21 34 39 17 6 20 16 5 37 12 33 
Solution: 

Number of Resolved Nodes: 1984
Pruned tree percentage: 0.000000000000000%
Computed Tree Percentage: 0.000000000000000%
Total: 0.000000000000000
Time total: 0.880826000000000
Time S.B: 0.871997000000000
Time SOCP: 0.740361999999997
Iterations to incumbent: 1943
Peak Memory Consumption: 17664
#################
Warm Start Time: 0.095581999999999
    init Time: 0.000026000000000
    construct Time: 0.095555999999999
        solve Time: 0.091664000000001
SOCPs solved: 2034
Solvers made: 21
SOCP Internal Iterations: 13357
SOCP Internal Solve Time: 0.891284761999998
SOCP Setup Time: 0.245523585999998
    SOCP Equilibration Time: 0.032210390000000
    SOCP KKT init Time: 0.189075534000001
SOCP initialization Time: 0.001748927000000
SOCP IP Iteration Time: 0.643654209000001
    SOCP KKT Update Time: 0.298854348000000
    SOCP KKT Solve Time: 0.241243224000000

