Use LAH: 0
Use Concorde Feasible Solution improvement: 0
Name: CETSP-50-8
directory: Behdani
option: 2D
OPTION 2D ACTIVATED, Z COORDINATES BECAME 0
Instance Size: 51
Initial Upper Bound: 999.00000000
Average radius size: 1.00000000
Using variable selection rule #1!
Size of the tree: 1.55175266e+64
Raiz: 0 22 35 
Initial root: 0 22 35 
Value of objective function: 2.84067789e+01
SolverStatus: Solved
Solution: 
( 9.63971000e+00, 1.55030000e+00, 0.00000000e+00 )
( 3.63567127e+00, 8.76053543e+00, 0.00000000e+00 )
( 1.46284626e+01, 7.78948375e+00, 0.00000000e+00 )
( 9.63971000e+00, 1.55030000e+00, 0.00000000e+00 )

Not covered in root: 50 36 27 48 2 40 38 26 6 42 37 4 24 43 32 16 9 44 13 28 34 21 1 11 46 20 25 29 17 39 10 3 45 23 19 18 8 15 14 30 5 7 12 31 33 41 47 49 
INFEASIBLE ROOT

Using variable selection rule #1!
F. value	BestUB	        BestLB	        GAP%(I)	        Level	#Uncov	#Solved	 open	        Tree (%)	
34.135612		- 	28.406779		- 	002	029	0000004	 000000000002	0.0000000%
48.805263		- 	37.778262		- 	005	019	0000032	 000000000022	0.0000000%
41.598912		- 	38.714771		- 	007	014	0000056	 000000000043	0.0000000%
50.231920		- 	39.258617		- 	008	014	0000079	 000000000065	0.0000000%
49.292370		- 	39.930430		- 	009	019	0000107	 000000000087	0.0000000%
51.389901		- 	40.234043		- 	009	011	0000129	 000000000109	0.0000000%
44.708937		- 	40.465726		- 	007	021	0000159	 000000000130	0.0000000%
40.984601		- 	40.497190		- 	009	017	0000177	 000000000153	0.0000000%
57.623963		- 	40.708644		- 	009	016	0000208	 000000000174	0.0000000%
53.970430		- 	40.741504		- 	010	010	0000230	 000000000197	0.0000000%
45.009728		- 	40.838990		- 	005	020	0000254	 000000000219	0.0000000%
50.145354		- 	40.941481		- 	009	013	0000281	 000000000241	0.0000000%
49.115183		- 	40.984601		- 	010	013	0000309	 000000000263	0.0000000%
50.198535		- 	41.107467		- 	010	014	0000336	 000000000285	0.0000000%
52.967203		- 	41.175449		- 	008	013	0000355	 000000000308	0.0000000%
51.264029		- 	41.196069		- 	010	012	0000378	 000000000331	0.0000000%
49.320681		- 	41.256252		- 	008	011	0000410	 000000000353	0.0000000%
43.044117		- 	41.258192		- 	007	022	0000427	 000000000376	0.0000000%
49.217151		- 	41.363372		- 	007	017	0000453	 000000000398	0.0000000%
50.270115		- 	41.434021		- 	010	007	0000477	 000000000421	0.0000000%
46.578299		- 	41.519310		- 	008	011	0000503	 000000000443	0.0000000%
44.982857		- 	41.581974		- 	007	009	0000532	 000000000465	0.0000000%
46.658318		- 	41.598912		- 	008	006	0000553	 000000000488	0.0000000%
51.741500		- 	41.670980		- 	012	011	0000584	 000000000510	0.0000000%
49.594717		- 	41.723832		- 	007	016	0000604	 000000000533	0.0000000%
52.829304		- 	41.855444		- 	006	017	0000631	 000000000555	0.0000000%
56.671084		- 	41.935002		- 	009	016	0000659	 000000000577	0.0000000%
54.839908		- 	41.981452		- 	008	012	0000685	 000000000599	0.0000000%
49.266715		- 	42.015597		- 	008	019	0000704	 000000000622	0.0000000%
47.678530		- 	42.086362		- 	009	007	0000727	 000000000645	0.0000000%
42.557417		- 	42.099213		- 	008	022	0000758	 000000000667	0.0000000%
46.813267		- 	42.119096		- 	009	006	0000778	 000000000690	0.0000000%
50.843374		- 	42.143966		- 	013	007	0000809	 000000000712	0.0000000%
43.079406		- 	42.152039		- 	012	007	0000836	 000000000735	0.0000000%
52.309499		- 	42.178809		- 	012	010	0000858	 000000000758	0.0000000%
53.850634		- 	42.186566		- 	013	006	0000882	 000000000781	0.0000000%
52.226041		- 	42.213574		- 	012	010	0000907	 000000000804	0.0000000%
48.444635		- 	42.222119		- 	013	008	0000939	 000000000826	0.0000000%
51.977740		- 	42.242999		- 	012	008	0000961	 000000000849	0.0000000%
51.065692		- 	42.260348		- 	006	018	0000981	 000000000872	0.0000000%
51.069476		- 	42.293382		- 	010	007	0001003	 000000000895	0.0000000%
47.387193		- 	42.328645		- 	009	010	0001028	 000000000918	0.0000000%
43.912047		- 	42.334948		- 	011	009	0001058	 000000000940	0.0000000%
50.584265		- 	42.359161		- 	012	008	0001083	 000000000963	0.0000000%
42.408900		- 	42.384155		- 	015	004	0001114	 000000000986	0.0000000%
53.938684		- 	42.404658		- 	009	009	0001133	 000000001009	0.0000000%
46.557580		- 	42.421376		- 	012	005	0001163	 000000001032	0.0000000%
46.592491		- 	42.423712		- 	012	008	0001187	 000000001055	0.0000000%
60.096925		- 	42.434419		- 	008	012	0001208	 000000001078	0.0000000%
61.855038		- 	42.444692		- 	017	001	0001239	 000000001101	0.0000000%
43.491460	56.432048	42.461649	32.901216	011	009	0001270	 000000000987	1.6441270e-15%

### Final Log ###

Termination Reason: Optimal
OPTIMAL SOLUTION FOUND
Function objective value: 42.475892598334475
Sum of infeasibilities: 0.000001324544717
Sequence: 0 28 6 26 17 20 36 50 2 22 46 14 25 45 8 44 35 3 38 42 43 
Solution: 

Number of Resolved Nodes: 1306
Pruned tree percentage: 0.000000000000002%
Computed Tree Percentage: 0.000000000000000%
Total: 0.000000000000002
Time total: 0.554153000000000
Time S.B: 0.538056000000000
Time SOCP: 0.444059000000000
Iterations to incumbent: 1289
Peak Memory Consumption: 17660
#################
Warm Start Time: 0.064590000000000
    init Time: 0.000055000000000
    construct Time: 0.064535000000000
        solve Time: 0.062944000000001
SOCPs solved: 1356
Solvers made: 19
SOCP Internal Iterations: 8872
SOCP Internal Solve Time: 0.546539953000001
SOCP Setup Time: 0.158591365000000
    SOCP Equilibration Time: 0.020330266000000
    SOCP KKT init Time: 0.121508290000001
SOCP initialization Time: 0.001880851000000
SOCP IP Iteration Time: 0.385799531000000
    SOCP KKT Update Time: 0.179136586000000
    SOCP KKT Solve Time: 0.143704649000000

