Use LAH: 0
Use Concorde Feasible Solution improvement: 0
Name: CETSP-50-5
directory: Behdani
option: 2D
OPTION 2D ACTIVATED, Z COORDINATES BECAME 0
Instance Size: 51
Initial Upper Bound: 999.00000000
Average radius size: 1.00000000
Using variable selection rule #1!
Size of the tree: 1.55175266e+64
Raiz: 0 7 13 
Initial root: 0 7 13 
Value of objective function: 3.41182432e+01
SolverStatus: Solved
Solution: 
( 5.74402000e+00, 8.41569000e+00, 0.00000000e+00 )
( 1.45920888e+01, 5.43316196e-01, 0.00000000e+00 )
( 1.08762769e+00, 9.92112051e-01, 0.00000000e+00 )
( 5.74402000e+00, 8.41569000e+00, 0.00000000e+00 )

Not covered in root: 49 10 28 20 21 35 5 38 23 41 14 22 19 2 18 8 44 29 12 36 17 42 34 46 50 31 40 32 48 27 26 25 24 47 11 45 43 33 6 9 16 30 1 39 37 15 3 4 
INFEASIBLE ROOT

Using variable selection rule #1!
F. value	BestUB	        BestLB	        GAP%(I)	        Level	#Uncov	#Solved	 open	        Tree (%)	
37.389072		- 	34.118243		- 	002	021	0000004	 000000000002	0.0000000%
45.560756		- 	41.552042		- 	005	016	0000032	 000000000022	0.0000000%
52.536523		- 	41.932816		- 	006	013	0000056	 000000000044	0.0000000%
42.963721		- 	42.237046		- 	007	009	0000078	 000000000066	0.0000000%
46.433840		- 	42.656887		- 	009	011	0000110	 000000000087	0.0000000%
50.113233		- 	42.746442		- 	008	011	0000135	 000000000109	0.0000000%
43.491477		- 	42.935155		- 	010	007	0000161	 000000000131	0.0000000%
52.061989		- 	42.963721		- 	008	008	0000179	 000000000154	0.0000000%
56.774240		- 	42.989696		- 	008	006	0000207	 000000000176	0.0000000%
51.810864		- 	43.075824		- 	008	007	0000235	 000000000198	0.0000000%
48.132972		- 	43.097097		- 	009	009	0000253	 000000000221	0.0000000%
44.161556		- 	43.273673		- 	010	005	0000282	 000000000243	0.0000000%
45.669240		- 	43.309877		- 	008	008	0000302	 000000000266	0.0000000%
45.696587		- 	43.332453		- 	006	017	0000329	 000000000288	0.0000000%
49.278526		- 	43.368871		- 	008	012	0000356	 000000000310	0.0000000%
43.558995		- 	43.426624		- 	009	008	0000386	 000000000332	0.0000000%
54.588512		- 	43.447406		- 	007	016	0000404	 000000000355	0.0000000%
48.475483		- 	43.472693		- 	010	013	0000435	 000000000377	0.0000000%
54.506330		- 	43.491477		- 	011	007	0000459	 000000000400	0.0000000%
53.756916		- 	43.523691		- 	011	008	0000483	 000000000423	0.0000000%
44.695295		- 	43.541184		- 	008	011	0000503	 000000000446	0.0000000%
45.316195		- 	43.566836		- 	004	017	0000530	 000000000468	0.0000000%
54.237869		- 	43.575304		- 	011	005	0000552	 000000000491	0.0000000%
57.037265		- 	43.595961		- 	011	007	0000586	 000000000513	0.0000000%
50.156084		- 	43.607431		- 	012	006	0000611	 000000000536	0.0000000%
54.627976		- 	43.613093		- 	010	009	0000633	 000000000559	0.0000000%
49.660990		- 	43.628105		- 	010	008	0000652	 000000000582	0.0000000%
62.209587		- 	43.638165		- 	012	003	0000689	 000000000604	0.0000000%
44.082812		- 	43.643422		- 	011	009	0000712	 000000000627	0.0000000%
53.663897		- 	43.646063		- 	012	005	0000735	 000000000650	0.0000000%
44.468428		- 	43.653420		- 	010	009	0000760	 000000000673	0.0000000%
48.540400		- 	43.654670		- 	012	006	0000784	 000000000696	0.0000000%
56.117363		- 	43.667184		- 	013	003	0000810	 000000000719	0.0000000%
44.225635		- 	43.668636		- 	010	011	0000836	 000000000742	0.0000000%
43.702904		- 	43.674909		- 	011	005	0000860	 000000000765	0.0000000%
50.175676		- 	43.687271		- 	013	002	0000887	 000000000788	0.0000000%
44.811640	49.861574	43.688995	14.128454	014	003	0000916	 000000000811	1.5294327e-10%
45.078209	49.861574	43.690865	14.123569	011	008	0000940	 000000000477	1.5294327e-10%
48.304184	49.861574	43.699791	14.100257	014	003	0001000	 000000000497	1.5294327e-10%
43.908868	44.090789	43.721151	0.84544504	013	007	0001124	 000000000086	6.1177310e-10%

### Final Log ###

Termination Reason: Optimal
OPTIMAL SOLUTION FOUND
Function objective value: 43.733202903746928
Sum of infeasibilities: 0.000001252193904
Sequence: 0 22 19 39 50 31 28 49 14 44 7 9 24 13 30 38 37 35 
Solution: 

Number of Resolved Nodes: 1249
Pruned tree percentage: 0.000000000612898%
Computed Tree Percentage: 0.000000000000000%
Total: 0.000000000612898
Time total: 0.526418000000000
Time S.B: 0.511751000000000
Time SOCP: 0.452297000000000
Iterations to incumbent: 1189
Peak Memory Consumption: 17660
#################
Warm Start Time: 0.063356999999999
    init Time: 0.000065000000000
    construct Time: 0.063291999999999
        solve Time: 0.061485000000000
SOCPs solved: 1299
Solvers made: 17
SOCP Internal Iterations: 8760
SOCP Internal Solve Time: 0.561190188000000
SOCP Setup Time: 0.163120725000000
    SOCP Equilibration Time: 0.020306121000000
    SOCP KKT init Time: 0.126140811000000
SOCP initialization Time: 0.001780874000000
SOCP IP Iteration Time: 0.396031540000000
    SOCP KKT Update Time: 0.183552947000000
    SOCP KKT Solve Time: 0.148149189000000

