Use LAH: 0
Use Concorde Feasible Solution improvement: 0
Name: CETSP-50-4
directory: Behdani
option: 2D
OPTION 2D ACTIVATED, Z COORDINATES BECAME 0
Instance Size: 51
Initial Upper Bound: 999.00000000
Average radius size: 1.00000000
Using variable selection rule #1!
Size of the tree: 1.55175266e+64
Raiz: 0 10 28 
Initial root: 0 10 28 
Value of objective function: 3.03034377e+01
SolverStatus: Solved
Solution: 
( 5.13095000e+00, 9.09468000e+00, 0.00000000e+00 )
( 1.33638466e+01, 6.44209666e-01, 0.00000000e+00 )
( 2.92693887e+00, 1.35830092e+00, 0.00000000e+00 )
( 5.13095000e+00, 9.09468000e+00, 0.00000000e+00 )

Not covered in root: 37 6 26 29 31 3 1 50 7 27 36 16 43 17 20 34 42 8 40 49 22 12 24 33 45 15 41 39 48 25 23 21 38 19 18 35 30 47 14 46 2 4 5 44 32 13 9 11 
INFEASIBLE ROOT

Using variable selection rule #1!
F. value	BestUB	        BestLB	        GAP%(I)	        Level	#Uncov	#Solved	 open	        Tree (%)	
35.565569		- 	30.303438		- 	002	026	0000004	 000000000002	0.0000000%
47.395237		- 	38.129887		- 	005	017	0000029	 000000000022	0.0000000%
47.064351		- 	39.478059		- 	006	017	0000055	 000000000043	0.0000000%
41.020173		- 	40.299064		- 	006	017	0000083	 000000000064	0.0000000%
52.865367		- 	40.568588		- 	007	017	0000109	 000000000085	0.0000000%
48.270492		- 	40.705673		- 	008	017	0000134	 000000000107	0.0000000%
42.121312		- 	41.150577		- 	007	015	0000159	 000000000129	0.0000000%
51.251624		- 	41.301888		- 	006	018	0000179	 000000000151	0.0000000%
47.303720		- 	41.476212		- 	007	019	0000204	 000000000173	0.0000000%
42.295910		- 	41.525270		- 	008	017	0000227	 000000000195	0.0000000%
44.153376		- 	41.787544		- 	008	017	0000259	 000000000216	0.0000000%
56.493429		- 	41.881512		- 	008	010	0000281	 000000000238	0.0000000%
57.122558		- 	41.995282		- 	010	013	0000308	 000000000260	0.0000000%
51.689793		- 	42.068122		- 	008	012	0000333	 000000000282	0.0000000%
61.507356		- 	42.215136		- 	009	011	0000352	 000000000305	0.0000000%
58.226071		- 	42.295910		- 	009	015	0000378	 000000000327	0.0000000%
50.504119		- 	42.336389		- 	006	020	0000404	 000000000349	0.0000000%
58.618338		- 	42.465187		- 	006	011	0000431	 000000000371	0.0000000%
59.785711		- 	42.522914		- 	008	011	0000458	 000000000393	0.0000000%
45.429245		- 	42.573293		- 	011	013	0000488	 000000000415	0.0000000%
45.733530		- 	42.577357		- 	008	014	0000506	 000000000438	0.0000000%
44.745001		- 	42.697109		- 	005	024	0000530	 000000000460	0.0000000%
58.630528		- 	42.798557		- 	008	013	0000555	 000000000482	0.0000000%
52.929892		- 	42.819602		- 	007	015	0000581	 000000000504	0.0000000%
53.902017		- 	42.832238		- 	011	009	0000604	 000000000527	0.0000000%
46.044319		- 	42.866908		- 	007	014	0000634	 000000000549	0.0000000%
52.797671		- 	42.885683		- 	012	014	0000656	 000000000572	0.0000000%
50.444331		- 	42.891432		- 	012	009	0000679	 000000000595	0.0000000%
45.799557		- 	42.959725		- 	008	017	0000710	 000000000616	0.0000000%
52.622826		- 	42.984201		- 	007	013	0000732	 000000000638	0.0000000%
52.769270		- 	43.001908		- 	007	014	0000753	 000000000661	0.0000000%
49.262791		- 	43.059263		- 	008	010	0000785	 000000000682	0.0000000%
46.261581		- 	43.094952		- 	013	010	0000813	 000000000705	0.0000000%
60.597893		- 	43.121395		- 	008	012	0000833	 000000000728	0.0000000%
44.858007		- 	43.144871		- 	008	014	0000852	 000000000751	0.0000000%
45.199650		- 	43.178207		- 	008	013	0000879	 000000000773	0.0000000%
49.353687		- 	43.198281		- 	012	009	0000903	 000000000796	0.0000000%
50.213873		- 	43.228472		- 	008	012	0000932	 000000000818	0.0000000%
48.012387		- 	43.244194		- 	014	008	0000962	 000000000841	0.0000000%
46.097675		- 	43.257042		- 	014	008	0000991	 000000000864	0.0000000%
48.518119		- 	43.275975		- 	007	012	0001007	 000000000887	0.0000000%
45.130113		- 	43.294277		- 	015	007	0001036	 000000000910	0.0000000%
48.687647		- 	43.294909		- 	009	011	0001056	 000000000933	0.0000000%
48.659772		- 	43.316167		- 	010	012	0001086	 000000000955	0.0000000%
54.389581		- 	43.344490		- 	009	014	0001106	 000000000978	0.0000000%
53.044017		- 	43.363175		- 	005	017	0001132	 000000001000	0.0000000%
59.474157		- 	43.390700		- 	015	009	0001156	 000000001023	0.0000000%
49.284027		- 	43.393683		- 	015	006	0001184	 000000001045	0.0000000%
48.363989		- 	43.416829		- 	007	011	0001204	 000000001068	0.0000000%
51.695784		- 	43.421128		- 	012	009	0001227	 000000001091	0.0000000%
47.135158		- 	43.456568		- 	016	004	0001261	 000000001114	0.0000000%
65.157069		- 	43.494748		- 	016	006	0001287	 000000001137	0.0000000%
60.307948		- 	43.538811		- 	011	010	0001308	 000000001160	0.0000000%
52.871296		- 	43.545340		- 	009	012	0001333	 000000001183	0.0000000%
44.269550		- 	43.566393		- 	009	015	0001361	 000000001205	0.0000000%
48.029943		- 	43.586939		- 	008	013	0001381	 000000001228	0.0000000%
50.853667		- 	43.597167		- 	012	010	0001403	 000000001251	0.0000000%
51.361345		- 	43.622036		- 	013	008	0001439	 000000001273	0.0000000%
45.946263		- 	43.627785		- 	013	010	0001465	 000000001296	0.0000000%
46.816859		- 	43.637435		- 	014	008	0001488	 000000001319	0.0000000%
46.706531		- 	43.642554		- 	008	012	0001510	 000000001342	0.0000000%
54.946657		- 	43.654055		- 	017	002	0001543	 000000001364	0.0000000%
53.985035		- 	43.657038		- 	017	005	0001561	 000000001388	0.0000000%
58.428030		- 	43.676568		- 	015	006	0001577	 000000001412	0.0000000%
55.723244		- 	43.712234		- 	010	015	0001611	 000000001434	0.0000000%
43.936040		- 	43.718722		- 	017	003	0001641	 000000001457	0.0000000%
50.390251		- 	43.726831		- 	010	013	0001652	 000000001481	0.0000000%
44.929299		- 	43.731042		- 	006	013	0001677	 000000001503	0.0000000%
48.872972		- 	43.741482		- 	013	006	0001708	 000000001526	0.0000000%
46.340181		- 	43.747231		- 	013	010	0001738	 000000001548	0.0000000%
46.861910		- 	43.754045		- 	012	011	0001760	 000000001571	0.0000000%
48.305118		- 	43.771510		- 	010	013	0001786	 000000001594	0.0000000%
58.526435		- 	43.773785		- 	015	006	0001802	 000000001618	0.0000000%
45.490306		- 	43.777078		- 	009	010	0001827	 000000001641	0.0000000%
48.641594		- 	43.787437		- 	008	014	0001856	 000000001663	0.0000000%
47.847287		- 	43.790635		- 	017	002	0001889	 000000001686	0.0000000%
48.147158		- 	43.794459		- 	013	008	0001915	 000000001709	0.0000000%
49.209994		- 	43.800092		- 	009	016	0001933	 000000001732	0.0000000%
50.639424		- 	43.800687		- 	013	009	0001954	 000000001755	0.0000000%
59.845872		- 	43.812326		- 	018	001	0001979	 000000001778	0.0000000%
64.816157		- 	43.815309		- 	018	006	0002007	 000000001801	0.0000000%
56.160138		- 	43.827224		- 	015	007	0002032	 000000001824	0.0000000%
50.897199		- 	43.834227		- 	009	017	0002053	 000000001847	0.0000000%
49.441710		- 	43.841242		- 	014	008	0002085	 000000001870	0.0000000%
48.624020		- 	43.855864		- 	014	010	0002111	 000000001893	0.0000000%
47.434231		- 	43.863870		- 	012	013	0002137	 000000001916	0.0000000%
45.932089		- 	43.871373		- 	018	002	0002166	 000000001939	0.0000000%
55.217080		- 	43.874357		- 	018	004	0002185	 000000001963	0.0000000%
60.364831		- 	43.876992		- 	018	001	0002204	 000000001987	0.0000000%
58.093021		- 	43.892236		- 	009	016	0002229	 000000002010	0.0000000%
49.119065		- 	43.896474		- 	014	007	0002257	 000000002033	0.0000000%
44.362602		- 	43.899250		- 	011	011	0002279	 000000002056	0.0000000%
46.502271		- 	43.909321		- 	014	008	0002314	 000000002078	0.0000000%
52.018259		- 	43.916700		- 	014	009	0002329	 000000002102	0.0000000%

### Final Log ###

Termination Reason: Optimal
OPTIMAL SOLUTION FOUND
Function objective value: 43.924806527623183
Sum of infeasibilities: 0.000002859585868
Sequence: 0 40 4 16 26 37 6 43 7 10 14 19 17 42 45 15 28 3 48 9 27 
Solution: 

Number of Resolved Nodes: 2365
Pruned tree percentage: 0.000000000000000%
Computed Tree Percentage: 0.000000000000000%
Total: 0.000000000000000
Time total: 0.969181000000000
Time S.B: 0.959910000000000
Time SOCP: 0.803666000000000
Iterations to incumbent: 2357
Peak Memory Consumption: 17668
#################
Warm Start Time: 0.113247000000004
    init Time: 0.000013000000000
    construct Time: 0.113234000000004
        solve Time: 0.110688000000001
SOCPs solved: 2415
Solvers made: 19
SOCP Internal Iterations: 15781
SOCP Internal Solve Time: 0.960586746999999
SOCP Setup Time: 0.274059687000003
    SOCP Equilibration Time: 0.035099883000000
    SOCP KKT init Time: 0.208769364999999
SOCP initialization Time: 0.001892253000000
SOCP IP Iteration Time: 0.684210379000001
    SOCP KKT Update Time: 0.317939446000000
    SOCP KKT Solve Time: 0.255550635000000

