Use LAH: 0
Use Concorde Feasible Solution improvement: 0
Name: bonus1000
directory: RND
option: 3D
Instance Size: 1001
Initial Upper Bound: 941.34843368
Average radius size: 12.00000000
Using variable selection rule #1!
Size of the tree: 2.01395025e+2567
Raiz: 0 996 820 
Initial root: 0 996 820 
Value of objective function: 2.53075221e+02
SolverStatus: Solved
Solution: 
( 8.00000000e+01, 2.00000000e+01, 0.00000000e+00 )
( 6.63407251e+00, 8.82330970e+01, 3.35331235e+01 )
( 1.35839676e+01, 1.39054145e+01, 2.98817757e+00 )
( 8.00000000e+01, 2.00000000e+01, 0.00000000e+00 )

Not covered in root: 25 936 897 991 135 377 691 479 586 828 326 901 500 206 732 862 322 149 654 666 159 52 255 315 357 672 456 626 550 160 289 831 749 821 747 187 42 277 825 470 423 744 872 782 145 864 179 853 590 628 1000 919 534 245 969 107 992 826 23 348 890 440 573 959 71 336 483 471 183 904 874 487 945 630 892 349 503 62 517 204 988 118 522 301 975 845 390 538 157 696 383 83 309 172 317 264 547 895 751 372 846 960 40 761 248 830 690 589 105 624 985 171 824 781 215 585 882 860 5 720 565 773 18 770 355 859 512 675 388 912 400 753 939 616 265 321 447 660 955 232 242 879 414 380 110 394 166 278 51 676 983 684 269 908 542 982 374 633 263 545 510 581 809 288 223 126 515 677 910 421 250 294 970 656 877 339 893 575 875 869 12 418 734 397 203 202 832 659 425 324 489 667 466 208 139 152 284 98 108 501 175 995 53 648 1 192 888 759 907 296 200 347 774 776 559 822 275 454 621 455 748 745 344 876 688 726 940 834 140 881 399 784 409 634 181 855 136 840 665 398 858 788 642 73 338 151 462 313 412 174 619 570 800 661 13 808 833 61 685 861 9 950 358 106 335 679 473 527 219 438 449 968 426 699 58 463 760 948 170 67 789 867 655 72 392 790 526 721 625 637 519 700 520 323 714 319 217 404 664 611 843 673 554 401 536 561 560 287 588 22 885 146 90 28 604 762 484 584 653 958 384 256 88 246 92 891 623 68 129 818 829 244 783 20 318 78 446 856 96 431 635 443 308 730 535 341 678 839 957 476 668 863 422 943 91 292 807 81 205 191 211 617 109 816 569 532 662 994 314 736 601 233 903 252 674 949 768 713 364 150 731 652 362 810 94 755 80 112 643 36 613 596 587 195 639 928 230 929 393 932 842 365 622 310 976 514 369 997 125 523 450 837 261 44 212 273 188 406 375 702 436 704 898 865 915 645 234 638 82 351 444 794 998 311 669 210 803 198 687 257 241 403 815 415 84 124 474 567 354 367 693 775 894 497 451 15 568 164 544 944 710 595 193 651 27 74 967 521 293 407 420 657 620 340 609 352 262 942 419 120 541 599 29 328 592 718 59 432 946 491 190 48 21 298 819 147 373 283 197 396 297 306 435 769 971 102 697 716 286 459 531 11 914 795 952 670 889 926 345 750 772 927 598 65 8 439 46 715 757 37 925 987 49 331 629 26 229 706 602 546 791 268 931 947 141 385 227 272 312 631 725 24 981 848 563 260 482 504 35 902 38 457 7 240 961 93 238 937 144 424 972 873 540 847 307 282 549 281 433 402 428 989 254 953 303 920 886 168 984 812 300 884 379 486 610 644 249 916 480 555 387 557 694 236 472 405 434 128 207 681 539 216 34 47 123 70 54 2 158 852 591 76 182 115 502 647 780 779 103 742 161 703 993 185 33 921 698 717 798 870 817 86 127 458 441 490 712 962 427 334 386 251 199 343 4 408 979 492 295 122 518 934 763 481 906 854 64 153 558 430 799 130 180 917 835 496 467 805 316 850 231 841 116 941 990 111 640 85 132 615 741 224 923 165 332 729 274 814 618 69 719 189 41 95 134 378 113 163 226 142 708 143 17 131 360 39 778 162 99 391 857 851 395 382 429 556 194 389 553 178 177 849 196 176 999 437 417 562 899 416 900 896 413 186 905 887 411 909 410 566 184 911 913 883 880 878 564 871 868 866 505 222 513 966 511 965 509 508 507 506 516 221 964 963 499 498 220 495 494 493 528 614 235 537 237 533 986 228 530 529 239 225 525 524 980 978 977 974 973 452 464 933 461 460 253 543 930 548 453 465 201 551 924 448 922 445 442 918 478 956 488 954 218 485 243 214 213 951 552 477 247 475 938 209 469 468 935 97 114 600 138 137 711 104 603 101 100 709 117 707 133 705 89 701 87 695 692 79 733 148 271 270 738 597 267 266 737 735 689 728 259 258 727 724 121 723 119 722 608 19 641 16 14 636 3 632 6 607 55 10 50 627 30 31 32 45 612 43 605 77 75 686 683 682 680 671 66 63 739 663 60 658 650 606 649 57 646 56 342 811 353 806 350 804 802 801 346 577 576 797 796 169 337 793 792 333 167 330 368 571 572 844 376 838 173 836 371 370 329 827 366 823 574 363 361 359 813 356 154 583 156 758 155 756 754 291 290 752 299 746 285 743 593 594 280 279 276 740 771 578 327 325 787 786 785 320 777 579 381 767 766 765 764 580 305 304 582 302 
INFEASIBLE ROOT

Using variable selection rule #1!
F. value	BestUB	        BestLB	        GAP%(I)	        Level	#Uncov	#Solved	 open	        Tree (%)	
293.51840		- 	253.07522		- 	002	706	0000004	 000000000002	0.0000000%
388.64746		- 	375.03656		- 	007	596	0000508	 000000000426	0.0000000%
557.61023		- 	388.93037		- 	008	501	0001010	 000000000862	0.0000000%
576.85818		- 	394.39660		- 	007	442	0001507	 000000001301	0.0000000%
494.38764		- 	400.05717		- 	008	479	0002003	 000000001742	0.0000000%
483.96661		- 	404.58065		- 	009	527	0002510	 000000002184	0.0000000%
485.41608		- 	406.69291		- 	009	469	0003002	 000000002630	0.0000000%
424.46127		- 	409.01164		- 	009	554	0003505	 000000003074	0.0000000%
436.87689		- 	410.74953		- 	010	512	0004009	 000000003519	0.0000000%
459.24836		- 	412.38662		- 	009	556	0004509	 000000003966	0.0000000%
424.10682		- 	413.99321		- 	009	593	0005011	 000000004411	0.0000000%
449.91925		- 	415.37144		- 	010	516	0005507	 000000004859	0.0000000%
530.66945		- 	416.66367		- 	008	502	0006008	 000000005306	0.0000000%
457.58340		- 	417.84220		- 	010	575	0006509	 000000005754	0.0000000%
441.53037		- 	418.73412		- 	008	535	0007002	 000000006203	0.0000000%
444.07068		- 	419.59040		- 	009	522	0007503	 000000006652	0.0000000%
514.00296		- 	420.64144		- 	009	456	0008011	 000000007099	0.0000000%
469.86469		- 	421.52483		- 	009	530	0008504	 000000007550	0.0000000%
464.23705		- 	422.41332		- 	010	510	0009003	 000000008000	0.0000000%
437.65554		- 	423.17669		- 	011	499	0009508	 000000008450	0.0000000%
481.69779		- 	423.92181		- 	010	528	0010006	 000000008902	0.0000000%
481.60174		- 	424.52068		- 	008	545	0010505	 000000009354	0.0000000%
574.74721		- 	425.20188		- 	009	474	0011002	 000000009805	0.0000000%
498.87272		- 	425.71202		- 	009	470	0011506	 000000010256	0.0000000%
456.22247		- 	426.23502		- 	009	541	0012007	 000000010706	0.0000000%
453.80790		- 	426.97579		- 	010	522	0012511	 000000011157	0.0000000%
545.48502		- 	427.56993		- 	010	521	0013008	 000000011610	0.0000000%
509.00180		- 	428.03888		- 	010	475	0013504	 000000012061	0.0000000%
443.71715		- 	428.46956		- 	010	511	0014004	 000000012511	0.0000000%
459.41277		- 	428.96288		- 	007	592	0014507	 000000012963	0.0000000%
472.41647		- 	429.36271		- 	011	494	0015008	 000000013415	0.0000000%
464.92367		- 	429.70390		- 	007	504	0015508	 000000013868	0.0000000%
537.53204		- 	430.12164		- 	011	513	0016013	 000000014320	0.0000000%
446.55834		- 	430.45003		- 	011	572	0016506	 000000014773	0.0000000%
459.74266		- 	430.84016		- 	010	542	0017006	 000000015225	0.0000000%
471.33732		- 	431.22513		- 	009	539	0017505	 000000015677	0.0000000%
493.51259		- 	431.57491		- 	010	530	0018009	 000000016131	0.0000000%
515.79302		- 	431.96804		- 	009	439	0018505	 000000016584	0.0000000%
469.70637		- 	432.32772		- 	008	516	0019010	 000000017037	0.0000000%
460.85618		- 	432.63523		- 	011	538	0019509	 000000017490	0.0000000%
487.00569		- 	433.03095		- 	011	556	0020007	 000000017943	0.0000000%
472.93246		- 	433.28830		- 	011	572	0020509	 000000018395	0.0000000%
580.43994		- 	433.58189		- 	011	382	0021012	 000000018848	0.0000000%
532.46881		- 	433.73507		- 	011	438	0021502	 000000019303	0.0000000%
472.00009		- 	434.08184		- 	009	518	0022009	 000000019756	0.0000000%
473.33765		- 	434.34865		- 	010	565	0022508	 000000020209	0.0000000%
455.85378		- 	434.59199		- 	009	586	0023009	 000000020661	0.0000000%
481.72007		- 	434.82960		- 	012	476	0023510	 000000021114	0.0000000%
450.56112		- 	435.13323		- 	010	549	0024005	 000000021569	0.0000000%
448.73970		- 	435.37846		- 	010	554	0024508	 000000022022	0.0000000%
452.19789		- 	435.60779		- 	013	486	0025012	 000000022476	0.0000000%
523.46239		- 	435.85578		- 	010	495	0025502	 000000022929	0.0000000%
448.51364		- 	436.07582		- 	011	523	0026013	 000000023382	0.0000000%
452.38976		- 	436.36636		- 	008	607	0026506	 000000023837	0.0000000%
499.28340		- 	436.56675		- 	011	499	0027005	 000000024291	0.0000000%
490.55140		- 	436.79338		- 	009	510	0027507	 000000024744	0.0000000%
500.60415		- 	436.98391		- 	011	463	0028009	 000000025199	0.0000000%
463.71050		- 	437.18629		- 	007	538	0028507	 000000025653	0.0000000%
482.42466		- 	437.38053		- 	011	501	0029003	 000000026107	0.0000000%
474.08595		- 	437.61589		- 	011	514	0029507	 000000026558	0.0000000%
469.11092		- 	437.84883		- 	010	536	0030005	 000000027014	0.0000000%
487.55896		- 	438.06679		- 	012	532	0030507	 000000027469	0.0000000%
462.05573		- 	438.29020		- 	011	503	0031004	 000000027924	0.0000000%
518.27127		- 	438.47986		- 	011	394	0031506	 000000028379	0.0000000%
543.39313		- 	438.67477		- 	009	485	0032002	 000000028833	0.0000000%
513.97501		- 	438.86563		- 	010	435	0032507	 000000029286	0.0000000%
551.50975		- 	439.11184		- 	010	430	0033009	 000000029740	0.0000000%
463.65424		- 	439.31014		- 	011	520	0033513	 000000030194	0.0000000%
456.15701		- 	439.49985		- 	008	577	0034003	 000000030649	0.0000000%
468.18071		- 	439.71615		- 	010	533	0034512	 000000031104	0.0000000%
529.64666		- 	439.98255		- 	011	537	0035002	 000000031560	0.0000000%
484.40828		- 	440.09810		- 	011	525	0035503	 000000032016	0.0000000%
457.97853		- 	440.22207		- 	010	489	0036007	 000000032471	0.0000000%
462.85463		- 	440.37657		- 	012	465	0036508	 000000032925	0.0000000%
450.44937		- 	440.54503		- 	011	528	0037009	 000000033378	0.0000000%
471.07257		- 	440.72663		- 	012	508	0037507	 000000033833	0.0000000%
515.85586		- 	440.90701		- 	011	500	0038005	 000000034290	0.0000000%
513.46157		- 	441.06120		- 	011	471	0038504	 000000034745	0.0000000%
459.43780		- 	441.21369		- 	012	496	0039004	 000000035201	0.0000000%
450.80267		- 	441.34275		- 	011	528	0039509	 000000035656	0.0000000%
454.34960		- 	441.50168		- 	013	495	0040003	 000000036111	0.0000000%
566.20432		- 	441.68624		- 	011	435	0040511	 000000036565	0.0000000%
459.34911		- 	441.83678		- 	009	528	0041009	 000000037021	0.0000000%
470.89254		- 	441.94173		- 	008	472	0041507	 000000037476	0.0000000%
492.04285		- 	442.09777		- 	013	442	0042015	 000000037932	0.0000000%
519.52078		- 	442.21399		- 	010	485	0042509	 000000038388	0.0000000%
468.48960		- 	442.35205		- 	012	474	0043012	 000000038843	0.0000000%
459.10907		- 	442.48744		- 	010	539	0043509	 000000039298	0.0000000%
474.31927		- 	442.62142		- 	013	493	0044004	 000000039755	0.0000000%
469.63015		- 	442.75332		- 	010	516	0044507	 000000040210	0.0000000%
486.70400		- 	442.90631		- 	012	487	0045005	 000000040666	0.0000000%
464.10084		- 	443.06087		- 	010	487	0045502	 000000041120	0.0000000%
463.18068		- 	443.17304		- 	010	534	0046009	 000000041576	0.0000000%
485.69808		- 	443.28705		- 	011	544	0046502	 000000042033	0.0000000%
475.90193		- 	443.41657		- 	010	530	0047005	 000000042490	0.0000000%
491.90745		- 	443.56216		- 	011	526	0047507	 000000042945	0.0000000%
504.09622		- 	443.67089		- 	011	450	0048004	 000000043402	0.0000000%
500.67643		- 	443.81021		- 	011	530	0048513	 000000043857	0.0000000%
534.07998		- 	443.88353		- 	010	435	0049002	 000000044314	0.0000000%
511.10928		- 	444.03373		- 	006	445	0049503	 000000044768	0.0000000%
461.11015		- 	444.13937		- 	008	508	0050010	 000000045222	0.0000000%
459.78071		- 	444.25825		- 	009	520	0050508	 000000045677	0.0000000%
464.26951		- 	444.37461		- 	012	513	0051011	 000000046134	0.0000000%
489.82164		- 	444.46142		- 	010	542	0051504	 000000046590	0.0000000%
560.27226		- 	444.57368		- 	011	398	0052012	 000000047045	0.0000000%
459.22606		- 	444.69246		- 	010	570	0052505	 000000047501	0.0000000%
550.77288		- 	444.79993		- 	009	495	0053003	 000000047956	0.0000000%
490.99974		- 	444.89129		- 	010	502	0053507	 000000048412	0.0000000%
509.42918		- 	445.02003		- 	012	493	0054012	 000000048868	0.0000000%
471.97209		- 	445.12939		- 	010	470	0054503	 000000049325	0.0000000%
474.77563		- 	445.21396		- 	011	496	0055009	 000000049782	0.0000000%
519.97591		- 	445.32201		- 	011	516	0055509	 000000050239	0.0000000%
462.27641		- 	445.40290		- 	012	526	0056006	 000000050696	0.0000000%
478.90299		- 	445.54814		- 	010	481	0056510	 000000051152	0.0000000%
571.83909		- 	445.65036		- 	013	442	0057015	 000000051608	0.0000000%
462.89233		- 	445.75950		- 	011	582	0057509	 000000052066	0.0000000%
555.05554		- 	445.87360		- 	011	425	0058008	 000000052523	0.0000000%
482.66028		- 	445.97443		- 	012	520	0058504	 000000052980	0.0000000%
471.74726		- 	446.08635		- 	010	527	0059011	 000000053436	0.0000000%
481.37130		- 	446.17437		- 	011	480	0059510	 000000053891	0.0000000%
452.59193		- 	446.26346		- 	012	499	0060014	 000000054348	0.0000000%
481.72250		- 	446.36161		- 	008	463	0060508	 000000054804	0.0000000%
472.36794		- 	446.46594		- 	011	515	0061003	 000000055261	0.0000000%
462.55260		- 	446.55173		- 	008	577	0061505	 000000055717	0.0000000%
461.00366		- 	446.63363		- 	011	476	0062012	 000000056173	0.0000000%
513.81993		- 	446.71731		- 	010	490	0062512	 000000056630	0.0000000%
480.78012		- 	446.79371		- 	012	486	0063014	 000000057087	0.0000000%
488.55746		- 	446.87954		- 	007	578	0063508	 000000057545	0.0000000%
454.18293		- 	446.96367		- 	013	472	0064004	 000000058003	0.0000000%
495.90872		- 	447.06389		- 	008	482	0064504	 000000058460	0.0000000%
478.51129		- 	447.14074		- 	009	530	0065009	 000000058917	0.0000000%
557.42313		- 	447.21802		- 	012	498	0065503	 000000059375	0.0000000%
535.78227		- 	447.31858		- 	009	450	0066003	 000000059832	0.0000000%
488.01647		- 	447.41769		- 	011	517	0066507	 000000060287	0.0000000%
473.37063		- 	447.50576		- 	011	530	0067010	 000000060743	0.0000000%
549.18923		- 	447.58643		- 	010	447	0067508	 000000061200	0.0000000%
495.58585		- 	447.66850		- 	011	531	0068006	 000000061658	0.0000000%
552.54092		- 	447.75633		- 	010	469	0068511	 000000062114	0.0000000%
477.76988		- 	447.84709		- 	011	501	0069004	 000000062571	0.0000000%
533.45606		- 	447.93107		- 	007	570	0069507	 000000063028	0.0000000%
479.13868		- 	448.02274		- 	012	529	0070007	 000000063485	0.0000000%
461.73608		- 	448.11328		- 	011	524	0070510	 000000063942	0.0000000%
519.48600		- 	448.20018		- 	011	550	0071013	 000000064398	0.0000000%
467.03227		- 	448.28255		- 	010	498	0071510	 000000064854	0.0000000%
562.39124		- 	448.34647		- 	012	479	0072010	 000000065312	0.0000000%
468.46361		- 	448.41401		- 	010	519	0072512	 000000065769	0.0000000%
584.29373		- 	448.51364		- 	012	437	0073007	 000000066227	0.0000000%
460.59193		- 	448.58008		- 	010	568	0073507	 000000066683	0.0000000%
491.05231		- 	448.64753		- 	013	459	0074002	 000000067140	0.0000000%
466.44827		- 	448.71098		- 	011	456	0074510	 000000067597	0.0000000%
492.90069		- 	448.80764		- 	011	504	0075011	 000000068053	0.0000000%
547.18783		- 	448.88176		- 	009	431	0075503	 000000068511	0.0000000%
478.26769		- 	448.97348		- 	013	491	0076006	 000000068968	0.0000000%
459.03153		- 	449.07053		- 	013	486	0076504	 000000069426	0.0000000%
487.20967		- 	449.16285		- 	011	559	0077007	 000000069883	0.0000000%
471.47139		- 	449.23206		- 	012	518	0077512	 000000070341	0.0000000%
484.77094		- 	449.31215		- 	013	501	0078007	 000000070800	0.0000000%
472.71069		- 	449.36816		- 	009	596	0078502	 000000071258	0.0000000%
485.85280		- 	449.44433		- 	012	505	0079009	 000000071715	0.0000000%
586.60836		- 	449.50072		- 	011	468	0079509	 000000072172	0.0000000%
530.35359		- 	449.57563		- 	013	454	0080010	 000000072630	0.0000000%
522.54401		- 	449.64092		- 	008	446	0080508	 000000073088	0.0000000%
531.07165		- 	449.72469		- 	011	491	0081010	 000000073547	0.0000000%
569.76340		- 	449.80129		- 	011	456	0081504	 000000074006	0.0000000%
546.70276		- 	449.87868		- 	010	502	0082007	 000000074463	0.0000000%
547.31593		- 	449.94037		- 	013	429	0082509	 000000074922	0.0000000%
525.57068		- 	450.01410		- 	007	595	0083005	 000000075379	0.0000000%
528.75673		- 	450.08915		- 	010	452	0083505	 000000075836	0.0000000%
547.81422		- 	450.14170		- 	010	508	0084010	 000000076292	0.0000000%
492.64047		- 	450.19485		- 	011	465	0084512	 000000076750	0.0000000%
491.16437		- 	450.26076		- 	010	450	0085002	 000000077209	0.0000000%
531.70341		- 	450.32970		- 	010	467	0085508	 000000077666	0.0000000%
497.96602		- 	450.38504		- 	011	509	0086002	 000000078124	0.0000000%
518.78921		- 	450.45754		- 	012	475	0086510	 000000078581	0.0000000%
466.87808		- 	450.52949		- 	012	564	0087009	 000000079039	0.0000000%
467.03155		- 	450.58610		- 	010	563	0087508	 000000079499	0.0000000%
547.84536		- 	450.64576		- 	012	448	0088006	 000000079957	0.0000000%
593.98692		- 	450.70816		- 	011	446	0088506	 000000080416	0.0000000%
566.50926		- 	450.77358		- 	010	422	0089005	 000000080874	0.0000000%
528.79597		- 	450.82995		- 	010	556	0089510	 000000081331	0.0000000%
527.53148		- 	450.88776		- 	009	504	0090008	 000000081789	0.0000000%
496.04605		- 	450.94067		- 	012	507	0090506	 000000082248	0.0000000%
579.51249		- 	451.00488		- 	012	426	0091008	 000000082706	0.0000000%
473.20825		- 	451.06714		- 	011	532	0091505	 000000083164	0.0000000%
491.61833		- 	451.15941		- 	011	496	0092002	 000000083621	0.0000000%
516.47258		- 	451.22859		- 	010	497	0092503	 000000084078	0.0000000%
488.05454		- 	451.28424		- 	010	530	0093006	 000000084537	0.0000000%
514.14736		- 	451.33289		- 	013	477	0093503	 000000084997	0.0000000%
474.09087		- 	451.38977		- 	012	481	0094012	 000000085455	0.0000000%
505.79153		- 	451.46536		- 	011	508	0094506	 000000085913	0.0000000%
585.37783		- 	451.52499		- 	010	505	0095002	 000000086370	0.0000000%
515.97321		- 	451.59987		- 	011	481	0095506	 000000086825	0.0000000%
461.90374		- 	451.66536		- 	011	464	0096006	 000000087283	0.0000000%
496.34117		- 	451.71695		- 	012	476	0096511	 000000087741	0.0000000%
519.63086		- 	451.80783		- 	011	520	0097008	 000000088199	0.0000000%
541.56408		- 	451.86511		- 	011	496	0097502	 000000088657	0.0000000%
461.10660		- 	451.93312		- 	010	531	0098011	 000000089114	0.0000000%
551.29759		- 	451.99987		- 	013	449	0098506	 000000089573	0.0000000%
519.49224		- 	452.06372		- 	012	498	0099008	 000000090031	0.0000000%
501.38547		- 	452.13355		- 	011	457	0099510	 000000090489	0.0000000%
531.77522		- 	452.18943		- 	011	506	0100004	 000000090948	0.0000000%
627.06402		- 	452.23541		- 	009	435	0100507	 000000091406	0.0000000%
482.17680		- 	452.29203		- 	010	516	0101004	 000000091864	0.0000000%
474.19569		- 	452.33552		- 	012	529	0101506	 000000092322	0.0000000%
507.46253		- 	452.40038		- 	011	502	0102010	 000000092781	0.0000000%
548.13005		- 	452.45480		- 	011	444	0102513	 000000093239	0.0000000%
529.47522		- 	452.50598		- 	012	496	0103010	 000000093698	0.0000000%
622.11654		- 	452.55841		- 	010	434	0103502	 000000094157	0.0000000%
533.59139		- 	452.61279		- 	008	482	0104004	 000000094616	0.0000000%
554.04992		- 	452.67146		- 	009	523	0104502	 000000095074	0.0000000%
582.11190		- 	452.71781		- 	013	466	0105013	 000000095530	0.0000000%
465.93822		- 	452.76198		- 	007	572	0105502	 000000095988	0.0000000%
469.54868		- 	452.82377		- 	008	596	0106005	 000000096446	0.0000000%
516.87046		- 	452.86844		- 	010	490	0106502	 000000096905	0.0000000%
528.41590		- 	452.92909		- 	010	464	0107007	 000000097362	0.0000000%
538.48783		- 	452.98505		- 	012	477	0107504	 000000097821	0.0000000%
487.23893		- 	453.03672		- 	010	539	0108008	 000000098278	0.0000000%
549.26915		- 	453.09064		- 	007	419	0108508	 000000098736	0.0000000%
546.69862		- 	453.14828		- 	011	422	0109008	 000000099194	0.0000000%
498.24746		- 	453.20174		- 	011	528	0109509	 000000099653	0.0000000%
468.03706		- 	453.25060		- 	011	490	0110007	 000000100112	0.0000000%
463.22228		- 	453.30309		- 	010	530	0110510	 000000100570	0.0000000%
496.53256		- 	453.36329		- 	010	482	0111010	 000000101028	0.0000000%
498.26541		- 	453.41539		- 	010	472	0111507	 000000101487	0.0000000%
490.50007		- 	453.46068		- 	013	499	0112006	 000000101945	0.0000000%
530.38524		- 	453.52794		- 	012	409	0112502	 000000102403	0.0000000%
481.31678		- 	453.57745		- 	011	548	0113005	 000000102860	0.0000000%
565.11705		- 	453.61728		- 	012	439	0113509	 000000103318	0.0000000%
498.26916		- 	453.66042		- 	008	517	0114010	 000000103777	0.0000000%
552.36301		- 	453.70192		- 	013	461	0114504	 000000104236	0.0000000%
533.14811		- 	453.75027		- 	011	470	0115013	 000000104695	0.0000000%
509.17361		- 	453.80790		- 	011	471	0115511	 000000105153	0.0000000%
547.59022		- 	453.85625		- 	011	481	0116007	 000000105612	0.0000000%
549.87391		- 	453.90769		- 	013	484	0116515	 000000106069	0.0000000%
498.53183		- 	453.94207		- 	012	473	0117008	 000000106529	0.0000000%
468.49471		- 	453.98117		- 	012	467	0117503	 000000106989	0.0000000%
466.01476		- 	454.04644		- 	013	500	0118007	 000000107447	0.0000000%
483.73530		- 	454.10474		- 	011	492	0118512	 000000107904	0.0000000%
462.57673		- 	454.14431		- 	012	504	0119004	 000000108363	0.0000000%
515.93658		- 	454.20399		- 	012	483	0119505	 000000108822	0.0000000%
534.15424		- 	454.25270		- 	012	442	0120002	 000000109281	0.0000000%
580.02428		- 	454.29296		- 	014	375	0120509	 000000109739	0.0000000%
543.09855		- 	454.34631		- 	011	396	0121006	 000000110198	0.0000000%
553.52134		- 	454.41106		- 	011	489	0121513	 000000110657	0.0000000%
539.04503		- 	454.46534		- 	010	486	0122006	 000000111115	0.0000000%
543.48903		- 	454.51202		- 	012	529	0122505	 000000111574	0.0000000%
488.94105		- 	454.55471		- 	011	499	0123002	 000000112032	0.0000000%
551.80243		- 	454.60178		- 	012	428	0123513	 000000112489	0.0000000%
501.09261		- 	454.65549		- 	009	528	0124004	 000000112948	0.0000000%
475.99839		- 	454.69639		- 	013	510	0124506	 000000113408	0.0000000%
473.54929		- 	454.73492		- 	008	495	0125008	 000000113867	0.0000000%
551.67108		- 	454.78726		- 	012	433	0125507	 000000114327	0.0000000%
553.69919		- 	454.83140		- 	010	513	0126006	 000000114786	0.0000000%
600.45072		- 	454.88253		- 	011	469	0126502	 000000115246	0.0000000%
540.06302		- 	454.93233		- 	013	505	0127014	 000000115704	0.0000000%
474.16512		- 	454.97998		- 	010	530	0127504	 000000116164	0.0000000%
466.98829		- 	455.02068		- 	012	533	0128007	 000000116622	0.0000000%
497.67390		- 	455.06441		- 	011	471	0128509	 000000117081	0.0000000%
523.15300		- 	455.11010		- 	010	498	0129012	 000000117541	0.0000000%
468.32985		- 	455.14236		- 	013	535	0129507	 000000118000	0.0000000%
512.91638		- 	455.20458		- 	010	521	0130003	 000000118459	0.0000000%
590.15666		- 	455.24391		- 	012	443	0130502	 000000118918	0.0000000%
625.41275		- 	455.28637		- 	012	394	0131014	 000000119376	0.0000000%
508.42869		- 	455.31847		- 	012	463	0131503	 000000119837	0.0000000%
483.67888		- 	455.36299		- 	013	498	0132003	 000000120297	0.0000000%
488.75650		- 	455.40685		- 	011	501	0132503	 000000120756	0.0000000%
473.66485		- 	455.44554		- 	012	504	0133003	 000000121215	0.0000000%
576.30751		- 	455.48694		- 	011	437	0133509	 000000121673	0.0000000%
533.04867		- 	455.52234		- 	011	493	0134007	 000000122132	0.0000000%
514.24892		- 	455.56493		- 	008	500	0134509	 000000122590	0.0000000%
470.73065		- 	455.60613		- 	014	486	0135013	 000000123049	0.0000000%
512.98311		- 	455.64299		- 	012	455	0135511	 000000123510	0.0000000%
529.39715		- 	455.68442		- 	010	483	0136007	 000000123971	0.0000000%
504.61740		- 	455.73308		- 	010	473	0136511	 000000124430	0.0000000%
465.81349		- 	455.77314		- 	010	562	0137003	 000000124889	0.0000000%
478.80516		- 	455.82055		- 	010	488	0137507	 000000125347	0.0000000%
476.51735		- 	455.86078		- 	012	495	0138006	 000000125805	0.0000000%
539.32421		- 	455.89240		- 	007	552	0138504	 000000126264	0.0000000%
500.78351		- 	455.93681		- 	012	492	0139012	 000000126723	0.0000000%
551.52516		- 	455.96844		- 	011	395	0139505	 000000127182	0.0000000%
504.64005		- 	456.00838		- 	012	501	0140014	 000000127640	0.0000000%
581.66548		- 	456.05550		- 	013	487	0140514	 000000128098	0.0000000%
496.27310		- 	456.08687		- 	012	479	0141013	 000000128558	0.0000000%
509.60049		- 	456.13296		- 	011	531	0141502	 000000129018	0.0000000%
478.37266		- 	456.16827		- 	009	505	0142006	 000000129476	0.0000000%
502.21594		- 	456.20298		- 	009	506	0142505	 000000129936	0.0000000%
521.44323		- 	456.25350		- 	011	520	0143005	 000000130396	0.0000000%
472.54648		- 	456.28642		- 	011	538	0143505	 000000130855	0.0000000%
552.69669		- 	456.31806		- 	011	436	0144008	 000000131313	0.0000000%
519.68457		- 	456.36802		- 	009	490	0144507	 000000131771	0.0000000%
510.42847		- 	456.40817		- 	013	493	0145008	 000000132230	0.0000000%
495.42005		- 	456.44837		- 	011	504	0145508	 000000132690	0.0000000%
503.07271		- 	456.49552		- 	011	500	0146002	 000000133148	0.0000000%
551.24931		- 	456.52831		- 	010	474	0146505	 000000133607	0.0000000%
468.92078		- 	456.57713		- 	012	481	0147014	 000000134065	0.0000000%
488.04224		- 	456.60669		- 	010	511	0147508	 000000134525	0.0000000%
560.60628		- 	456.64520		- 	014	426	0148008	 000000134985	0.0000000%
512.50616		- 	456.67980		- 	009	445	0148503	 000000135444	0.0000000%
464.92872		- 	456.71245		- 	012	537	0149004	 000000135903	0.0000000%
581.35098		- 	456.75497		- 	010	464	0149510	 000000136361	0.0000000%
474.64797		- 	456.78364		- 	013	487	0150004	 000000136823	0.0000000%
511.73338		- 	456.83109		- 	013	443	0150505	 000000137282	0.0000000%
487.51070		- 	456.87710		- 	011	458	0151006	 000000137741	0.0000000%
575.45638		- 	456.90558		- 	009	444	0151503	 000000138201	0.0000000%
522.09020		- 	456.94364		- 	012	459	0152005	 000000138661	0.0000000%
506.71005		- 	456.97868		- 	014	439	0152512	 000000139120	0.0000000%
570.01994		- 	457.01129		- 	012	406	0153013	 000000139579	0.0000000%
465.56789		- 	457.03628		- 	012	476	0153513	 000000140039	0.0000000%
485.75300		- 	457.08143		- 	010	520	0154010	 000000140499	0.0000000%
469.89841		- 	457.11393		- 	010	513	0154504	 000000140958	0.0000000%
499.23454		- 	457.14128		- 	014	462	0155016	 000000141418	0.0000000%
589.37101		- 	457.17653		- 	009	416	0155509	 000000141878	0.0000000%
499.47645		- 	457.21227		- 	014	477	0156013	 000000142338	0.0000000%
475.14175		- 	457.25693		- 	008	522	0156508	 000000142797	0.0000000%
536.58850		- 	457.29600		- 	010	437	0157005	 000000143255	0.0000000%
580.84240		- 	457.31860		- 	014	410	0157511	 000000143716	0.0000000%
476.17380		- 	457.35426		- 	012	484	0158006	 000000144176	0.0000000%
526.07927		- 	457.39636		- 	012	552	0158513	 000000144635	0.0000000%
547.69476		- 	457.42290		- 	013	432	0159005	 000000145096	0.0000000%
488.78680		- 	457.46118		- 	012	478	0159502	 000000145555	0.0000000%
472.19642		- 	457.49617		- 	012	506	0160009	 000000146014	0.0000000%
471.00459		- 	457.52694		- 	011	495	0160507	 000000146472	0.0000000%
509.07022		- 	457.55641		- 	009	541	0161007	 000000146931	0.0000000%
472.82884		- 	457.58340		- 	011	562	0161502	 000000147392	0.0000000%
524.24011		- 	457.61988		- 	013	468	0162002	 000000147852	0.0000000%
536.42942		- 	457.66464		- 	010	515	0162509	 000000148310	0.0000000%
520.29840		- 	457.69116		- 	013	482	0163006	 000000148770	0.0000000%
493.97475		- 	457.72417		- 	011	527	0163507	 000000149230	0.0000000%
509.99513		- 	457.76375		- 	012	486	0164011	 000000149689	0.0000000%
465.25600		- 	457.80088		- 	010	534	0164511	 000000150149	0.0000000%
463.24192		- 	457.83368		- 	012	526	0165013	 000000150609	0.0000000%
511.39880		- 	457.86196		- 	011	506	0165503	 000000151069	0.0000000%
471.73530		- 	457.89319		- 	012	528	0166006	 000000151526	0.0000000%
482.19986		- 	457.92611		- 	013	505	0166504	 000000151985	0.0000000%
577.64437		- 	457.95075		- 	015	457	0167006	 000000152444	0.0000000%
513.31726		- 	457.99081		- 	012	534	0167503	 000000152904	0.0000000%
486.66697		- 	458.01913		- 	015	501	0168004	 000000153364	0.0000000%
578.97404		- 	458.04905		- 	012	417	0168505	 000000153823	0.0000000%
498.97116		- 	458.08366		- 	012	468	0169007	 000000154281	0.0000000%
560.22456		- 	458.10951		- 	010	486	0169505	 000000154742	0.0000000%
530.48530		- 	458.14243		- 	012	499	0170010	 000000155202	0.0000000%
470.56390		- 	458.16918		- 	013	513	0170510	 000000155662	0.0000000%
499.55982		- 	458.21121		- 	012	479	0171010	 000000156122	0.0000000%
494.52316		- 	458.24880		- 	011	576	0171507	 000000156583	0.0000000%
471.34264		- 	458.28972		- 	010	527	0172011	 000000157042	0.0000000%
489.69868		- 	458.31774		- 	011	474	0172509	 000000157501	0.0000000%
467.86850		- 	458.35048		- 	013	522	0173007	 000000157961	0.0000000%
545.77465		- 	458.39197		- 	010	423	0173503	 000000158420	0.0000000%
471.48692		- 	458.42572		- 	011	540	0174009	 000000158879	0.0000000%
541.60554		- 	458.45588		- 	011	480	0174511	 000000159339	0.0000000%
583.77842		- 	458.49200		- 	012	425	0175013	 000000159800	0.0000000%
500.02794		- 	458.52015		- 	011	536	0175512	 000000160259	0.0000000%
493.61435		- 	458.55478		- 	011	535	0176011	 000000160718	0.0000000%
492.71825		- 	458.58009		- 	014	503	0176516	 000000161178	0.0000000%
499.85093		- 	458.60527		- 	011	492	0177013	 000000161639	0.0000000%
538.85946		- 	458.62999		- 	009	465	0177503	 000000162099	0.0000000%
467.70161		- 	458.66509		- 	010	489	0178003	 000000162559	0.0000000%
526.84283		- 	458.69878		- 	012	411	0178506	 000000163017	0.0000000%
531.88343		- 	458.72630		- 	011	470	0179007	 000000163475	0.0000000%
472.54057		- 	458.76239		- 	011	510	0179506	 000000163934	0.0000000%
471.42512		- 	458.79895		- 	012	513	0180013	 000000164393	0.0000000%
521.04355		- 	458.81730		- 	010	444	0180506	 000000164854	0.0000000%
517.55731		- 	458.84777		- 	011	446	0181008	 000000165313	0.0000000%
568.26030		- 	458.87783		- 	013	401	0181508	 000000165772	0.0000000%
498.46909		- 	458.90951		- 	008	449	0182009	 000000166230	0.0000000%
540.14112		- 	458.93489		- 	012	480	0182513	 000000166689	0.0000000%
553.59193		- 	458.96826		- 	011	468	0183006	 000000167148	0.0000000%
489.00128		- 	458.99960		- 	011	500	0183509	 000000167607	0.0000000%
507.48771		- 	459.02620		- 	014	472	0184016	 000000168067	0.0000000%
520.83532		- 	459.05404		- 	011	489	0184505	 000000168528	0.0000000%
500.38247		- 	459.08536		- 	010	510	0185012	 000000168987	0.0000000%
489.12127		- 	459.11586		- 	013	458	0185506	 000000169448	0.0000000%
560.90452		- 	459.13992		- 	012	430	0186010	 000000169909	0.0000000%
561.03443		- 	459.17187		- 	010	464	0186502	 000000170370	0.0000000%
533.69922		- 	459.19571		- 	012	482	0187011	 000000170829	0.0000000%
488.88259		- 	459.22312		- 	009	551	0187509	 000000171289	0.0000000%
478.86581		- 	459.24836		- 	010	540	0188007	 000000171749	0.0000000%
490.90795		- 	459.27712		- 	009	497	0188508	 000000172209	0.0000000%
489.76430		- 	459.30645		- 	012	476	0189009	 000000172668	0.0000000%
566.30587		- 	459.34262		- 	012	441	0189514	 000000173128	0.0000000%
482.14473		- 	459.36668		- 	009	513	0190005	 000000173589	0.0000000%
533.98090		- 	459.39901		- 	014	470	0190503	 000000174050	0.0000000%
538.10988		- 	459.42556		- 	011	505	0191005	 000000174509	0.0000000%
484.61032		- 	459.45607		- 	010	545	0191503	 000000174969	0.0000000%
557.03130		- 	459.48270		- 	010	494	0192005	 000000175428	0.0000000%
471.46653		- 	459.50675		- 	011	508	0192503	 000000175889	0.0000000%
537.93979		- 	459.53529		- 	013	444	0193013	 000000176347	0.0000000%
526.09717		- 	459.56939		- 	012	423	0193509	 000000176809	0.0000000%
581.43714		- 	459.60190		- 	012	428	0194009	 000000177268	0.0000000%
482.84726		- 	459.62974		- 	011	506	0194509	 000000177728	0.0000000%
514.80147		- 	459.66457		- 	012	449	0195002	 000000178188	0.0000000%
476.45607		- 	459.69343		- 	012	493	0195504	 000000178648	0.0000000%
580.84393		- 	459.72393		- 	013	504	0196008	 000000179106	0.0000000%
476.71288		- 	459.74596		- 	009	486	0196506	 000000179566	0.0000000%
489.08374		- 	459.77282		- 	013	482	0197002	 000000180027	0.0000000%
543.28942		- 	459.80051		- 	012	435	0197507	 000000180486	0.0000000%
560.54148		- 	459.83122		- 	010	509	0198004	 000000180946	0.0000000%
468.85268		- 	459.85901		- 	014	481	0198514	 000000181406	0.0000000%
528.24243		- 	459.88066		- 	011	476	0199004	 000000181867	0.0000000%
519.39076		- 	459.90614		- 	011	493	0199507	 000000182327	0.0000000%
541.75490		- 	459.94664		- 	013	486	0200003	 000000182788	0.0000000%
580.72795		- 	459.97295		- 	012	450	0200504	 000000183248	0.0000000%
467.47045		- 	459.99829		- 	013	499	0201015	 000000183708	0.0000000%
541.58926		- 	460.02079		- 	012	442	0201507	 000000184169	0.0000000%
503.88141		- 	460.04688		- 	013	473	0202009	 000000184629	0.0000000%
519.82968		- 	460.07585		- 	011	543	0202508	 000000185088	0.0000000%
471.53761		- 	460.10681		- 	011	515	0203009	 000000185548	0.0000000%
560.82405		- 	460.13317		- 	012	428	0203512	 000000186009	0.0000000%
479.67489		- 	460.15666		- 	010	487	0204003	 000000186469	0.0000000%
535.71054		- 	460.18725		- 	012	435	0204514	 000000186928	0.0000000%
475.52323		- 	460.21665		- 	013	514	0205007	 000000187389	0.0000000%
534.29807		- 	460.24549		- 	013	479	0205508	 000000187849	0.0000000%
472.87767		- 	460.27191		- 	011	499	0206008	 000000188309	0.0000000%
491.75513		- 	460.30242		- 	012	474	0206502	 000000188769	0.0000000%
513.58856		- 	460.32740		- 	011	487	0207009	 000000189228	0.0000000%
601.49626		- 	460.35239		- 	012	404	0207513	 000000189688	0.0000000%
478.29942		- 	460.37397		- 	014	467	0208007	 000000190148	0.0000000%
520.80286		- 	460.40033		- 	012	503	0208503	 000000190608	0.0000000%
467.77944		- 	460.42237		- 	012	525	0209011	 000000191067	0.0000000%
602.89505		- 	460.44875		- 	012	361	0209506	 000000191528	0.0000000%
475.52387		- 	460.47662		- 	014	440	0210013	 000000191987	0.0000000%
547.16884		- 	460.50819		- 	012	462	0210504	 000000192448	0.0000000%
477.38212		- 	460.53202		- 	011	526	0211006	 000000192908	0.0000000%
484.11506		- 	460.55759		- 	013	486	0211515	 000000193368	0.0000000%
490.82895		- 	460.58326		- 	014	456	0212016	 000000193828	0.0000000%
528.06782		- 	460.61284		- 	011	462	0212506	 000000194288	0.0000000%
497.01302		- 	460.63966		- 	014	473	0213002	 000000194750	0.0000000%
502.48192		- 	460.66002		- 	009	506	0213511	 000000195210	0.0000000%
506.57960		- 	460.67904		- 	014	516	0214002	 000000195671	0.0000000%
549.43460		- 	460.70497		- 	015	423	0214505	 000000196131	0.0000000%
488.26187		- 	460.72795		- 	012	441	0215009	 000000196590	0.0000000%
536.04536		- 	460.74591		- 	012	508	0215507	 000000197051	0.0000000%
499.06918		- 	460.77306		- 	015	461	0216011	 000000197512	0.0000000%
493.03766		- 	460.79722		- 	011	526	0216505	 000000197973	0.0000000%
473.30601		- 	460.82462		- 	011	531	0217009	 000000198432	0.0000000%
477.39912		- 	460.85128		- 	012	480	0217512	 000000198892	0.0000000%
525.13055		- 	460.87665		- 	013	454	0218008	 000000199352	0.0000000%
472.14328		- 	460.89846		- 	012	497	0218505	 000000199813	0.0000000%
573.18972		- 	460.92035		- 	011	487	0219004	 000000200274	0.0000000%
531.76592		- 	460.94517		- 	012	446	0219507	 000000200734	0.0000000%
492.92305		- 	460.96739		- 	013	510	0220012	 000000201193	0.0000000%
476.40165		- 	460.99210		- 	012	516	0220510	 000000201655	0.0000000%
507.72216		- 	461.01619		- 	013	494	0221005	 000000202116	0.0000000%
501.45555		- 	461.03884		- 	012	458	0221512	 000000202576	0.0000000%
570.29135		- 	461.06463		- 	015	387	0222007	 000000203036	0.0000000%
473.86350		- 	461.08006		- 	013	467	0222508	 000000203497	0.0000000%
485.13664		- 	461.11015		- 	009	492	0223009	 000000203957	0.0000000%
552.20878		- 	461.13104		- 	012	475	0223510	 000000204417	0.0000000%
520.26096		- 	461.14841		- 	009	533	0224008	 000000204877	0.0000000%
535.59871		- 	461.17087		- 	014	414	0224505	 000000205338	0.0000000%
594.37933		- 	461.20159		- 	009	423	0225002	 000000205798	0.0000000%
475.48293		- 	461.21973		- 	011	476	0225503	 000000206258	0.0000000%
583.26561		- 	461.24220		- 	013	412	0226014	 000000206718	0.0000000%
586.59582		- 	461.26506		- 	013	445	0226514	 000000207178	0.0000000%
493.97806		- 	461.28733		- 	012	538	0227008	 000000207639	0.0000000%
565.36131		- 	461.30838		- 	013	453	0227503	 000000208100	0.0000000%
469.73873		- 	461.32852		- 	011	522	0228007	 000000208559	0.0000000%
506.06089		- 	461.35507		- 	010	528	0228506	 000000209018	0.0000000%
517.20707		- 	461.38322		- 	013	468	0229006	 000000209478	0.0000000%
485.99081		- 	461.41547		- 	012	484	0229511	 000000209938	0.0000000%
482.64108		- 	461.44464		- 	012	472	0230011	 000000210398	0.0000000%
514.11799		- 	461.46575		- 	013	504	0230502	 000000210859	0.0000000%
491.53672		- 	461.48913		- 	011	442	0231007	 000000211320	0.0000000%
502.48035		- 	461.50664		- 	012	476	0231504	 000000211781	0.0000000%
518.36539		- 	461.52842		- 	014	472	0232011	 000000212241	0.0000000%
480.89851		- 	461.54682		- 	009	517	0232504	 000000212703	0.0000000%
580.21285		- 	461.56528		- 	013	377	0233011	 000000213164	0.0000000%
504.55804		- 	461.59206		- 	012	482	0233514	 000000213624	0.0000000%
474.91237		- 	461.60963		- 	012	483	0234011	 000000214085	0.0000000%
514.59553		- 	461.62662		- 	014	461	0234514	 000000214546	0.0000000%
511.47456		- 	461.65035		- 	012	476	0235002	 000000215007	0.0000000%
583.91038		- 	461.67105		- 	013	436	0235510	 000000215468	0.0000000%
510.33766		- 	461.69357		- 	013	461	0236015	 000000215928	0.0000000%
503.03431		- 	461.71343		- 	013	474	0236505	 000000216388	0.0000000%
531.75193		- 	461.73588		- 	015	462	0237013	 000000216848	0.0000000%
471.71080		- 	461.76666		- 	014	475	0237511	 000000217306	0.0000000%
473.13706		- 	461.78843		- 	011	528	0238009	 000000217766	0.0000000%
524.98684		- 	461.81322		- 	012	491	0238512	 000000218225	0.0000000%
562.29877		- 	461.83532		- 	012	459	0239002	 000000218686	0.0000000%
469.33124		- 	461.85850		- 	012	531	0239514	 000000219146	0.0000000%
501.80602		- 	461.88091		- 	014	469	0240002	 000000219609	0.0000000%
529.62701		- 	461.90374		- 	012	450	0240510	 000000220068	0.0000000%
522.65512		- 	461.92771		- 	012	477	0241010	 000000220528	0.0000000%
476.70743		- 	461.95198		- 	011	494	0241506	 000000220989	0.0000000%
560.53448		- 	461.98271		- 	014	452	0242005	 000000221450	0.0000000%
559.17166		- 	462.00326		- 	014	465	0242505	 000000221911	0.0000000%
520.80028		- 	462.03004		- 	012	440	0243011	 000000222371	0.0000000%
599.20672		- 	462.05051		- 	012	382	0243505	 000000222832	0.0000000%
527.28669		- 	462.07054		- 	013	449	0244007	 000000223292	0.0000000%
563.19008		- 	462.09782		- 	012	446	0244514	 000000223752	0.0000000%
564.13710		- 	462.11675		- 	010	504	0245012	 000000224214	0.0000000%
534.74410		- 	462.14207		- 	011	446	0245507	 000000224674	0.0000000%
507.09266		- 	462.16946		- 	015	483	0246002	 000000225134	0.0000000%
483.45159		- 	462.19749		- 	012	526	0246506	 000000225593	0.0000000%
488.19971		- 	462.21659		- 	010	547	0247008	 000000226053	0.0000000%
513.03884		- 	462.24398		- 	012	498	0247505	 000000226514	0.0000000%
567.39160		- 	462.26819		- 	013	411	0248013	 000000226974	0.0000000%
570.73958		- 	462.29313		- 	010	432	0248506	 000000227434	0.0000000%
531.18819		- 	462.32039		- 	014	487	0249011	 000000227893	0.0000000%
578.57973		- 	462.34024		- 	013	434	0249515	 000000228354	0.0000000%
587.80727		- 	462.36326		- 	013	424	0250007	 000000228816	0.0000000%
603.84812		- 	462.38552		- 	011	445	0250502	 000000229277	0.0000000%
511.85160		- 	462.40440		- 	012	466	0251011	 000000229737	0.0000000%
557.78079		- 	462.43351		- 	009	427	0251511	 000000230198	0.0000000%
487.41629		- 	462.45231		- 	011	499	0252004	 000000230659	0.0000000%
582.65632		- 	462.47445		- 	012	401	0252511	 000000231120	0.0000000%
601.09182		- 	462.49815		- 	013	385	0253015	 000000231582	0.0000000%
515.75863		- 	462.52257		- 	013	489	0253503	 000000232044	0.0000000%
560.22114		- 	462.54144		- 	013	415	0254010	 000000232504	0.0000000%
546.67949		- 	462.55841		- 	009	552	0254503	 000000232965	0.0000000%
488.75146		- 	462.57673		- 	013	455	0255006	 000000233425	0.0000000%
527.03528		- 	462.59484		- 	014	472	0255513	 000000233885	0.0000000%
482.73952		- 	462.61781		- 	010	455	0256003	 000000234346	0.0000000%
635.19277		- 	462.63862		- 	012	385	0256502	 000000234806	0.0000000%
506.68686		- 	462.66286		- 	012	518	0257005	 000000235266	0.0000000%
484.36704		- 	462.67891		- 	011	482	0257510	 000000235727	0.0000000%
609.82974		- 	462.70046		- 	012	399	0258013	 000000236188	0.0000000%
479.99074		- 	462.71959		- 	011	516	0258505	 000000236648	0.0000000%
529.37185		- 	462.74228		- 	014	454	0259007	 000000237109	0.0000000%
506.20276		- 	462.76336		- 	014	525	0259502	 000000237570	0.0000000%
533.79150		- 	462.78219		- 	013	470	0260009	 000000238030	0.0000000%
508.69911		- 	462.80800		- 	014	478	0260502	 000000238491	0.0000000%
496.29876		- 	462.82592		- 	013	481	0261010	 000000238952	0.0000000%
482.46824		- 	462.85167		- 	012	545	0261505	 000000239413	0.0000000%
479.98775		- 	462.87195		- 	010	510	0262010	 000000239873	0.0000000%
548.09563		- 	462.88901		- 	011	406	0262513	 000000240332	0.0000000%
501.96214		- 	462.91306		- 	013	470	0263008	 000000240794	0.0000000%
554.64049		- 	462.93492		- 	015	396	0263513	 000000241255	0.0000000%
474.30560		- 	462.95523		- 	011	540	0264009	 000000241715	0.0000000%
492.84898		- 	462.97931		- 	013	481	0264512	 000000242176	0.0000000%
497.19752		- 	463.00220		- 	012	472	0265004	 000000242637	0.0000000%
526.92962		- 	463.02343		- 	010	477	0265511	 000000243097	0.0000000%
500.90840		- 	463.04489		- 	014	492	0266003	 000000243559	0.0000000%
545.41956		- 	463.06433		- 	012	463	0266510	 000000244018	0.0000000%
480.71180		- 	463.08740		- 	013	500	0267006	 000000244480	0.0000000%
603.73296		- 	463.10605		- 	010	381	0267502	 000000244941	0.0000000%
554.67033		- 	463.13019		- 	010	468	0268009	 000000245401	0.0000000%
554.96902		- 	463.15206		- 	012	443	0268509	 000000245861	0.0000000%
517.37696		- 	463.17558		- 	011	544	0269013	 000000246322	0.0000000%
538.68070		- 	463.19176		- 	010	479	0269507	 000000246781	0.0000000%
527.09741		- 	463.21282		- 	010	492	0270008	 000000247241	0.0000000%
498.01996		- 	463.23347		- 	012	512	0270507	 000000247701	0.0000000%
548.33474		- 	463.25270		- 	014	413	0271002	 000000248162	0.0000000%
500.99852		- 	463.27587		- 	012	499	0271508	 000000248623	0.0000000%
503.88784		- 	463.29867		- 	008	544	0272005	 000000249083	0.0000000%
484.64949		- 	463.31668		- 	011	491	0272510	 000000249543	0.0000000%
475.81297		- 	463.33774		- 	013	471	0273005	 000000250004	0.0000000%
523.14377		- 	463.35891		- 	011	511	0273505	 000000250466	0.0000000%
497.69575		- 	463.37463		- 	012	524	0274012	 000000250926	0.0000000%
529.37939		- 	463.39194		- 	012	500	0274507	 000000251387	0.0000000%
486.70227		- 	463.41247		- 	013	484	0275003	 000000251848	0.0000000%
485.83957		- 	463.43453		- 	012	507	0275505	 000000252308	0.0000000%
477.98581		- 	463.45807		- 	013	476	0276012	 000000252767	0.0000000%
494.15115		- 	463.47770		- 	011	505	0276504	 000000253228	0.0000000%
590.52350		- 	463.49960		- 	010	433	0277004	 000000253688	0.0000000%
508.28436		- 	463.52022		- 	011	453	0277509	 000000254149	0.0000000%
530.60041		- 	463.54032		- 	012	463	0278004	 000000254610	0.0000000%
485.16317		- 	463.55568		- 	012	491	0278505	 000000255070	0.0000000%
506.18418		- 	463.57334		- 	014	506	0279016	 000000255531	0.0000000%
541.89508		- 	463.59368		- 	013	433	0279507	 000000255991	0.0000000%
532.58134		- 	463.61376		- 	012	403	0280003	 000000256452	0.0000000%
517.71553		- 	463.63305		- 	013	489	0280514	 000000256911	0.0000000%
608.88514		- 	463.64713		- 	012	447	0281004	 000000257373	0.0000000%
478.23576		- 	463.66353		- 	011	504	0281502	 000000257833	0.0000000%
508.08973		- 	463.68256		- 	010	450	0282008	 000000258293	0.0000000%
479.25070		- 	463.70342		- 	012	489	0282508	 000000258753	0.0000000%
478.61712		- 	463.72199		- 	014	461	0283008	 000000259214	0.0000000%
554.00735		- 	463.74342		- 	013	474	0283507	 000000259674	0.0000000%
484.02041		- 	463.76295		- 	013	466	0284003	 000000260135	0.0000000%
498.23158		- 	463.78721		- 	014	469	0284502	 000000260597	0.0000000%
602.07931		- 	463.80649		- 	013	386	0285003	 000000261057	0.0000000%
580.83091		- 	463.81945		- 	012	375	0285510	 000000261519	0.0000000%
489.37294		- 	463.84053		- 	012	489	0286010	 000000261980	0.0000000%
496.31501		- 	463.85506		- 	013	521	0286509	 000000262442	0.0000000%
595.54987		- 	463.87257		- 	011	469	0287002	 000000262904	0.0000000%
569.35294		- 	463.89366		- 	013	431	0287511	 000000263365	0.0000000%
502.98982		- 	463.90914		- 	014	488	0288003	 000000263825	0.0000000%
479.62458		- 	463.92548		- 	012	542	0288503	 000000264285	0.0000000%
558.17457		- 	463.94592		- 	013	445	0289011	 000000264745	0.0000000%
493.50099		- 	463.96536		- 	008	503	0289506	 000000265205	0.0000000%
513.82623		- 	463.98792		- 	014	493	0290003	 000000265665	0.0000000%
559.25760		- 	464.01707		- 	014	454	0290502	 000000266126	0.0000000%
478.72603		- 	464.03643		- 	010	488	0291004	 000000266587	0.0000000%
482.78406		- 	464.05595		- 	012	471	0291509	 000000267047	0.0000000%
496.54453		- 	464.06982		- 	011	524	0292006	 000000267507	0.0000000%
485.78074		- 	464.08956		- 	014	502	0292507	 000000267968	0.0000000%
498.58579		- 	464.10633		- 	012	451	0293008	 000000268428	0.0000000%
491.50873		- 	464.12873		- 	009	540	0293503	 000000268890	0.0000000%
525.76042		- 	464.14754		- 	012	440	0294007	 000000269350	0.0000000%
591.59273		- 	464.16624		- 	014	409	0294512	 000000269811	0.0000000%
486.55225		- 	464.18514		- 	012	474	0295007	 000000270272	0.0000000%
539.11391		- 	464.19749		- 	010	435	0295511	 000000270733	0.0000000%
506.71004		- 	464.21090		- 	012	484	0296014	 000000271193	0.0000000%
587.95949		- 	464.22691		- 	012	468	0296508	 000000271653	0.0000000%
532.88471		- 	464.24814		- 	011	460	0297006	 000000272115	0.0000000%
493.33747		- 	464.27016		- 	009	476	0297511	 000000272575	0.0000000%
487.00021		- 	464.28775		- 	011	500	0298008	 000000273036	0.0000000%
493.17595		- 	464.30798		- 	011	527	0298505	 000000273497	0.0000000%
538.60601		- 	464.32610		- 	011	555	0299006	 000000273958	0.0000000%
519.11127		- 	464.34506		- 	013	432	0299505	 000000274419	0.0000000%
497.78926		- 	464.36200		- 	012	493	0300006	 000000274881	0.0000000%
482.85217		- 	464.38300		- 	009	570	0300505	 000000275342	0.0000000%
555.90872		- 	464.39865		- 	012	483	0301011	 000000275803	0.0000000%
575.22785		- 	464.41755		- 	011	419	0301506	 000000276264	0.0000000%
481.88729		- 	464.43390		- 	012	514	0302005	 000000276724	0.0000000%
571.37667		- 	464.45452		- 	015	374	0302505	 000000277185	0.0000000%
476.16140		- 	464.47128		- 	011	531	0303010	 000000277645	0.0000000%
508.21760		- 	464.49623		- 	012	452	0303503	 000000278106	0.0000000%
488.97972		- 	464.51416		- 	012	535	0304008	 000000278566	0.0000000%
488.45311		- 	464.53090		- 	014	494	0304508	 000000279028	0.0000000%
548.17108		- 	464.54268		- 	011	471	0305009	 000000279489	0.0000000%
475.91631		- 	464.55885		- 	009	527	0305506	 000000279950	0.0000000%
567.06600		- 	464.57551		- 	010	455	0306012	 000000280409	0.0000000%
503.08483		- 	464.59560		- 	009	483	0306508	 000000280869	0.0000000%
478.03187		- 	464.61348		- 	012	491	0307011	 000000281331	0.0000000%
579.59465		- 	464.62616		- 	014	447	0307506	 000000281793	0.0000000%
557.48938		- 	464.64402		- 	010	488	0308012	 000000282253	0.0000000%
594.48755		- 	464.66050		- 	011	394	0308506	 000000282713	0.0000000%
537.37577		- 	464.67745		- 	012	507	0309014	 000000283173	0.0000000%
560.40704		- 	464.69379		- 	012	409	0309503	 000000283634	0.0000000%
510.69876		- 	464.71617		- 	011	496	0310008	 000000284094	0.0000000%
560.74871		- 	464.73190		- 	013	478	0310502	 000000284556	0.0000000%
543.36874		- 	464.75438		- 	010	486	0311011	 000000285016	0.0000000%
477.91165		- 	464.77381		- 	012	489	0311510	 000000285476	0.0000000%
562.72572		- 	464.79130		- 	009	511	0312006	 000000285937	0.0000000%
502.49663		- 	464.81000		- 	013	517	0312504	 000000286399	0.0000000%
565.48169		- 	464.82932		- 	014	426	0313013	 000000286859	0.0000000%
511.92644		- 	464.84385		- 	011	439	0313503	 000000287321	0.0000000%
567.76238		- 	464.85757		- 	012	462	0314004	 000000287781	0.0000000%
476.32336		- 	464.87298		- 	011	480	0314509	 000000288242	0.0000000%
505.36623		- 	464.89029		- 	013	495	0315014	 000000288702	0.0000000%
495.51802		- 	464.90623		- 	011	444	0315508	 000000289164	0.0000000%
501.01736		- 	464.92426		- 	011	455	0316011	 000000289624	0.0000000%
566.29479		- 	464.93998		- 	009	437	0316503	 000000290086	0.0000000%
486.89963		- 	464.95549		- 	013	495	0317005	 000000290548	0.0000000%
480.50172		- 	464.97437		- 	012	498	0317513	 000000291007	0.0000000%
590.17816		- 	464.98772		- 	012	450	0318008	 000000291469	0.0000000%
556.72029		- 	465.00439		- 	015	428	0318511	 000000291931	0.0000000%
488.28858		- 	465.02021		- 	012	488	0319007	 000000292393	0.0000000%
532.20553		- 	465.03685		- 	011	529	0319511	 000000292853	0.0000000%
537.92950		- 	465.05017		- 	014	413	0320004	 000000293315	0.0000000%
494.97755		- 	465.06401		- 	012	498	0320502	 000000293776	0.0000000%
554.05256		- 	465.07771		- 	013	456	0321004	 000000294237	0.0000000%
500.72541		- 	465.09365		- 	012	533	0321504	 000000294698	0.0000000%
487.25036		- 	465.11060		- 	011	536	0322008	 000000295159	0.0000000%
490.74018		- 	465.12832		- 	013	481	0322512	 000000295619	0.0000000%
508.87510		- 	465.14750		- 	012	498	0323010	 000000296080	0.0000000%
548.58147		- 	465.16601		- 	011	498	0323505	 000000296540	0.0000000%
504.24683		- 	465.18121		- 	012	514	0324005	 000000297000	0.0000000%
595.50804		- 	465.20326		- 	011	463	0324502	 000000297461	0.0000000%
578.02608		- 	465.22213		- 	012	449	0325013	 000000297921	0.0000000%
554.76214		- 	465.23649		- 	015	424	0325511	 000000298381	0.0000000%
584.15284		- 	465.25305		- 	012	425	0326011	 000000298842	0.0000000%
554.03025		- 	465.26933		- 	010	527	0326511	 000000299305	0.0000000%
541.57442		- 	465.28164		- 	012	523	0327014	 000000299766	0.0000000%
501.34552		- 	465.29896		- 	014	490	0327502	 000000300227	0.0000000%
562.57556		- 	465.31391		- 	015	438	0328007	 000000300687	0.0000000%
484.73759		- 	465.32911		- 	010	553	0328511	 000000301149	0.0000000%
480.68486		- 	465.34346		- 	014	432	0329010	 000000301610	0.0000000%
527.54694		- 	465.36174		- 	013	463	0329514	 000000302071	0.0000000%
478.43706		- 	465.37760		- 	012	505	0330005	 000000302533	0.0000000%
555.07277		- 	465.39478		- 	011	486	0330506	 000000302994	0.0000000%
541.00543		- 	465.41235		- 	012	499	0331010	 000000303456	0.0000000%
494.13017		- 	465.42375		- 	011	505	0331510	 000000303917	0.0000000%
486.61969		- 	465.44435		- 	014	478	0332011	 000000304378	0.0000000%
566.83766		- 	465.46167		- 	010	518	0332502	 000000304840	0.0000000%
518.49919		- 	465.47852		- 	012	516	0333013	 000000305301	0.0000000%
545.74426		- 	465.49095		- 	013	441	0333507	 000000305762	0.0000000%
541.73942		- 	465.50502		- 	011	412	0334012	 000000306223	0.0000000%
557.29398		- 	465.52143		- 	009	482	0334511	 000000306685	0.0000000%
566.24151		- 	465.53504		- 	012	439	0335007	 000000307145	0.0000000%
479.10913		- 	465.55145		- 	014	478	0335515	 000000307605	0.0000000%
577.88159		- 	465.56685		- 	009	469	0336003	 000000308067	0.0000000%
479.02356		- 	465.58297		- 	013	487	0336513	 000000308528	0.0000000%
563.27470		- 	465.60209		- 	011	424	0337006	 000000308990	0.0000000%
543.61451		- 	465.61582		- 	012	417	0337508	 000000309451	0.0000000%
489.00959		- 	465.63052		- 	012	456	0338010	 000000309911	0.0000000%
593.00425		- 	465.64872		- 	012	406	0338510	 000000310371	0.0000000%
560.76950		- 	465.66046		- 	013	484	0339005	 000000310832	0.0000000%
474.24046		- 	465.68251		- 	009	505	0339505	 000000311294	0.0000000%
493.12992		- 	465.69611		- 	012	454	0340006	 000000311755	0.0000000%
483.99444		- 	465.71323		- 	011	490	0340506	 000000312217	0.0000000%
492.71390		- 	465.73455		- 	011	573	0341008	 000000312677	0.0000000%
507.81234		- 	465.75657		- 	012	487	0341509	 000000313139	0.0000000%
544.05245		- 	465.77538		- 	014	454	0342012	 000000313600	0.0000000%
499.94746		- 	465.79892		- 	011	480	0342510	 000000314061	0.0000000%
477.07103		- 	465.81622		- 	012	519	0343005	 000000314523	0.0000000%
557.29929		- 	465.83251		- 	013	440	0343510	 000000314984	0.0000000%
560.57871		- 	465.84963		- 	013	481	0344015	 000000315445	0.0000000%
490.92068		- 	465.86727		- 	011	468	0344504	 000000315907	0.0000000%
477.45249		- 	465.88285		- 	013	495	0345014	 000000316367	0.0000000%
528.56143		- 	465.90022		- 	012	501	0345507	 000000316829	0.0000000%
560.14386		- 	465.91439		- 	012	449	0346007	 000000317291	0.0000000%
587.74472		- 	465.92816		- 	013	471	0346506	 000000317753	0.0000000%
605.36650		- 	465.94515		- 	013	396	0347010	 000000318213	0.0000000%
497.25137		- 	465.95752		- 	011	521	0347512	 000000318674	0.0000000%
502.60688		- 	465.97604		- 	013	480	0348012	 000000319136	0.0000000%
490.59362		- 	465.98810		- 	012	501	0348506	 000000319597	0.0000000%
491.55927		- 	466.00560		- 	012	542	0349011	 000000320057	0.0000000%
526.77619		- 	466.02039		- 	014	505	0349514	 000000320519	0.0000000%
553.78517		- 	466.02974		- 	015	452	0350009	 000000320981	0.0000000%
478.81596		- 	466.04210		- 	014	480	0350506	 000000321443	0.0000000%
589.76112		- 	466.05474		- 	012	408	0351009	 000000321904	0.0000000%
553.02949		- 	466.07333		- 	013	449	0351506	 000000322366	0.0000000%
527.03483		- 	466.08505		- 	012	479	0352012	 000000322826	0.0000000%
482.34951		- 	466.10332		- 	012	488	0352505	 000000323287	0.0000000%
552.22644		- 	466.11672		- 	010	415	0353011	 000000323748	0.0000000%
479.37774		- 	466.13192		- 	011	485	0353508	 000000324209	0.0000000%
480.98135		- 	466.14841		- 	010	543	0354010	 000000324670	0.0000000%
527.49943		- 	466.16070		- 	013	462	0354512	 000000325131	0.0000000%
588.66439		- 	466.17550		- 	013	446	0355002	 000000325593	0.0000000%
511.91834		- 	466.19095		- 	011	462	0355508	 000000326054	0.0000000%
598.39079		- 	466.20876		- 	012	452	0356010	 000000326515	0.0000000%
560.71544		- 	466.22399		- 	013	413	0356513	 000000326976	0.0000000%
581.66473		- 	466.24144		- 	011	513	0357002	 000000327439	0.0000000%
484.54837		- 	466.25541		- 	012	487	0357510	 000000327901	0.0000000%
482.59129		- 	466.27134		- 	013	489	0358004	 000000328363	0.0000000%
487.11003		- 	466.28724		- 	014	472	0358508	 000000328824	0.0000000%
607.34585		- 	466.30489		- 	013	407	0359009	 000000329285	0.0000000%
570.03946		- 	466.31680		- 	012	422	0359507	 000000329747	0.0000000%
509.36717		- 	466.32976		- 	013	499	0360002	 000000330208	0.0000000%
535.25704		- 	466.34385		- 	012	480	0360506	 000000330670	0.0000000%
497.72715		- 	466.36329		- 	009	507	0361010	 000000331131	0.0000000%
478.59046		- 	466.37857		- 	013	517	0361510	 000000331593	0.0000000%
518.40999		- 	466.39222		- 	012	502	0362011	 000000332055	0.0000000%
493.06944		- 	466.40904		- 	011	524	0362504	 000000332517	0.0000000%
553.65648		- 	466.42359		- 	011	455	0363006	 000000332979	0.0000000%
479.37032		- 	466.44388		- 	013	489	0363506	 000000333440	0.0000000%
493.09507		- 	466.45891		- 	010	524	0364012	 000000333901	0.0000000%
496.24275		- 	466.47169		- 	012	525	0364512	 000000334362	0.0000000%
497.23615		- 	466.48948		- 	012	487	0365010	 000000334823	0.0000000%
599.82661		- 	466.50197		- 	011	449	0365510	 000000335284	0.0000000%
496.31141		- 	466.51641		- 	012	460	0366006	 000000335746	0.0000000%
561.31854		- 	466.52543		- 	013	435	0366514	 000000336208	0.0000000%
526.00453		- 	466.53736		- 	012	511	0367006	 000000336670	0.0000000%
532.39312		- 	466.55311		- 	012	469	0367503	 000000337132	0.0000000%
530.42785		- 	466.56554		- 	011	457	0368003	 000000337594	0.0000000%
479.26486		- 	466.58084		- 	012	507	0368512	 000000338055	0.0000000%
583.11974		- 	466.58941		- 	013	457	0369002	 000000338517	0.0000000%
508.94492		- 	466.60534		- 	009	518	0369503	 000000338979	0.0000000%
618.99686		- 	466.61691		- 	014	374	0370005	 000000339440	0.0000000%
491.44856		- 	466.63155		- 	013	469	0370513	 000000339902	0.0000000%
568.19777		- 	466.64463		- 	015	400	0371002	 000000340365	0.0000000%
530.60198		- 	466.65615		- 	013	491	0371503	 000000340828	0.0000000%
501.87347		- 	466.66613		- 	013	477	0372009	 000000341289	0.0000000%
495.47410		- 	466.67845		- 	013	484	0372508	 000000341751	0.0000000%
523.48432		- 	466.69538		- 	014	458	0373011	 000000342212	0.0000000%
583.28549		- 	466.70786		- 	012	461	0373514	 000000342673	0.0000000%
538.60427		- 	466.72115		- 	012	468	0374005	 000000343136	0.0000000%
519.92690		- 	466.73372		- 	013	487	0374502	 000000343598	0.0000000%
502.57799		- 	466.74779		- 	013	489	0375008	 000000344059	0.0000000%
605.29723		- 	466.76220		- 	013	475	0375508	 000000344521	0.0000000%
477.02261		- 	466.77534		- 	015	505	0376014	 000000344983	0.0000000%
499.35169		- 	466.78966		- 	013	512	0376512	 000000345445	0.0000000%
583.95029		- 	466.80548		- 	013	451	0377015	 000000345906	0.0000000%
613.86196		- 	466.82360		- 	011	437	0377503	 000000346369	0.0000000%
577.89957		- 	466.83543		- 	013	452	0378002	 000000346830	0.0000000%
485.91561		- 	466.85354		- 	011	609	0378507	 000000347291	0.0000000%
542.24724		- 	466.86860		- 	014	436	0379002	 000000347754	0.0000000%
521.64393		- 	466.88031		- 	012	512	0379502	 000000348215	0.0000000%
557.68161		- 	466.89059		- 	014	419	0380012	 000000348676	0.0000000%
557.23505		- 	466.90454		- 	014	476	0380503	 000000349138	0.0000000%
498.65207		- 	466.92348		- 	013	527	0381002	 000000349600	0.0000000%
474.96764		- 	466.93626		- 	015	479	0381506	 000000350060	0.0000000%
493.90469		- 	466.95589		- 	012	512	0382004	 000000350521	0.0000000%
555.50832		- 	466.96911		- 	014	443	0382506	 000000350983	0.0000000%
472.84121		- 	466.98641		- 	014	495	0383015	 000000351444	0.0000000%
488.69402		- 	466.99693		- 	014	513	0383507	 000000351907	0.0000000%
486.33949		- 	467.01280		- 	012	497	0384010	 000000352368	0.0000000%
546.83574		- 	467.02478		- 	014	442	0384508	 000000352830	0.0000000%
580.24128		- 	467.03545		- 	011	424	0385011	 000000353291	0.0000000%
525.51273		- 	467.05322		- 	014	441	0385508	 000000353753	0.0000000%
557.40117		- 	467.06331		- 	013	412	0386011	 000000354215	0.0000000%
503.34371		- 	467.07905		- 	012	493	0386514	 000000354675	0.0000000%
565.99780		- 	467.09268		- 	011	497	0387005	 000000355136	0.0000000%
523.57437		- 	467.10428		- 	013	445	0387510	 000000355597	0.0000000%
489.48511		- 	467.11602		- 	010	539	0388005	 000000356059	0.0000000%
492.00733		- 	467.12749		- 	012	495	0388504	 000000356520	0.0000000%
506.78776		- 	467.14074		- 	012	492	0389010	 000000356979	0.0000000%
480.71085		- 	467.15421		- 	013	498	0389504	 000000357441	0.0000000%
496.62936		- 	467.16540		- 	013	452	0390014	 000000357901	0.0000000%
486.55462		- 	467.17790		- 	014	477	0390508	 000000358364	0.0000000%
585.30695		- 	467.18990		- 	012	392	0391005	 000000358825	0.0000000%
496.43646		- 	467.20390		- 	012	494	0391502	 000000359286	0.0000000%
497.22908		- 	467.21690		- 	010	523	0392004	 000000359748	0.0000000%
508.32924		- 	467.22881		- 	013	514	0392515	 000000360208	0.0000000%
568.65289		- 	467.24206		- 	014	491	0393009	 000000360670	0.0000000%
491.48827		- 	467.25437		- 	012	512	0393503	 000000361133	0.0000000%
503.43409		- 	467.26835		- 	014	506	0394012	 000000361595	0.0000000%
490.10863		- 	467.27987		- 	013	492	0394515	 000000362057	0.0000000%
588.87459		- 	467.29390		- 	012	418	0395008	 000000362519	0.0000000%
511.71214		- 	467.30564		- 	013	503	0395502	 000000362981	0.0000000%
551.39110		- 	467.32162		- 	012	430	0396007	 000000363442	0.0000000%
505.51906		- 	467.33299		- 	012	470	0396507	 000000363903	0.0000000%
497.33276		- 	467.34791		- 	012	489	0397007	 000000364364	0.0000000%
487.14407		- 	467.36019		- 	014	483	0397509	 000000364826	0.0000000%
491.56530		- 	467.37757		- 	013	493	0398008	 000000365287	0.0000000%
481.51200		- 	467.39179		- 	013	515	0398512	 000000365747	0.0000000%
562.71022		- 	467.40481		- 	008	403	0399006	 000000366209	0.0000000%
584.13912		- 	467.42242		- 	009	468	0399502	 000000366670	0.0000000%
584.19701		- 	467.43548		- 	013	453	0400015	 000000367130	0.0000000%
547.51726		- 	467.45265		- 	010	491	0400504	 000000367593	0.0000000%
557.98671		- 	467.46609		- 	012	470	0401005	 000000368054	0.0000000%
518.03719		- 	467.47583		- 	011	527	0401509	 000000368516	0.0000000%
551.41409		- 	467.48728		- 	015	402	0402002	 000000368979	0.0000000%
564.38880		- 	467.49814		- 	011	418	0402505	 000000369440	0.0000000%
577.81871		- 	467.51292		- 	012	396	0403009	 000000369901	0.0000000%
486.21384		- 	467.52400		- 	011	518	0403511	 000000370361	0.0000000%
558.13264		- 	467.53571		- 	011	498	0404002	 000000370823	0.0000000%
592.23392		- 	467.54956		- 	013	437	0404514	 000000371284	0.0000000%
594.14191		- 	467.56505		- 	012	520	0405014	 000000371746	0.0000000%
490.44450		- 	467.57844		- 	011	490	0405502	 000000372207	0.0000000%
515.83271		- 	467.59185		- 	013	482	0406014	 000000372669	0.0000000%
586.87731		- 	467.60330		- 	014	498	0406516	 000000373130	0.0000000%
520.38816		- 	467.61925		- 	011	528	0407009	 000000373592	0.0000000%
509.63072		- 	467.63242		- 	014	511	0407516	 000000374053	0.0000000%
520.28026		- 	467.64277		- 	012	488	0408007	 000000374515	0.0000000%
480.97351		- 	467.65514		- 	011	567	0408508	 000000374977	0.0000000%
591.65139		- 	467.66242		- 	012	444	0409002	 000000375439	0.0000000%
475.24557		- 	467.67661		- 	013	501	0409503	 000000375900	0.0000000%
499.38799		- 	467.68670		- 	012	500	0410014	 000000376361	0.0000000%
494.39299		- 	467.69891		- 	011	554	0410504	 000000376823	0.0000000%
605.89108		- 	467.71161		- 	010	417	0411012	 000000377284	0.0000000%
608.71455		- 	467.72371		- 	011	378	0411513	 000000377744	0.0000000%
599.67272		- 	467.73446		- 	013	421	0412015	 000000378206	0.0000000%
515.11859		- 	467.74638		- 	013	498	0412515	 000000378668	0.0000000%
482.42739		- 	467.75984		- 	009	494	0413005	 000000379130	0.0000000%
484.26764		- 	467.77404		- 	012	476	0413512	 000000379591	0.0000000%
579.38939		- 	467.78782		- 	014	424	0414010	 000000380053	0.0000000%
492.69372		- 	467.79905		- 	012	446	0414503	 000000380516	0.0000000%
504.76579		- 	467.81043		- 	011	544	0415010	 000000380977	0.0000000%
489.77875		- 	467.82215		- 	011	483	0415509	 000000381439	0.0000000%
488.49291		- 	467.83353		- 	012	484	0416010	 000000381900	0.0000000%
487.23022		- 	467.84847		- 	013	466	0416503	 000000382362	0.0000000%
554.71729		- 	467.86409		- 	013	489	0417013	 000000382823	0.0000000%
476.08679		- 	467.87424		- 	012	517	0417513	 000000383285	0.0000000%
492.97677		- 	467.88429		- 	010	463	0418002	 000000383747	0.0000000%
483.44137		- 	467.89895		- 	013	452	0418507	 000000384209	0.0000000%
491.64510		- 	467.91002		- 	010	560	0419006	 000000384669	0.0000000%
543.79241		- 	467.92137		- 	013	478	0419506	 000000385132	0.0000000%
568.79826		- 	467.93343		- 	011	446	0420008	 000000385593	0.0000000%
494.61960		- 	467.94645		- 	011	500	0420508	 000000386054	0.0000000%
501.15777		- 	467.95748		- 	009	436	0421006	 000000386515	0.0000000%
644.12473		- 	467.97043		- 	011	411	0421513	 000000386976	0.0000000%
491.05387		- 	467.98460		- 	012	528	0422008	 000000387438	0.0000000%
490.56956		- 	467.99472		- 	014	495	0422507	 000000387900	0.0000000%
547.72647		- 	468.01183		- 	013	437	0423004	 000000388362	0.0000000%
545.65828		- 	468.02386		- 	011	419	0423510	 000000388823	0.0000000%
494.69785		- 	468.03774		- 	011	526	0424002	 000000389285	0.0000000%
543.71296		- 	468.04805		- 	011	461	0424513	 000000389746	0.0000000%
509.23554		- 	468.06229		- 	009	504	0425002	 000000390207	0.0000000%
508.77357		- 	468.08107		- 	013	495	0425514	 000000390667	0.0000000%
592.01657		- 	468.09301		- 	012	440	0426014	 000000391129	0.0000000%
497.31942		- 	468.10398		- 	012	500	0426502	 000000391592	0.0000000%
548.08620		- 	468.11780		- 	009	476	0427009	 000000392052	0.0000000%
561.89436		- 	468.12761		- 	012	482	0427509	 000000392513	0.0000000%
477.16955		- 	468.13821		- 	013	458	0428013	 000000392975	0.0000000%
532.22234		- 	468.14886		- 	012	525	0428503	 000000393438	0.0000000%
537.32009		- 	468.16065		- 	015	481	0429003	 000000393899	0.0000000%
559.83255		- 	468.16901		- 	013	386	0429513	 000000394360	0.0000000%
553.52839		- 	468.18259		- 	012	434	0430004	 000000394821	0.0000000%
491.83296		- 	468.19125		- 	012	529	0430502	 000000395284	0.0000000%
481.42355		- 	468.20319		- 	013	470	0431003	 000000395747	0.0000000%
511.69418		- 	468.21894		- 	014	469	0431515	 000000396207	0.0000000%
506.10589		- 	468.23351		- 	014	502	0432011	 000000396669	0.0000000%
579.32568		- 	468.24792		- 	012	472	0432510	 000000397130	0.0000000%
529.64672		- 	468.25999		- 	009	548	0433010	 000000397591	0.0000000%
574.24010		- 	468.27322		- 	011	457	0433512	 000000398053	0.0000000%
512.41615		- 	468.28253		- 	012	503	0434014	 000000398516	0.0000000%
482.88748		- 	468.28991		- 	011	534	0434507	 000000398978	0.0000000%
500.58087		- 	468.30730		- 	009	474	0435010	 000000399439	0.0000000%
556.59989		- 	468.31925		- 	009	442	0435505	 000000399901	0.0000000%
502.31912		- 	468.33193		- 	012	514	0436013	 000000400363	0.0000000%
586.60995		- 	468.34377		- 	013	399	0436514	 000000400824	0.0000000%
476.47362		- 	468.35622		- 	013	466	0437004	 000000401286	0.0000000%
495.29829		- 	468.36628		- 	011	484	0437505	 000000401747	0.0000000%
587.91230		- 	468.38200		- 	013	405	0438009	 000000402209	0.0000000%
629.84146		- 	468.39442		- 	012	444	0438506	 000000402673	0.0000000%
490.63207		- 	468.40639		- 	008	517	0439009	 000000403134	0.0000000%
489.93188		- 	468.41557		- 	010	525	0439508	 000000403596	0.0000000%
482.99235		- 	468.42625		- 	014	452	0440013	 000000404058	0.0000000%
484.61959		- 	468.43660		- 	014	501	0440506	 000000404519	0.0000000%
478.06951		- 	468.44853		- 	013	509	0441013	 000000404980	0.0000000%
521.88949		- 	468.46099		- 	013	485	0441502	 000000405443	0.0000000%
566.90610		- 	468.47157		- 	011	484	0442013	 000000405904	0.0000000%
514.80451		- 	468.48321		- 	013	459	0442515	 000000406366	0.0000000%
511.98873		- 	468.49305		- 	011	488	0443012	 000000406828	0.0000000%
535.06201		- 	468.50310		- 	013	493	0443510	 000000407289	0.0000000%
519.82064		- 	468.51894		- 	011	525	0444009	 000000407750	0.0000000%
554.93145		- 	468.53099		- 	012	450	0444510	 000000408212	0.0000000%
484.46486		- 	468.54096		- 	012	485	0445013	 000000408674	0.0000000%
474.73540		- 	468.55031		- 	013	485	0445514	 000000409136	0.0000000%
526.51010		- 	468.56066		- 	010	524	0446007	 000000409598	0.0000000%
497.97597		- 	468.57440		- 	015	459	0446502	 000000410058	0.0000000%
484.44259		- 	468.58688		- 	012	478	0447013	 000000410519	0.0000000%
497.68196		- 	468.59331		- 	014	507	0447515	 000000410982	0.0000000%
569.22077		- 	468.60234		- 	014	423	0448002	 000000411445	0.0000000%
567.08422		- 	468.61476		- 	012	451	0448514	 000000411906	0.0000000%
510.13860		- 	468.62913		- 	014	503	0449015	 000000412369	0.0000000%
484.43301		- 	468.64084		- 	012	549	0449507	 000000412832	0.0000000%
494.06674		- 	468.65181		- 	011	527	0450009	 000000413295	0.0000000%
499.92323		- 	468.66202		- 	014	457	0450504	 000000413757	0.0000000%
525.73663		- 	468.67172		- 	015	466	0451012	 000000414218	0.0000000%
479.97858		- 	468.68398		- 	012	529	0451508	 000000414681	0.0000000%
581.33045		- 	468.69659		- 	010	480	0452004	 000000415142	0.0000000%
474.52313		- 	468.70506		- 	009	541	0452504	 000000415605	0.0000000%
588.10033		- 	468.71813		- 	009	500	0453003	 000000416067	0.0000000%
528.44452		- 	468.72883		- 	014	504	0453503	 000000416530	0.0000000%
584.28490		- 	468.74189		- 	008	458	0454002	 000000416992	0.0000000%
510.48872		- 	468.75174		- 	012	475	0454510	 000000417454	0.0000000%
580.83501		- 	468.76484		- 	012	414	0455009	 000000417917	0.0000000%
483.52504		- 	468.77573		- 	011	495	0455502	 000000418380	0.0000000%
557.57278		- 	468.78817		- 	011	476	0456013	 000000418841	0.0000000%
492.43257		- 	468.80727		- 	014	503	0456506	 000000419303	0.0000000%
565.15132		- 	468.81753		- 	011	473	0457002	 000000419765	0.0000000%
545.81208		- 	468.83014		- 	012	434	0457509	 000000420227	0.0000000%
488.88241		- 	468.84390		- 	015	468	0458003	 000000420690	0.0000000%
485.57229		- 	468.85781		- 	015	493	0458514	 000000421150	0.0000000%
489.70775		- 	468.86734		- 	011	496	0459003	 000000421612	0.0000000%
561.57175		- 	468.88073		- 	012	459	0459506	 000000422073	0.0000000%
561.03347		- 	468.88918		- 	012	417	0460009	 000000422535	0.0000000%
516.99703		- 	468.90267		- 	012	461	0460508	 000000422996	0.0000000%
548.46483		- 	468.91457		- 	012	419	0461006	 000000423459	0.0000000%
518.15733		- 	468.92817		- 	013	491	0461509	 000000423921	0.0000000%
525.48462		- 	468.93952		- 	010	507	0462006	 000000424384	0.0000000%
500.19840		- 	468.94699		- 	013	508	0462515	 000000424844	0.0000000%
486.12787		- 	468.95819		- 	011	462	0463007	 000000425306	0.0000000%
523.80642		- 	468.97054		- 	009	483	0463504	 000000425768	0.0000000%
484.60411		- 	468.97957		- 	014	500	0464011	 000000426229	0.0000000%
515.96561		- 	468.99133		- 	010	466	0464510	 000000426690	0.0000000%
482.17575		- 	469.00091		- 	011	497	0465009	 000000427152	0.0000000%
574.69264		- 	469.01015		- 	013	465	0465509	 000000427613	0.0000000%
485.47510		- 	469.02508		- 	013	495	0466005	 000000428074	0.0000000%
499.24581		- 	469.03955		- 	015	445	0466503	 000000428537	0.0000000%
515.10048		- 	469.05437		- 	010	528	0467002	 000000428999	0.0000000%
504.78395		- 	469.06427		- 	013	479	0467506	 000000429460	0.0000000%
481.36086		- 	469.07782		- 	012	519	0468007	 000000429922	0.0000000%
490.77945		- 	469.09044		- 	009	607	0468509	 000000430382	0.0000000%
519.42656		- 	469.10246		- 	013	441	0469002	 000000430844	0.0000000%
530.78223		- 	469.11465		- 	012	467	0469506	 000000431305	0.0000000%
487.63752		- 	469.12722		- 	013	493	0470009	 000000431768	0.0000000%
574.59360		- 	469.13720		- 	012	481	0470514	 000000432230	0.0000000%
481.22055		- 	469.15055		- 	014	496	0471003	 000000432692	0.0000000%
481.25623		- 	469.16353		- 	012	455	0471506	 000000433154	0.0000000%
488.70085		- 	469.17460		- 	014	456	0472008	 000000433616	0.0000000%
502.87001		- 	469.18496		- 	011	512	0472510	 000000434077	0.0000000%
523.17770		- 	469.19663		- 	012	480	0473003	 000000434540	0.0000000%
559.93853		- 	469.20548		- 	015	446	0473506	 000000435003	0.0000000%
583.67653		- 	469.21486		- 	013	471	0474003	 000000435466	0.0000000%
524.00020		- 	469.22676		- 	014	484	0474504	 000000435929	0.0000000%
522.03846		- 	469.23917		- 	011	456	0475008	 000000436390	0.0000000%
507.63174		- 	469.25041		- 	013	466	0475504	 000000436852	0.0000000%
525.10598		- 	469.26493		- 	012	505	0476007	 000000437314	0.0000000%
530.58997		- 	469.27496		- 	014	469	0476502	 000000437777	0.0000000%
543.11197		- 	469.28674		- 	012	469	0477005	 000000438239	0.0000000%
615.03204		- 	469.29843		- 	014	410	0477507	 000000438701	0.0000000%
489.59848		- 	469.30903		- 	012	512	0478003	 000000439164	0.0000000%
500.61701		- 	469.31855		- 	014	487	0478515	 000000439626	0.0000000%
503.95711		- 	469.32780		- 	008	532	0479002	 000000440088	0.0000000%
521.72504		- 	469.33978		- 	012	420	0479509	 000000440549	0.0000000%
515.53796		- 	469.35089		- 	013	454	0480008	 000000441010	0.0000000%
500.36810		- 	469.36273		- 	011	482	0480510	 000000441471	0.0000000%
497.92413		- 	469.37303		- 	012	507	0481007	 000000441933	0.0000000%
517.42160		- 	469.38085		- 	012	491	0481502	 000000442395	0.0000000%
494.52255		- 	469.39065		- 	012	453	0482003	 000000442857	0.0000000%
601.62363		- 	469.40217		- 	015	443	0482509	 000000443318	0.0000000%
512.23006		- 	469.41541		- 	015	421	0483011	 000000443780	0.0000000%
478.44209		- 	469.42883		- 	013	498	0483507	 000000444243	0.0000000%
513.61798		- 	469.44092		- 	014	504	0484009	 000000444706	0.0000000%
566.62828		- 	469.44966		- 	012	481	0484514	 000000445168	0.0000000%
514.69205		- 	469.46075		- 	012	510	0485003	 000000445631	0.0000000%
485.48427		- 	469.47219		- 	015	461	0485513	 000000446092	0.0000000%
581.31275		- 	469.48055		- 	012	399	0486009	 000000446553	0.0000000%
487.84241		- 	469.48889		- 	012	463	0486504	 000000447017	0.0000000%
562.04434		- 	469.49913		- 	012	423	0487011	 000000447478	0.0000000%
607.37933		- 	469.50584		- 	012	416	0487511	 000000447939	0.0000000%
515.91135		- 	469.51550		- 	014	489	0488014	 000000448401	0.0000000%
542.31995		- 	469.52387		- 	014	447	0488513	 000000448863	0.0000000%
502.37057		- 	469.53798		- 	012	434	0489005	 000000449325	0.0000000%
530.55138		- 	469.54698		- 	013	456	0489514	 000000449787	0.0000000%
603.59411		- 	469.55562		- 	013	463	0490005	 000000450249	0.0000000%
499.44584		- 	469.56761		- 	010	562	0490502	 000000450711	0.0000000%
525.59663		- 	469.57739		- 	011	468	0491012	 000000451172	0.0000000%
501.15246		- 	469.58620		- 	015	472	0491508	 000000451635	0.0000000%
483.20745		- 	469.59508		- 	012	506	0492002	 000000452097	0.0000000%
499.62147		- 	469.60392		- 	012	484	0492513	 000000452559	0.0000000%
481.91696		- 	469.61448		- 	012	496	0493012	 000000453020	0.0000000%
595.74029		- 	469.62618		- 	013	355	0493510	 000000453482	0.0000000%
524.44211		- 	469.63783		- 	012	486	0494003	 000000453944	0.0000000%
489.11889		- 	469.64887		- 	012	496	0494504	 000000454405	0.0000000%
608.08598		- 	469.65854		- 	014	388	0495016	 000000454866	0.0000000%
500.91477		- 	469.66999		- 	013	498	0495515	 000000455328	0.0000000%
513.31876		- 	469.68211		- 	011	463	0496009	 000000455790	0.0000000%
531.46145		- 	469.69318		- 	014	476	0496504	 000000456253	0.0000000%
511.29587		- 	469.70431		- 	009	523	0497006	 000000456715	0.0000000%
608.86225		- 	469.71125		- 	014	360	0497509	 000000457178	0.0000000%
484.73930		- 	469.72476		- 	012	480	0498005	 000000457641	0.0000000%
532.81152		- 	469.73456		- 	012	467	0498502	 000000458104	0.0000000%
502.05125		- 	469.74377		- 	014	483	0499009	 000000458567	0.0000000%
498.43133		- 	469.75195		- 	014	481	0499506	 000000459029	0.0000000%
523.89408		- 	469.76044		- 	014	467	0500007	 000000459491	0.0000000%
515.36837		- 	469.77122		- 	013	478	0500502	 000000459953	0.0000000%
505.29544		- 	469.78107		- 	012	457	0501008	 000000460414	0.0000000%
513.75948		- 	469.79199		- 	012	520	0501512	 000000460877	0.0000000%
488.79547		- 	469.80147		- 	013	472	0502007	 000000461340	0.0000000%
476.16806		- 	469.81077		- 	013	475	0502512	 000000461801	0.0000000%
485.06589		- 	469.82049		- 	011	525	0503010	 000000462263	0.0000000%
494.76252		- 	469.83166		- 	014	460	0503508	 000000462725	0.0000000%
560.31668		- 	469.84235		- 	012	453	0504002	 000000463187	0.0000000%
510.38068		- 	469.85339		- 	013	478	0504514	 000000463648	0.0000000%
496.29430		- 	469.86362		- 	014	473	0505005	 000000464111	0.0000000%
575.72297		- 	469.87240		- 	010	435	0505507	 000000464573	0.0000000%
508.69216		- 	469.88039		- 	012	478	0506010	 000000465035	0.0000000%
513.81149		- 	469.88972		- 	013	463	0506514	 000000465497	0.0000000%
512.26603		- 	469.90093		- 	013	516	0507015	 000000465959	0.0000000%
501.51295		- 	469.91339		- 	012	512	0507505	 000000466421	0.0000000%
496.81085		- 	469.92409		- 	013	525	0508004	 000000466884	0.0000000%
588.35376		- 	469.93530		- 	013	417	0508511	 000000467345	0.0000000%
527.25197		- 	469.94184		- 	012	467	0509002	 000000467808	0.0000000%
492.47002		- 	469.95534		- 	010	542	0509512	 000000468269	0.0000000%
496.23969		- 	469.96463		- 	011	461	0510004	 000000468731	0.0000000%
543.12911		- 	469.97441		- 	011	498	0510505	 000000469193	0.0000000%
505.91431		- 	469.98257		- 	012	458	0511009	 000000469654	0.0000000%
501.22952		- 	469.99155		- 	012	512	0511514	 000000470115	0.0000000%
511.31590		- 	470.00110		- 	012	493	0512014	 000000470577	0.0000000%
489.29178		- 	470.01205		- 	012	514	0512502	 000000471040	0.0000000%
483.43998		- 	470.02409		- 	013	473	0513015	 000000471502	0.0000000%
541.52237		- 	470.03211		- 	015	494	0513504	 000000471965	0.0000000%
530.44202		- 	470.03981		- 	013	496	0514015	 000000472427	0.0000000%
529.47760		- 	470.05098		- 	013	497	0514507	 000000472890	0.0000000%
565.33339		- 	470.06117		- 	013	380	0515003	 000000473353	0.0000000%
553.97369		- 	470.07226		- 	012	453	0515504	 000000473814	0.0000000%
496.72542		- 	470.08247		- 	012	439	0516011	 000000474276	0.0000000%
495.02500		- 	470.09450		- 	013	468	0516510	 000000474738	0.0000000%
603.23601		- 	470.10307		- 	015	413	0517009	 000000475201	0.0000000%
484.29165		- 	470.11271		- 	016	492	0517509	 000000475664	0.0000000%
490.16427		- 	470.12211		- 	014	473	0518008	 000000476127	0.0000000%
526.38026		- 	470.13061		- 	013	477	0518515	 000000476588	0.0000000%
557.90575		- 	470.13961		- 	012	434	0519014	 000000477050	0.0000000%
498.75939		- 	470.15393		- 	013	537	0519502	 000000477514	0.0000000%
496.38881		- 	470.16351		- 	013	469	0520004	 000000477976	0.0000000%
492.92346		- 	470.17316		- 	010	464	0520510	 000000478437	0.0000000%
553.71319		- 	470.18488		- 	013	385	0521007	 000000478900	0.0000000%
491.96434		- 	470.19509		- 	014	478	0521513	 000000479362	0.0000000%
496.81456		- 	470.20450		- 	014	505	0522015	 000000479823	0.0000000%
550.79282		- 	470.21342		- 	014	499	0522504	 000000480286	0.0000000%
520.37306		- 	470.22294		- 	013	472	0523007	 000000480748	0.0000000%
523.03206		- 	470.23113		- 	014	452	0523512	 000000481210	0.0000000%
572.93577		- 	470.24291		- 	011	367	0524002	 000000481672	0.0000000%
607.24118		- 	470.25278		- 	013	405	0524502	 000000482134	0.0000000%
550.47810		- 	470.26343		- 	015	441	0525014	 000000482595	0.0000000%
515.19279		- 	470.27198		- 	014	446	0525502	 000000483057	0.0000000%
559.33247		- 	470.28059		- 	013	434	0526010	 000000483518	0.0000000%
493.71733		- 	470.28994		- 	010	462	0526508	 000000483980	0.0000000%
582.94063		- 	470.30355		- 	012	438	0527005	 000000484442	0.0000000%
527.50690		- 	470.31296		- 	011	501	0527511	 000000484903	0.0000000%
584.04300		- 	470.32590		- 	012	428	0528004	 000000485365	0.0000000%
520.55209		- 	470.33743		- 	013	428	0528507	 000000485827	0.0000000%
596.04096		- 	470.34459		- 	011	398	0529006	 000000486290	0.0000000%
503.45648		- 	470.35678		- 	012	474	0529511	 000000486752	0.0000000%
497.18821		- 	470.37044		- 	013	479	0530011	 000000487214	0.0000000%
546.34352		- 	470.38164		- 	014	434	0530504	 000000487677	0.0000000%
497.74401		- 	470.38972		- 	014	496	0531008	 000000488140	0.0000000%
481.84952		- 	470.40250		- 	012	523	0531509	 000000488602	0.0000000%
576.09451		- 	470.41532		- 	012	425	0532008	 000000489064	0.0000000%
482.00289		- 	470.42531		- 	007	561	0532505	 000000489527	0.0000000%
516.58746		- 	470.43749		- 	013	468	0533002	 000000489988	0.0000000%
590.15131		- 	470.44663		- 	012	411	0533507	 000000490449	0.0000000%
491.62355		- 	470.45446		- 	011	509	0534008	 000000490912	0.0000000%
549.14014		- 	470.46370		- 	010	513	0534503	 000000491375	0.0000000%
570.30994		- 	470.47231		- 	013	443	0535012	 000000491838	0.0000000%
580.19323		- 	470.47928		- 	012	419	0535503	 000000492301	0.0000000%
564.05926		- 	470.48916		- 	012	453	0536011	 000000492762	0.0000000%
485.18581		- 	470.49828		- 	015	475	0536516	 000000493223	0.0000000%
548.10861		- 	470.50889		- 	012	445	0537010	 000000493685	0.0000000%
539.22008		- 	470.51626		- 	015	475	0537517	 000000494148	0.0000000%
499.08064		- 	470.52680		- 	012	475	0538005	 000000494612	0.0000000%
490.63529		- 	470.53821		- 	011	462	0538504	 000000495075	0.0000000%
565.68712		- 	470.54970		- 	014	423	0539005	 000000495537	0.0000000%
561.26628		- 	470.55826		- 	014	361	0539503	 000000496000	0.0000000%
532.24656		- 	470.57070		- 	015	440	0540016	 000000496462	0.0000000%
504.91573		- 	470.58041		- 	010	489	0540509	 000000496925	0.0000000%
529.63170		- 	470.58933		- 	014	478	0541010	 000000497388	0.0000000%
542.15290		- 	470.59720		- 	012	447	0541508	 000000497850	0.0000000%
496.21705		- 	470.60988		- 	011	515	0542011	 000000498313	0.0000000%
555.24103		- 	470.62002		- 	015	451	0542511	 000000498775	0.0000000%
479.54299		- 	470.63084		- 	011	476	0543012	 000000499238	0.0000000%
554.96871		- 	470.64166		- 	015	393	0543517	 000000499700	0.0000000%
493.22664		- 	470.65078		- 	013	514	0544009	 000000500162	0.0000000%
551.10548		- 	470.66085		- 	015	483	0544506	 000000500625	0.0000000%
568.65210		- 	470.67251		- 	014	468	0545016	 000000501086	0.0000000%
572.28504		- 	470.68237		- 	014	415	0545502	 000000501549	0.0000000%
492.88296		- 	470.69381		- 	013	499	0546002	 000000502011	0.0000000%
555.20163		- 	470.70082		- 	013	416	0546505	 000000502472	0.0000000%
612.34650		- 	470.71199		- 	013	431	0547006	 000000502934	0.0000000%
506.37155		- 	470.72180		- 	013	497	0547511	 000000503396	0.0000000%
590.42305		- 	470.73213		- 	011	485	0548002	 000000503859	0.0000000%
504.32573		- 	470.74255		- 	012	461	0548508	 000000504321	0.0000000%
497.70051		- 	470.74983		- 	012	472	0549010	 000000504783	0.0000000%
578.56091		- 	470.76047		- 	014	405	0549513	 000000505246	0.0000000%
481.13468		- 	470.77058		- 	014	514	0550015	 000000505709	0.0000000%
477.71461		- 	470.77943		- 	013	464	0550510	 000000506171	0.0000000%
498.84953		- 	470.78619		- 	014	475	0551013	 000000506633	0.0000000%
526.28106		- 	470.79440		- 	014	478	0551510	 000000507096	0.0000000%
485.45410		- 	470.80275		- 	012	481	0552006	 000000507558	0.0000000%
496.19384		- 	470.81183		- 	012	520	0552507	 000000508020	0.0000000%
483.76435		- 	470.81848		- 	013	492	0553003	 000000508484	0.0000000%
522.59084		- 	470.82840		- 	011	463	0553506	 000000508946	0.0000000%
531.95335		- 	470.83631		- 	012	471	0554002	 000000509409	0.0000000%
531.07200		- 	470.84313		- 	012	479	0554506	 000000509870	0.0000000%
491.85247		- 	470.84971		- 	012	468	0555013	 000000510332	0.0000000%
533.91882		- 	470.85903		- 	011	484	0555512	 000000510794	0.0000000%
493.46147		- 	470.86807		- 	013	517	0556011	 000000511255	0.0000000%
577.49802		- 	470.87490		- 	011	400	0556508	 000000511717	0.0000000%
478.57693		- 	470.88344		- 	013	523	0557004	 000000512179	0.0000000%
538.46224		- 	470.89254		- 	009	503	0557509	 000000512639	0.0000000%
586.77856		- 	470.90363		- 	011	410	0558013	 000000513100	0.0000000%
614.58728		- 	470.91190		- 	013	361	0558514	 000000513561	0.0000000%
509.82293		- 	470.91786		- 	014	445	0559003	 000000514025	0.0000000%
575.38499		- 	470.92670		- 	013	442	0559503	 000000514488	0.0000000%
494.53353		- 	470.93538		- 	014	448	0560014	 000000514950	0.0000000%
499.71589		- 	470.94468		- 	013	533	0560507	 000000515412	0.0000000%
548.97102		- 	470.95463		- 	012	429	0561006	 000000515874	0.0000000%
517.46534		- 	470.96373		- 	013	461	0561507	 000000516336	0.0000000%
489.17088		- 	470.97408		- 	013	457	0562006	 000000516798	0.0000000%
481.58118		- 	470.98303		- 	013	540	0562508	 000000517259	0.0000000%
522.52071		- 	470.99093		- 	013	426	0563009	 000000517721	0.0000000%
583.88483		- 	470.99972		- 	011	475	0563513	 000000518183	0.0000000%
481.66270		- 	471.00828		- 	013	531	0564006	 000000518646	0.0000000%
551.96526		- 	471.02102		- 	012	476	0564505	 000000519108	0.0000000%
607.42115		- 	471.03156		- 	012	382	0565010	 000000519568	0.0000000%
483.71509		- 	471.04236		- 	014	487	0565504	 000000520031	0.0000000%
498.45373		- 	471.05058		- 	014	478	0566013	 000000520493	0.0000000%
546.64070		- 	471.05891		- 	013	459	0566506	 000000520955	0.0000000%
484.64600		- 	471.06832		- 	014	454	0567015	 000000521416	0.0000000%
520.72667		- 	471.07940		- 	012	509	0567502	 000000521879	0.0000000%
553.37559		- 	471.09004		- 	011	505	0568013	 000000522341	0.0000000%
500.68581		- 	471.09767		- 	013	497	0568503	 000000522803	0.0000000%
480.17789		- 	471.10750		- 	013	529	0569014	 000000523264	0.0000000%
486.58274		- 	471.11349		- 	010	498	0569507	 000000523727	0.0000000%
487.87867		- 	471.12090		- 	012	432	0570013	 000000524189	0.0000000%
591.65569		- 	471.12861		- 	011	399	0570503	 000000524652	0.0000000%
560.47700		- 	471.13874		- 	010	456	0571008	 000000525114	0.0000000%
535.85125		- 	471.14814		- 	015	442	0571509	 000000525576	0.0000000%
594.74471		- 	471.15569		- 	014	407	0572006	 000000526039	0.0000000%
508.02102		- 	471.16457		- 	011	427	0572512	 000000526501	0.0000000%
485.07893		- 	471.17156		- 	013	477	0573011	 000000526964	0.0000000%
529.78946		- 	471.18020		- 	013	491	0573505	 000000527426	0.0000000%
555.24096		- 	471.19118		- 	015	479	0574007	 000000527889	0.0000000%
482.08248		- 	471.20082		- 	013	448	0574507	 000000528352	0.0000000%
646.16307		- 	471.20844		- 	013	367	0575002	 000000528816	0.0000000%
512.74338		- 	471.21900		- 	011	498	0575512	 000000529278	0.0000000%
523.98962		- 	471.23065		- 	007	595	0576002	 000000529740	0.0000000%
494.01513		- 	471.23662		- 	015	469	0576506	 000000530204	0.0000000%
567.55068		- 	471.24191		- 	012	427	0577003	 000000530666	0.0000000%
542.74040		- 	471.25275		- 	012	464	0577512	 000000531128	0.0000000%
551.81887		- 	471.26124		- 	013	455	0578009	 000000531591	0.0000000%
530.51030		- 	471.26939		- 	013	448	0578510	 000000532053	0.0000000%
489.69276		- 	471.27895		- 	013	505	0579005	 000000532516	0.0000000%
492.22127		- 	471.28823		- 	012	497	0579502	 000000532978	0.0000000%
504.26506		- 	471.29920		- 	011	504	0580009	 000000533439	0.0000000%
557.48603		- 	471.30621		- 	014	443	0580506	 000000533902	0.0000000%
546.26944		- 	471.31348		- 	012	476	0581009	 000000534364	0.0000000%
543.32428		- 	471.32683		- 	012	506	0581513	 000000534826	0.0000000%
572.37648		- 	471.33432		- 	013	428	0582012	 000000535289	0.0000000%
554.85260		- 	471.34008		- 	015	445	0582515	 000000535751	0.0000000%
559.64657		- 	471.35063		- 	013	458	0583013	 000000536214	0.0000000%
604.06642		- 	471.35846		- 	015	432	0583506	 000000536678	0.0000000%
514.25237		- 	471.37074		- 	014	453	0584011	 000000537140	0.0000000%
485.22227		- 	471.37868		- 	012	507	0584507	 000000537603	0.0000000%
479.67753		- 	471.38903		- 	013	491	0585002	 000000538066	0.0000000%
510.05706		- 	471.39601		- 	013	490	0585513	 000000538528	0.0000000%
564.92995		- 	471.40432		- 	013	423	0586014	 000000538990	0.0000000%
568.98287		- 	471.41423		- 	011	438	0586505	 000000539452	0.0000000%
508.51252		- 	471.42187		- 	015	453	0587012	 000000539915	0.0000000%
564.35554		- 	471.42827		- 	012	462	0587512	 000000540377	0.0000000%
501.60771		- 	471.43592		- 	013	431	0588011	 000000540840	0.0000000%
515.22676		- 	471.44483		- 	015	474	0588515	 000000541301	0.0000000%
508.06287		- 	471.45473		- 	013	469	0589002	 000000541765	0.0000000%
512.65241		- 	471.46401		- 	011	452	0589512	 000000542228	0.0000000%
528.31849		- 	471.47139		- 	013	468	0590015	 000000542691	0.0000000%
486.68255		- 	471.48170		- 	014	504	0590508	 000000543154	0.0000000%
573.59758		- 	471.48950		- 	010	443	0591010	 000000543616	0.0000000%
501.00906		- 	471.50280		- 	014	469	0591509	 000000544079	0.0000000%
549.33046		- 	471.51161		- 	013	467	0592008	 000000544541	0.0000000%
597.07150		- 	471.51747		- 	014	387	0592512	 000000545002	0.0000000%
557.35150		- 	471.52267		- 	013	428	0593013	 000000545465	0.0000000%
481.89992		- 	471.52893		- 	014	493	0593515	 000000545928	0.0000000%
489.88731		- 	471.53789		- 	010	509	0594003	 000000546391	0.0000000%
496.70253		- 	471.54835		- 	013	479	0594510	 000000546853	0.0000000%
482.00981		- 	471.55977		- 	013	504	0595008	 000000547315	0.0000000%
534.86317		- 	471.56908		- 	012	497	0595513	 000000547777	0.0000000%
494.90285		- 	471.57550		- 	013	482	0596003	 000000548240	0.0000000%
488.88354		- 	471.58361		- 	013	456	0596504	 000000548702	0.0000000%
567.68076		- 	471.59034		- 	012	465	0597014	 000000549164	0.0000000%
517.36372		- 	471.59864		- 	011	474	0597506	 000000549627	0.0000000%
490.43882		- 	471.60837		- 	013	496	0598006	 000000550090	0.0000000%
518.20430		- 	471.61556		- 	013	471	0598503	 000000550554	0.0000000%
544.97592		- 	471.62485		- 	015	453	0599012	 000000551017	0.0000000%
585.83412		- 	471.63519		- 	013	462	0599502	 000000551479	0.0000000%

### Final Log ###

Termination Reason: MemoryLimit
NO OPTIMAL SOLUTION FOUND
Lower Bound: 471.642734611360253893508343026
Upper Bound: 941.348433677378011452674400061
GAP(LB): 49.8971137850744881347964110319% 
Number of Resolved Nodes: 599957
Pruned tree percentage: 0.00000000000000000000000000000%
Computed Tree Percentage: 2.97900605642438809562000000000e-2560%
Total: 2.97900605642438809562000000000e-2560
Time total: 1902.99758099999985461181495339
Time S.B: 1899.26772499998492094164248556
Time SOCP: 304.139394999985597678460180759
Iterations to incumbent: 0
Peak Memory Consumption: 16777612
#################
Warm Start Time: 29.9704550000269343001946253935
    init Time: 2.69999999999992468247000942938e-05
    construct Time: 29.9704280000269349670816154685
        solve Time: 29.0410140000300209806027851300
SOCPs solved: 600957
Solvers made: 16
SOCP Internal Iterations: 5294516
SOCP Internal Solve Time: 341.559873369997717418300453573
SOCP Setup Time: 69.4289789969214439224742818624
    SOCP Equilibration Time: 9.40249221498753229298017686233
    SOCP KKT init Time: 54.5537755400246169301681220531
SOCP initialization Time: 0.504858196999945829652745032945
SOCP IP Iteration Time: 271.526777813991714083385886624
    SOCP KKT Update Time: 124.724148391000085211999248713
    SOCP KKT Solve Time: 102.833589921999134730867808685

