Use LAH: 0
Use Concorde Feasible Solution improvement: 0
Name: rat195rdmRad
directory: RND
option: 3D
Instance Size: 195
Initial Upper Bound: 84.47020171
Average radius size: 12.31030928
Using variable selection rule #2!
Size of the tree: 6.68033058e+360
Raiz: 0 1 9 
Initial root: 0 1 9 
Value of objective function: 5.53676677e+01
SolverStatus: Solved
Solution: 
( 1.27000000e+01, 2.90000000e+01, 0.00000000e+00 )
( 9.47809274e+00, 6.68629991e+00, 5.97094685e+00 )
( 8.87641394e+00, 2.51350103e+00, 7.08803391e+00 )
( 1.27000000e+01, 2.90000000e+01, 0.00000000e+00 )

Not covered in root: 170 133 79 108 176 95 157 67 109 82 158 123 94 147 14 42 187 16 132 190 41 181 56 92 45 120 81 146 57 134 37 186 53 44 84 20 38 54 117 160 68 85 91 69 70 71 72 73 74 75 65 26 31 17 18 19 21 22 23 24 25 66 27 28 29 30 62 63 64 86 116 105 106 107 110 111 112 113 114 115 104 118 119 121 122 124 125 126 127 128 93 77 78 80 83 12 87 88 89 90 76 96 97 98 99 100 101 102 103 153 166 165 164 163 162 161 159 156 155 154 167 152 151 150 149 148 145 144 143 142 179 193 192 191 189 188 185 184 183 182 180 141 178 177 175 174 173 172 171 169 168 10 40 39 36 35 34 33 32 13 194 11 43 8 7 6 5 4 3 15 61 2 59 140 139 138 137 136 135 131 130 60 129 58 55 52 51 50 49 48 47 46 
INFEASIBLE ROOT

Using variable selection rule #2!
F. value	BestUB	        BestLB	        GAP%(I)	        Level	#Uncov	#Solved	 open	        Tree (%)	
66.671358		- 	55.367668		- 	002	025	0000004	 000000000002	0.0000000%
82.010262		- 	73.548994		- 	006	016	0000159	 000000000072	0.0000000%
80.326207		- 	74.807665		- 	007	017	0000320	 000000000145	0.0000000%
83.152475		- 	76.433460		- 	007	018	0000531	 000000000214	0.0000000%
80.503913		- 	77.231904		- 	008	015	0000787	 000000000280	0.0000000%
78.347619		- 	78.031373		- 	010	014	0001092	 000000000341	0.0000000%
79.851726		- 	78.758126		- 	008	018	0001409	 000000000404	0.0000000%
81.907043		- 	79.265611		- 	007	016	0001694	 000000000467	0.0000000%
80.018948		- 	79.452563		- 	012	011	0001997	 000000000530	0.0000000%
80.901470		- 	79.805464		- 	008	019	0002456	 000000000582	0.0000000%
81.519001		- 	80.141057		- 	010	014	0002840	 000000000642	0.0000000%
83.320332		- 	80.503913		- 	009	019	0003339	 000000000686	0.0000000%
81.437492		- 	80.855827		- 	014	010	0003975	 000000000724	0.0000000%
82.392842		- 	81.143631		- 	008	014	0004521	 000000000767	0.0000000%
83.126025		- 	81.426015		- 	009	012	0005044	 000000000807	0.0000000%
82.604316		- 	81.437945		- 	015	008	0005316	 000000000887	0.0000000%
82.567300		- 	81.550058		- 	016	007	0005705	 000000000953	0.0000000%
82.032369		- 	81.606696		- 	011	011	0006131	 000000001017	0.0000000%
81.794416		- 	81.678987		- 	016	009	0006914	 000000001062	0.0000000%
82.653321		- 	81.733944		- 	010	013	0007337	 000000001128	0.0000000%
83.376874		- 	81.791143		- 	008	018	0007957	 000000001187	0.0000000%
83.344739		- 	81.846794		- 	008	018	0008740	 000000001236	0.0000000%
82.659456		- 	81.869949		- 	019	005	0009126	 000000001312	0.0000000%
82.907924		- 	81.888689		- 	015	009	0009491	 000000001389	0.0000000%
81.897145	83.362369	81.893229	1.7939703	021	002	0009902	 000000001004	1.5472681e-20%
82.865447	83.362369	81.915939	1.7657497	023	001	0010585	 000000001065	1.5472681e-20%
82.047951	83.362369	81.921137	1.7592920	023	001	0011200	 000000001131	1.5472681e-20%
81.929009	83.362369	81.926559	1.7525581	020	001	0011575	 000000001208	1.5472681e-20%
81.958336	83.362369	81.933695	1.7436960	020	004	0011984	 000000001283	1.5472681e-20%
82.056337	83.362369	81.945417	1.7291411	017	007	0012584	 000000001350	1.5472681e-20%
82.019245	83.362369	81.956602	1.7152587	021	003	0013267	 000000001413	1.5472681e-20%
83.162832	83.362369	81.959444	1.7117308	020	002	0013736	 000000001489	1.5472681e-20%
82.104439	83.362369	81.973507	1.6942818	020	004	0014366	 000000001555	1.5472681e-20%
82.064797	83.362369	81.982586	1.6830194	020	004	0014979	 000000001619	1.5472681e-20%
82.960971	83.362369	81.986188	1.6785525	022	001	0015388	 000000001697	1.5472681e-20%
82.115302	83.362369	81.995698	1.6667602	023	001	0016101	 000000001761	1.5472681e-20%
82.073197	83.362369	81.997314	1.6647558	020	004	0016355	 000000001846	1.5472681e-20%
82.121881	83.362369	81.997804	1.6641490	019	002	0016606	 000000001931	1.5472681e-20%
82.025638	83.362369	81.999995	1.6614319	021	003	0017072	 000000002006	1.5472681e-20%
82.064612	83.362369	82.001967	1.6589868	021	003	0017537	 000000002082	1.5472681e-20%
82.033981	83.362369	82.009423	1.6497447	021	003	0018130	 000000002147	1.5472681e-20%
82.099721	83.362369	82.012762	1.6456070	022	002	0018709	 000000002215	1.5472681e-20%
82.106205	83.362369	82.019245	1.6375721	022	002	0019634	 000000002271	1.5472681e-20%
82.107940	83.362369	82.020980	1.6354224	022	002	0020350	 000000002334	1.5472681e-20%
82.078243	83.362369	82.022083	1.6340559	021	003	0020943	 000000002404	1.5472681e-20%
83.229026	83.362369	82.025638	1.6296506	022	002	0021533	 000000002475	1.5472681e-20%
82.598821	83.362369	82.032369	1.6213116	012	011	0022272	 000000002538	1.5472681e-20%
82.090971	83.362369	82.034806	1.6182928	022	002	0022875	 000000002607	1.5472681e-20%
82.730772	83.362369	82.038792	1.6133558	019	005	0023542	 000000002672	1.5472681e-20%
82.065277	82.104717	82.045770	0.071847487	020	004	0024711	 000000000638	1.5485575e-20%
82.097882	82.104717	82.072367	0.039416948	021	003	0030534	 000000000468	1.5485575e-20%
82.103904	82.104717	82.101456	0.0039724650	023	001	0041863	 000000000071	1.5485575e-20%

### Final Log ###

Termination Reason: Optimal
OPTIMAL SOLUTION FOUND
Function objective value: 82.104717345625644
Sum of infeasibilities: 0.000001517630987
Sequence: 0 181 156 176 170 133 108 95 79 82 56 1 45 16 14 20 9 12 38 37 91 117 123 153 187 190 
Solution: 

Number of Resolved Nodes: 43644
Pruned tree percentage: 0.000000000000000%
Computed Tree Percentage: 0.000000000000000%
Total: 0.000000000000000
Time total: 31.357236000000000
Time S.B: 31.291161000000141
Time SOCP: 30.685887000000111
Iterations to incumbent: 23851
Peak Memory Consumption: 42080
#################
Warm Start Time: 2.259069000000224
    init Time: 0.000030000000000
    construct Time: 2.259039000000224
        solve Time: 2.178546000000328
SOCPs solved: 43838
Solvers made: 24
SOCP Internal Iterations: 356728
SOCP Internal Solve Time: 36.614393416000020
SOCP Setup Time: 8.278191446998981
    SOCP Equilibration Time: 1.124967971999795
    SOCP KKT init Time: 6.221371194997533
SOCP initialization Time: 0.047512786000000
SOCP IP Iteration Time: 28.282339582000230
    SOCP KKT Update Time: 13.018063979999830
    SOCP KKT Solve Time: 10.801705925000038

