Use LAH: 0
Use Concorde Feasible Solution improvement: 0
Name: team6_500
directory: RND
option: 3D
Instance Size: 501
Initial Upper Bound: 236.96361148
Average radius size: 27.00000000
Using variable selection rule #1!
Size of the tree: 6.11291000e+1133
Raiz: 0 413 86 
Initial root: 0 413 86 
Value of objective function: 2.20138828e+02
SolverStatus: Solved
Solution: 
( 9.50000000e+01, 5.00000000e+01, 0.00000000e+00 )
( 1.62768311e+01, 7.69464231e+01, 1.34259864e+01 )
( 1.66854646e+01, 2.50438459e+01, 1.65998296e+01 )
( 9.50000000e+01, 5.00000000e+01, 0.00000000e+00 )

Not covered in root: 238 139 450 148 56 406 349 354 151 138 97 289 200 218 305 474 169 392 79 498 460 355 73 134 263 461 390 124 155 353 157 125 239 310 243 171 444 98 224 203 175 150 230 228 382 66 231 342 389 385 423 90 123 462 74 170 399 438 459 304 473 192 120 38 442 420 85 41 40 39 89 88 87 37 36 35 43 34 84 33 32 31 30 13 83 12 11 10 94 101 100 55 54 53 52 99 51 50 96 95 42 93 49 48 47 92 91 46 45 44 81 24 15 16 17 18 19 20 67 145 21 22 23 14 25 26 27 65 28 29 64 60 61 62 71 63 80 78 9 8 77 76 75 7 72 6 82 70 69 5 4 68 3 2 258 1 128 209 223 222 221 220 219 217 216 215 214 213 212 211 210 225 208 207 206 205 204 202 201 199 198 197 196 195 194 244 257 256 255 254 253 252 251 250 249 248 247 246 245 193 242 241 240 237 236 235 234 233 232 229 227 226 142 160 159 158 156 154 153 152 149 147 146 119 144 143 161 141 140 137 136 135 133 132 131 130 129 59 58 178 191 190 189 188 187 186 185 184 183 182 181 180 179 57 177 176 174 173 172 168 167 166 165 164 163 162 415 398 400 401 402 403 404 405 407 408 409 410 411 412 414 397 416 417 418 419 421 422 424 425 426 427 428 429 430 378 364 365 366 367 368 369 370 371 372 373 374 375 376 377 431 379 380 381 383 384 386 387 388 391 393 394 395 396 485 469 470 471 472 475 476 477 478 479 480 481 482 483 484 468 486 487 488 489 490 491 492 493 494 495 496 497 499 449 432 433 434 435 436 437 439 440 441 443 445 446 447 448 363 451 452 453 454 455 456 457 458 463 464 465 466 467 282 268 269 270 271 272 273 274 275 276 277 278 279 280 281 267 283 284 285 286 287 288 290 291 292 293 294 295 296 117 103 104 105 106 107 108 109 110 111 112 113 114 115 116 297 118 500 121 122 126 127 259 260 261 262 264 265 266 345 330 331 332 333 334 335 336 337 338 339 340 341 343 344 329 346 347 348 350 351 352 356 357 358 359 360 361 362 315 298 299 300 301 302 303 306 307 308 309 311 312 313 314 102 316 317 318 319 320 321 322 323 324 325 326 327 328 
INFEASIBLE ROOT

Using variable selection rule #1!
F. value	BestUB	        BestLB	        GAP%(I)	        Level	#Uncov	#Solved	 open	        Tree (%)	
226.63189		- 	220.13883		- 	002	026	0000004	 000000000002	0.0000000%

### Final Log ###

Termination Reason: Optimal
OPTIMAL SOLUTION FOUND
Function objective value: 230.922889461530445
Sum of infeasibilities: 0.000000003657265
Sequence: 0 238 287 413 286 86 170 431 354 450 
Solution: 

Number of Resolved Nodes: 73
Pruned tree percentage: 0.278880070546737%
Computed Tree Percentage: 0.000000000000000%
Total: 0.278880070546737
Time total: 0.090360000000000
Time S.B: 0.039214000000000
Time SOCP: 0.022624000000000
Iterations to incumbent: 62
Peak Memory Consumption: 17660
#################
Warm Start Time: 0.003842000000000
    init Time: 0.000035000000000
    construct Time: 0.003807000000000
        solve Time: 0.003734000000000
SOCPs solved: 573
Solvers made: 8
SOCP Internal Iterations: 4581
SOCP Internal Solve Time: 0.115452988000000
SOCP Setup Time: 0.049226834000000
    SOCP Equilibration Time: 0.005531136000000
    SOCP KKT init Time: 0.035943980000000
SOCP initialization Time: 0.003932978000000
SOCP IP Iteration Time: 0.062173743000000
    SOCP KKT Update Time: 0.027216126000000
    SOCP KKT Solve Time: 0.023586793000000

