Use LAH: 0
Use Concorde Feasible Solution improvement: 0
Name: CETSP-50-5
directory: Behdani
option: 2D
OPTION 2D ACTIVATED, Z COORDINATES BECAME 0
Instance Size: 51
Initial Upper Bound: 999.00000000
Average radius size: 0.50000000
Using variable selection rule #1!
Size of the tree: 1.55175266e+64
Raiz: 0 7 13 
Initial root: 0 7 13 
Value of objective function: 3.59302080e+01
SolverStatus: Solved
Solution: 
( 5.74402000e+00, 8.41569000e+00, 0.00000000e+00 )
( 1.50546750e+01, 3.53426679e-01, 0.00000000e+00 )
( 6.48601360e-01, 7.52713481e-01, 0.00000000e+00 )
( 5.74402000e+00, 8.41569000e+00, 0.00000000e+00 )

Not covered in root: 49 10 28 20 35 21 5 38 23 41 14 22 19 2 12 18 8 29 44 42 36 17 1 50 46 31 4 34 47 6 15 26 27 16 39 25 24 48 30 45 43 32 40 3 37 9 11 33 
INFEASIBLE ROOT

Using variable selection rule #1!
F. value	BestUB	        BestLB	        GAP%(I)	        Level	#Uncov	#Solved	 open	        Tree (%)	
39.701303		- 	35.930208		- 	002	030	0000004	 000000000002	0.0000000%
53.060175		- 	44.044886		- 	004	027	0000028	 000000000022	0.0000000%
48.796708		- 	46.119098		- 	006	026	0000058	 000000000042	0.0000000%
49.768157		- 	46.593812		- 	006	026	0000079	 000000000064	0.0000000%
59.720486		- 	47.035191		- 	007	018	0000108	 000000000085	0.0000000%
63.738932		- 	47.406759		- 	008	024	0000134	 000000000107	0.0000000%
60.904082		- 	47.648241		- 	006	026	0000157	 000000000129	0.0000000%
48.804859		- 	47.903624		- 	006	027	0000178	 000000000151	0.0000000%
56.801422		- 	48.180483		- 	007	023	0000204	 000000000173	0.0000000%
60.132000		- 	48.413341		- 	009	026	0000227	 000000000195	0.0000000%
52.632790		- 	48.524439		- 	008	025	0000259	 000000000216	0.0000000%
53.032459		- 	48.598130		- 	009	025	0000284	 000000000238	0.0000000%
58.170838		- 	48.659087		- 	008	028	0000307	 000000000260	0.0000000%
56.195548		- 	48.732940		- 	010	023	0000328	 000000000283	0.0000000%
52.237724		- 	48.804859		- 	007	022	0000352	 000000000305	0.0000000%
54.684256		- 	48.881764		- 	009	022	0000379	 000000000327	0.0000000%
55.269200		- 	49.039503		- 	008	023	0000407	 000000000349	0.0000000%
54.325182		- 	49.094867		- 	004	025	0000430	 000000000371	0.0000000%
54.448828		- 	49.144049		- 	009	025	0000457	 000000000393	0.0000000%
52.664762		- 	49.238874		- 	008	022	0000477	 000000000416	0.0000000%
50.400380		- 	49.291716		- 	005	027	0000506	 000000000437	0.0000000%
56.291884		- 	49.352113		- 	011	024	0000535	 000000000459	0.0000000%
58.349562		- 	49.368108		- 	009	018	0000554	 000000000482	0.0000000%
50.263535		- 	49.465503		- 	009	023	0000585	 000000000504	0.0000000%
52.281123		- 	49.518108		- 	009	021	0000604	 000000000527	0.0000000%
57.697643		- 	49.644610		- 	009	021	0000631	 000000000549	0.0000000%
50.021734		- 	49.725575		- 	009	023	0000660	 000000000571	0.0000000%
50.436587		- 	49.775693		- 	009	023	0000685	 000000000593	0.0000000%
52.401327		- 	49.781053		- 	006	024	0000704	 000000000616	0.0000000%
61.720718		- 	49.809284		- 	009	016	0000732	 000000000638	0.0000000%
60.277480		- 	49.841442		- 	008	019	0000752	 000000000661	0.0000000%
62.283475		- 	49.859785		- 	009	021	0000781	 000000000683	0.0000000%
51.908821		- 	49.887375		- 	011	024	0000813	 000000000705	0.0000000%
60.780317		- 	49.938662		- 	010	021	0000831	 000000000728	0.0000000%
54.845178		- 	49.956576		- 	009	021	0000860	 000000000750	0.0000000%
58.557219		- 	49.965767		- 	007	024	0000879	 000000000773	0.0000000%
57.965790		- 	50.021734		- 	010	018	0000907	 000000000795	0.0000000%
58.750138		- 	50.055783		- 	010	016	0000929	 000000000818	0.0000000%
51.479196		- 	50.070130		- 	012	021	0000954	 000000000841	0.0000000%
51.577062		- 	50.120346		- 	010	021	0000987	 000000000863	0.0000000%
57.659500		- 	50.140069		- 	008	022	0001007	 000000000886	0.0000000%
62.563891		- 	50.152855		- 	009	013	0001027	 000000000909	0.0000000%
54.148519		- 	50.200343		- 	007	025	0001055	 000000000931	0.0000000%
51.443256		- 	50.263535		- 	010	022	0001077	 000000000954	0.0000000%
60.084746		- 	50.277792		- 	008	020	0001105	 000000000976	0.0000000%
53.780323		- 	50.322694		- 	009	022	0001134	 000000000998	0.0000000%
63.474866		- 	50.331180		- 	009	020	0001154	 000000001021	0.0000000%
56.752751		- 	50.365631		- 	007	020	0001184	 000000001043	0.0000000%
62.398350		- 	50.380171		- 	010	020	0001205	 000000001066	0.0000000%
53.474059		- 	50.416015		- 	010	019	0001229	 000000001088	0.0000000%
65.352937		- 	50.432177		- 	011	019	0001259	 000000001110	0.0000000%
69.813555		- 	50.436587		- 	010	020	0001279	 000000001133	0.0000000%
55.033482		- 	50.466356		- 	009	024	0001309	 000000001155	0.0000000%
57.849084		- 	50.474591		- 	009	018	0001328	 000000001178	0.0000000%
62.573713		- 	50.480572		- 	013	019	0001362	 000000001200	0.0000000%
58.063666		- 	50.483204		- 	010	021	0001385	 000000001223	0.0000000%
73.276861		- 	50.499112		- 	012	019	0001409	 000000001246	0.0000000%
52.121225		- 	50.502371		- 	008	024	0001429	 000000001269	0.0000000%
53.485719		- 	50.527687		- 	012	020	0001454	 000000001292	0.0000000%
60.681240		- 	50.543646		- 	009	021	0001486	 000000001314	0.0000000%
61.070156		- 	50.556405		- 	007	022	0001502	 000000001337	0.0000000%
58.332067		- 	50.592964		- 	007	024	0001530	 000000001359	0.0000000%
51.296680		- 	50.605394		- 	012	022	0001553	 000000001382	0.0000000%
50.906041		- 	50.611545		- 	011	019	0001585	 000000001404	0.0000000%
65.366237		- 	50.621946		- 	006	023	0001603	 000000001427	0.0000000%
58.205330		- 	50.642876		- 	010	022	0001634	 000000001449	0.0000000%
62.381737		- 	50.648017		- 	011	018	0001652	 000000001472	0.0000000%
57.530218		- 	50.682887		- 	004	024	0001681	 000000001494	0.0000000%
54.682692		- 	50.692475		- 	010	018	0001711	 000000001516	0.0000000%
57.264992		- 	50.714119		- 	011	025	0001735	 000000001539	0.0000000%
56.668387		- 	50.739261		- 	011	021	0001757	 000000001562	0.0000000%
51.394287		- 	50.748317		- 	010	021	0001787	 000000001584	0.0000000%
53.725619		- 	50.756501		- 	008	025	0001808	 000000001607	0.0000000%
67.676635		- 	50.761416		- 	013	017	0001834	 000000001630	0.0000000%
59.810945		- 	50.763959		- 	011	018	0001857	 000000001653	0.0000000%
52.522074		- 	50.793036		- 	007	022	0001881	 000000001675	0.0000000%
62.522924		- 	50.807176		- 	010	014	0001902	 000000001698	0.0000000%
71.084531		- 	50.808929		- 	012	018	0001934	 000000001720	0.0000000%
60.740609		- 	50.832293		- 	011	016	0001958	 000000001743	0.0000000%
58.925740		- 	50.836974		- 	011	022	0001982	 000000001766	0.0000000%
52.266805		- 	50.846210		- 	011	017	0002012	 000000001788	0.0000000%
58.169529		- 	50.852008		- 	010	020	0002036	 000000001811	0.0000000%
54.306488		- 	50.873580		- 	006	025	0002052	 000000001834	0.0000000%
53.774579		- 	50.898723		- 	007	024	0002079	 000000001856	0.0000000%
55.183580		- 	50.909554		- 	013	017	0002106	 000000001879	0.0000000%
52.112819		- 	50.927361		- 	008	019	0002135	 000000001901	0.0000000%
63.091138		- 	50.946567		- 	009	020	0002156	 000000001924	0.0000000%
61.004753		- 	50.953616		- 	008	022	0002178	 000000001947	0.0000000%
55.713997		- 	50.962663		- 	012	020	0002214	 000000001969	0.0000000%
63.268183		- 	50.972177		- 	007	021	0002233	 000000001992	0.0000000%
51.278194		- 	50.984931		- 	009	021	0002256	 000000002015	0.0000000%
72.526296		- 	50.992110		- 	010	017	0002277	 000000002038	0.0000000%
51.645668		- 	50.999696		- 	007	022	0002309	 000000002060	0.0000000%
51.270244		- 	51.001923		- 	011	016	0002331	 000000002083	0.0000000%
65.255910		- 	51.008286		- 	010	019	0002355	 000000002106	0.0000000%
57.355673		- 	51.013444		- 	010	022	0002380	 000000002129	0.0000000%
55.751482		- 	51.027910		- 	007	025	0002402	 000000002152	0.0000000%
55.858913		- 	51.037677		- 	008	023	0002433	 000000002174	0.0000000%
60.967219		- 	51.039913		- 	012	021	0002458	 000000002197	0.0000000%
61.481081		- 	51.045040		- 	008	020	0002477	 000000002220	0.0000000%
54.655724		- 	51.064930		- 	013	019	0002514	 000000002242	0.0000000%
55.972026		- 	51.081101		- 	007	024	0002530	 000000002265	0.0000000%
64.095717		- 	51.090503		- 	010	022	0002554	 000000002288	0.0000000%
51.338680		- 	51.099235		- 	014	018	0002587	 000000002310	0.0000000%
64.237762		- 	51.100715		- 	011	013	0002611	 000000002333	0.0000000%
56.309748		- 	51.102297		- 	011	022	0002634	 000000002356	0.0000000%
64.517237		- 	51.110382		- 	012	020	0002660	 000000002379	0.0000000%
54.272542		- 	51.114510		- 	010	021	0002683	 000000002402	0.0000000%
64.794655		- 	51.120066		- 	011	019	0002704	 000000002425	0.0000000%
74.273645		- 	51.129404		- 	010	020	0002734	 000000002447	0.0000000%
56.428787		- 	51.146349		- 	013	019	0002759	 000000002470	0.0000000%
62.109781		- 	51.151203		- 	009	023	0002780	 000000002493	0.0000000%
66.947085		- 	51.165455		- 	012	020	0002810	 000000002515	0.0000000%
62.139928		- 	51.172632		- 	011	021	0002832	 000000002538	0.0000000%
54.221661		- 	51.177765		- 	010	020	0002855	 000000002561	0.0000000%
54.983051		- 	51.184392		- 	012	019	0002882	 000000002584	0.0000000%
67.633595		- 	51.188482		- 	009	020	0002904	 000000002607	0.0000000%
64.196635		- 	51.191444		- 	010	022	0002929	 000000002630	0.0000000%
51.610470		- 	51.200029		- 	012	020	0002952	 000000002653	0.0000000%
53.435588		- 	51.229501		- 	010	015	0002987	 000000002675	0.0000000%
67.825903		- 	51.231717		- 	012	019	0003011	 000000002698	0.0000000%
59.102475		- 	51.241775		- 	011	020	0003036	 000000002721	0.0000000%
59.177349		- 	51.246492		- 	009	022	0003056	 000000002744	0.0000000%
57.406688		- 	51.268191		- 	011	019	0003087	 000000002766	0.0000000%
53.518707		- 	51.271673		- 	012	020	0003113	 000000002789	0.0000000%
58.483287		- 	51.278194		- 	010	020	0003135	 000000002812	0.0000000%
57.786414		- 	51.285186		- 	011	018	0003156	 000000002835	0.0000000%
51.754793		- 	51.290039		- 	013	019	0003182	 000000002858	0.0000000%
58.927527		- 	51.295383		- 	010	024	0003205	 000000002881	0.0000000%
54.397856		- 	51.296956		- 	007	024	0003227	 000000002904	0.0000000%
57.271607		- 	51.304841		- 	013	019	0003264	 000000002926	0.0000000%
52.842561		- 	51.306110		- 	013	016	0003278	 000000002950	0.0000000%
51.680370		- 	51.311309		- 	013	016	0003314	 000000002972	0.0000000%
64.956585		- 	51.319530		- 	007	022	0003332	 000000002995	0.0000000%
65.400340		- 	51.325499		- 	012	017	0003358	 000000003018	0.0000000%
63.180396		- 	51.327184		- 	009	020	0003382	 000000003041	0.0000000%
77.494667		- 	51.330306		- 	012	017	0003403	 000000003064	0.0000000%
54.028791		- 	51.338680		- 	015	017	0003428	 000000003087	0.0000000%
52.524775		- 	51.345013		- 	009	019	0003452	 000000003110	0.0000000%
67.201176		- 	51.350370		- 	011	022	0003486	 000000003132	0.0000000%
64.218067		- 	51.355186		- 	010	017	0003507	 000000003155	0.0000000%
53.992799		- 	51.359274		- 	009	023	0003527	 000000003178	0.0000000%
56.623269		- 	51.368747		- 	012	015	0003563	 000000003200	0.0000000%
64.731230		- 	51.369036		- 	012	015	0003585	 000000003223	0.0000000%
57.880722		- 	51.371050		- 	011	024	0003610	 000000003246	0.0000000%
66.193003		- 	51.371963		- 	011	020	0003635	 000000003269	0.0000000%
58.967741		- 	51.378694		- 	014	019	0003660	 000000003292	0.0000000%
67.079113		- 	51.380040		- 	012	020	0003683	 000000003315	0.0000000%
60.456388		- 	51.383513		- 	008	023	0003704	 000000003338	0.0000000%
67.163888		- 	51.393835		- 	011	016	0003729	 000000003361	0.0000000%
51.715423		- 	51.395908		- 	011	021	0003760	 000000003383	0.0000000%
58.076014		- 	51.396404		- 	011	020	0003782	 000000003406	0.0000000%
72.046848		- 	51.406821		- 	012	017	0003805	 000000003429	0.0000000%
64.489189		- 	51.413925		- 	011	019	0003831	 000000003452	0.0000000%
71.193166		- 	51.414569		- 	008	022	0003852	 000000003475	0.0000000%
57.552895		- 	51.423016		- 	013	016	0003879	 000000003498	0.0000000%
54.532024		- 	51.430585		- 	008	023	0003902	 000000003521	0.0000000%
52.976146		- 	51.439699		- 	012	011	0003928	 000000003544	0.0000000%
53.790020		- 	51.446275		- 	012	019	0003953	 000000003567	0.0000000%
67.439420		- 	51.450957		- 	012	017	0003987	 000000003589	0.0000000%
63.467252		- 	51.452368		- 	008	024	0004010	 000000003612	0.0000000%
71.739790		- 	51.453987		- 	011	018	0004035	 000000003635	0.0000000%
52.614032		- 	51.455055		- 	010	023	0004057	 000000003658	0.0000000%
55.743595		- 	51.457825		- 	007	022	0004077	 000000003681	0.0000000%
62.447915		- 	51.465618		- 	010	021	0004107	 000000003703	0.0000000%
60.477134		- 	51.473018		- 	011	019	0004132	 000000003726	0.0000000%
68.105944		- 	51.492001		- 	013	015	0004160	 000000003749	0.0000000%
51.788102		- 	51.494998		- 	011	014	0004184	 000000003772	0.0000000%
55.298877		- 	51.500267		- 	013	019	0004207	 000000003795	0.0000000%
55.851505		- 	51.507157		- 	011	024	0004230	 000000003818	0.0000000%
53.019066		- 	51.516282		- 	011	019	0004255	 000000003840	0.0000000%
54.478838		- 	51.520806		- 	013	022	0004279	 000000003863	0.0000000%
52.999434		- 	51.524429		- 	008	023	0004303	 000000003886	0.0000000%
69.224738		- 	51.527810		- 	014	016	0004341	 000000003908	0.0000000%
51.762169		- 	51.528216		- 	014	017	0004356	 000000003932	0.0000000%
75.991564		- 	51.528773		- 	013	015	0004378	 000000003955	0.0000000%
56.972703		- 	51.533020		- 	014	019	0004406	 000000003978	0.0000000%
65.244010		- 	51.543623		- 	010	020	0004429	 000000004001	0.0000000%
63.032091		- 	51.543887		- 	011	018	0004453	 000000004024	0.0000000%
65.528730		- 	51.553682		- 	011	014	0004488	 000000004046	0.0000000%
74.640032		- 	51.555453		- 	011	014	0004508	 000000004069	0.0000000%
66.397473		- 	51.555769		- 	011	018	0004532	 000000004092	0.0000000%
53.041123		- 	51.565453		- 	012	018	0004557	 000000004115	0.0000000%
52.222565		- 	51.569136		- 	013	017	0004583	 000000004138	0.0000000%
68.474042		- 	51.572631		- 	016	016	0004614	 000000004161	0.0000000%
64.867311		- 	51.576530		- 	009	022	0004636	 000000004184	0.0000000%
52.841228		- 	51.577062		- 	011	021	0004658	 000000004207	0.0000000%
56.858212		- 	51.585533		- 	010	020	0004684	 000000004230	0.0000000%
54.841819		- 	51.587707		- 	012	019	0004706	 000000004253	0.0000000%
69.020352		- 	51.595736		- 	011	018	0004738	 000000004275	0.0000000%
61.388293		- 	51.600146		- 	014	013	0004766	 000000004298	0.0000000%
63.317087		- 	51.601340		- 	010	018	0004777	 000000004322	0.0000000%
72.246337		- 	51.603818		- 	012	017	0004805	 000000004345	0.0000000%
63.625801		- 	51.616865		- 	012	017	0004832	 000000004368	0.0000000%
59.292636		- 	51.618139		- 	015	016	0004859	 000000004391	0.0000000%
56.716354		- 	51.620540		- 	008	024	0004877	 000000004414	0.0000000%
56.953036		- 	51.637282		- 	009	024	0004911	 000000004436	0.0000000%
57.866150		- 	51.641749		- 	014	015	0004936	 000000004459	0.0000000%
53.641263		- 	51.643318		- 	008	024	0004952	 000000004482	0.0000000%
57.523253		- 	51.647976		- 	011	018	0004987	 000000004504	0.0000000%
54.483165		- 	51.648815		- 	016	014	0005004	 000000004528	0.0000000%
55.145608		- 	51.652067		- 	012	015	0005027	 000000004551	0.0000000%
65.810239		- 	51.658322		- 	010	017	0005059	 000000004573	0.0000000%
60.842492		- 	51.658759		- 	011	018	0005082	 000000004596	0.0000000%
64.795377		- 	51.665705		- 	010	021	0005104	 000000004619	0.0000000%
61.902799		- 	51.668807		- 	010	014	0005127	 000000004642	0.0000000%
57.896008		- 	51.670317		- 	013	013	0005156	 000000004665	0.0000000%
53.497373		- 	51.673057		- 	010	016	0005178	 000000004688	0.0000000%
55.500820		- 	51.676779		- 	010	018	0005208	 000000004710	0.0000000%
66.300909		- 	51.680370		- 	014	017	0005231	 000000004733	0.0000000%
60.607849		- 	51.685225		- 	013	016	0005260	 000000004756	0.0000000%
63.061302		- 	51.689598		- 	012	019	0005281	 000000004779	0.0000000%
59.516712		- 	51.691629		- 	010	016	0005307	 000000004802	0.0000000%
71.970443		- 	51.694850		- 	013	018	0005334	 000000004825	0.0000000%
56.981410		- 	51.703262		- 	013	021	0005361	 000000004848	0.0000000%
62.648193		- 	51.715423		- 	012	020	0005389	 000000004871	0.0000000%
67.232119		- 	51.719082		- 	012	017	0005402	 000000004895	0.0000000%
55.491433		- 	51.722951		- 	011	022	0005438	 000000004917	0.0000000%
72.533626		- 	51.725102		- 	013	017	0005452	 000000004941	0.0000000%
52.799404		- 	51.727215		- 	012	014	0005489	 000000004963	0.0000000%
58.137217		- 	51.730422		- 	012	020	0005514	 000000004986	0.0000000%
58.646609		- 	51.731521		- 	015	019	0005530	 000000005010	0.0000000%
62.946828		- 	51.733085		- 	014	016	0005560	 000000005033	0.0000000%
52.275165		- 	51.735682		- 	010	017	0005581	 000000005056	0.0000000%
54.079715		- 	51.735839		- 	010	018	0005603	 000000005079	0.0000000%
58.239095		- 	51.741246		- 	012	015	0005629	 000000005102	0.0000000%
61.830383		- 	51.746826		- 	012	018	0005652	 000000005125	0.0000000%
62.760205		- 	51.751391		- 	011	019	0005682	 000000005147	0.0000000%
54.763112		- 	51.753530		- 	006	027	0005702	 000000005170	0.0000000%
52.344516		- 	51.754793		- 	014	017	0005730	 000000005193	0.0000000%
53.489572		- 	51.759955		- 	013	019	0005755	 000000005216	0.0000000%
56.321873		- 	51.761336		- 	012	017	0005782	 000000005239	0.0000000%
58.742280		- 	51.767036		- 	015	017	0005814	 000000005262	0.0000000%
60.490119		- 	51.768590		- 	014	015	0005829	 000000005286	0.0000000%
61.021918		- 	51.769109		- 	013	013	0005857	 000000005309	0.0000000%
58.698308		- 	51.771601		- 	010	022	0005879	 000000005332	0.0000000%
52.390040		- 	51.773244		- 	013	019	0005904	 000000005355	0.0000000%
57.508320		- 	51.774193		- 	011	023	0005932	 000000005378	0.0000000%
60.039892		- 	51.779632		- 	010	026	0005957	 000000005401	0.0000000%
63.747227		- 	51.782405		- 	012	021	0005988	 000000005424	0.0000000%
52.852744		- 	51.783358		- 	013	018	0006015	 000000005447	0.0000000%
65.470579		- 	51.784119		- 	013	020	0006029	 000000005471	0.0000000%
64.810472		- 	51.788102		- 	012	013	0006062	 000000005493	0.0000000%
55.601604		- 	51.790463		- 	013	019	0006089	 000000005516	0.0000000%
52.030801		- 	51.791614		- 	012	019	0006112	 000000005539	0.0000000%
54.897536		- 	51.792077		- 	014	015	0006127	 000000005563	0.0000000%
57.864115		- 	51.794422		- 	013	022	0006155	 000000005586	0.0000000%
72.434547		- 	51.800206		- 	011	017	0006180	 000000005609	0.0000000%
64.789038		- 	51.802203		- 	012	020	0006207	 000000005632	0.0000000%
53.419749		- 	51.804151		- 	008	022	0006231	 000000005655	0.0000000%
67.592941		- 	51.807362		- 	012	016	0006259	 000000005678	0.0000000%
61.769063		- 	51.807676		- 	014	017	0006289	 000000005701	0.0000000%
55.227337		- 	51.808255		- 	012	018	0006302	 000000005725	0.0000000%
58.136631		- 	51.813569		- 	015	015	0006332	 000000005748	0.0000000%
72.197552		- 	51.820662		- 	011	018	0006361	 000000005771	0.0000000%
62.637746		- 	51.820909		- 	016	017	0006378	 000000005795	0.0000000%
57.681097		- 	51.824800		- 	012	016	0006413	 000000005817	0.0000000%
52.993319		- 	51.829977		- 	010	025	0006437	 000000005840	0.0000000%
57.968799		- 	51.833000		- 	013	022	0006462	 000000005863	0.0000000%
64.787910		- 	51.834373		- 	011	019	0006483	 000000005886	0.0000000%
79.276915		- 	51.838353		- 	015	011	0006512	 000000005909	0.0000000%
67.756741		- 	51.838526		- 	012	013	0006534	 000000005932	0.0000000%
69.620512		- 	51.840341		- 	013	021	0006560	 000000005955	0.0000000%
62.454528		- 	51.841214		- 	015	019	0006590	 000000005978	0.0000000%
66.648266		- 	51.843018		- 	013	019	0006604	 000000006002	0.0000000%
59.911508		- 	51.848513		- 	013	016	0006628	 000000006025	0.0000000%
52.430148		- 	51.848889		- 	012	020	0006653	 000000006048	0.0000000%
58.080641		- 	51.850873		- 	016	018	0006683	 000000006071	0.0000000%
52.161436		- 	51.853067		- 	011	017	0006705	 000000006094	0.0000000%
53.882207		- 	51.860772		- 	013	020	0006740	 000000006116	0.0000000%
55.637418		- 	51.867006		- 	011	019	0006763	 000000006139	0.0000000%
58.442345		- 	51.869327		- 	014	016	0006778	 000000006163	0.0000000%
52.284362		- 	51.873962		- 	010	017	0006802	 000000006186	0.0000000%
59.649936		- 	51.876136		- 	018	015	0006833	 000000006209	0.0000000%
59.296523		- 	51.879809		- 	009	020	0006854	 000000006232	0.0000000%
54.841046		- 	51.883461		- 	012	019	0006879	 000000006255	0.0000000%
57.669217		- 	51.888066		- 	013	014	0006904	 000000006278	0.0000000%
59.209482		- 	51.891114		- 	010	022	0006935	 000000006300	0.0000000%
55.202182		- 	51.891314		- 	008	023	0006957	 000000006323	0.0000000%
55.691575		- 	51.892465		- 	014	016	0006986	 000000006346	0.0000000%
64.169181		- 	51.896530		- 	013	018	0007010	 000000006369	0.0000000%
67.596363		- 	51.897486		- 	011	017	0007035	 000000006392	0.0000000%
57.849165		- 	51.900657		- 	013	021	0007065	 000000006414	0.0000000%
61.999596		- 	51.906199		- 	013	017	0007089	 000000006437	0.0000000%
59.033978		- 	51.907777		- 	016	011	0007118	 000000006460	0.0000000%
61.576081		- 	51.908163		- 	013	019	0007132	 000000006484	0.0000000%
71.657836		- 	51.910090		- 	015	011	0007161	 000000006507	0.0000000%
59.604336		- 	51.913958		- 	014	024	0007183	 000000006530	0.0000000%
52.234073		- 	51.914476		- 	011	022	0007211	 000000006553	0.0000000%
68.872688		- 	51.916049		- 	013	015	0007238	 000000006576	0.0000000%
56.321721		- 	51.919222		- 	011	020	0007260	 000000006599	0.0000000%
58.993186		- 	51.924006		- 	014	015	0007286	 000000006622	0.0000000%
71.322755		- 	51.925276		- 	015	012	0007302	 000000006646	0.0000000%
60.207253		- 	51.930082		- 	014	017	0007338	 000000006668	0.0000000%
65.847806		- 	51.933441		- 	012	016	0007362	 000000006691	0.0000000%
63.648048		- 	51.935546		- 	012	018	0007383	 000000006714	0.0000000%
74.072165		- 	51.936842		- 	016	014	0007412	 000000006737	0.0000000%
65.201163		- 	51.939615		- 	006	021	0007433	 000000006760	0.0000000%
57.246083		- 	51.942390		- 	011	020	0007458	 000000006783	0.0000000%
66.512556		- 	51.943335		- 	013	019	0007483	 000000006806	0.0000000%
65.904094		- 	51.946666		- 	014	014	0007514	 000000006829	0.0000000%
53.407362		- 	51.950646		- 	010	018	0007537	 000000006852	0.0000000%
52.245529		- 	51.951679		- 	012	016	0007560	 000000006875	0.0000000%
56.765949		- 	51.952351		- 	014	018	0007588	 000000006898	0.0000000%
54.166527		- 	51.954257		- 	012	019	0007614	 000000006921	0.0000000%
57.524153		- 	51.955526		- 	012	014	0007638	 000000006944	0.0000000%
72.008008		- 	51.957774		- 	013	014	0007665	 000000006967	0.0000000%
66.746570		- 	51.958963		- 	015	017	0007681	 000000006991	0.0000000%
57.245410		- 	51.962968		- 	014	020	0007709	 000000007014	0.0000000%
64.479980		- 	51.963473		- 	013	017	0007736	 000000007037	0.0000000%
52.260227		- 	51.966686		- 	011	015	0007759	 000000007060	0.0000000%
63.814885		- 	51.967407		- 	012	019	0007784	 000000007083	0.0000000%
55.618493		- 	51.970047		- 	016	015	0007810	 000000007106	0.0000000%
59.228531		- 	51.971240		- 	013	018	0007833	 000000007129	0.0000000%
55.537780		- 	51.971900		- 	009	023	0007859	 000000007152	0.0000000%
55.354193		- 	51.976532		- 	009	019	0007877	 000000007175	0.0000000%
58.591299		- 	51.979632		- 	004	028	0007902	 000000007198	0.0000000%
59.618089		- 	51.980741		- 	015	016	0007930	 000000007221	0.0000000%
58.475772		- 	51.987776		- 	013	015	0007957	 000000007244	0.0000000%
54.455662		- 	51.989911		- 	013	015	0007984	 000000007267	0.0000000%
52.289718		- 	51.994501		- 	020	013	0008005	 000000007291	0.0000000%
62.771921		- 	51.994982		- 	013	019	0008030	 000000007314	0.0000000%
69.923876		- 	51.996137		- 	014	015	0008060	 000000007337	0.0000000%
63.233938		- 	51.997141		- 	012	013	0008085	 000000007360	0.0000000%
53.184295		- 	51.998975		- 	010	025	0008106	 000000007383	0.0000000%
56.804201		- 	51.999773		- 	013	017	0008131	 000000007406	0.0000000%
62.302400		- 	52.001631		- 	014	016	0008159	 000000007429	0.0000000%
62.370285		- 	52.004567		- 	013	020	0008189	 000000007452	0.0000000%
55.423920		- 	52.004837		- 	012	018	0008202	 000000007476	0.0000000%
62.827279		- 	52.010442		- 	015	016	0008228	 000000007499	0.0000000%
60.701247		- 	52.011263		- 	012	014	0008257	 000000007522	0.0000000%
52.504547		- 	52.014460		- 	013	020	0008287	 000000007545	0.0000000%
62.356106		- 	52.015928		- 	014	015	0008312	 000000007568	0.0000000%
57.081670		- 	52.019484		- 	016	013	0008341	 000000007591	0.0000000%
69.076000		- 	52.024015		- 	017	013	0008369	 000000007614	0.0000000%
52.147797		- 	52.025859		- 	015	016	0008385	 000000007638	0.0000000%
52.847547		- 	52.025977		- 	017	011	0008403	 000000007662	0.0000000%
52.752340		- 	52.028407		- 	006	030	0008433	 000000007684	0.0000000%
62.697962		- 	52.030731		- 	014	015	0008466	 000000007707	0.0000000%
57.398786		- 	52.030801		- 	013	020	0008480	 000000007731	0.0000000%
60.862063		- 	52.032986		- 	014	017	0008510	 000000007754	0.0000000%
63.260240		- 	52.036090		- 	016	013	0008540	 000000007777	0.0000000%
62.552500		- 	52.040190		- 	011	017	0008552	 000000007801	0.0000000%
57.551124		- 	52.041066		- 	013	019	0008582	 000000007824	0.0000000%
57.209307		- 	52.043638		- 	010	021	0008606	 000000007847	0.0000000%
77.923412		- 	52.045765		- 	010	014	0008628	 000000007870	0.0000000%
60.981388		- 	52.046457		- 	015	017	0008661	 000000007893	0.0000000%
53.621313		- 	52.048772		- 	013	019	0008689	 000000007916	0.0000000%
67.575795		- 	52.049036		- 	015	016	0008705	 000000007940	0.0000000%
67.163472		- 	52.053376		- 	013	016	0008735	 000000007963	0.0000000%
63.521249		- 	52.054819		- 	015	020	0008765	 000000007986	0.0000000%
76.940662		- 	52.056277		- 	013	010	0008779	 000000008010	0.0000000%
56.627251		- 	52.057127		- 	013	018	0008807	 000000008033	0.0000000%
52.825880		- 	52.057833		- 	010	020	0008832	 000000008056	0.0000000%
53.718222		- 	52.063034		- 	017	020	0008865	 000000008079	0.0000000%
54.406970		- 	52.063225		- 	012	018	0008878	 000000008103	0.0000000%
57.171489		- 	52.064303		- 	014	017	0008907	 000000008126	0.0000000%
52.710204		- 	52.066556		- 	008	021	0008932	 000000008149	0.0000000%
53.480361		- 	52.067599		- 	013	015	0008963	 000000008172	0.0000000%
75.146438		- 	52.069481		- 	013	012	0008977	 000000008196	0.0000000%
62.163750		- 	52.070352		- 	012	021	0009013	 000000008218	0.0000000%
60.264896		- 	52.071389		- 	011	020	0009038	 000000008241	0.0000000%
66.123589		- 	52.071434		- 	013	009	0009052	 000000008265	0.0000000%
65.043740		- 	52.072700		- 	011	017	0009078	 000000008288	0.0000000%
55.569211		- 	52.075664		- 	013	019	0009102	 000000008311	0.0000000%
53.146603		- 	52.077218		- 	013	017	0009140	 000000008333	0.0000000%
72.870504		- 	52.081100		- 	013	018	0009154	 000000008357	0.0000000%
65.206327		- 	52.084560		- 	011	019	0009186	 000000008379	0.0000000%
52.490493		- 	52.085222		- 	007	026	0009206	 000000008402	0.0000000%
59.163745		- 	52.086828		- 	014	019	0009235	 000000008425	0.0000000%
52.327083		- 	52.087883		- 	013	018	0009263	 000000008448	0.0000000%
56.644600		- 	52.089224		- 	011	022	0009284	 000000008471	0.0000000%
64.374050		- 	52.090107		- 	012	021	0009309	 000000008494	0.0000000%
59.219229		- 	52.092632		- 	012	024	0009333	 000000008517	0.0000000%
64.366956		- 	52.093113		- 	013	018	0009360	 000000008540	0.0000000%
52.750642		- 	52.093277		- 	006	025	0009380	 000000008563	0.0000000%
60.483287		- 	52.094455		- 	012	020	0009404	 000000008586	0.0000000%
52.599002		- 	52.096296		- 	012	021	0009430	 000000008609	0.0000000%
57.549787		- 	52.097202		- 	013	016	0009461	 000000008632	0.0000000%
62.195623		- 	52.098889		- 	015	015	0009489	 000000008655	0.0000000%
78.338900		- 	52.098956		- 	015	014	0009505	 000000008679	0.0000000%
56.654579		- 	52.099902		- 	011	024	0009534	 000000008702	0.0000000%
60.474216		- 	52.100239		- 	013	020	0009562	 000000008725	0.0000000%
58.210054		- 	52.101111		- 	016	020	0009591	 000000008748	0.0000000%
54.946078		- 	52.102166		- 	010	023	0009611	 000000008771	0.0000000%
67.004911		- 	52.103109		- 	015	016	0009639	 000000008794	0.0000000%
59.688024		- 	52.105107		- 	010	020	0009660	 000000008817	0.0000000%
64.278147		- 	52.105717		- 	013	015	0009682	 000000008840	0.0000000%
56.221904		- 	52.107182		- 	008	024	0009708	 000000008863	0.0000000%
52.917812		- 	52.110663		- 	014	016	0009740	 000000008886	0.0000000%
71.442196		- 	52.113367		- 	015	015	0009766	 000000008909	0.0000000%
67.684707		- 	52.114464		- 	010	018	0009777	 000000008933	0.0000000%
56.150162		- 	52.118019		- 	011	020	0009807	 000000008956	0.0000000%
59.842052		- 	52.120049		- 	011	017	0009838	 000000008979	0.0000000%
56.914800		- 	52.120203		- 	014	016	0009853	 000000009003	0.0000000%
65.213800		- 	52.121136		- 	012	018	0009885	 000000009026	0.0000000%
61.003259		- 	52.122064		- 	009	022	0009905	 000000009049	0.0000000%
53.251961		- 	52.122725		- 	013	016	0009933	 000000009072	0.0000000%
60.466327		- 	52.124459		- 	013	022	0009961	 000000009095	0.0000000%
57.357964		- 	52.124586		- 	015	017	0009977	 000000009119	0.0000000%
62.502018		- 	52.129665		- 	016	013	0010009	 000000009142	0.0000000%
53.176404		- 	52.129778		- 	017	012	0010027	 000000009166	0.0000000%
75.273879		- 	52.131973		- 	012	019	0010058	 000000009189	0.0000000%
62.400031		- 	52.133394		- 	012	018	0010083	 000000009212	0.0000000%
63.128724		- 	52.137754		- 	008	021	0010110	 000000009235	0.0000000%
62.591136		- 	52.139053		- 	012	019	0010138	 000000009258	0.0000000%
63.662142		- 	52.139468		- 	014	018	0010153	 000000009282	0.0000000%
62.056082		- 	52.144009		- 	016	011	0010188	 000000009305	0.0000000%
54.263869		- 	52.144982		- 	016	015	0010218	 000000009328	0.0000000%
52.649717		- 	52.145399		- 	014	018	0010233	 000000009352	0.0000000%
62.223180		- 	52.146738		- 	013	017	0010261	 000000009375	0.0000000%
69.139643		- 	52.147797		- 	016	014	0010293	 000000009398	0.0000000%
53.272012		- 	52.148166		- 	008	022	0010302	 000000009422	0.0000000%
64.080523		- 	52.149619		- 	013	019	0010327	 000000009445	0.0000000%
72.392401		- 	52.152419		- 	014	014	0010359	 000000009468	0.0000000%
59.102782		- 	52.155832		- 	012	019	0010385	 000000009491	0.0000000%
56.559468		- 	52.157656		- 	013	019	0010412	 000000009514	0.0000000%
52.452216		- 	52.158347		- 	010	017	0010433	 000000009537	0.0000000%
64.795625		- 	52.158511		- 	012	019	0010457	 000000009560	0.0000000%
55.619632		- 	52.159933		- 	017	016	0010494	 000000009583	0.0000000%
52.322507		- 	52.161186		- 	014	018	0010509	 000000009607	0.0000000%
71.462636		- 	52.161805		- 	017	014	0010540	 000000009630	0.0000000%
54.508025		- 	52.164280		- 	012	018	0010553	 000000009654	0.0000000%
57.788827		- 	52.167528		- 	012	019	0010586	 000000009676	0.0000000%
66.679370		- 	52.168273		- 	013	016	0010614	 000000009699	0.0000000%
57.529541		- 	52.169519		- 	012	018	0010627	 000000009723	0.0000000%
54.381920		- 	52.170378		- 	014	017	0010666	 000000009745	0.0000000%
75.614870		- 	52.170497		- 	012	014	0010679	 000000009769	0.0000000%
53.904831		- 	52.173533		- 	012	020	0010705	 000000009792	0.0000000%
58.663130		- 	52.177667		- 	012	023	0010733	 000000009815	0.0000000%
57.635325		- 	52.182744		- 	013	013	0010761	 000000009838	0.0000000%
62.149102		- 	52.186682		- 	016	017	0010791	 000000009861	0.0000000%
62.590574		- 	52.188461		- 	010	020	0010802	 000000009885	0.0000000%
58.934916		- 	52.192188		- 	015	018	0010830	 000000009908	0.0000000%
67.390010		- 	52.193343		- 	013	018	0010858	 000000009931	0.0000000%
59.195514		- 	52.194708		- 	008	023	0010881	 000000009954	0.0000000%
52.438337		- 	52.198637		- 	013	013	0010910	 000000009977	0.0000000%
53.186560		- 	52.199576		- 	009	022	0010933	 000000010000	0.0000000%
58.375390		- 	52.202398		- 	015	016	0010959	 000000010023	0.0000000%
55.981885		- 	52.207115		- 	014	012	0010989	 000000010046	0.0000000%
55.192041		- 	52.207180		- 	013	018	0011003	 000000010070	0.0000000%
58.153762		- 	52.208437		- 	013	018	0011030	 000000010093	0.0000000%
56.901381		- 	52.208992		- 	005	025	0011052	 000000010116	0.0000000%
62.880779		- 	52.213548		- 	016	013	0011093	 000000010138	0.0000000%
73.614841		- 	52.213721		- 	017	010	0011111	 000000010162	0.0000000%
59.122762		- 	52.215844		- 	010	020	0011133	 000000010185	0.0000000%
56.379739		- 	52.216880		- 	013	017	0011163	 000000010208	0.0000000%
52.836448		- 	52.217785		- 	013	018	0011177	 000000010232	0.0000000%
57.704809		- 	52.218506		- 	014	014	0011207	 000000010255	0.0000000%
53.036252		- 	52.219715		- 	007	025	0011229	 000000010278	0.0000000%
54.099298		- 	52.221417		- 	009	020	0011259	 000000010301	0.0000000%
66.181995		- 	52.224315		- 	015	012	0011290	 000000010324	0.0000000%
52.915823		- 	52.224318		- 	012	017	0011303	 000000010348	0.0000000%
52.318891		- 	52.225030		- 	016	016	0011334	 000000010371	0.0000000%
55.470343		- 	52.226329		- 	008	022	0011352	 000000010394	0.0000000%
62.613829		- 	52.229356		- 	019	014	0011387	 000000010417	0.0000000%
52.331883		- 	52.230500		- 	018	014	0011406	 000000010441	0.0000000%
64.496180		- 	52.232464		- 	015	014	0011437	 000000010464	0.0000000%
59.390223		- 	52.234936		- 	015	012	0011466	 000000010487	0.0000000%
52.852296		- 	52.235499		- 	012	022	0011479	 000000010511	0.0000000%
65.778753		- 	52.236283		- 	018	010	0011512	 000000010534	0.0000000%
62.535255		- 	52.237624		- 	017	014	0011530	 000000010558	0.0000000%
67.412538		- 	52.238217		- 	017	011	0011557	 000000010581	0.0000000%
61.626990		- 	52.238288		- 	020	010	0011588	 000000010604	0.0000000%
65.161542		- 	52.240893		- 	012	014	0011613	 000000010627	0.0000000%
55.899439		- 	52.241076		- 	015	018	0011629	 000000010651	0.0000000%
60.471383		- 	52.241482		- 	015	019	0011658	 000000010674	0.0000000%
69.666316		- 	52.241700		- 	011	018	0011688	 000000010697	0.0000000%
69.698346		- 	52.242910		- 	016	014	0011715	 000000010720	0.0000000%
57.341938		- 	52.243040		- 	012	017	0011728	 000000010744	0.0000000%
68.477716		- 	52.243407		- 	017	010	0011762	 000000010767	0.0000000%
52.588797		- 	52.244416		- 	013	013	0011789	 000000010790	0.0000000%
76.843975		- 	52.244591		- 	016	011	0011806	 000000010814	0.0000000%
52.921341		- 	52.245529		- 	013	016	0011834	 000000010837	0.0000000%
62.601313		- 	52.247098		- 	012	016	0011863	 000000010860	0.0000000%
57.804851		- 	52.247978		- 	018	012	0011893	 000000010883	0.0000000%
57.871783		- 	52.248223		- 	012	017	0011906	 000000010907	0.0000000%
62.152937		- 	52.250781		- 	014	019	0011933	 000000010930	0.0000000%
58.658952		- 	52.252572		- 	016	017	0011966	 000000010953	0.0000000%
76.969698		- 	52.256403		- 	014	016	0011981	 000000010977	0.0000000%
58.650771		- 	52.257378		- 	013	020	0012009	 000000011000	0.0000000%
59.167974		- 	52.258870		- 	009	019	0012028	 000000011023	0.0000000%
62.538719		- 	52.259422		- 	010	019	0012054	 000000011046	0.0000000%
62.917062		- 	52.260227		- 	012	016	0012080	 000000011069	0.0000000%
60.598012		- 	52.263266		- 	015	016	0012108	 000000011092	0.0000000%
66.192903		- 	52.265076		- 	013	015	0012134	 000000011115	0.0000000%
56.735872		- 	52.266428		- 	012	016	0012160	 000000011138	0.0000000%
53.320483		- 	52.266805		- 	012	019	0012183	 000000011161	0.0000000%
62.640878		- 	52.268185		- 	015	016	0012207	 000000011184	0.0000000%
56.955775		- 	52.269375		- 	013	017	0012233	 000000011207	0.0000000%
62.128911		- 	52.270853		- 	010	020	0012255	 000000011230	0.0000000%
74.687181		- 	52.270935		- 	008	020	0012278	 000000011253	0.0000000%
64.367386		- 	52.271722		- 	015	016	0012304	 000000011276	0.0000000%
54.319626		- 	52.274296		- 	014	014	0012332	 000000011299	0.0000000%
74.732182		- 	52.275165		- 	011	016	0012356	 000000011322	0.0000000%
66.911482		- 	52.275637		- 	012	019	0012381	 000000011345	0.0000000%
65.139194		- 	52.276306		- 	010	016	0012406	 000000011368	0.0000000%
67.560300		- 	52.276432		- 	011	018	0012434	 000000011391	0.0000000%
66.246220		- 	52.277932		- 	011	020	0012459	 000000011414	0.0000000%
63.147924		- 	52.279215		- 	012	021	0012486	 000000011437	0.0000000%
64.216509		- 	52.280704		- 	012	021	0012506	 000000011460	0.0000000%
65.267034		- 	52.280760		- 	011	014	0012531	 000000011483	0.0000000%
59.743827		- 	52.281049		- 	010	023	0012554	 000000011506	0.0000000%
62.272594		- 	52.281282		- 	011	019	0012577	 000000011529	0.0000000%
59.211681		- 	52.285077		- 	009	023	0012610	 000000011551	0.0000000%
52.344494		- 	52.285187		- 	019	012	0012630	 000000011575	0.0000000%
52.687278		- 	52.287209		- 	012	018	0012652	 000000011598	0.0000000%
66.072664		- 	52.288647		- 	015	017	0012692	 000000011620	0.0000000%
57.722937		- 	52.289199		- 	021	010	0012714	 000000011644	0.0000000%
61.133392		- 	52.289718		- 	021	011	0012736	 000000011668	0.0000000%
75.713713		- 	52.290007		- 	015	016	0012752	 000000011692	0.0000000%
69.731727		- 	52.291541		- 	015	012	0012787	 000000011715	0.0000000%
60.757634		- 	52.293530		- 	015	014	0012816	 000000011738	0.0000000%
52.546280		- 	52.293924		- 	012	019	0012829	 000000011762	0.0000000%
59.947446		- 	52.295229		- 	016	015	0012857	 000000011785	0.0000000%
65.388573		- 	52.295902		- 	012	018	0012885	 000000011808	0.0000000%
68.696955		- 	52.296434		- 	015	014	0012916	 000000011831	0.0000000%
60.934223		- 	52.296791		- 	014	018	0012931	 000000011855	0.0000000%
66.275300		- 	52.298229		- 	014	019	0012959	 000000011878	0.0000000%
60.458816		- 	52.299775		- 	011	022	0012983	 000000011901	0.0000000%
63.593170		- 	52.302641		- 	016	011	0013018	 000000011924	0.0000000%
66.742058		- 	52.303160		- 	010	017	0013029	 000000011948	0.0000000%
60.265869		- 	52.304485		- 	016	014	0013057	 000000011971	0.0000000%
55.269084		- 	52.306533		- 	017	017	0013087	 000000011994	0.0000000%
73.870398		- 	52.307600		- 	015	012	0013116	 000000012017	0.0000000%
67.438400		- 	52.307621		- 	013	015	0013130	 000000012041	0.0000000%
60.788644		- 	52.308239		- 	018	011	0013159	 000000012064	0.0000000%
58.822872		- 	52.309549		- 	013	023	0013188	 000000012087	0.0000000%
53.418017		- 	52.310221		- 	013	020	0013215	 000000012110	0.0000000%
77.856331		- 	52.310344		- 	013	012	0013229	 000000012134	0.0000000%
75.975584		- 	52.311638		- 	013	017	0013262	 000000012157	0.0000000%
75.457098		- 	52.311647		- 	014	018	0013277	 000000012181	0.0000000%
57.771655		- 	52.313330		- 	011	015	0013303	 000000012204	0.0000000%
60.080944		- 	52.316985		- 	010	021	0013330	 000000012227	0.0000000%
53.741535		- 	52.317959		- 	010	021	0013359	 000000012250	0.0000000%
61.169906		- 	52.318891		- 	017	013	0013392	 000000012273	0.0000000%
57.311333		- 	52.319245		- 	013	020	0013406	 000000012297	0.0000000%
52.969187		- 	52.322507		- 	015	016	0013434	 000000012320	0.0000000%
54.600088		- 	52.325468		- 	014	014	0013463	 000000012343	0.0000000%
62.644271		- 	52.326419		- 	016	015	0013491	 000000012366	0.0000000%
58.597824		- 	52.327083		- 	014	017	0013506	 000000012390	0.0000000%
60.607145		- 	52.329974		- 	017	012	0013541	 000000012413	0.0000000%
52.354302		- 	52.330345		- 	022	007	0013564	 000000012437	0.0000000%
57.807188		- 	52.330864		- 	022	010	0013587	 000000012461	0.0000000%
62.943846		- 	52.331883		- 	019	013	0013607	 000000012485	0.0000000%
53.174841		- 	52.333946		- 	015	016	0013636	 000000012508	0.0000000%
54.817208		- 	52.334097		- 	017	015	0013654	 000000012532	0.0000000%
58.295895		- 	52.335281		- 	010	020	0013686	 000000012555	0.0000000%
66.884129		- 	52.335656		- 	015	015	0013713	 000000012578	0.0000000%
62.631007		- 	52.335779		- 	016	015	0013730	 000000012602	0.0000000%
52.681058		- 	52.336816		- 	015	015	0013759	 000000012625	0.0000000%
66.025009		- 	52.337666		- 	019	013	0013779	 000000012649	0.0000000%
54.881990		- 	52.338399		- 	016	014	0013813	 000000012672	0.0000000%
65.433078		- 	52.338481		- 	013	017	0013827	 000000012696	0.0000000%
61.752138		- 	52.338747		- 	008	020	0013855	 000000012719	0.0000000%
54.163649		- 	52.339694		- 	008	021	0013878	 000000012742	0.0000000%
64.433656		- 	52.341984		- 	016	018	0013915	 000000012764	0.0000000%
58.567533		- 	52.342101		- 	017	014	0013933	 000000012788	0.0000000%
63.008504		- 	52.342409		- 	023	009	0013957	 000000012812	0.0000000%
52.697659		- 	52.342491		- 	019	011	0013977	 000000012836	0.0000000%
53.104054		- 	52.342781		- 	019	009	0014009	 000000012859	0.0000000%
54.499796		- 	52.344228		- 	015	012	0014039	 000000012882	0.0000000%
76.809429		- 	52.344474		- 	015	014	0014055	 000000012906	0.0000000%
62.132662		- 	52.344516		- 	015	013	0014092	 000000012929	0.0000000%
68.546700		- 	52.344655		- 	015	016	0014108	 000000012953	0.0000000%
64.548690		- 	52.345558		- 	014	015	0014134	 000000012976	0.0000000%
60.577382		- 	52.346632		- 	011	020	0014162	 000000012999	0.0000000%
61.337205		- 	52.346897		- 	007	021	0014178	 000000013022	0.0000000%
67.824161		- 	52.348466		- 	014	016	0014210	 000000013045	0.0000000%
59.838980		- 	52.351344		- 	016	012	0014227	 000000013069	0.0000000%
55.523085		- 	52.353351		- 	012	018	0014252	 000000013092	0.0000000%
61.868679		- 	52.353877		- 	013	017	0014278	 000000013115	0.0000000%
52.377695		- 	52.354302		- 	023	006	0014302	 000000013139	0.0000000%
63.048643		- 	52.355414		- 	013	018	0014329	 000000013162	0.0000000%
53.448903		- 	52.356395		- 	011	014	0014359	 000000013185	0.0000000%
74.531879		- 	52.358538		- 	016	016	0014389	 000000013208	0.0000000%
55.342397		- 	52.360115		- 	013	016	0014403	 000000013232	0.0000000%
60.379729		- 	52.362293		- 	012	014	0014434	 000000013255	0.0000000%
63.730744		- 	52.365309		- 	015	012	0014464	 000000013278	0.0000000%
57.597227		- 	52.366366		- 	024	005	0014489	 000000013302	0.0000000%
68.770277		- 	52.366529		- 	017	013	0014507	 000000013326	0.0000000%
67.151929		- 	52.366921		- 	014	017	0014533	 000000013349	0.0000000%
55.307049		- 	52.367761		- 	017	014	0014562	 000000013372	0.0000000%
75.445068		- 	52.368110		- 	014	011	0014577	 000000013396	0.0000000%
52.871973		- 	52.369199		- 	018	015	0014607	 000000013419	0.0000000%
52.671582		- 	52.369442		- 	023	008	0014641	 000000013442	0.0000000%
58.056530		- 	52.372743		- 	015	018	0014657	 000000013466	0.0000000%
63.666227		- 	52.374451		- 	017	012	0014694	 000000013489	0.0000000%
60.264942		- 	52.375422		- 	021	010	0014716	 000000013513	0.0000000%
56.210617		- 	52.375627		- 	014	015	0014731	 000000013537	0.0000000%
54.549959		- 	52.377695		- 	024	005	0014769	 000000013560	0.0000000%
62.490397		- 	52.378347		- 	015	017	0014785	 000000013584	0.0000000%
52.396045		- 	52.378881		- 	019	014	0014805	 000000013608	0.0000000%
53.884709		- 	52.380695		- 	014	016	0014841	 000000013630	0.0000000%
67.053369		- 	52.382235		- 	025	004	0014877	 000000013653	0.0000000%
70.090924		- 	52.382235		- 	025	003	0014877	 000000013678	0.0000000%
59.993180		- 	52.384929		- 	013	016	0014904	 000000013701	0.0000000%
64.386601		- 	52.386131		- 	013	018	0014933	 000000013724	0.0000000%
65.971841		- 	52.386716		- 	012	019	0014961	 000000013747	0.0000000%
59.843319		- 	52.386977		- 	019	012	0014996	 000000013770	0.0000000%
52.626437		- 	52.387006		- 	014	010	0015011	 000000013794	0.0000000%
71.036264		- 	52.387368		- 	015	016	0015027	 000000013818	0.0000000%
54.384132		- 	52.387572		- 	012	016	0015052	 000000013841	0.0000000%
58.648005		- 	52.387693		- 	016	017	0015083	 000000013864	0.0000000%
54.561990		- 	52.389727		- 	025	005	0015120	 000000013887	0.0000000%
79.602236		- 	52.389911		- 	015	010	0015136	 000000013911	0.0000000%
58.118140		- 	52.390203		- 	015	010	0015167	 000000013934	0.0000000%
53.814954		- 	52.390215		- 	026	003	0015194	 000000013958	0.0000000%
64.387036		- 	52.390743		- 	014	017	0015209	 000000013982	0.0000000%
64.176978		- 	52.393398		- 	024	007	0015246	 000000014005	0.0000000%
61.525840		- 	52.394078		- 	013	021	0015260	 000000014029	0.0000000%
66.870880		- 	52.394266		- 	026	005	0015287	 000000014053	0.0000000%
52.717797		- 	52.395897		- 	014	014	0015316	 000000014076	0.0000000%
66.988885		- 	52.395919		- 	014	013	0015331	 000000014100	0.0000000%
57.901522		- 	52.396045		- 	020	013	0015352	 000000014124	0.0000000%
58.505557		- 	52.396613		- 	014	022	0015389	 000000014146	0.0000000%
59.778790		- 	52.396922		- 	012	014	0015411	 000000014169	0.0000000%
56.008249		- 	52.397847		- 	011	021	0015437	 000000014192	0.0000000%
54.778825		- 	52.398039		- 	014	012	0015463	 000000014215	0.0000000%
71.651398		- 	52.398923		- 	010	020	0015487	 000000014238	0.0000000%
56.764042		- 	52.399378		- 	022	011	0015510	 000000014262	0.0000000%
60.238696		- 	52.399667		- 	011	025	0015537	 000000014285	0.0000000%
52.655376		- 	52.400171		- 	027	002	0015565	 000000014309	0.0000000%
65.909797		- 	52.401069		- 	013	019	0015579	 000000014333	0.0000000%
57.176323		- 	52.401815		- 	014	010	0015611	 000000014355	0.0000000%
59.875092		- 	52.402161		- 	018	013	0015630	 000000014379	0.0000000%
73.140400		- 	52.402247		- 	027	004	0015658	 000000014403	0.0000000%
62.727994		- 	52.402722		- 	014	018	0015680	 000000014426	0.0000000%
56.203030		- 	52.403839		- 	015	013	0015712	 000000014449	0.0000000%
54.137257		- 	52.404045		- 	015	018	0015728	 000000014473	0.0000000%

### Final Log ###

Termination Reason: Optimal
OPTIMAL SOLUTION FOUND
Function objective value: 52.422640792857855
Sum of infeasibilities: 0.000021418458006
Sequence: 0 22 19 32 28 21 49 14 44 7 43 11 4 3 9 24 1 31 16 39 37 26 47 48 13 8 38 35 46 29 27 
Solution: 

Number of Resolved Nodes: 16663
Pruned tree percentage: 0.000000000000000%
Computed Tree Percentage: 0.000000000000000%
Total: 0.000000000000000
Time total: 8.691936000000000
Time S.B: 8.630946999999992
Time SOCP: 6.934053000000022
Iterations to incumbent: 15784
Peak Memory Consumption: 69996
#################
Warm Start Time: 0.845478999999930
    init Time: 0.000026000000000
    construct Time: 0.845452999999931
        solve Time: 0.793303999999950
SOCPs solved: 16713
Solvers made: 30
SOCP Internal Iterations: 108615
SOCP Internal Solve Time: 8.378150734000039
SOCP Setup Time: 2.344076856000126
    SOCP Equilibration Time: 0.309586518000007
    SOCP KKT init Time: 1.771952783000189
SOCP initialization Time: 0.013763841000000
SOCP IP Iteration Time: 6.017392445000023
    SOCP KKT Update Time: 2.805962029000003
    SOCP KKT Solve Time: 2.239561248999996

