Use LAH: 0
Use Concorde Feasible Solution improvement: 0
Name: CETSP-50-6
directory: Behdani
option: 2D
OPTION 2D ACTIVATED, Z COORDINATES BECAME 0
Instance Size: 51
Initial Upper Bound: 999.00000000
Average radius size: 0.50000000
Using variable selection rule #1!
Size of the tree: 1.55175266e+64
Raiz: 0 39 10 
Initial root: 0 39 10 
Value of objective function: 3.59613241e+01
SolverStatus: Solved
Solution: 
( 4.04111000e+00, 9.16257000e+00, 0.00000000e+00 )
( 1.50437915e+01, 4.99236589e-01, 0.00000000e+00 )
( 5.77914492e-01, 2.70962905e+00, 0.00000000e+00 )
( 4.04111000e+00, 9.16257000e+00, 0.00000000e+00 )

Not covered in root: 15 19 31 34 29 22 2 16 28 30 7 37 41 17 42 21 12 11 23 5 47 49 27 44 20 8 45 4 1 24 3 50 38 25 43 9 14 46 18 36 13 35 6 40 26 32 48 33 
INFEASIBLE ROOT

Using variable selection rule #1!
F. value	BestUB	        BestLB	        GAP%(I)	        Level	#Uncov	#Solved	 open	        Tree (%)	
40.277844		- 	35.961324		- 	002	033	0000004	 000000000002	0.0000000%
45.590098		- 	42.626161		- 	005	029	0000030	 000000000022	0.0000000%
44.199742		- 	43.319258		- 	006	026	0000055	 000000000043	0.0000000%
65.300721		- 	45.165557		- 	008	019	0000082	 000000000064	0.0000000%
62.828232		- 	45.276584		- 	006	021	0000103	 000000000086	0.0000000%
48.774494		- 	45.446231		- 	004	026	0000127	 000000000107	0.0000000%
53.596592		- 	45.590098		- 	006	031	0000157	 000000000128	0.0000000%
54.191703		- 	45.782249		- 	007	024	0000177	 000000000150	0.0000000%
54.293546		- 	45.878640		- 	007	021	0000209	 000000000171	0.0000000%
56.291330		- 	46.038983		- 	008	022	0000234	 000000000193	0.0000000%
48.605482		- 	46.180765		- 	008	027	0000253	 000000000216	0.0000000%
46.804311		- 	46.369478		- 	008	027	0000284	 000000000237	0.0000000%
51.500903		- 	46.542036		- 	008	028	0000308	 000000000259	0.0000000%
65.156954		- 	46.631091		- 	010	020	0000335	 000000000281	0.0000000%
56.278982		- 	46.719851		- 	007	024	0000358	 000000000303	0.0000000%
50.058576		- 	46.804311		- 	009	026	0000382	 000000000325	0.0000000%
71.949331		- 	46.816450		- 	010	017	0000403	 000000000348	0.0000000%
53.151136		- 	46.856582		- 	009	020	0000432	 000000000370	0.0000000%
65.557724		- 	46.946870		- 	004	030	0000452	 000000000392	0.0000000%
50.931494		- 	47.035158		- 	007	029	0000480	 000000000414	0.0000000%
54.048676		- 	47.133568		- 	008	025	0000509	 000000000436	0.0000000%
52.374015		- 	47.280003		- 	007	026	0000530	 000000000458	0.0000000%
49.636336		- 	47.291485		- 	008	023	0000559	 000000000480	0.0000000%
63.900369		- 	47.368598		- 	011	019	0000578	 000000000503	0.0000000%
52.995853		- 	47.397287		- 	009	023	0000609	 000000000525	0.0000000%
51.053682		- 	47.496219		- 	009	027	0000628	 000000000548	0.0000000%
53.307821		- 	47.579569		- 	010	021	0000656	 000000000570	0.0000000%
56.170050		- 	47.627262		- 	010	023	0000682	 000000000592	0.0000000%
62.089929		- 	47.687917		- 	006	025	0000706	 000000000614	0.0000000%
49.686931		- 	47.762454		- 	010	022	0000737	 000000000636	0.0000000%
63.784813		- 	47.822243		- 	007	022	0000753	 000000000659	0.0000000%
48.286410		- 	47.851578		- 	009	023	0000785	 000000000681	0.0000000%
49.062677		- 	47.918615		- 	010	020	0000811	 000000000703	0.0000000%
58.730719		- 	47.927917		- 	010	024	0000830	 000000000726	0.0000000%
57.773769		- 	47.961872		- 	009	024	0000858	 000000000748	0.0000000%
60.547442		- 	47.966717		- 	010	025	0000882	 000000000771	0.0000000%
56.750362		- 	47.987324		- 	010	019	0000910	 000000000793	0.0000000%
49.367929		- 	48.071975		- 	008	019	0000935	 000000000815	0.0000000%
51.057811		- 	48.084513		- 	007	028	0000954	 000000000838	0.0000000%
48.671473		- 	48.120119		- 	010	024	0000985	 000000000860	0.0000000%
59.769637		- 	48.154344		- 	008	023	0001003	 000000000883	0.0000000%
60.792213		- 	48.177813		- 	011	015	0001031	 000000000905	0.0000000%
60.039285		- 	48.192205		- 	008	028	0001052	 000000000928	0.0000000%
62.670308		- 	48.226067		- 	010	020	0001079	 000000000950	0.0000000%
62.012417		- 	48.248589		- 	010	019	0001109	 000000000972	0.0000000%
66.367889		- 	48.254010		- 	010	017	0001131	 000000000995	0.0000000%
62.166641		- 	48.286410		- 	010	019	0001153	 000000001018	0.0000000%
68.730756		- 	48.348228		- 	008	024	0001183	 000000001040	0.0000000%
49.839534		- 	48.389772		- 	010	022	0001206	 000000001063	0.0000000%
67.437523		- 	48.422693		- 	010	016	0001232	 000000001085	0.0000000%
51.541685		- 	48.435808		- 	008	019	0001253	 000000001108	0.0000000%
60.020952		- 	48.479880		- 	006	021	0001279	 000000001130	0.0000000%
51.233536		- 	48.511201		- 	008	024	0001310	 000000001152	0.0000000%
64.542860		- 	48.530403		- 	012	023	0001335	 000000001175	0.0000000%
51.917113		- 	48.562612		- 	007	022	0001352	 000000001198	0.0000000%
57.064195		- 	48.564255		- 	013	023	0001386	 000000001220	0.0000000%
49.832587		- 	48.575061		- 	011	025	0001406	 000000001243	0.0000000%
55.630316		- 	48.583972		- 	008	029	0001427	 000000001266	0.0000000%
65.149111		- 	48.606853		- 	011	015	0001460	 000000001288	0.0000000%
56.831332		- 	48.640966		- 	011	022	0001487	 000000001310	0.0000000%
54.154001		- 	48.656589		- 	009	024	0001506	 000000001333	0.0000000%
50.130921		- 	48.675136		- 	012	021	0001531	 000000001356	0.0000000%
68.813504		- 	48.692040		- 	008	026	0001559	 000000001378	0.0000000%
58.302252		- 	48.720554		- 	011	018	0001588	 000000001400	0.0000000%
56.276298		- 	48.733233		- 	011	020	0001613	 000000001423	0.0000000%
59.005846		- 	48.754713		- 	011	016	0001635	 000000001446	0.0000000%
48.997342		- 	48.764743		- 	011	020	0001655	 000000001469	0.0000000%
53.176525		- 	48.779674		- 	011	018	0001682	 000000001491	0.0000000%
50.858006		- 	48.798860		- 	009	023	0001705	 000000001514	0.0000000%
51.529083		- 	48.807422		- 	007	024	0001733	 000000001536	0.0000000%
54.739410		- 	48.827922		- 	007	030	0001753	 000000001559	0.0000000%
59.411057		- 	48.845622		- 	012	018	0001785	 000000001581	0.0000000%
64.843195		- 	48.882343		- 	009	017	0001803	 000000001604	0.0000000%
60.140989		- 	48.885596		- 	012	014	0001827	 000000001627	0.0000000%
51.823453		- 	48.887219		- 	012	017	0001852	 000000001650	0.0000000%
57.319015		- 	48.906456		- 	011	019	0001885	 000000001672	0.0000000%
59.073466		- 	48.937745		- 	012	018	0001909	 000000001695	0.0000000%
52.664865		- 	48.953431		- 	009	025	0001931	 000000001718	0.0000000%
55.677791		- 	48.975829		- 	007	025	0001958	 000000001740	0.0000000%
54.281177		- 	48.987323		- 	012	019	0001979	 000000001763	0.0000000%
52.002819		- 	49.011672		- 	009	025	0002010	 000000001785	0.0000000%
53.272708		- 	49.028104		- 	009	024	0002036	 000000001807	0.0000000%
62.072227		- 	49.031551		- 	009	018	0002057	 000000001830	0.0000000%
53.896999		- 	49.047890		- 	008	026	0002085	 000000001852	0.0000000%
67.484104		- 	49.062677		- 	011	016	0002109	 000000001875	0.0000000%
62.554927		- 	49.078912		- 	009	023	0002131	 000000001898	0.0000000%
64.089773		- 	49.094880		- 	008	026	0002157	 000000001920	0.0000000%
57.021338		- 	49.099670		- 	009	027	0002179	 000000001943	0.0000000%
58.036052		- 	49.107378		- 	012	019	0002212	 000000001965	0.0000000%
62.046150		- 	49.118055		- 	010	027	0002237	 000000001988	0.0000000%
68.350679		- 	49.124183		- 	008	024	0002255	 000000002011	0.0000000%
54.644520		- 	49.150651		- 	011	018	0002278	 000000002034	0.0000000%
56.979752		- 	49.171398		- 	013	016	0002313	 000000002056	0.0000000%
49.773637		- 	49.185869		- 	009	021	0002333	 000000002079	0.0000000%
63.179544		- 	49.193528		- 	011	022	0002357	 000000002102	0.0000000%
51.796553		- 	49.200781		- 	009	023	0002380	 000000002125	0.0000000%
61.046698		- 	49.208540		- 	010	020	0002402	 000000002148	0.0000000%
50.368677		- 	49.224675		- 	011	018	0002437	 000000002170	0.0000000%
49.889544		- 	49.241028		- 	008	023	0002458	 000000002193	0.0000000%
67.837508		- 	49.256899		- 	011	018	0002481	 000000002216	0.0000000%
49.679675		- 	49.273679		- 	008	023	0002508	 000000002238	0.0000000%
63.646420		- 	49.287349		- 	010	022	0002528	 000000002261	0.0000000%
52.400987		- 	49.313340		- 	012	021	0002563	 000000002283	0.0000000%
57.237115		- 	49.323472		- 	013	014	0002588	 000000002306	0.0000000%
58.559792		- 	49.327785		- 	012	019	0002611	 000000002329	0.0000000%
55.313167		- 	49.328896		- 	013	020	0002636	 000000002352	0.0000000%
51.555124		- 	49.331999		- 	007	027	0002657	 000000002375	0.0000000%
55.035389		- 	49.346440		- 	009	023	0002681	 000000002398	0.0000000%
58.906703		- 	49.357548		- 	012	018	0002713	 000000002420	0.0000000%
50.871695		- 	49.365933		- 	007	031	0002734	 000000002443	0.0000000%
62.734959		- 	49.383194		- 	009	020	0002754	 000000002466	0.0000000%
66.420616		- 	49.388264		- 	010	019	0002779	 000000002489	0.0000000%
52.760137		- 	49.405598		- 	009	021	0002802	 000000002512	0.0000000%
64.346436		- 	49.426002		- 	008	025	0002833	 000000002534	0.0000000%
51.398169		- 	49.432740		- 	011	018	0002852	 000000002557	0.0000000%
51.092989		- 	49.441569		- 	005	028	0002877	 000000002579	0.0000000%
55.092583		- 	49.446684		- 	010	020	0002909	 000000002601	0.0000000%
66.003357		- 	49.460969		- 	011	016	0002934	 000000002624	0.0000000%
57.879932		- 	49.469717		- 	006	024	0002952	 000000002647	0.0000000%
53.333402		- 	49.480933		- 	012	020	0002977	 000000002670	0.0000000%
53.997269		- 	49.488390		- 	011	026	0003011	 000000002692	0.0000000%
57.416933		- 	49.503289		- 	012	017	0003037	 000000002715	0.0000000%
50.799954		- 	49.504041		- 	012	019	0003058	 000000002738	0.0000000%
56.806732		- 	49.515671		- 	013	017	0003090	 000000002760	0.0000000%
55.691138		- 	49.532132		- 	012	015	0003103	 000000002784	0.0000000%
52.655437		- 	49.562609		- 	010	020	0003136	 000000002806	0.0000000%
57.893289		- 	49.569999		- 	011	021	0003161	 000000002829	0.0000000%
56.412751		- 	49.580294		- 	011	020	0003184	 000000002852	0.0000000%
57.926777		- 	49.595505		- 	010	022	0003205	 000000002875	0.0000000%
52.226080		- 	49.600397		- 	009	023	0003229	 000000002898	0.0000000%
55.102454		- 	49.607332		- 	012	022	0003253	 000000002921	0.0000000%
58.844610		- 	49.614941		- 	013	018	0003286	 000000002943	0.0000000%
60.811048		- 	49.621824		- 	011	015	0003310	 000000002966	0.0000000%
50.227499		- 	49.631815		- 	011	017	0003331	 000000002989	0.0000000%
58.006894		- 	49.637866		- 	010	022	0003352	 000000003012	0.0000000%
62.677481		- 	49.644261		- 	011	016	0003387	 000000003034	0.0000000%
63.536794		- 	49.656657		- 	012	020	0003411	 000000003057	0.0000000%
60.549461		- 	49.665510		- 	007	027	0003433	 000000003080	0.0000000%
54.841097		- 	49.679675		- 	009	022	0003455	 000000003103	0.0000000%
55.330502		- 	49.686931		- 	011	020	0003487	 000000003125	0.0000000%
59.430202		- 	49.689795		- 	007	025	0003503	 000000003148	0.0000000%
60.951385		- 	49.695992		- 	012	013	0003527	 000000003171	0.0000000%
67.912130		- 	49.703191		- 	009	023	0003556	 000000003193	0.0000000%
56.007122		- 	49.705984		- 	010	023	0003581	 000000003216	0.0000000%
59.536054		- 	49.714698		- 	013	014	0003614	 000000003238	0.0000000%
55.081265		- 	49.731182		- 	011	020	0003636	 000000003261	0.0000000%
53.931660		- 	49.732994		- 	012	022	0003663	 000000003284	0.0000000%
59.294038		- 	49.744883		- 	012	020	0003688	 000000003307	0.0000000%
59.901989		- 	49.762813		- 	009	025	0003707	 000000003330	0.0000000%
60.031296		- 	49.767473		- 	013	019	0003735	 000000003353	0.0000000%
59.874520		- 	49.771816		- 	007	020	0003755	 000000003376	0.0000000%
62.662750		- 	49.775567		- 	010	016	0003777	 000000003399	0.0000000%
55.254078		- 	49.781662		- 	013	014	0003803	 000000003422	0.0000000%
54.637728		- 	49.788623		- 	010	024	0003837	 000000003444	0.0000000%
62.695582		- 	49.795593		- 	009	020	0003859	 000000003467	0.0000000%
56.093240		- 	49.798091		- 	009	020	0003880	 000000003490	0.0000000%
57.165289		- 	49.804820		- 	011	026	0003913	 000000003512	0.0000000%
63.683410		- 	49.816219		- 	013	016	0003937	 000000003535	0.0000000%
54.461987		- 	49.826384		- 	006	028	0003956	 000000003558	0.0000000%
54.096769		- 	49.832587		- 	012	021	0003979	 000000003581	0.0000000%
52.269621		- 	49.837852		- 	009	024	0004011	 000000003603	0.0000000%
58.831843		- 	49.842469		- 	012	021	0004036	 000000003626	0.0000000%
56.884415		- 	49.843307		- 	014	018	0004063	 000000003649	0.0000000%
59.577624		- 	49.850063		- 	013	018	0004077	 000000003673	0.0000000%
50.324675		- 	49.858444		- 	011	017	0004113	 000000003695	0.0000000%
55.354455		- 	49.861845		- 	014	018	0004128	 000000003719	0.0000000%
54.083419		- 	49.884753		- 	012	019	0004163	 000000003741	0.0000000%
53.339951		- 	49.891411		- 	012	020	0004186	 000000003764	0.0000000%
54.915787		- 	49.904483		- 	005	027	0004205	 000000003787	0.0000000%
63.768872		- 	49.923422		- 	008	023	0004231	 000000003809	0.0000000%
51.505123		- 	49.931726		- 	010	023	0004257	 000000003832	0.0000000%
60.524437		- 	49.940298		- 	014	018	0004282	 000000003855	0.0000000%
66.107619		- 	49.944266		- 	013	017	0004309	 000000003878	0.0000000%
56.872655		- 	49.952753		- 	011	017	0004328	 000000003901	0.0000000%
53.536074		- 	49.959983		- 	013	021	0004354	 000000003924	0.0000000%
55.037170		- 	49.978843		- 	008	023	0004384	 000000003946	0.0000000%
51.816171		- 	49.987728		- 	013	016	0004407	 000000003969	0.0000000%
68.804533		- 	49.994567		- 	012	012	0004431	 000000003992	0.0000000%
50.627834		- 	49.997759		- 	012	019	0004458	 000000004015	0.0000000%
58.647866		- 	50.000005		- 	008	021	0004485	 000000004037	0.0000000%
55.780414		- 	50.014806		- 	010	019	0004511	 000000004059	0.0000000%
61.509961		- 	50.025209		- 	010	019	0004537	 000000004082	0.0000000%
61.991146		- 	50.026285		- 	012	018	0004563	 000000004105	0.0000000%
73.395270		- 	50.037282		- 	012	017	0004583	 000000004128	0.0000000%
50.559510		- 	50.045248		- 	008	026	0004605	 000000004151	0.0000000%
66.157595		- 	50.050154		- 	010	016	0004627	 000000004174	0.0000000%
51.069175		- 	50.055584		- 	014	016	0004652	 000000004197	0.0000000%
51.834670		- 	50.059535		- 	013	017	0004689	 000000004219	0.0000000%
58.900356		- 	50.066884		- 	012	020	0004711	 000000004242	0.0000000%
67.849075		- 	50.073935		- 	011	023	0004733	 000000004265	0.0000000%
50.771390		- 	50.076632		- 	013	017	0004757	 000000004288	0.0000000%
61.229007		- 	50.082013		- 	008	022	0004777	 000000004311	0.0000000%
53.808666		- 	50.108125		- 	007	022	0004805	 000000004333	0.0000000%
58.595275		- 	50.110026		- 	008	024	0004827	 000000004356	0.0000000%
51.388467		- 	50.118661		- 	010	024	0004861	 000000004378	0.0000000%
68.368617		- 	50.122391		- 	011	017	0004885	 000000004401	0.0000000%
63.541203		- 	50.126223		- 	011	020	0004908	 000000004424	0.0000000%
51.498075		- 	50.128744		- 	008	029	0004930	 000000004447	0.0000000%
50.951296		- 	50.131648		- 	012	022	0004957	 000000004470	0.0000000%
55.426298		- 	50.138179		- 	009	021	0004981	 000000004493	0.0000000%
59.481786		- 	50.141469		- 	011	020	0005002	 000000004516	0.0000000%
60.378864		- 	50.149594		- 	011	023	0005033	 000000004538	0.0000000%
62.535170		- 	50.153161		- 	012	014	0005061	 000000004561	0.0000000%
51.409727		- 	50.155634		- 	007	028	0005077	 000000004584	0.0000000%
53.104561		- 	50.162805		- 	012	017	0005110	 000000004606	0.0000000%
54.975528		- 	50.168856		- 	014	017	0005140	 000000004629	0.0000000%
51.298895		- 	50.169982		- 	012	020	0005153	 000000004653	0.0000000%
59.043109		- 	50.178649		- 	012	014	0005177	 000000004676	0.0000000%
55.677820		- 	50.186425		- 	010	024	0005212	 000000004698	0.0000000%
61.868565		- 	50.192549		- 	010	018	0005235	 000000004721	0.0000000%
61.812253		- 	50.196926		- 	008	021	0005253	 000000004744	0.0000000%
64.714418		- 	50.206799		- 	013	016	0005278	 000000004767	0.0000000%
57.615826		- 	50.210159		- 	012	016	0005314	 000000004789	0.0000000%
73.077581		- 	50.210248		- 	015	016	0005342	 000000004812	0.0000000%
51.555209		- 	50.212700		- 	014	020	0005357	 000000004836	0.0000000%
65.675246		- 	50.216893		- 	010	023	0005384	 000000004859	0.0000000%
56.084695		- 	50.217953		- 	013	018	0005406	 000000004882	0.0000000%
57.456857		- 	50.218647		- 	012	019	0005428	 000000004905	0.0000000%
59.004478		- 	50.223980		- 	010	022	0005462	 000000004927	0.0000000%
66.744384		- 	50.237431		- 	013	019	0005489	 000000004950	0.0000000%
53.837782		- 	50.238423		- 	013	021	0005503	 000000004974	0.0000000%
69.498274		- 	50.247847		- 	010	021	0005527	 000000004997	0.0000000%
51.652098		- 	50.261377		- 	013	018	0005565	 000000005019	0.0000000%
64.870341		- 	50.262139		- 	011	022	0005577	 000000005043	0.0000000%
55.426575		- 	50.265946		- 	010	023	0005609	 000000005065	0.0000000%
60.878330		- 	50.268072		- 	013	016	0005638	 000000005088	0.0000000%
54.431634		- 	50.271616		- 	013	017	0005652	 000000005112	0.0000000%
57.277189		- 	50.276052		- 	013	018	0005678	 000000005135	0.0000000%
57.333623		- 	50.281826		- 	009	024	0005708	 000000005157	0.0000000%
56.057567		- 	50.288697		- 	013	016	0005735	 000000005180	0.0000000%
59.064853		- 	50.289367		- 	012	017	0005759	 000000005203	0.0000000%
60.071056		- 	50.294183		- 	009	029	0005783	 000000005226	0.0000000%
61.699519		- 	50.299506		- 	011	021	0005808	 000000005249	0.0000000%
56.495709		- 	50.307327		- 	008	022	0005830	 000000005272	0.0000000%
53.119278		- 	50.313243		- 	012	019	0005857	 000000005295	0.0000000%
56.563664		- 	50.324315		- 	010	019	0005882	 000000005318	0.0000000%
56.330964		- 	50.326527		- 	011	022	0005907	 000000005341	0.0000000%
63.636579		- 	50.333890		- 	012	018	0005933	 000000005364	0.0000000%
61.989926		- 	50.340406		- 	013	021	0005958	 000000005387	0.0000000%
52.810027		- 	50.342515		- 	009	024	0005980	 000000005410	0.0000000%
50.963200		- 	50.345056		- 	011	022	0006004	 000000005433	0.0000000%
58.412705		- 	50.347205		- 	013	018	0006031	 000000005456	0.0000000%
74.931223		- 	50.356156		- 	012	020	0006062	 000000005478	0.0000000%
61.056486		- 	50.361138		- 	010	020	0006086	 000000005501	0.0000000%
61.581814		- 	50.365057		- 	014	019	0006113	 000000005524	0.0000000%
52.991484		- 	50.365524		- 	014	015	0006128	 000000005548	0.0000000%
50.933527		- 	50.372881		- 	010	019	0006162	 000000005570	0.0000000%
59.179142		- 	50.380560		- 	012	019	0006189	 000000005593	0.0000000%
58.894886		- 	50.381777		- 	010	018	0006211	 000000005616	0.0000000%
56.659801		- 	50.391844		- 	009	021	0006230	 000000005639	0.0000000%
56.260287		- 	50.393499		- 	013	018	0006257	 000000005662	0.0000000%
70.186448		- 	50.398385		- 	009	023	0006279	 000000005685	0.0000000%
65.827527		- 	50.399787		- 	010	021	0006309	 000000005707	0.0000000%
73.134333		- 	50.406257		- 	014	016	0006335	 000000005730	0.0000000%
53.353994		- 	50.412014		- 	014	018	0006360	 000000005753	0.0000000%
51.247168		- 	50.415474		- 	010	020	0006385	 000000005776	0.0000000%
62.138308		- 	50.424770		- 	014	014	0006416	 000000005799	0.0000000%
52.916179		- 	50.430034		- 	013	016	0006440	 000000005822	0.0000000%
59.902171		- 	50.436729		- 	009	022	0006461	 000000005845	0.0000000%
59.675075		- 	50.440996		- 	009	023	0006485	 000000005868	0.0000000%
62.247884		- 	50.442437		- 	011	017	0006512	 000000005891	0.0000000%
55.607190		- 	50.444162		- 	009	025	0006536	 000000005914	0.0000000%
69.094561		- 	50.451936		- 	008	024	0006558	 000000005937	0.0000000%
52.002714		- 	50.452874		- 	012	018	0006582	 000000005960	0.0000000%
52.530649		- 	50.454769		- 	009	023	0006605	 000000005983	0.0000000%
56.560099		- 	50.463971		- 	011	019	0006638	 000000006005	0.0000000%
52.437748		- 	50.469259		- 	013	020	0006652	 000000006029	0.0000000%
55.821821		- 	50.474898		- 	007	026	0006682	 000000006051	0.0000000%
51.758334		- 	50.476658		- 	010	022	0006708	 000000006073	0.0000000%
51.047243		- 	50.478870		- 	008	026	0006727	 000000006096	0.0000000%
57.381015		- 	50.494717		- 	007	023	0006758	 000000006118	0.0000000%
56.357614		- 	50.495137		- 	013	018	0006782	 000000006141	0.0000000%
53.673804		- 	50.496357		- 	008	020	0006802	 000000006164	0.0000000%
53.313457		- 	50.500252		- 	008	026	0006835	 000000006186	0.0000000%
59.359228		- 	50.501522		- 	011	017	0006858	 000000006209	0.0000000%
54.308321		- 	50.504868		- 	011	018	0006882	 000000006232	0.0000000%
68.257774		- 	50.505607		- 	012	017	0006906	 000000006255	0.0000000%
53.919452		- 	50.508946		- 	013	018	0006929	 000000006278	0.0000000%
51.288452		- 	50.512493		- 	011	020	0006953	 000000006301	0.0000000%
54.844660		- 	50.525746		- 	013	018	0006979	 000000006324	0.0000000%
54.653428		- 	50.534963		- 	010	019	0007004	 000000006347	0.0000000%
55.152643		- 	50.541866		- 	013	015	0007038	 000000006369	0.0000000%
51.750441		- 	50.542720		- 	014	020	0007053	 000000006393	0.0000000%
73.902202		- 	50.543963		- 	012	018	0007083	 000000006415	0.0000000%
68.791964		- 	50.545738		- 	011	016	0007110	 000000006438	0.0000000%
51.827796		- 	50.546169		- 	010	020	0007131	 000000006461	0.0000000%
56.031687		- 	50.549650		- 	011	022	0007153	 000000006484	0.0000000%
55.264319		- 	50.550840		- 	014	018	0007191	 000000006506	0.0000000%
54.617393		- 	50.555648		- 	012	022	0007204	 000000006530	0.0000000%
56.185990		- 	50.556579		- 	006	027	0007230	 000000006552	0.0000000%
57.607605		- 	50.562854		- 	011	023	0007252	 000000006575	0.0000000%
63.312704		- 	50.566347		- 	009	021	0007283	 000000006597	0.0000000%
54.713799		- 	50.568369		- 	010	023	0007305	 000000006620	0.0000000%
55.200084		- 	50.576459		- 	013	018	0007340	 000000006642	0.0000000%
57.934705		- 	50.577594		- 	014	012	0007355	 000000006666	0.0000000%
53.676548		- 	50.581090		- 	010	023	0007380	 000000006689	0.0000000%
72.352958		- 	50.586960		- 	007	021	0007403	 000000006712	0.0000000%
58.998176		- 	50.592158		- 	015	017	0007436	 000000006735	0.0000000%
58.018107		- 	50.594563		- 	007	024	0007454	 000000006758	0.0000000%
56.084664		- 	50.596090		- 	013	022	0007478	 000000006781	0.0000000%
62.435951		- 	50.597265		- 	010	024	0007502	 000000006804	0.0000000%
50.850426		- 	50.598271		- 	010	025	0007528	 000000006827	0.0000000%
60.042181		- 	50.598934		- 	011	016	0007552	 000000006850	0.0000000%
55.536031		- 	50.601758		- 	013	018	0007579	 000000006873	0.0000000%
61.174029		- 	50.601827		- 	014	014	0007604	 000000006896	0.0000000%
51.253214		- 	50.604588		- 	013	017	0007630	 000000006919	0.0000000%
60.156422		- 	50.607268		- 	012	019	0007663	 000000006941	0.0000000%
58.597149		- 	50.609164		- 	009	021	0007681	 000000006964	0.0000000%
58.723783		- 	50.615714		- 	009	024	0007702	 000000006987	0.0000000%
69.198544		- 	50.621323		- 	013	019	0007737	 000000007009	0.0000000%
51.889628		- 	50.622984		- 	009	023	0007760	 000000007032	0.0000000%
53.613091		- 	50.625548		- 	007	026	0007782	 000000007055	0.0000000%
61.173202		- 	50.626490		- 	014	017	0007810	 000000007078	0.0000000%
56.612106		- 	50.627834		- 	013	017	0007836	 000000007101	0.0000000%
54.626927		- 	50.644168		- 	008	025	0007857	 000000007124	0.0000000%
67.532558		- 	50.646091		- 	012	020	0007886	 000000007147	0.0000000%
51.760300		- 	50.648842		- 	005	032	0007904	 000000007170	0.0000000%
69.097140		- 	50.650534		- 	011	024	0007927	 000000007193	0.0000000%
51.128101		- 	50.658072		- 	011	021	0007963	 000000007215	0.0000000%
52.511723		- 	50.659170		- 	013	018	0007977	 000000007239	0.0000000%
53.119828		- 	50.668086		- 	011	020	0008002	 000000007262	0.0000000%
51.203113		- 	50.670206		- 	009	027	0008027	 000000007285	0.0000000%
59.134812		- 	50.673094		- 	014	019	0008056	 000000007308	0.0000000%
60.810086		- 	50.681672		- 	013	015	0008084	 000000007331	0.0000000%
59.189721		- 	50.686256		- 	013	019	0008109	 000000007354	0.0000000%
57.132758		- 	50.692041		- 	011	019	0008130	 000000007377	0.0000000%
55.132963		- 	50.698115		- 	011	022	0008160	 000000007399	0.0000000%
73.423776		- 	50.699744		- 	012	018	0008186	 000000007422	0.0000000%
59.395804		- 	50.702251		- 	011	012	0008213	 000000007445	0.0000000%
65.271953		- 	50.708455		- 	013	021	0008239	 000000007468	0.0000000%
59.030281		- 	50.712111		- 	012	017	0008262	 000000007491	0.0000000%
52.264902		- 	50.715814		- 	009	027	0008282	 000000007514	0.0000000%
68.472322		- 	50.720142		- 	012	018	0008307	 000000007537	0.0000000%
55.366287		- 	50.721973		- 	009	019	0008331	 000000007560	0.0000000%
59.975885		- 	50.727691		- 	011	019	0008355	 000000007583	0.0000000%
68.287568		- 	50.732465		- 	015	012	0008391	 000000007605	0.0000000%
57.391245		- 	50.734612		- 	013	020	0008405	 000000007629	0.0000000%
54.447763		- 	50.737878		- 	009	026	0008431	 000000007651	0.0000000%
66.786261		- 	50.744113		- 	014	018	0008458	 000000007674	0.0000000%
56.489783		- 	50.749239		- 	014	016	0008482	 000000007697	0.0000000%
54.591501		- 	50.750672		- 	010	019	0008503	 000000007720	0.0000000%
55.378397		- 	50.754772		- 	012	017	0008539	 000000007742	0.0000000%
63.701027		- 	50.756279		- 	014	015	0008554	 000000007766	0.0000000%
61.665498		- 	50.757181		- 	008	019	0008577	 000000007789	0.0000000%
54.097045		- 	50.758521		- 	013	019	0008614	 000000007811	0.0000000%
52.290520		- 	50.758845		- 	015	016	0008630	 000000007835	0.0000000%
60.328168		- 	50.760047		- 	011	014	0008653	 000000007858	0.0000000%
51.152864		- 	50.763186		- 	014	019	0008687	 000000007880	0.0000000%
51.777638		- 	50.764249		- 	014	018	0008702	 000000007904	0.0000000%
55.897369		- 	50.766875		- 	008	022	0008735	 000000007926	0.0000000%
66.242326		- 	50.767554		- 	012	023	0008760	 000000007949	0.0000000%
65.413575		- 	50.768831		- 	013	019	0008788	 000000007972	0.0000000%
53.807141		- 	50.768932		- 	013	017	0008802	 000000007996	0.0000000%
52.945390		- 	50.771390		- 	014	017	0008832	 000000008019	0.0000000%
58.123083		- 	50.771960		- 	014	020	0008862	 000000008042	0.0000000%
51.332109		- 	50.775267		- 	006	025	0008877	 000000008065	0.0000000%
67.185275		- 	50.784184		- 	012	018	0008905	 000000008088	0.0000000%
56.533372		- 	50.786243		- 	010	024	0008930	 000000008111	0.0000000%
55.208171		- 	50.788209		- 	012	018	0008954	 000000008134	0.0000000%
63.469501		- 	50.796438		- 	010	021	0008986	 000000008156	0.0000000%
64.596356		- 	50.796491		- 	014	016	0009011	 000000008179	0.0000000%
59.632166		- 	50.799954		- 	013	017	0009033	 000000008202	0.0000000%
70.967306		- 	50.800579		- 	011	021	0009057	 000000008225	0.0000000%
59.247756		- 	50.802911		- 	012	017	0009077	 000000008248	0.0000000%
64.901350		- 	50.803054		- 	010	016	0009103	 000000008271	0.0000000%
60.341350		- 	50.809923		- 	011	021	0009138	 000000008293	0.0000000%
59.647395		- 	50.810134		- 	014	015	0009153	 000000008317	0.0000000%
54.673957		- 	50.812676		- 	012	017	0009177	 000000008340	0.0000000%
55.011239		- 	50.815750		- 	016	011	0009216	 000000008362	0.0000000%
58.591743		- 	50.817270		- 	011	020	0009228	 000000008386	0.0000000%
65.678064		- 	50.821076		- 	012	024	0009255	 000000008409	0.0000000%
65.432252		- 	50.822829		- 	008	025	0009277	 000000008432	0.0000000%
58.999224		- 	50.823059		- 	015	011	0009305	 000000008455	0.0000000%
70.945489		- 	50.826396		- 	012	020	0009329	 000000008478	0.0000000%
52.236414		- 	50.828886		- 	014	014	0009366	 000000008500	0.0000000%
57.222568		- 	50.833545		- 	013	019	0009380	 000000008524	0.0000000%
64.924176		- 	50.835144		- 	014	020	0009409	 000000008547	0.0000000%
59.283124		- 	50.836922		- 	012	017	0009434	 000000008570	0.0000000%
56.787839		- 	50.843276		- 	011	018	0009461	 000000008593	0.0000000%
56.102202		- 	50.846626		- 	009	027	0009484	 000000008616	0.0000000%
54.397424		- 	50.850426		- 	011	021	0009510	 000000008639	0.0000000%
64.722333		- 	50.855143		- 	013	014	0009537	 000000008662	0.0000000%
51.672622		- 	50.856898		- 	015	015	0009553	 000000008686	0.0000000%
56.071406		- 	50.863207		- 	008	030	0009584	 000000008708	0.0000000%
60.059918		- 	50.871564		- 	013	018	0009612	 000000008731	0.0000000%
53.525738		- 	50.871616		- 	015	013	0009628	 000000008755	0.0000000%
62.820083		- 	50.876225		- 	011	017	0009657	 000000008777	0.0000000%
51.413532		- 	50.878118		- 	014	016	0009680	 000000008800	0.0000000%
58.123724		- 	50.879644		- 	013	018	0009709	 000000008823	0.0000000%
70.204507		- 	50.883708		- 	013	017	0009735	 000000008846	0.0000000%
54.150632		- 	50.888788		- 	012	019	0009758	 000000008869	0.0000000%
64.532114		- 	50.892852		- 	012	020	0009781	 000000008892	0.0000000%
52.331543		- 	50.897655		- 	011	020	0009813	 000000008914	0.0000000%
52.534869		- 	50.902218		- 	011	021	0009838	 000000008937	0.0000000%
54.475462		- 	50.903435		- 	015	017	0009854	 000000008961	0.0000000%
69.656804		- 	50.907853		- 	012	019	0009888	 000000008983	0.0000000%
52.876937		- 	50.908173		- 	013	023	0009902	 000000009007	0.0000000%
51.145471		- 	50.916550		- 	006	022	0009928	 000000009029	0.0000000%
51.304977		- 	50.919256		- 	012	017	0009957	 000000009051	0.0000000%
58.044921		- 	50.920355		- 	008	021	0009980	 000000009074	0.0000000%
62.322329		- 	50.922632		- 	012	021	0010007	 000000009097	0.0000000%
62.410778		- 	50.926027		- 	010	022	0010037	 000000009119	0.0000000%
58.735442		- 	50.927088		- 	014	016	0010064	 000000009142	0.0000000%
59.951817		- 	50.927592		- 	014	013	0010079	 000000009166	0.0000000%
61.512533		- 	50.928392		- 	012	023	0010107	 000000009189	0.0000000%
54.337762		- 	50.931494		- 	008	028	0010131	 000000009212	0.0000000%
62.228166		- 	50.934057		- 	014	020	0010158	 000000009235	0.0000000%
74.293099		- 	50.934851		- 	012	018	0010184	 000000009258	0.0000000%
53.428990		- 	50.938473		- 	011	016	0010204	 000000009281	0.0000000%
64.647667		- 	50.943363		- 	013	015	0010231	 000000009304	0.0000000%
71.193928		- 	50.944353		- 	008	027	0010255	 000000009327	0.0000000%
52.581097		- 	50.946733		- 	011	017	0010283	 000000009350	0.0000000%
52.838159		- 	50.947654		- 	011	019	0010305	 000000009373	0.0000000%
60.723168		- 	50.950174		- 	013	019	0010334	 000000009396	0.0000000%
67.636763		- 	50.951296		- 	013	018	0010361	 000000009419	0.0000000%
54.424410		- 	50.954035		- 	009	021	0010382	 000000009442	0.0000000%
56.037150		- 	50.956603		- 	010	020	0010408	 000000009465	0.0000000%
55.535912		- 	50.959036		- 	011	020	0010435	 000000009487	0.0000000%
52.260967		- 	50.960846		- 	010	026	0010458	 000000009510	0.0000000%
56.828933		- 	50.962157		- 	012	019	0010482	 000000009533	0.0000000%
69.144770		- 	50.963200		- 	012	019	0010506	 000000009556	0.0000000%
55.787720		- 	50.970100		- 	014	013	0010536	 000000009579	0.0000000%
59.627539		- 	50.976317		- 	013	019	0010565	 000000009602	0.0000000%
51.417343		- 	50.977466		- 	012	017	0010589	 000000009625	0.0000000%
62.352841		- 	50.978626		- 	013	017	0010603	 000000009649	0.0000000%
56.274844		- 	50.980387		- 	010	021	0010629	 000000009672	0.0000000%
55.425956		- 	50.982874		- 	017	016	0010658	 000000009695	0.0000000%
56.196092		- 	50.983470		- 	011	023	0010688	 000000009717	0.0000000%
60.530166		- 	50.985921		- 	010	017	0010712	 000000009740	0.0000000%
54.140303		- 	50.986036		- 	013	016	0010738	 000000009763	0.0000000%
59.026475		- 	50.989220		- 	013	018	0010764	 000000009786	0.0000000%
54.615056		- 	50.990401		- 	016	012	0010792	 000000009809	0.0000000%
63.127884		- 	50.997787		- 	013	015	0010806	 000000009833	0.0000000%
55.975382		- 	51.002161		- 	011	021	0010828	 000000009856	0.0000000%
57.535289		- 	51.003355		- 	012	021	0010856	 000000009879	0.0000000%
69.556649		- 	51.010796		- 	014	013	0010883	 000000009902	0.0000000%
53.751322		- 	51.013038		- 	011	021	0010908	 000000009925	0.0000000%
57.069036		- 	51.016271		- 	010	025	0010933	 000000009948	0.0000000%
62.847221		- 	51.022811		- 	008	028	0010955	 000000009971	0.0000000%
53.240487		- 	51.027247		- 	014	015	0010981	 000000009994	0.0000000%
62.600049		- 	51.030175		- 	014	016	0011007	 000000010017	0.0000000%
61.616850		- 	51.032966		- 	014	020	0011032	 000000010040	0.0000000%
60.630785		- 	51.034340		- 	012	020	0011058	 000000010063	0.0000000%
59.059300		- 	51.035136		- 	012	024	0011088	 000000010086	0.0000000%
57.082686		- 	51.040347		- 	008	026	0011109	 000000010109	0.0000000%
55.169252		- 	51.044135		- 	010	022	0011136	 000000010132	0.0000000%
56.403424		- 	51.044959		- 	011	021	0011160	 000000010155	0.0000000%
72.412558		- 	51.046966		- 	016	010	0011177	 000000010179	0.0000000%
54.894045		- 	51.047243		- 	009	025	0011204	 000000010202	0.0000000%
54.373150		- 	51.047440		- 	013	020	0011230	 000000010225	0.0000000%
59.419955		- 	51.051366		- 	010	024	0011252	 000000010248	0.0000000%
51.739541		- 	51.052038		- 	013	019	0011280	 000000010271	0.0000000%
60.424734		- 	51.054499		- 	012	017	0011304	 000000010294	0.0000000%
64.791196		- 	51.056384		- 	013	019	0011330	 000000010317	0.0000000%
56.532663		- 	51.063783		- 	012	019	0011364	 000000010339	0.0000000%
58.972077		- 	51.069175		- 	015	015	0011390	 000000010362	0.0000000%
51.422238		- 	51.069946		- 	011	022	0011402	 000000010386	0.0000000%
56.261268		- 	51.074143		- 	008	031	0011431	 000000010408	0.0000000%
51.820389		- 	51.077270		- 	012	022	0011453	 000000010431	0.0000000%
52.872811		- 	51.082693		- 	011	019	0011487	 000000010453	0.0000000%
61.368582		- 	51.083039		- 	009	023	0011511	 000000010476	0.0000000%
65.874528		- 	51.084937		- 	006	026	0011527	 000000010499	0.0000000%
64.484317		- 	51.090990		- 	015	015	0011567	 000000010521	0.0000000%
57.474260		- 	51.091384		- 	012	018	0011580	 000000010545	0.0000000%
54.502395		- 	51.093056		- 	012	016	0011614	 000000010567	0.0000000%
60.971427		- 	51.095086		- 	012	018	0011627	 000000010591	0.0000000%
57.056612		- 	51.104486		- 	012	016	0011653	 000000010614	0.0000000%
59.391841		- 	51.106562		- 	012	012	0011689	 000000010636	0.0000000%
52.206453		- 	51.107409		- 	013	017	0011715	 000000010659	0.0000000%
58.561757		- 	51.108075		- 	010	020	0011737	 000000010682	0.0000000%
52.697862		- 	51.111924		- 	016	012	0011766	 000000010705	0.0000000%
58.004253		- 	51.115056		- 	013	016	0011780	 000000010729	0.0000000%
51.469802		- 	51.117227		- 	012	020	0011802	 000000010752	0.0000000%
56.374806		- 	51.118977		- 	008	025	0011833	 000000010774	0.0000000%
53.366508		- 	51.119875		- 	009	024	0011858	 000000010797	0.0000000%
67.504368		- 	51.121212		- 	009	018	0011878	 000000010820	0.0000000%
52.745133		- 	51.123557		- 	015	017	0011906	 000000010843	0.0000000%
74.507452		- 	51.125440		- 	012	017	0011933	 000000010866	0.0000000%
58.514661		- 	51.131189		- 	015	016	0011962	 000000010889	0.0000000%
70.460170		- 	51.139362		- 	014	016	0011985	 000000010912	0.0000000%
64.358526		- 	51.141088		- 	011	019	0012011	 000000010935	0.0000000%
53.921534		- 	51.141853		- 	010	024	0012031	 000000010958	0.0000000%
52.217453		- 	51.145208		- 	012	019	0012063	 000000010980	0.0000000%
67.985099		- 	51.145868		- 	014	014	0012086	 000000011003	0.0000000%
52.248846		- 	51.147543		- 	014	016	0012116	 000000011026	0.0000000%
53.978231		- 	51.149152		- 	012	018	0012129	 000000011050	0.0000000%
53.944708		- 	51.152573		- 	010	024	0012160	 000000011072	0.0000000%
52.064982		- 	51.153207		- 	012	018	0012189	 000000011095	0.0000000%
51.693917		- 	51.155398		- 	014	013	0012204	 000000011119	0.0000000%
59.955034		- 	51.156950		- 	012	020	0012228	 000000011142	0.0000000%
56.165277		- 	51.160689		- 	012	019	0012255	 000000011165	0.0000000%
52.782806		- 	51.161126		- 	013	017	0012281	 000000011188	0.0000000%
52.462839		- 	51.165248		- 	011	021	0012306	 000000011211	0.0000000%
63.103178		- 	51.166731		- 	012	017	0012335	 000000011234	0.0000000%
58.107307		- 	51.167751		- 	010	024	0012358	 000000011257	0.0000000%
56.482480		- 	51.167936		- 	013	018	0012387	 000000011280	0.0000000%
52.275083		- 	51.174492		- 	014	018	0012416	 000000011303	0.0000000%
60.394971		- 	51.175841		- 	013	019	0012439	 000000011326	0.0000000%
51.519586		- 	51.176507		- 	012	018	0012452	 000000011350	0.0000000%
54.841986		- 	51.177705		- 	014	020	0012480	 000000011373	0.0000000%
56.001655		- 	51.184191		- 	015	016	0012511	 000000011396	0.0000000%
51.794430		- 	51.186338		- 	010	022	0012537	 000000011419	0.0000000%
54.064139		- 	51.190835		- 	015	017	0012566	 000000011442	0.0000000%
64.529370		- 	51.191058		- 	014	013	0012581	 000000011466	0.0000000%
72.341821		- 	51.192688		- 	014	020	0012611	 000000011489	0.0000000%
68.426160		- 	51.196906		- 	010	018	0012632	 000000011512	0.0000000%
67.364645		- 	51.201291		- 	013	019	0012659	 000000011535	0.0000000%
70.287304		- 	51.201673		- 	011	020	0012682	 000000011558	0.0000000%
52.026904		- 	51.202381		- 	010	024	0012706	 000000011581	0.0000000%
58.395961		- 	51.202886		- 	013	015	0012728	 000000011604	0.0000000%
54.239197		- 	51.204398		- 	008	029	0012756	 000000011626	0.0000000%
67.315499		- 	51.204949		- 	012	018	0012782	 000000011649	0.0000000%
57.096232		- 	51.211359		- 	008	025	0012803	 000000011672	0.0000000%
51.564943		- 	51.213988		- 	011	017	0012827	 000000011695	0.0000000%
57.721339		- 	51.214404		- 	017	012	0012863	 000000011718	0.0000000%
59.286956		- 	51.215342		- 	014	018	0012878	 000000011742	0.0000000%
58.593547		- 	51.216541		- 	013	015	0012903	 000000011765	0.0000000%
73.973540		- 	51.217585		- 	010	021	0012929	 000000011788	0.0000000%
52.271875		- 	51.220260		- 	013	024	0012965	 000000011810	0.0000000%
52.303531		- 	51.221081		- 	014	014	0012980	 000000011834	0.0000000%
66.591762		- 	51.221552		- 	011	018	0013006	 000000011857	0.0000000%
54.487711		- 	51.222162		- 	007	026	0013027	 000000011880	0.0000000%
58.313360		- 	51.227301		- 	008	023	0013060	 000000011902	0.0000000%
70.239693		- 	51.231616		- 	012	017	0013086	 000000011925	0.0000000%
53.317803		- 	51.233978		- 	006	032	0013103	 000000011948	0.0000000%
54.358189		- 	51.239050		- 	011	021	0013138	 000000011970	0.0000000%
56.066895		- 	51.239177		- 	014	018	0013164	 000000011993	0.0000000%
52.449478		- 	51.239320		- 	014	016	0013179	 000000012017	0.0000000%
62.502874		- 	51.239447		- 	014	014	0013204	 000000012040	0.0000000%
60.293246		- 	51.244337		- 	015	020	0013242	 000000012062	0.0000000%
59.266952		- 	51.245032		- 	014	014	0013265	 000000012085	0.0000000%
54.792966		- 	51.245144		- 	013	021	0013279	 000000012109	0.0000000%
60.377311		- 	51.248766		- 	009	029	0013310	 000000012131	0.0000000%
64.378068		- 	51.249226		- 	013	015	0013337	 000000012154	0.0000000%
53.100209		- 	51.250381		- 	008	025	0013357	 000000012177	0.0000000%
52.573724		- 	51.254724		- 	011	019	0013384	 000000012200	0.0000000%
55.687948		- 	51.255241		- 	012	020	0013410	 000000012223	0.0000000%
56.404803		- 	51.257581		- 	011	022	0013433	 000000012246	0.0000000%
66.732353		- 	51.258554		- 	008	021	0013456	 000000012269	0.0000000%
66.752490		- 	51.260217		- 	013	023	0013489	 000000012291	0.0000000%
52.854412		- 	51.261726		- 	016	013	0013506	 000000012315	0.0000000%
51.593368		- 	51.263491		- 	007	021	0013527	 000000012338	0.0000000%
57.029132		- 	51.264622		- 	011	020	0013562	 000000012360	0.0000000%
74.429123		- 	51.265215		- 	014	015	0013577	 000000012384	0.0000000%
52.654853		- 	51.268691		- 	015	011	0013608	 000000012407	0.0000000%
54.524372		- 	51.269517		- 	011	017	0013635	 000000012430	0.0000000%
58.806877		- 	51.270479		- 	012	018	0013664	 000000012453	0.0000000%
52.784259		- 	51.273048		- 	014	017	0013689	 000000012476	0.0000000%
57.304727		- 	51.274665		- 	011	017	0013713	 000000012499	0.0000000%
70.257241		- 	51.279256		- 	014	012	0013738	 000000012522	0.0000000%
62.080400		- 	51.279650		- 	014	019	0013753	 000000012546	0.0000000%
53.925860		- 	51.282442		- 	009	022	0013786	 000000012568	0.0000000%
55.717250		- 	51.284481		- 	012	020	0013808	 000000012591	0.0000000%
64.864438		- 	51.285248		- 	008	019	0013831	 000000012614	0.0000000%
65.827645		- 	51.287610		- 	017	011	0013867	 000000012637	0.0000000%
54.005206		- 	51.288452		- 	012	019	0013880	 000000012661	0.0000000%
51.554696		- 	51.291071		- 	009	024	0013903	 000000012684	0.0000000%
76.095540		- 	51.292499		- 	011	017	0013928	 000000012707	0.0000000%
51.748092		- 	51.295939		- 	014	020	0013956	 000000012730	0.0000000%
59.585658		- 	51.296626		- 	016	017	0013987	 000000012753	0.0000000%
63.012614		- 	51.299077		- 	015	013	0014017	 000000012776	0.0000000%
51.534589		- 	51.301989		- 	012	018	0014030	 000000012800	0.0000000%
53.401720		- 	51.304963		- 	014	017	0014066	 000000012822	0.0000000%
60.361914		- 	51.304977		- 	013	016	0014080	 000000012846	0.0000000%
55.015132		- 	51.307080		- 	010	024	0014107	 000000012869	0.0000000%
62.247996		- 	51.308408		- 	010	023	0014129	 000000012892	0.0000000%
64.253403		- 	51.310742		- 	014	018	0014155	 000000012915	0.0000000%
67.697460		- 	51.314344		- 	010	019	0014178	 000000012938	0.0000000%
51.827706		- 	51.319760		- 	010	023	0014204	 000000012961	0.0000000%
54.731912		- 	51.321406		- 	014	015	0014229	 000000012984	0.0000000%
63.080872		- 	51.321864		- 	014	015	0014259	 000000013007	0.0000000%
61.540641		- 	51.325132		- 	014	015	0014290	 000000013030	0.0000000%
55.268341		- 	51.325421		- 	013	017	0014304	 000000013054	0.0000000%
56.698489		- 	51.326505		- 	013	020	0014340	 000000013076	0.0000000%
53.379773		- 	51.331490		- 	004	029	0014354	 000000013099	0.0000000%
58.377067		- 	51.333025		- 	011	024	0014385	 000000013121	0.0000000%
52.602386		- 	51.333770		- 	007	024	0014409	 000000013144	0.0000000%
68.469714		- 	51.337246		- 	010	023	0014429	 000000013167	0.0000000%
68.105344		- 	51.338143		- 	015	016	0014462	 000000013190	0.0000000%
67.855215		- 	51.339172		- 	012	023	0014485	 000000013213	0.0000000%
57.795552		- 	51.341327		- 	011	021	0014513	 000000013236	0.0000000%
64.581002		- 	51.342655		- 	009	025	0014533	 000000013259	0.0000000%
61.286399		- 	51.343177		- 	009	019	0014556	 000000013282	0.0000000%
53.697172		- 	51.344481		- 	014	016	0014588	 000000013305	0.0000000%
63.932156		- 	51.344753		- 	014	014	0014603	 000000013329	0.0000000%
59.765520		- 	51.346822		- 	015	013	0014640	 000000013351	0.0000000%
63.854009		- 	51.347519		- 	014	012	0014655	 000000013375	0.0000000%
61.621112		- 	51.348642		- 	010	022	0014681	 000000013398	0.0000000%
71.598367		- 	51.350462		- 	014	021	0014712	 000000013421	0.0000000%
58.664565		- 	51.352660		- 	009	024	0014736	 000000013444	0.0000000%
57.122352		- 	51.353750		- 	012	015	0014759	 000000013467	0.0000000%
64.027054		- 	51.355635		- 	015	018	0014790	 000000013490	0.0000000%
52.102070		- 	51.356018		- 	013	015	0014804	 000000013514	0.0000000%
52.241347		- 	51.359468		- 	013	021	0014831	 000000013537	0.0000000%
62.404373		- 	51.362451		- 	011	017	0014857	 000000013560	0.0000000%
63.015375		- 	51.364210		- 	013	019	0014883	 000000013583	0.0000000%
74.091928		- 	51.368109		- 	013	017	0014909	 000000013606	0.0000000%
51.920897		- 	51.368770		- 	011	019	0014934	 000000013629	0.0000000%
54.183872		- 	51.370265		- 	015	013	0014965	 000000013652	0.0000000%
61.166983		- 	51.371623		- 	015	014	0014981	 000000013676	0.0000000%
75.984695		- 	51.374165		- 	014	019	0015011	 000000013699	0.0000000%
54.913368		- 	51.374724		- 	015	014	0015027	 000000013723	0.0000000%
63.471938		- 	51.375159		- 	014	017	0015057	 000000013746	0.0000000%
75.082522		- 	51.376564		- 	013	021	0015083	 000000013769	0.0000000%
75.482958		- 	51.377354		- 	018	007	0015110	 000000013792	0.0000000%
51.797750		- 	51.377450		- 	018	009	0015129	 000000013816	0.0000000%
64.125659		- 	51.382036		- 	018	015	0015169	 000000013838	0.0000000%
62.065744		- 	51.382131		- 	018	015	0015188	 000000013862	0.0000000%
67.086631		- 	51.382371		- 	011	018	0015211	 000000013885	0.0000000%
58.637472		- 	51.383443		- 	014	016	0015237	 000000013908	0.0000000%
59.940722		- 	51.386103		- 	013	018	0015263	 000000013931	0.0000000%
57.596488		- 	51.386820		- 	015	013	0015279	 000000013955	0.0000000%
52.838356		- 	51.388583		- 	012	019	0015304	 000000013978	0.0000000%
52.897559		- 	51.392072		- 	014	018	0015331	 000000014001	0.0000000%
56.195322		- 	51.393626		- 	015	014	0015358	 000000014024	0.0000000%
51.946417		- 	51.394550		- 	013	013	0015381	 000000014047	0.0000000%
61.938463		- 	51.396264		- 	012	017	0015409	 000000014070	0.0000000%
62.249283		- 	51.397699		- 	011	020	0015431	 000000014093	0.0000000%
66.943288		- 	51.398838		- 	009	019	0015454	 000000014116	0.0000000%
58.356052		- 	51.400830		- 	011	020	0015488	 000000014138	0.0000000%
65.279925		- 	51.401565		- 	011	016	0015511	 000000014161	0.0000000%
57.098389		- 	51.404968		- 	011	022	0015538	 000000014184	0.0000000%
57.611513		- 	51.407289		- 	012	025	0015562	 000000014207	0.0000000%
52.778992		- 	51.409727		- 	008	027	0015580	 000000014230	0.0000000%
62.027549		- 	51.411540		- 	014	019	0015607	 000000014253	0.0000000%
75.133154		- 	51.412536		- 	013	015	0015633	 000000014276	0.0000000%
55.574767		- 	51.413817		- 	017	011	0015667	 000000014299	0.0000000%
59.526117		- 	51.414339		- 	011	017	0015679	 000000014323	0.0000000%
51.742468		- 	51.414712		- 	012	019	0015706	 000000014346	0.0000000%
64.529064		- 	51.416714		- 	011	027	0015732	 000000014369	0.0000000%
58.110804		- 	51.417343		- 	013	016	0015753	 000000014392	0.0000000%
52.200395		- 	51.419334		- 	009	021	0015778	 000000014415	0.0000000%
52.190016		- 	51.420996		- 	010	021	0015804	 000000014438	0.0000000%
58.954101		- 	51.422238		- 	012	018	0015834	 000000014461	0.0000000%
61.966959		- 	51.424435		- 	013	016	0015859	 000000014484	0.0000000%
69.827109		- 	51.426566		- 	012	019	0015885	 000000014507	0.0000000%
52.746823		- 	51.427662		- 	011	016	0015909	 000000014530	0.0000000%
68.798636		- 	51.429640		- 	014	017	0015937	 000000014553	0.0000000%
58.745046		- 	51.430792		- 	014	018	0015952	 000000014577	0.0000000%
52.194796		- 	51.431646		- 	012	019	0015988	 000000014599	0.0000000%
55.494481		- 	51.437176		- 	011	029	0016009	 000000014622	0.0000000%
63.437864		- 	51.440784		- 	009	023	0016034	 000000014645	0.0000000%
63.598397		- 	51.441625		- 	011	016	0016056	 000000014668	0.0000000%
58.682212		- 	51.442573		- 	014	017	0016085	 000000014691	0.0000000%
61.427233		- 	51.444020		- 	013	019	0016111	 000000014714	0.0000000%
53.310669		- 	51.444966		- 	014	014	0016141	 000000014737	0.0000000%
67.910900		- 	51.445883		- 	012	014	0016154	 000000014761	0.0000000%
75.714326		- 	51.447883		- 	015	018	0016179	 000000014784	0.0000000%
58.741153		- 	51.448972		- 	009	028	0016204	 000000014807	0.0000000%
56.166568		- 	51.453090		- 	013	013	0016240	 000000014829	0.0000000%
51.871727		- 	51.454776		- 	013	020	0016264	 000000014852	0.0000000%
60.319398		- 	51.454860		- 	012	019	0016277	 000000014876	0.0000000%
61.543604		- 	51.460043		- 	010	024	0016302	 000000014899	0.0000000%
60.578159		- 	51.466625		- 	015	013	0016337	 000000014921	0.0000000%
70.045110		- 	51.467427		- 	014	017	0016363	 000000014944	0.0000000%
58.647653		- 	51.468975		- 	009	024	0016384	 000000014967	0.0000000%
75.005550		- 	51.469847		- 	010	015	0016409	 000000014990	0.0000000%
60.608433		- 	51.470655		- 	013	016	0016436	 000000015013	0.0000000%
66.958703		- 	51.474254		- 	012	022	0016463	 000000015036	0.0000000%
58.543375		- 	51.476097		- 	012	022	0016486	 000000015059	0.0000000%
54.225051		- 	51.476343		- 	013	018	0016515	 000000015082	0.0000000%
52.521065		- 	51.477284		- 	014	014	0016530	 000000015106	0.0000000%
68.259064		- 	51.479640		- 	014	014	0016560	 000000015128	0.0000000%
57.154355		- 	51.482640		- 	013	021	0016588	 000000015151	0.0000000%
55.979868		- 	51.482918		- 	014	018	0016603	 000000015175	0.0000000%
62.771696		- 	51.484096		- 	014	017	0016632	 000000015198	0.0000000%
55.674654		- 	51.484802		- 	010	022	0016655	 000000015221	0.0000000%
68.487297		- 	51.485718		- 	013	016	0016685	 000000015244	0.0000000%
55.881030		- 	51.488711		- 	011	020	0016707	 000000015267	0.0000000%
56.976282		- 	51.489648		- 	013	019	0016731	 000000015290	0.0000000%
58.209583		- 	51.490957		- 	011	020	0016757	 000000015313	0.0000000%
54.540756		- 	51.491417		- 	013	018	0016785	 000000015336	0.0000000%
58.737586		- 	51.493507		- 	015	017	0016808	 000000015359	0.0000000%
52.014077		- 	51.494312		- 	008	025	0016828	 000000015382	0.0000000%
52.370610		- 	51.496095		- 	009	029	0016857	 000000015404	0.0000000%
57.338668		- 	51.496865		- 	013	015	0016882	 000000015427	0.0000000%
62.037299		- 	51.497314		- 	013	019	0016910	 000000015450	0.0000000%
62.526099		- 	51.498613		- 	009	024	0016930	 000000015473	0.0000000%
73.997500		- 	51.500903		- 	009	025	0016953	 000000015496	0.0000000%
54.882093		- 	51.504001		- 	010	026	0016986	 000000015518	0.0000000%
63.666853		- 	51.505104		- 	017	012	0017014	 000000015541	0.0000000%
54.346947		- 	51.505214		- 	012	019	0017039	 000000015564	0.0000000%
62.090396		- 	51.506254		- 	014	016	0017054	 000000015588	0.0000000%
56.389247		- 	51.508705		- 	013	020	0017078	 000000015611	0.0000000%
57.115213		- 	51.510210		- 	010	021	0017106	 000000015634	0.0000000%
57.952938		- 	51.510801		- 	016	017	0017135	 000000015657	0.0000000%
64.076741		- 	51.512079		- 	009	025	0017159	 000000015680	0.0000000%
61.562607		- 	51.512609		- 	015	021	0017188	 000000015703	0.0000000%
53.133647		- 	51.514971		- 	014	018	0017216	 000000015726	0.0000000%
68.520914		- 	51.515468		- 	012	016	0017229	 000000015750	0.0000000%
57.736345		- 	51.517036		- 	014	014	0017264	 000000015772	0.0000000%
65.252067		- 	51.517276		- 	015	014	0017280	 000000015796	0.0000000%
59.065766		- 	51.520241		- 	012	024	0017307	 000000015819	0.0000000%
67.718748		- 	51.520656		- 	014	014	0017335	 000000015842	0.0000000%
54.550617		- 	51.524205		- 	011	022	0017357	 000000015865	0.0000000%
66.096999		- 	51.526606		- 	008	021	0017377	 000000015888	0.0000000%
69.583276		- 	51.528685		- 	008	023	0017409	 000000015910	0.0000000%
54.288382		- 	51.529083		- 	008	022	0017434	 000000015933	0.0000000%
58.447161		- 	51.530868		- 	019	009	0017467	 000000015956	0.0000000%
76.274806		- 	51.530891		- 	012	016	0017480	 000000015980	0.0000000%
54.519839		- 	51.534098		- 	016	018	0017517	 000000016003	0.0000000%
51.920716		- 	51.534589		- 	013	015	0017531	 000000016027	0.0000000%
68.701017		- 	51.536563		- 	011	021	0017556	 000000016050	0.0000000%
54.480189		- 	51.538265		- 	014	017	0017585	 000000016073	0.0000000%
55.975281		- 	51.540485		- 	011	025	0017610	 000000016096	0.0000000%
56.137053		- 	51.541685		- 	009	018	0017632	 000000016119	0.0000000%
57.444086		- 	51.542423		- 	011	018	0017656	 000000016142	0.0000000%
62.567867		- 	51.543918		- 	012	018	0017681	 000000016165	0.0000000%
52.842566		- 	51.545002		- 	012	017	0017706	 000000016188	0.0000000%
59.992213		- 	51.545968		- 	011	019	0017737	 000000016210	0.0000000%
63.581063		- 	51.547591		- 	010	017	0017758	 000000016233	0.0000000%
69.576249		- 	51.547866		- 	011	021	0017780	 000000016256	0.0000000%
62.235935		- 	51.548508		- 	014	012	0017812	 000000016279	0.0000000%
60.386575		- 	51.549315		- 	015	012	0017828	 000000016303	0.0000000%
64.255102		- 	51.552184		- 	014	012	0017855	 000000016326	0.0000000%
56.821657		- 	51.552541		- 	016	019	0017885	 000000016349	0.0000000%
59.972629		- 	51.554108		- 	014	016	0017914	 000000016372	0.0000000%
66.170971		- 	51.554658		- 	006	025	0017931	 000000016395	0.0000000%
70.191037		- 	51.555209		- 	015	017	0017967	 000000016417	0.0000000%
67.598721		- 	51.556574		- 	015	015	0017983	 000000016441	0.0000000%
61.116856		- 	51.557145		- 	011	017	0018012	 000000016464	0.0000000%
52.769100		- 	51.560132		- 	015	014	0018028	 000000016488	0.0000000%
54.531242		- 	51.565263		- 	015	019	0018057	 000000016511	0.0000000%
70.477705		- 	51.566090		- 	010	018	0018079	 000000016534	0.0000000%
53.845964		- 	51.567830		- 	013	016	0018109	 000000016557	0.0000000%
65.878664		- 	51.569690		- 	010	020	0018133	 000000016580	0.0000000%
59.547629		- 	51.573673		- 	008	022	0018159	 000000016603	0.0000000%
55.987172		- 	51.575242		- 	012	024	0018186	 000000016625	0.0000000%
55.893307		- 	51.578173		- 	008	025	0018208	 000000016648	0.0000000%
57.270930		- 	51.579472		- 	016	019	0018239	 000000016671	0.0000000%
57.207560		- 	51.580015		- 	013	019	0018253	 000000016695	0.0000000%
64.809526		- 	51.580477		- 	012	011	0018282	 000000016718	0.0000000%
62.124088		- 	51.583453		- 	015	013	0018309	 000000016741	0.0000000%
62.082886		- 	51.584230		- 	014	014	0018337	 000000016764	0.0000000%
52.432326		- 	51.586794		- 	015	012	0018353	 000000016788	0.0000000%
71.262277		- 	51.587106		- 	010	016	0018379	 000000016811	0.0000000%
53.557904		- 	51.589467		- 	012	021	0018402	 000000016834	0.0000000%
55.966231		- 	51.592370		- 	011	026	0018435	 000000016856	0.0000000%
64.681972		- 	51.593433		- 	009	019	0018454	 000000016879	0.0000000%
58.303195		- 	51.593963		- 	011	021	0018479	 000000016902	0.0000000%
52.180018		- 	51.596733		- 	011	020	0018502	 000000016925	0.0000000%
76.700109		- 	51.598412		- 	012	018	0018528	 000000016948	0.0000000%
69.992284		- 	51.602512		- 	012	016	0018561	 000000016970	0.0000000%
56.625015		- 	51.608938		- 	013	022	0018587	 000000016993	0.0000000%
67.732575		- 	51.611370		- 	013	019	0018611	 000000017016	0.0000000%
62.809570		- 	51.614078		- 	015	020	0018636	 000000017039	0.0000000%
65.792835		- 	51.615382		- 	013	014	0018663	 000000017062	0.0000000%
70.700542		- 	51.616354		- 	017	011	0018694	 000000017085	0.0000000%
57.079591		- 	51.616360		- 	017	011	0018712	 000000017109	0.0000000%
56.386037		- 	51.618703		- 	010	023	0018737	 000000017132	0.0000000%
61.873397		- 	51.621347		- 	014	015	0018765	 000000017155	0.0000000%
54.057421		- 	51.621492		- 	015	015	0018781	 000000017179	0.0000000%
57.865917		- 	51.622548		- 	014	022	0018807	 000000017202	0.0000000%
57.103652		- 	51.624393		- 	013	021	0018828	 000000017225	0.0000000%
54.417909		- 	51.624898		- 	011	021	0018854	 000000017248	0.0000000%
53.670019		- 	51.626010		- 	012	022	0018880	 000000017271	0.0000000%
59.554724		- 	51.627689		- 	007	024	0018904	 000000017294	0.0000000%
69.838572		- 	51.628858		- 	015	017	0018931	 000000017317	0.0000000%
55.761599		- 	51.632350		- 	011	019	0018954	 000000017340	0.0000000%
58.256110		- 	51.632542		- 	014	016	0018990	 000000017363	0.0000000%
58.198471		- 	51.632619		- 	020	007	0019019	 000000017386	0.0000000%
53.910364		- 	51.633262		- 	016	017	0019036	 000000017410	0.0000000%
59.350823		- 	51.633621		- 	009	020	0019056	 000000017433	0.0000000%
61.270368		- 	51.634226		- 	013	016	0019085	 000000017456	0.0000000%
67.835133		- 	51.634435		- 	013	016	0019110	 000000017479	0.0000000%
60.305096		- 	51.636263		- 	012	020	0019136	 000000017502	0.0000000%
63.045659		- 	51.638250		- 	007	028	0019157	 000000017525	0.0000000%
70.655959		- 	51.640155		- 	013	012	0019186	 000000017548	0.0000000%
55.348859		- 	51.643063		- 	013	017	0019214	 000000017571	0.0000000%
71.429908		- 	51.644672		- 	015	014	0019238	 000000017594	0.0000000%
52.150594		- 	51.645398		- 	013	020	0019265	 000000017617	0.0000000%
57.599499		- 	51.647389		- 	012	016	0019278	 000000017641	0.0000000%
57.542923		- 	51.649415		- 	015	017	0019307	 000000017664	0.0000000%
68.424821		- 	51.651292		- 	014	020	0019336	 000000017687	0.0000000%
74.738311		- 	51.652098		- 	014	017	0019366	 000000017710	0.0000000%
57.604354		- 	51.652228		- 	011	020	0019378	 000000017734	0.0000000%
71.818148		- 	51.655599		- 	016	015	0019406	 000000017757	0.0000000%
60.530298		- 	51.657272		- 	010	023	0019430	 000000017780	0.0000000%
66.152651		- 	51.657913		- 	016	014	0019463	 000000017803	0.0000000%
61.536060		- 	51.658172		- 	013	017	0019477	 000000017827	0.0000000%
74.497744		- 	51.661938		- 	014	016	0019505	 000000017850	0.0000000%
60.811373		- 	51.664064		- 	013	017	0019536	 000000017873	0.0000000%
55.293410		- 	51.664634		- 	015	017	0019566	 000000017896	0.0000000%
74.985470		- 	51.665004		- 	014	017	0019581	 000000017920	0.0000000%
55.769205		- 	51.665452		- 	010	018	0019605	 000000017943	0.0000000%
60.820570		- 	51.665906		- 	010	016	0019627	 000000017966	0.0000000%
58.122530		- 	51.671866		- 	014	017	0019666	 000000017988	0.0000000%
70.346463		- 	51.671890		- 	021	010	0019688	 000000018012	0.0000000%
72.708896		- 	51.671962		- 	021	006	0019710	 000000018036	0.0000000%
59.475387		- 	51.672141		- 	008	025	0019734	 000000018059	0.0000000%
53.231503		- 	51.673388		- 	014	018	0019766	 000000018082	0.0000000%
54.295136		- 	51.675695		- 	010	024	0019787	 000000018105	0.0000000%
53.529798		- 	51.677067		- 	014	016	0019802	 000000018129	0.0000000%
63.072852		- 	51.679457		- 	015	017	0019832	 000000018152	0.0000000%
65.708546		- 	51.681779		- 	009	022	0019852	 000000018175	0.0000000%
60.837325		- 	51.682602		- 	012	017	0019877	 000000018198	0.0000000%
72.213603		- 	51.683757		- 	010	020	0019906	 000000018221	0.0000000%
71.875074		- 	51.684405		- 	010	027	0019932	 000000018244	0.0000000%
71.602950		- 	51.687288		- 	013	015	0019956	 000000018267	0.0000000%
52.221786		- 	51.688976		- 	008	023	0019977	 000000018290	0.0000000%
70.093833		- 	51.689811		- 	017	011	0020010	 000000018313	0.0000000%
69.890583		- 	51.691534		- 	015	014	0020041	 000000018336	0.0000000%
65.356498		- 	51.691707		- 	014	014	0020056	 000000018360	0.0000000%
59.607534		- 	51.691754		- 	013	020	0020086	 000000018383	0.0000000%
59.121206		- 	51.692572		- 	013	016	0020115	 000000018406	0.0000000%
57.185489		- 	51.692880		- 	012	022	0020128	 000000018430	0.0000000%
56.954448		- 	51.693845		- 	012	023	0020163	 000000018452	0.0000000%
64.638870		- 	51.693917		- 	015	010	0020179	 000000018476	0.0000000%
58.669045		- 	51.697323		- 	016	011	0020212	 000000018499	0.0000000%
57.310513		- 	51.697902		- 	016	014	0020229	 000000018523	0.0000000%
64.800077		- 	51.701848		- 	009	024	0020259	 000000018545	0.0000000%
55.924845		- 	51.704999		- 	010	020	0020287	 000000018568	0.0000000%
66.230725		- 	51.705463		- 	017	010	0020317	 000000018591	0.0000000%
59.443193		- 	51.705470		- 	017	011	0020335	 000000018615	0.0000000%
66.089027		- 	51.706113		- 	017	014	0020353	 000000018639	0.0000000%
63.248153		- 	51.706898		- 	010	018	0020378	 000000018662	0.0000000%
61.727886		- 	51.707928		- 	015	017	0020408	 000000018685	0.0000000%
56.192329		- 	51.709315		- 	014	015	0020431	 000000018708	0.0000000%
71.031912		- 	51.711187		- 	014	014	0020460	 000000018731	0.0000000%
57.003045		- 	51.711542		- 	015	017	0020489	 000000018754	0.0000000%
55.262619		- 	51.714273		- 	014	021	0020504	 000000018778	0.0000000%
68.277466		- 	51.718813		- 	012	014	0020530	 000000018801	0.0000000%
70.355407		- 	51.721566		- 	015	018	0020561	 000000018824	0.0000000%
65.342459		- 	51.721978		- 	009	020	0020583	 000000018847	0.0000000%
53.320674		- 	51.722171		- 	008	026	0020606	 000000018870	0.0000000%
68.090650		- 	51.723994		- 	012	020	0020634	 000000018893	0.0000000%
53.901526		- 	51.724493		- 	011	024	0020661	 000000018916	0.0000000%
52.142571		- 	51.725622		- 	015	016	0020691	 000000018939	0.0000000%
74.433650		- 	51.726234		- 	014	015	0020706	 000000018963	0.0000000%
58.715816		- 	51.726754		- 	015	015	0020732	 000000018986	0.0000000%
54.550544		- 	51.729077		- 	014	019	0020757	 000000019009	0.0000000%
53.957380		- 	51.731041		- 	010	025	0020783	 000000019032	0.0000000%
70.494734		- 	51.731546		- 	010	020	0020806	 000000019055	0.0000000%
69.490807		- 	51.731731		- 	015	019	0020836	 000000019078	0.0000000%
64.637554		- 	51.732400		- 	011	018	0020859	 000000019101	0.0000000%
59.343346		- 	51.733619		- 	010	021	0020884	 000000019124	0.0000000%
56.325197		- 	51.734026		- 	011	022	0020913	 000000019147	0.0000000%
54.009675		- 	51.735800		- 	006	023	0020929	 000000019170	0.0000000%
71.059824		- 	51.737108		- 	012	016	0020958	 000000019192	0.0000000%
67.564216		- 	51.739541		- 	014	017	0020988	 000000019215	0.0000000%
64.355446		- 	51.739768		- 	007	024	0021007	 000000019238	0.0000000%
67.395384		- 	51.742468		- 	013	017	0021034	 000000019261	0.0000000%
68.901082		- 	51.743523		- 	010	019	0021055	 000000019284	0.0000000%
63.056066		- 	51.744899		- 	014	017	0021084	 000000019307	0.0000000%
61.110077		- 	51.746517		- 	015	015	0021116	 000000019330	0.0000000%
56.368919		- 	51.746735		- 	013	016	0021130	 000000019354	0.0000000%
52.771852		- 	51.747525		- 	016	015	0021158	 000000019377	0.0000000%
59.610130		- 	51.748244		- 	012	015	0021187	 000000019400	0.0000000%
52.339723		- 	51.749627		- 	015	015	0021203	 000000019424	0.0000000%
62.762019		- 	51.749874		- 	019	010	0021243	 000000019447	0.0000000%
63.032814		- 	51.750441		- 	015	018	0021259	 000000019471	0.0000000%
71.619938		- 	51.751585		- 	011	022	0021286	 000000019494	0.0000000%
52.495397		- 	51.753031		- 	015	020	0021302	 000000019518	0.0000000%
60.964557		- 	51.757127		- 	015	014	0021339	 000000019540	0.0000000%
53.049404		- 	51.757288		- 	014	014	0021354	 000000019564	0.0000000%
54.383700		- 	51.760622		- 	007	025	0021381	 000000019586	0.0000000%
59.800924		- 	51.764265		- 	008	027	0021402	 000000019609	0.0000000%
66.175871		- 	51.766830		- 	014	015	0021434	 000000019631	0.0000000%
56.852403		- 	51.768171		- 	009	025	0021454	 000000019654	0.0000000%
56.306039		- 	51.769437		- 	011	020	0021477	 000000019677	0.0000000%
62.534154		- 	51.770248		- 	015	016	0021509	 000000019700	0.0000000%
55.149916		- 	51.770928		- 	006	027	0021527	 000000019723	0.0000000%
59.679013		- 	51.771893		- 	022	005	0021566	 000000019746	0.0000000%
61.794178		- 	51.771965		- 	022	004	0021589	 000000019770	0.0000000%
52.161874		- 	51.772948		- 	015	013	0021613	 000000019793	0.0000000%
54.828714		- 	51.773601		- 	016	014	0021630	 000000019817	0.0000000%
53.995880		- 	51.774350		- 	011	020	0021654	 000000019840	0.0000000%
58.758988		- 	51.774484		- 	017	011	0021688	 000000019863	0.0000000%
61.441264		- 	51.777638		- 	015	018	0021714	 000000019886	0.0000000%
59.042686		- 	51.779469		- 	015	015	0021730	 000000019910	0.0000000%
64.148381		- 	51.780510		- 	018	010	0021765	 000000019933	0.0000000%
72.830673		- 	51.780516		- 	018	008	0021784	 000000019957	0.0000000%
62.341145		- 	51.781370		- 	012	018	0021808	 000000019980	0.0000000%
59.320217		- 	51.783338		- 	009	021	0021827	 000000020003	0.0000000%
64.475861		- 	51.783390		- 	014	015	0021853	 000000020026	0.0000000%
61.411954		- 	51.783868		- 	015	015	0021886	 000000020049	0.0000000%
70.416520		- 	51.784081		- 	018	014	0021920	 000000020072	0.0000000%
61.583891		- 	51.784087		- 	018	015	0021939	 000000020096	0.0000000%
64.621617		- 	51.785411		- 	012	017	0021952	 000000020120	0.0000000%
67.623232		- 	51.787772		- 	010	022	0021978	 000000020143	0.0000000%
72.577120		- 	51.789067		- 	023	003	0022015	 000000020166	0.0000000%
73.818370		- 	51.789139		- 	023	006	0022039	 000000020190	0.0000000%
59.728308		- 	51.789767		- 	015	014	0022055	 000000020214	0.0000000%
61.213742		- 	51.790984		- 	009	021	0022078	 000000020237	0.0000000%
74.802991		- 	51.793391		- 	015	014	0022105	 000000020260	0.0000000%
56.271253		- 	51.794095		- 	010	021	0022131	 000000020283	0.0000000%
57.648552		- 	51.794962		- 	014	016	0022158	 000000020306	0.0000000%
67.983350		- 	51.797655		- 	019	007	0022189	 000000020329	0.0000000%
65.057063		- 	51.797750		- 	019	009	0022209	 000000020353	0.0000000%
56.627222		- 	51.798995		- 	015	009	0022236	 000000020376	0.0000000%
62.509943		- 	51.799370		- 	015	017	0022252	 000000020400	0.0000000%
60.382077		- 	51.800240		- 	014	017	0022283	 000000020423	0.0000000%
66.321807		- 	51.801342		- 	011	021	0022306	 000000020446	0.0000000%
62.385802		- 	51.801680		- 	014	020	0022333	 000000020469	0.0000000%
54.882565		- 	51.803682		- 	024	004	0022372	 000000020492	0.0000000%
54.882565		- 	51.803755		- 	024	004	0022397	 000000020516	0.0000000%
59.000759		- 	51.803851		- 	014	016	0022412	 000000020540	0.0000000%
54.257108		- 	51.806372		- 	012	021	0022437	 000000020563	0.0000000%
56.970911		- 	51.807654		- 	011	021	0022463	 000000020586	0.0000000%
60.392935		- 	51.807872		- 	015	011	0022479	 000000020610	0.0000000%
57.673740		- 	51.811297		- 	014	015	0022506	 000000020633	0.0000000%
61.355426		- 	51.811924		- 	016	009	0022540	 000000020656	0.0000000%
59.711254		- 	51.813442		- 	012	019	0022553	 000000020680	0.0000000%
60.447195		- 	51.815433		- 	025	003	0022589	 000000020703	0.0000000%
52.408789		- 	51.815506		- 	025	002	0022615	 000000020727	0.0000000%
52.899068		- 	51.816171		- 	014	014	0022630	 000000020751	0.0000000%
54.693833		- 	51.817967		- 	011	019	0022658	 000000020774	0.0000000%
54.374958		- 	51.819262		- 	009	021	0022685	 000000020797	0.0000000%
71.830615		- 	51.819648		- 	016	015	0022702	 000000020821	0.0000000%
68.605495		- 	51.821058		- 	026	001	0022743	 000000020844	0.0000000%
62.860674		- 	51.821130		- 	026	001	0022770	 000000020868	0.0000000%
66.507046		- 	51.822811		- 	008	023	0022779	 000000020892	0.0000000%
70.682338		- 	51.823928		- 	014	016	0022808	 000000020915	0.0000000%

### Final Log ###

Termination Reason: Optimal
OPTIMAL SOLUTION FOUND
Function objective value: 51.824768015234426
Sum of infeasibilities: 0.000027441072408
Sequence: 0 25 49 20 42 23 1 13 21 7 2 15 22 29 39 40 24 35 43 4 47 38 10 50 11 37 33 5 26 
Solution: 

Number of Resolved Nodes: 22879
Pruned tree percentage: 0.000000000000000%
Computed Tree Percentage: 0.000000000000000%
Total: 0.000000000000000
Time total: 11.242827000000000
Time S.B: 11.145199000000002
Time SOCP: 8.556274000000037
Iterations to incumbent: 22828
Peak Memory Consumption: 93392
#################
Warm Start Time: 1.142081999999977
    init Time: 0.000052000000000
    construct Time: 1.142029999999977
        solve Time: 1.080321999999989
SOCPs solved: 22929
Solvers made: 27
SOCP Internal Iterations: 144435
SOCP Internal Solve Time: 10.435808309999967
SOCP Setup Time: 3.054032285000130
    SOCP Equilibration Time: 0.393693756999974
    SOCP KKT init Time: 2.345033261999839
SOCP initialization Time: 0.018175741000000
SOCP IP Iteration Time: 7.359252357999981
    SOCP KKT Update Time: 3.428063816999977
    SOCP KKT Solve Time: 2.737001941000000

