Use LAH: 0
Use Concorde Feasible Solution improvement: 0
Name: CETSP-50-7
directory: Behdani
option: 2D
OPTION 2D ACTIVATED, Z COORDINATES BECAME 0
Instance Size: 51
Initial Upper Bound: 999.00000000
Average radius size: 0.50000000
Using variable selection rule #1!
Size of the tree: 1.55175266e+64
Raiz: 0 47 33 
Initial root: 0 47 33 
Value of objective function: 3.36577200e+01
SolverStatus: Solved
Solution: 
( 1.26191000e+01, 4.29292000e+00, 0.00000000e+00 )
( 7.98186951e-01, 9.38368316e+00, 0.00000000e+00 )
( 1.54523976e+01, 9.72768670e+00, 0.00000000e+00 )
( 1.26191000e+01, 4.29292000e+00, 0.00000000e+00 )

Not covered in root: 45 35 29 3 44 19 38 4 18 7 6 13 46 12 37 16 43 31 2 30 26 9 49 50 21 15 40 42 25 23 48 8 32 10 41 27 1 39 36 14 17 20 34 22 5 24 11 28 
INFEASIBLE ROOT

Using variable selection rule #1!
F. value	BestUB	        BestLB	        GAP%(I)	        Level	#Uncov	#Solved	 open	        Tree (%)	
40.142907		- 	33.657720		- 	002	037	0000004	 000000000002	0.0000000%
50.704443		- 	43.884425		- 	005	031	0000029	 000000000022	0.0000000%
51.368538		- 	45.413698		- 	005	027	0000052	 000000000043	0.0000000%
48.848365		- 	45.941496		- 	007	030	0000082	 000000000064	0.0000000%
48.010895		- 	46.501378		- 	004	032	0000103	 000000000086	0.0000000%
50.471399		- 	46.843271		- 	007	027	0000128	 000000000108	0.0000000%
52.650827		- 	47.225207		- 	005	028	0000152	 000000000130	0.0000000%
52.798778		- 	47.301912		- 	008	030	0000184	 000000000151	0.0000000%
53.271165		- 	47.578432		- 	007	026	0000203	 000000000173	0.0000000%
62.787691		- 	47.735882		- 	009	024	0000228	 000000000195	0.0000000%
48.368615		- 	48.020097		- 	010	023	0000260	 000000000216	0.0000000%
59.107608		- 	48.087877		- 	010	026	0000281	 000000000239	0.0000000%
49.422281		- 	48.368615		- 	011	022	0000313	 000000000261	0.0000000%
55.512734		- 	48.385427		- 	005	023	0000328	 000000000284	0.0000000%
62.000447		- 	48.448008		- 	007	025	0000354	 000000000306	0.0000000%
52.073698		- 	48.494236		- 	010	022	0000380	 000000000328	0.0000000%
51.002555		- 	48.571894		- 	007	027	0000407	 000000000350	0.0000000%
51.971488		- 	48.705196		- 	008	029	0000431	 000000000372	0.0000000%
59.967950		- 	48.738658		- 	009	029	0000455	 000000000394	0.0000000%
69.001952		- 	48.856442		- 	010	020	0000487	 000000000415	0.0000000%
57.455149		- 	48.885129		- 	007	025	0000503	 000000000438	0.0000000%
49.506520		- 	48.933009		- 	010	022	0000535	 000000000460	0.0000000%
51.948618		- 	48.979115		- 	007	027	0000557	 000000000482	0.0000000%
51.427094		- 	49.031683		- 	009	029	0000577	 000000000505	0.0000000%
50.341915		- 	49.135875		- 	007	027	0000604	 000000000527	0.0000000%
57.550211		- 	49.200594		- 	010	026	0000629	 000000000550	0.0000000%
55.192757		- 	49.223684		- 	006	030	0000653	 000000000572	0.0000000%
52.432290		- 	49.270835		- 	009	027	0000681	 000000000594	0.0000000%
50.224455		- 	49.367567		- 	009	025	0000709	 000000000616	0.0000000%
53.006598		- 	49.387066		- 	008	027	0000730	 000000000639	0.0000000%
69.523570		- 	49.497871		- 	011	019	0000755	 000000000662	0.0000000%
55.895786		- 	49.506520		- 	011	024	0000778	 000000000685	0.0000000%
67.748992		- 	49.577604		- 	012	020	0000808	 000000000707	0.0000000%
55.635292		- 	49.613282		- 	011	024	0000838	 000000000729	0.0000000%
56.479652		- 	49.624241		- 	007	025	0000857	 000000000752	0.0000000%
58.682131		- 	49.655982		- 	010	022	0000877	 000000000775	0.0000000%
58.917581		- 	49.672198		- 	009	023	0000903	 000000000797	0.0000000%
60.919725		- 	49.703193		- 	006	029	0000933	 000000000819	0.0000000%
50.699245		- 	49.738942		- 	009	024	0000958	 000000000842	0.0000000%
52.598278		- 	49.769738		- 	008	029	0000982	 000000000864	0.0000000%
59.157317		- 	49.792406		- 	009	028	0001010	 000000000886	0.0000000%
62.532970		- 	49.802914		- 	010	027	0001034	 000000000909	0.0000000%
50.596732		- 	49.812770		- 	009	026	0001061	 000000000931	0.0000000%
57.682896		- 	49.843899		- 	012	022	0001086	 000000000954	0.0000000%
61.422743		- 	49.866325		- 	012	019	0001111	 000000000977	0.0000000%
57.020992		- 	49.893763		- 	006	026	0001128	 000000001000	0.0000000%
52.293912		- 	49.910743		- 	012	019	0001152	 000000001023	0.0000000%
62.415554		- 	49.948758		- 	006	025	0001180	 000000001045	0.0000000%
58.785149		- 	49.986821		- 	011	025	0001204	 000000001068	0.0000000%
59.369954		- 	50.007125		- 	009	027	0001235	 000000001090	0.0000000%
65.827133		- 	50.020888		- 	013	018	0001259	 000000001113	0.0000000%
50.353928		- 	50.025792		- 	009	024	0001280	 000000001136	0.0000000%
55.400618		- 	50.043487		- 	006	021	0001308	 000000001158	0.0000000%
61.893696		- 	50.060414		- 	013	019	0001331	 000000001181	0.0000000%
55.424307		- 	50.095786		- 	009	029	0001360	 000000001203	0.0000000%
57.669103		- 	50.114987		- 	014	017	0001389	 000000001226	0.0000000%
62.853543		- 	50.134965		- 	009	021	0001409	 000000001249	0.0000000%
55.864352		- 	50.167759		- 	012	021	0001434	 000000001272	0.0000000%
70.164081		- 	50.222590		- 	012	019	0001460	 000000001295	0.0000000%
51.337899		- 	50.228807		- 	008	027	0001480	 000000001318	0.0000000%
52.727013		- 	50.256509		- 	007	027	0001506	 000000001340	0.0000000%
54.162381		- 	50.263694		- 	014	016	0001529	 000000001363	0.0000000%
52.338146		- 	50.274393		- 	012	022	0001553	 000000001386	0.0000000%
59.292727		- 	50.331448		- 	011	025	0001578	 000000001409	0.0000000%
53.273346		- 	50.341915		- 	008	027	0001608	 000000001431	0.0000000%
65.077954		- 	50.358860		- 	009	025	0001629	 000000001454	0.0000000%
67.824269		- 	50.367895		- 	008	028	0001658	 000000001476	0.0000000%
62.149466		- 	50.376460		- 	010	024	0001682	 000000001499	0.0000000%
59.201426		- 	50.403098		- 	011	026	0001704	 000000001522	0.0000000%
59.203749		- 	50.409657		- 	007	028	0001728	 000000001544	0.0000000%
56.999430		- 	50.454696		- 	013	020	0001753	 000000001567	0.0000000%
51.105584		- 	50.478909		- 	009	024	0001785	 000000001589	0.0000000%
56.347083		- 	50.486948		- 	007	028	0001804	 000000001612	0.0000000%
60.498738		- 	50.500162		- 	013	017	0001836	 000000001634	0.0000000%
60.046422		- 	50.508176		- 	012	018	0001861	 000000001657	0.0000000%
62.910005		- 	50.536378		- 	011	021	0001884	 000000001680	0.0000000%
64.079267		- 	50.541511		- 	009	020	0001905	 000000001703	0.0000000%
53.061668		- 	50.575015		- 	006	032	0001931	 000000001725	0.0000000%
71.724798		- 	50.585448		- 	013	017	0001957	 000000001748	0.0000000%
65.475143		- 	50.596732		- 	010	023	0001983	 000000001771	0.0000000%
53.408187		- 	50.615129		- 	009	027	0002005	 000000001794	0.0000000%
54.552153		- 	50.629621		- 	013	022	0002027	 000000001817	0.0000000%
56.827068		- 	50.636183		- 	015	014	0002054	 000000001840	0.0000000%
65.716731		- 	50.643233		- 	010	025	0002077	 000000001863	0.0000000%
59.466945		- 	50.666538		- 	015	015	0002114	 000000001885	0.0000000%
55.552101		- 	50.669498		- 	007	028	0002134	 000000001908	0.0000000%
56.393636		- 	50.678601		- 	010	027	0002159	 000000001931	0.0000000%
52.031195		- 	50.685313		- 	014	021	0002182	 000000001954	0.0000000%
51.529651		- 	50.689989		- 	009	028	0002207	 000000001977	0.0000000%
68.729968		- 	50.699245		- 	010	024	0002231	 000000002000	0.0000000%
59.608120		- 	50.727526		- 	007	024	0002256	 000000002022	0.0000000%
52.221381		- 	50.737668		- 	009	026	0002280	 000000002045	0.0000000%
54.301832		- 	50.752080		- 	013	016	0002304	 000000002068	0.0000000%
55.858753		- 	50.776449		- 	012	019	0002339	 000000002090	0.0000000%
52.255330		- 	50.781684		- 	011	021	0002362	 000000002113	0.0000000%
61.271307		- 	50.809584		- 	011	026	0002384	 000000002136	0.0000000%
59.618258		- 	50.817851		- 	014	018	0002413	 000000002159	0.0000000%
66.632916		- 	50.827134		- 	011	021	0002434	 000000002182	0.0000000%
69.869080		- 	50.828044		- 	014	016	0002459	 000000002205	0.0000000%
60.423330		- 	50.843706		- 	008	028	0002484	 000000002227	0.0000000%
50.985019		- 	50.852328		- 	016	014	0002509	 000000002250	0.0000000%
68.412789		- 	50.882688		- 	016	011	0002542	 000000002273	0.0000000%
54.531216		- 	50.886550		- 	007	028	0002558	 000000002296	0.0000000%
53.405401		- 	50.900966		- 	012	025	0002579	 000000002319	0.0000000%
51.706231		- 	50.911990		- 	011	023	0002613	 000000002341	0.0000000%
58.096035		- 	50.915240		- 	012	027	0002636	 000000002364	0.0000000%
58.770020		- 	50.920712		- 	012	020	0002663	 000000002387	0.0000000%
57.025566		- 	50.946531		- 	007	030	0002683	 000000002410	0.0000000%
63.217430		- 	50.956346		- 	011	025	0002707	 000000002433	0.0000000%
58.998234		- 	50.971621		- 	010	029	0002729	 000000002456	0.0000000%
62.247850		- 	50.983757		- 	011	023	0002753	 000000002479	0.0000000%
59.260431		- 	50.984534		- 	011	019	0002779	 000000002502	0.0000000%
56.973354		- 	50.989507		- 	012	020	0002810	 000000002525	0.0000000%
53.385084		- 	50.992624		- 	010	026	0002827	 000000002548	0.0000000%
72.112484		- 	50.994384		- 	012	019	0002855	 000000002571	0.0000000%
51.476178		- 	51.006852		- 	008	028	0002884	 000000002593	0.0000000%
59.022055		- 	51.010412		- 	014	017	0002913	 000000002616	0.0000000%
64.269137		- 	51.014394		- 	017	013	0002931	 000000002640	0.0000000%
75.691097		- 	51.023005		- 	011	022	0002958	 000000002663	0.0000000%
68.939320		- 	51.031718		- 	013	018	0002983	 000000002686	0.0000000%
57.370199		- 	51.044351		- 	009	027	0003010	 000000002708	0.0000000%
62.788125		- 	51.050225		- 	007	026	0003027	 000000002731	0.0000000%
52.678716		- 	51.058288		- 	011	023	0003055	 000000002754	0.0000000%
55.345279		- 	51.076871		- 	009	027	0003079	 000000002777	0.0000000%
55.315926		- 	51.084543		- 	015	018	0003110	 000000002800	0.0000000%
60.438924		- 	51.090982		- 	012	025	0003132	 000000002823	0.0000000%
51.888788		- 	51.105584		- 	010	023	0003162	 000000002845	0.0000000%
68.689556		- 	51.107081		- 	016	011	0003179	 000000002869	0.0000000%
71.141664		- 	51.131592		- 	009	026	0003211	 000000002891	0.0000000%
52.018523		- 	51.133086		- 	010	027	0003229	 000000002914	0.0000000%
60.307989		- 	51.147563		- 	009	026	0003260	 000000002936	0.0000000%
60.486225		- 	51.153743		- 	010	025	0003285	 000000002959	0.0000000%
52.012340		- 	51.155453		- 	011	021	0003311	 000000002982	0.0000000%
73.470489		- 	51.161217		- 	015	017	0003335	 000000003005	0.0000000%
60.121268		- 	51.166325		- 	008	025	0003352	 000000003028	0.0000000%
53.569365		- 	51.173953		- 	010	026	0003377	 000000003051	0.0000000%
69.044412		- 	51.191572		- 	015	015	0003412	 000000003073	0.0000000%
61.536906		- 	51.203243		- 	009	025	0003432	 000000003096	0.0000000%
58.994422		- 	51.213884		- 	012	021	0003452	 000000003119	0.0000000%
54.702735		- 	51.216988		- 	014	020	0003483	 000000003142	0.0000000%
60.483397		- 	51.222019		- 	013	019	0003511	 000000003165	0.0000000%
53.950659		- 	51.222994		- 	007	029	0003532	 000000003188	0.0000000%
61.702860		- 	51.245090		- 	013	016	0003565	 000000003210	0.0000000%
62.078283		- 	51.245490		- 	011	019	0003577	 000000003234	0.0000000%
61.019236		- 	51.251843		- 	009	028	0003610	 000000003256	0.0000000%
65.882438		- 	51.257488		- 	014	016	0003634	 000000003279	0.0000000%
61.264397		- 	51.269688		- 	008	026	0003652	 000000003302	0.0000000%
52.600114		- 	51.276851		- 	011	022	0003682	 000000003325	0.0000000%
51.409579		- 	51.278948		- 	018	012	0003714	 000000003348	0.0000000%
65.922260		- 	51.289378		- 	012	019	0003734	 000000003371	0.0000000%
56.414274		- 	51.295844		- 	007	025	0003752	 000000003394	0.0000000%
65.569697		- 	51.308324		- 	018	011	0003795	 000000003416	0.0000000%
54.093602		- 	51.311955		- 	008	025	0003804	 000000003440	0.0000000%
57.673368		- 	51.313286		- 	012	021	0003830	 000000003463	0.0000000%
51.576252		- 	51.322582		- 	012	025	0003853	 000000003486	0.0000000%
57.671347		- 	51.339189		- 	014	017	0003888	 000000003508	0.0000000%
57.130043		- 	51.342885		- 	014	017	0003916	 000000003531	0.0000000%
51.932682		- 	51.345314		- 	012	026	0003929	 000000003555	0.0000000%
57.051148		- 	51.348704		- 	009	028	0003953	 000000003578	0.0000000%
54.884151		- 	51.351586		- 	015	012	0003978	 000000003601	0.0000000%
65.980955		- 	51.358315		- 	015	012	0004017	 000000003623	0.0000000%
57.638086		- 	51.363267		- 	011	025	0004029	 000000003647	0.0000000%
54.161637		- 	51.365254		- 	008	031	0004052	 000000003670	0.0000000%
56.812794		- 	51.381890		- 	010	022	0004087	 000000003692	0.0000000%
51.598723		- 	51.382573		- 	014	016	0004102	 000000003716	0.0000000%
57.304450		- 	51.391230		- 	011	023	0004137	 000000003738	0.0000000%
64.093485		- 	51.394515		- 	012	026	0004157	 000000003761	0.0000000%
67.289495		- 	51.396491		- 	014	013	0004182	 000000003784	0.0000000%
58.290253		- 	51.399158		- 	012	025	0004208	 000000003807	0.0000000%
51.539429		- 	51.407722		- 	016	014	0004234	 000000003830	0.0000000%
55.544505		- 	51.409391		- 	008	024	0004253	 000000003853	0.0000000%
61.171885		- 	51.417877		- 	013	022	0004287	 000000003876	0.0000000%
58.312738		- 	51.425099		- 	012	024	0004310	 000000003899	0.0000000%
58.623439		- 	51.426850		- 	010	023	0004335	 000000003922	0.0000000%
51.701586		- 	51.430272		- 	011	026	0004358	 000000003945	0.0000000%
51.881300		- 	51.438955		- 	019	010	0004389	 000000003968	0.0000000%
67.333229		- 	51.440091		- 	013	022	0004415	 000000003991	0.0000000%
55.703074		- 	51.446809		- 	014	016	0004440	 000000004014	0.0000000%
62.731143		- 	51.447789		- 	014	014	0004465	 000000004037	0.0000000%
59.872407		- 	51.449501		- 	016	013	0004482	 000000004061	0.0000000%
56.408093		- 	51.459670		- 	011	024	0004506	 000000004084	0.0000000%
58.042998		- 	51.469495		- 	008	026	0004535	 000000004106	0.0000000%
61.149021		- 	51.476419		- 	007	025	0004553	 000000004129	0.0000000%
52.963837		- 	51.488555		- 	012	026	0004588	 000000004151	0.0000000%
52.254644		- 	51.490589		- 	015	012	0004604	 000000004175	0.0000000%
57.767552		- 	51.498659		- 	011	021	0004631	 000000004198	0.0000000%
62.387663		- 	51.502744		- 	013	016	0004665	 000000004220	0.0000000%
61.113587		- 	51.510052		- 	017	012	0004683	 000000004244	0.0000000%
54.006205		- 	51.511613		- 	008	027	0004705	 000000004267	0.0000000%
51.609248		- 	51.515149		- 	013	016	0004729	 000000004290	0.0000000%
51.741760		- 	51.515990		- 	012	018	0004752	 000000004313	0.0000000%
66.470263		- 	51.521555		- 	016	009	0004793	 000000004335	0.0000000%
73.830385		- 	51.526708		- 	012	020	0004806	 000000004359	0.0000000%
71.527984		- 	51.532702		- 	010	019	0004837	 000000004381	0.0000000%
61.942385		- 	51.537991		- 	013	022	0004865	 000000004404	0.0000000%
61.533470		- 	51.538762		- 	011	023	0004877	 000000004428	0.0000000%
59.172981		- 	51.539429		- 	017	012	0004909	 000000004451	0.0000000%
58.400910		- 	51.541888		- 	015	013	0004937	 000000004474	0.0000000%
53.737544		- 	51.547444		- 	015	015	0004953	 000000004498	0.0000000%
51.780668		- 	51.554897		- 	014	014	0004977	 000000004521	0.0000000%
53.722852		- 	51.568363		- 	015	015	0005002	 000000004544	0.0000000%
55.498784		- 	51.576252		- 	013	023	0005027	 000000004567	0.0000000%
62.824069		- 	51.580030		- 	012	026	0005056	 000000004590	0.0000000%
66.271213		- 	51.582835		- 	015	015	0005088	 000000004613	0.0000000%
67.097994		- 	51.584995		- 	013	014	0005102	 000000004637	0.0000000%
70.492161		- 	51.593428		- 	009	015	0005128	 000000004660	0.0000000%
64.299682		- 	51.596843		- 	014	014	0005160	 000000004683	0.0000000%
62.484650		- 	51.600855		- 	013	016	0005190	 000000004706	0.0000000%
54.246040		- 	51.601498		- 	009	024	0005209	 000000004729	0.0000000%
60.296033		- 	51.603989		- 	012	023	0005233	 000000004752	0.0000000%
61.269961		- 	51.609577		- 	015	020	0005264	 000000004775	0.0000000%
64.413443		- 	51.612456		- 	009	024	0005283	 000000004798	0.0000000%
59.358451		- 	51.622280		- 	013	018	0005313	 000000004821	0.0000000%
51.981429		- 	51.628853		- 	010	025	0005330	 000000004844	0.0000000%
53.478024		- 	51.639940		- 	012	019	0005356	 000000004867	0.0000000%
61.002872		- 	51.646262		- 	010	017	0005386	 000000004890	0.0000000%
56.821067		- 	51.650940		- 	011	026	0005410	 000000004913	0.0000000%
62.614719		- 	51.656342		- 	009	024	0005428	 000000004936	0.0000000%
66.292774		- 	51.670226		- 	018	012	0005470	 000000004958	0.0000000%
62.409167		- 	51.671783		- 	011	024	0005482	 000000004982	0.0000000%
60.666171		- 	51.678062		- 	010	024	0005512	 000000005005	0.0000000%
55.067727		- 	51.682372		- 	005	032	0005529	 000000005028	0.0000000%
58.634606		- 	51.685747		- 	013	017	0005554	 000000005051	0.0000000%
52.744744		- 	51.690932		- 	010	024	0005587	 000000005073	0.0000000%
53.220334		- 	51.692026		- 	010	025	0005609	 000000005096	0.0000000%
52.508261		- 	51.696166		- 	012	018	0005637	 000000005119	0.0000000%
72.611537		- 	51.701586		- 	012	022	0005663	 000000005142	0.0000000%
54.708389		- 	51.704248		- 	006	028	0005683	 000000005165	0.0000000%
57.836969		- 	51.707764		- 	014	016	0005711	 000000005188	0.0000000%
58.228474		- 	51.722657		- 	016	010	0005740	 000000005211	0.0000000%
56.399659		- 	51.735393		- 	012	020	0005764	 000000005234	0.0000000%
56.218227		- 	51.736184		- 	015	014	0005780	 000000005258	0.0000000%
54.726467		- 	51.738123		- 	014	019	0005810	 000000005281	0.0000000%
52.226409		- 	51.741760		- 	013	017	0005840	 000000005304	0.0000000%
52.680547		- 	51.742002		- 	014	021	0005855	 000000005328	0.0000000%
54.392708		- 	51.744085		- 	012	015	0005886	 000000005351	0.0000000%
52.149235		- 	51.746952		- 	013	018	0005908	 000000005374	0.0000000%
61.565715		- 	51.750960		- 	015	015	0005939	 000000005397	0.0000000%
72.352012		- 	51.752478		- 	013	015	0005953	 000000005421	0.0000000%
65.097396		- 	51.763462		- 	016	013	0005978	 000000005444	0.0000000%
63.609824		- 	51.764503		- 	014	020	0006007	 000000005467	0.0000000%
74.069400		- 	51.765807		- 	014	018	0006031	 000000005490	0.0000000%
59.042858		- 	51.769259		- 	014	018	0006059	 000000005513	0.0000000%
55.215262		- 	51.774207		- 	013	020	0006081	 000000005536	0.0000000%
64.228896		- 	51.775931		- 	011	019	0006109	 000000005559	0.0000000%
52.349909		- 	51.778339		- 	011	026	0006136	 000000005582	0.0000000%
58.736118		- 	51.780668		- 	015	012	0006152	 000000005606	0.0000000%
66.815670		- 	51.784099		- 	010	023	0006177	 000000005629	0.0000000%
67.308162		- 	51.795276		- 	013	014	0006202	 000000005652	0.0000000%
69.832346		- 	51.797857		- 	012	020	0006229	 000000005675	0.0000000%
67.638952		- 	51.799978		- 	012	022	0006259	 000000005698	0.0000000%
71.451898		- 	51.801150		- 	013	020	0006288	 000000005721	0.0000000%
57.415831		- 	51.803541		- 	009	026	0006309	 000000005744	0.0000000%
58.953912		- 	51.810666		- 	012	027	0006335	 000000005767	0.0000000%
65.145343		- 	51.811546		- 	017	013	0006353	 000000005791	0.0000000%
55.283782		- 	51.816261		- 	006	028	0006383	 000000005813	0.0000000%
64.797686		- 	51.829335		- 	012	023	0006407	 000000005836	0.0000000%
65.252235		- 	51.830011		- 	010	023	0006435	 000000005859	0.0000000%
62.109667		- 	51.833392		- 	012	017	0006460	 000000005882	0.0000000%
57.667067		- 	51.836543		- 	007	027	0006481	 000000005905	0.0000000%
60.906428		- 	51.840456		- 	015	016	0006506	 000000005928	0.0000000%
57.506192		- 	51.842316		- 	015	011	0006536	 000000005951	0.0000000%
53.393490		- 	51.846545		- 	011	025	0006559	 000000005974	0.0000000%
56.357541		- 	51.849663		- 	014	020	0006589	 000000005997	0.0000000%
64.272403		- 	51.850791		- 	013	019	0006603	 000000006021	0.0000000%
62.680422		- 	51.857120		- 	011	019	0006636	 000000006044	0.0000000%
61.872011		- 	51.858872		- 	013	020	0006661	 000000006067	0.0000000%
60.422652		- 	51.869597		- 	013	020	0006689	 000000006090	0.0000000%
59.499465		- 	51.869830		- 	015	016	0006705	 000000006114	0.0000000%
61.964174		- 	51.874047		- 	010	020	0006729	 000000006137	0.0000000%
57.894782		- 	51.877804		- 	008	028	0006755	 000000006160	0.0000000%
71.744330		- 	51.881892		- 	008	022	0006785	 000000006183	0.0000000%
64.733497		- 	51.888788		- 	011	023	0006807	 000000006206	0.0000000%
67.323324		- 	51.889958		- 	006	023	0006833	 000000006228	0.0000000%
53.024812		- 	51.893451		- 	010	025	0006857	 000000006251	0.0000000%
53.961061		- 	51.901867		- 	012	019	0006884	 000000006274	0.0000000%
59.090367		- 	51.906541		- 	010	023	0006906	 000000006297	0.0000000%
54.042594		- 	51.910319		- 	011	020	0006932	 000000006320	0.0000000%
54.655513		- 	51.925127		- 	017	011	0006960	 000000006343	0.0000000%
54.461554		- 	51.927707		- 	010	021	0006986	 000000006366	0.0000000%
66.404593		- 	51.931671		- 	017	013	0007019	 000000006389	0.0000000%
53.985553		- 	51.932514		- 	015	018	0007035	 000000006413	0.0000000%
74.202157		- 	51.932621		- 	018	009	0007054	 000000006437	0.0000000%
66.021186		- 	51.933230		- 	009	024	0007078	 000000006460	0.0000000%
52.230779		- 	51.936558		- 	012	024	0007103	 000000006483	0.0000000%
61.738530		- 	51.937704		- 	016	018	0007132	 000000006506	0.0000000%
61.482511		- 	51.944261		- 	012	022	0007161	 000000006529	0.0000000%
69.960077		- 	51.948618		- 	008	016	0007179	 000000006552	0.0000000%
63.497962		- 	51.949307		- 	011	021	0007204	 000000006575	0.0000000%
62.227304		- 	51.951533		- 	013	017	0007233	 000000006598	0.0000000%
66.630847		- 	51.955613		- 	009	023	0007257	 000000006621	0.0000000%
76.586633		- 	51.958088		- 	012	019	0007285	 000000006643	0.0000000%
72.585802		- 	51.961047		- 	017	013	0007303	 000000006667	0.0000000%
63.379472		- 	51.963573		- 	011	024	0007329	 000000006690	0.0000000%
73.142845		- 	51.971488		- 	009	022	0007352	 000000006713	0.0000000%
61.009478		- 	51.974417		- 	015	015	0007380	 000000006736	0.0000000%
62.104213		- 	51.976743		- 	016	013	0007414	 000000006759	0.0000000%
54.378435		- 	51.977198		- 	012	021	0007427	 000000006783	0.0000000%
62.129192		- 	51.978836		- 	013	020	0007458	 000000006806	0.0000000%
65.674706		- 	51.981429		- 	011	019	0007485	 000000006829	0.0000000%
59.063951		- 	51.982800		- 	010	026	0007504	 000000006852	0.0000000%
57.728246		- 	51.989685		- 	018	011	0007533	 000000006875	0.0000000%
53.330601		- 	51.993993		- 	005	029	0007555	 000000006898	0.0000000%
53.729429		- 	51.997361		- 	018	009	0007584	 000000006921	0.0000000%
62.436738		- 	51.999876		- 	015	017	0007612	 000000006944	0.0000000%
53.862821		- 	52.002322		- 	006	029	0007632	 000000006967	0.0000000%
73.072771		- 	52.005974		- 	019	010	0007652	 000000006991	0.0000000%
65.445360		- 	52.006445		- 	013	015	0007688	 000000007013	0.0000000%
61.251333		- 	52.007212		- 	016	012	0007705	 000000007037	0.0000000%
59.959328		- 	52.012251		- 	011	023	0007734	 000000007060	0.0000000%
62.903041		- 	52.017207		- 	013	023	0007761	 000000007083	0.0000000%
66.048515		- 	52.019981		- 	011	020	0007785	 000000007106	0.0000000%
54.026552		- 	52.022256		- 	006	030	0007807	 000000007129	0.0000000%
70.167312		- 	52.029933		- 	011	021	0007829	 000000007152	0.0000000%
73.239836		- 	52.033006		- 	006	018	0007852	 000000007175	0.0000000%
53.718935		- 	52.039569		- 	009	026	0007885	 000000007197	0.0000000%
57.214140		- 	52.041991		- 	008	020	0007906	 000000007220	0.0000000%
52.451224		- 	52.043642		- 	013	019	0007934	 000000007243	0.0000000%
53.915365		- 	52.052079		- 	009	028	0007956	 000000007266	0.0000000%
68.758647		- 	52.052813		- 	011	017	0007985	 000000007289	0.0000000%
68.372088		- 	52.056445		- 	016	012	0008017	 000000007312	0.0000000%
59.846173		- 	52.057393		- 	017	009	0008035	 000000007336	0.0000000%
53.427603		- 	52.062426		- 	018	014	0008063	 000000007359	0.0000000%
61.348247		- 	52.063253		- 	019	011	0008083	 000000007383	0.0000000%
63.753421		- 	52.064106		- 	013	022	0008106	 000000007406	0.0000000%
58.126697		- 	52.069466		- 	011	029	0008135	 000000007429	0.0000000%
60.253405		- 	52.072478		- 	015	015	0008164	 000000007452	0.0000000%
58.097638		- 	52.076162		- 	011	021	0008188	 000000007475	0.0000000%
54.692085		- 	52.079943		- 	013	019	0008202	 000000007499	0.0000000%
52.309518		- 	52.082839		- 	011	019	0008234	 000000007522	0.0000000%
53.899849		- 	52.083014		- 	016	017	0008268	 000000007545	0.0000000%
53.797104		- 	52.083223		- 	019	010	0008288	 000000007569	0.0000000%
53.706874		- 	52.085676		- 	016	012	0008305	 000000007593	0.0000000%
52.343666		- 	52.090504		- 	020	008	0008342	 000000007616	0.0000000%
56.290265		- 	52.091802		- 	018	013	0008361	 000000007640	0.0000000%
65.461088		- 	52.093533		- 	014	020	0008390	 000000007663	0.0000000%
57.111961		- 	52.098235		- 	009	021	0008411	 000000007686	0.0000000%
67.922679		- 	52.101406		- 	016	013	0008428	 000000007710	0.0000000%
68.538592		- 	52.103243		- 	015	014	0008452	 000000007733	0.0000000%
64.101287		- 	52.105791		- 	010	024	0008482	 000000007756	0.0000000%
61.730539		- 	52.108649		- 	013	022	0008506	 000000007779	0.0000000%
66.824703		- 	52.109782		- 	014	019	0008535	 000000007802	0.0000000%
72.735069		- 	52.110303		- 	017	013	0008553	 000000007826	0.0000000%
53.929224		- 	52.112390		- 	016	017	0008593	 000000007848	0.0000000%
53.826480		- 	52.112598		- 	019	010	0008613	 000000007872	0.0000000%
53.975579		- 	52.115088		- 	006	030	0008632	 000000007895	0.0000000%
66.697164		- 	52.116544		- 	009	022	0008659	 000000007918	0.0000000%
66.822082		- 	52.120451		- 	016	015	0008689	 000000007941	0.0000000%
64.193526		- 	52.122640		- 	014	017	0008714	 000000007964	0.0000000%
67.777257		- 	52.125289		- 	011	025	0008738	 000000007987	0.0000000%
53.289053		- 	52.125777		- 	013	018	0008752	 000000008011	0.0000000%
60.781425		- 	52.129214		- 	020	009	0008789	 000000008034	0.0000000%
53.605694		- 	52.130413		- 	014	022	0008815	 000000008057	0.0000000%
57.480938		- 	52.130648		- 	019	010	0008835	 000000008081	0.0000000%
59.863185		- 	52.131717		- 	012	022	0008859	 000000008104	0.0000000%
70.174592		- 	52.134456		- 	010	027	0008881	 000000008127	0.0000000%
59.773232		- 	52.139680		- 	017	013	0008909	 000000008150	0.0000000%
59.946596		- 	52.140783		- 	017	014	0008927	 000000008174	0.0000000%
67.539081		- 	52.144941		- 	012	023	0008964	 000000008196	0.0000000%
60.321437		- 	52.145453		- 	016	016	0008981	 000000008220	0.0000000%
59.886569		- 	52.149139		- 	010	027	0009004	 000000008243	0.0000000%
65.554228		- 	52.150833		- 	008	024	0009028	 000000008266	0.0000000%
54.012318		- 	52.151442		- 	009	025	0009056	 000000008289	0.0000000%
58.388098		- 	52.155533		- 	015	021	0009084	 000000008312	0.0000000%
54.746350		- 	52.156108		- 	014	019	0009110	 000000008335	0.0000000%
65.619061		- 	52.158590		- 	020	010	0009131	 000000008359	0.0000000%
53.672724		- 	52.159138		- 	012	025	0009156	 000000008382	0.0000000%
76.789444		- 	52.160957		- 	015	018	0009186	 000000008405	0.0000000%
61.582720		- 	52.163568		- 	011	016	0009210	 000000008428	0.0000000%
65.384532		- 	52.163724		- 	017	012	0009243	 000000008451	0.0000000%
52.624209		- 	52.164991		- 	017	009	0009261	 000000008475	0.0000000%
54.320062		- 	52.165536		- 	015	016	0009277	 000000008499	0.0000000%
73.876607		- 	52.174209		- 	019	008	0009321	 000000008521	0.0000000%
54.931248		- 	52.174857		- 	013	015	0009335	 000000008545	0.0000000%
67.057074		- 	52.176462		- 	011	023	0009357	 000000008568	0.0000000%
65.460512		- 	52.179591		- 	012	024	0009382	 000000008591	0.0000000%
67.863577		- 	52.180131		- 	019	011	0009402	 000000008615	0.0000000%
57.084239		- 	52.185926		- 	017	014	0009438	 000000008638	0.0000000%
65.484629		- 	52.188024		- 	018	010	0009468	 000000008661	0.0000000%
61.224581		- 	52.189646		- 	013	021	0009482	 000000008685	0.0000000%
56.488916		- 	52.192234		- 	010	021	0009505	 000000008708	0.0000000%
61.111417		- 	52.199458		- 	012	013	0009535	 000000008731	0.0000000%
52.960717		- 	52.201204		- 	012	022	0009564	 000000008754	0.0000000%
62.065786		- 	52.202368		- 	014	016	0009586	 000000008777	0.0000000%
64.260722		- 	52.202939		- 	014	018	0009610	 000000008800	0.0000000%
53.622696		- 	52.208156		- 	010	023	0009634	 000000008823	0.0000000%
62.488540		- 	52.212454		- 	013	018	0009659	 000000008846	0.0000000%
54.409649		- 	52.212923		- 	007	028	0009679	 000000008869	0.0000000%
52.518515		- 	52.215175		- 	020	008	0009718	 000000008892	0.0000000%
62.973596		- 	52.215300		- 	017	014	0009736	 000000008916	0.0000000%
62.542843		- 	52.215458		- 	015	015	0009752	 000000008940	0.0000000%
74.013661		- 	52.216154		- 	014	016	0009789	 000000008963	0.0000000%
62.020502		- 	52.219676		- 	017	016	0009807	 000000008987	0.0000000%
66.257446		- 	52.221381		- 	010	019	0009836	 000000009010	0.0000000%
61.545997		- 	52.223514		- 	009	025	0009853	 000000009033	0.0000000%
62.684056		- 	52.226409		- 	014	014	0009891	 000000009055	0.0000000%
52.479533		- 	52.226525		- 	011	023	0009903	 000000009079	0.0000000%
64.077938		- 	52.230168		- 	009	025	0009927	 000000009102	0.0000000%
56.489488		- 	52.232853		- 	017	015	0009968	 000000009124	0.0000000%
58.837139		- 	52.234359		- 	011	025	0009988	 000000009147	0.0000000%
65.395449		- 	52.234612		- 	014	015	0010003	 000000009171	0.0000000%
59.384490		- 	52.236108		- 	019	009	0010042	 000000009194	0.0000000%
68.175062		- 	52.238039		- 	010	025	0010053	 000000009218	0.0000000%
63.384901		- 	52.245158		- 	021	011	0010098	 000000009240	0.0000000%
72.891691		- 	52.247918		- 	012	020	0010111	 000000009264	0.0000000%
71.883399		- 	52.248592		- 	017	010	0010129	 000000009288	0.0000000%
55.478187		- 	52.254049		- 	011	022	0010159	 000000009311	0.0000000%
57.337088		- 	52.254785		- 	012	024	0010189	 000000009334	0.0000000%
67.768330		- 	52.255330		- 	012	016	0010202	 000000009358	0.0000000%
64.296453		- 	52.256247		- 	013	015	0010229	 000000009381	0.0000000%
61.518834		- 	52.257756		- 	013	019	0010262	 000000009404	0.0000000%
55.842443		- 	52.258534		- 	011	022	0010284	 000000009427	0.0000000%
65.478804		- 	52.258741		- 	020	009	0010305	 000000009451	0.0000000%
63.322659		- 	52.259957		- 	011	022	0010331	 000000009474	0.0000000%
73.382383		- 	52.263479		- 	014	019	0010359	 000000009497	0.0000000%
73.156942		- 	52.264301		- 	018	011	0010378	 000000009521	0.0000000%
62.067314		- 	52.266489		- 	016	017	0010407	 000000009544	0.0000000%
62.088240		- 	52.268657		- 	010	020	0010433	 000000009567	0.0000000%
62.265657		- 	52.271031		- 	014	021	0010458	 000000009590	0.0000000%
64.139485		- 	52.271391		- 	012	026	0010483	 000000009613	0.0000000%
62.028243		- 	52.275194		- 	013	020	0010509	 000000009636	0.0000000%
61.213842		- 	52.283477		- 	021	008	0010540	 000000009659	0.0000000%
55.932600		- 	52.284189		- 	014	015	0010555	 000000009683	0.0000000%
62.462880		- 	52.288496		- 	016	015	0010583	 000000009706	0.0000000%
72.999138		- 	52.289042		- 	011	018	0010609	 000000009729	0.0000000%
55.909328		- 	52.289663		- 	008	027	0010632	 000000009752	0.0000000%
65.573514		- 	52.292609		- 	013	015	0010664	 000000009775	0.0000000%
61.868908		- 	52.293912		- 	013	018	0010678	 000000009799	0.0000000%
62.465679		- 	52.294524		- 	018	012	0010707	 000000009822	0.0000000%
72.236585		- 	52.295777		- 	013	018	0010733	 000000009845	0.0000000%
62.990254		- 	52.296466		- 	015	016	0010756	 000000009868	0.0000000%
70.004790		- 	52.297335		- 	014	022	0010783	 000000009891	0.0000000%
63.050995		- 	52.301635		- 	013	016	0010811	 000000009914	0.0000000%
57.799343		- 	52.302888		- 	010	020	0010832	 000000009937	0.0000000%
61.848241		- 	52.304355		- 	014	020	0010862	 000000009960	0.0000000%
55.314977		- 	52.305798		- 	015	018	0010878	 000000009984	0.0000000%
52.635133		- 	52.308441		- 	007	026	0010903	 000000010007	0.0000000%
56.745248		- 	52.309518		- 	012	018	0010937	 000000010029	0.0000000%
66.145342		- 	52.309624		- 	018	014	0010956	 000000010053	0.0000000%
53.030397		- 	52.310762		- 	020	011	0010991	 000000010076	0.0000000%
67.342523		- 	52.310955		- 	010	023	0011002	 000000010100	0.0000000%
59.151359		- 	52.311452		- 	015	015	0011040	 000000010123	0.0000000%
68.205978		- 	52.312218		- 	016	011	0011057	 000000010147	0.0000000%
71.941858		- 	52.312852		- 	021	007	0011079	 000000010171	0.0000000%
53.823425		- 	52.313632		- 	016	019	0011110	 000000010194	0.0000000%
69.837880		- 	52.316687		- 	018	013	0011129	 000000010218	0.0000000%
62.175815		- 	52.319220		- 	008	026	0011154	 000000010240	0.0000000%
66.340176		- 	52.320508		- 	015	014	0011182	 000000010263	0.0000000%
67.435627		- 	52.324884		- 	022	007	0011205	 000000010287	0.0000000%
53.993640		- 	52.326694		- 	012	019	0011228	 000000010310	0.0000000%
58.735457		- 	52.334679		- 	007	023	0011255	 000000010333	0.0000000%
57.801994		- 	52.335945		- 	013	019	0011290	 000000010356	0.0000000%
62.066343		- 	52.336580		- 	017	012	0011308	 000000010380	0.0000000%
63.512484		- 	52.338254		- 	014	021	0011337	 000000010403	0.0000000%
65.999641		- 	52.338999		- 	018	014	0011356	 000000010427	0.0000000%
54.071395		- 	52.340002		- 	021	009	0011387	 000000010450	0.0000000%
58.053289		- 	52.340519		- 	021	007	0011409	 000000010474	0.0000000%
52.673357		- 	52.341275		- 	017	011	0011438	 000000010497	0.0000000%
66.396459		- 	52.341735		- 	019	007	0011458	 000000010521	0.0000000%
69.883158		- 	52.343666		- 	021	007	0011497	 000000010544	0.0000000%
53.633219		- 	52.344035		- 	008	021	0011506	 000000010568	0.0000000%
66.324485		- 	52.346060		- 	018	015	0011533	 000000010591	0.0000000%
65.150168		- 	52.349800		- 	013	014	0011560	 000000010614	0.0000000%
61.036842		- 	52.351180		- 	013	024	0011587	 000000010637	0.0000000%
58.015415		- 	52.351500		- 	014	014	0011611	 000000010660	0.0000000%
73.662641		- 	52.354259		- 	022	008	0011649	 000000010683	0.0000000%
73.290153		- 	52.357029		- 	008	023	0011658	 000000010707	0.0000000%
56.415705		- 	52.357285		- 	010	024	0011684	 000000010730	0.0000000%
71.990806		- 	52.360224		- 	019	011	0011704	 000000010754	0.0000000%
60.139640		- 	52.360806		- 	007	026	0011727	 000000010777	0.0000000%
55.642832		- 	52.362335		- 	023	006	0011767	 000000010800	0.0000000%
62.214242		- 	52.366759		- 	013	024	0011781	 000000010824	0.0000000%
67.674184		- 	52.366910		- 	023	007	0011805	 000000010848	0.0000000%
57.746968		- 	52.369377		- 	021	010	0011838	 000000010871	0.0000000%
64.493792		- 	52.370005		- 	022	006	0011861	 000000010895	0.0000000%
62.810013		- 	52.373151		- 	013	021	0011885	 000000010918	0.0000000%
54.737645		- 	52.374698		- 	014	018	0011916	 000000010941	0.0000000%
68.267573		- 	52.375006		- 	015	012	0011932	 000000010965	0.0000000%
60.129102		- 	52.379383		- 	018	012	0011966	 000000010988	0.0000000%
60.405362		- 	52.381607		- 	011	024	0011978	 000000011012	0.0000000%
64.688687		- 	52.382108		- 	013	017	0012011	 000000011035	0.0000000%
74.094225		- 	52.384321		- 	009	021	0012036	 000000011058	0.0000000%
52.447760		- 	52.384892		- 	020	008	0012057	 000000011082	0.0000000%
69.613997		- 	52.386189		- 	014	013	0012085	 000000011105	0.0000000%
52.976696		- 	52.387423		- 	024	008	0012110	 000000011129	0.0000000%
73.280686		- 	52.388001		- 	017	008	0012128	 000000011153	0.0000000%
58.626596		- 	52.389876		- 	014	015	0012163	 000000011176	0.0000000%
56.270545		- 	52.391704		- 	023	008	0012187	 000000011200	0.0000000%
58.861888		- 	52.391835		- 	024	008	0012212	 000000011224	0.0000000%
57.267777		- 	52.393547		- 	021	008	0012234	 000000011248	0.0000000%
65.300832		- 	52.394355		- 	013	020	0012260	 000000011271	0.0000000%
54.306892		- 	52.396153		- 	016	015	0012277	 000000011295	0.0000000%
57.066161		- 	52.396410		- 	013	016	0012315	 000000011318	0.0000000%
60.217913		- 	52.396692		- 	011	023	0012327	 000000011342	0.0000000%
74.969349		- 	52.397879		- 	021	006	0012372	 000000011365	0.0000000%
54.373735		- 	52.399380		- 	022	008	0012395	 000000011389	0.0000000%
64.698029		- 	52.399754		- 	013	021	0012409	 000000011413	0.0000000%
56.837280		- 	52.401537		- 	014	016	0012437	 000000011436	0.0000000%
59.459318		- 	52.402182		- 	013	022	0012462	 000000011459	0.0000000%
59.482390		- 	52.403226		- 	025	007	0012499	 000000011482	0.0000000%
65.553968		- 	52.403822		- 	016	018	0012516	 000000011506	0.0000000%
72.228811		- 	52.404651		- 	010	019	0012527	 000000011530	0.0000000%
53.570572		- 	52.405868		- 	012	022	0012552	 000000011553	0.0000000%
64.225373		- 	52.406534		- 	022	006	0012593	 000000011576	0.0000000%
52.573431		- 	52.408237		- 	025	007	0012619	 000000011600	0.0000000%
57.309352		- 	52.411234		- 	018	011	0012638	 000000011624	0.0000000%
67.720630		- 	52.411788		- 	015	016	0012654	 000000011648	0.0000000%
59.284948		- 	52.416792		- 	024	006	0012689	 000000011671	0.0000000%
58.437830		- 	52.418395		- 	012	025	0012714	 000000011694	0.0000000%
61.603468		- 	52.419296		- 	017	011	0012732	 000000011718	0.0000000%
61.083664		- 	52.421210		- 	024	008	0012770	 000000011741	0.0000000%
62.469122		- 	52.424653		- 	015	013	0012786	 000000011765	0.0000000%
69.608907		- 	52.425456		- 	018	007	0012805	 000000011789	0.0000000%
76.953368		- 	52.426244		- 	026	003	0012841	 000000011812	0.0000000%
57.996561		- 	52.426531		- 	022	010	0012864	 000000011836	0.0000000%
60.720855		- 	52.427092		- 	022	007	0012887	 000000011860	0.0000000%
72.478691		- 	52.430866		- 	011	021	0012909	 000000011883	0.0000000%
69.955330		- 	52.431255		- 	026	007	0012936	 000000011907	0.0000000%
56.557493		- 	52.432313		- 	025	006	0012973	 000000011930	0.0000000%
62.407619		- 	52.434714		- 	018	013	0012992	 000000011954	0.0000000%
67.385040		- 	52.435880		- 	022	005	0013023	 000000011977	0.0000000%
59.516487		- 	52.437323		- 	025	008	0013049	 000000012001	0.0000000%
60.111714		- 	52.438785		- 	012	023	0013062	 000000012025	0.0000000%
68.580792		- 	52.439397		- 	017	010	0013080	 000000012049	0.0000000%
63.749507		- 	52.439869		- 	022	005	0013103	 000000012073	0.0000000%
61.349427		- 	52.440147		- 	027	002	0013131	 000000012097	0.0000000%
61.476038		- 	52.440855		- 	011	024	0013155	 000000012120	0.0000000%
63.585207		- 	52.443072		- 	014	018	0013188	 000000012143	0.0000000%
54.068289		- 	52.443353		- 	014	022	0013203	 000000012167	0.0000000%
62.768947		- 	52.444535		- 	023	006	0013227	 000000012191	0.0000000%
52.457216		- 	52.445158		- 	027	004	0013255	 000000012215	0.0000000%
73.756143		- 	52.447760		- 	021	006	0013298	 000000012238	0.0000000%
64.627988		- 	52.448074		- 	023	004	0013322	 000000012262	0.0000000%
65.468393		- 	52.448526		- 	023	006	0013346	 000000012286	0.0000000%
56.063437		- 	52.449127		- 	013	019	0013360	 000000012310	0.0000000%
67.843754		- 	52.449614		- 	012	023	0013389	 000000012333	0.0000000%
54.980476		- 	52.451224		- 	014	017	0013404	 000000012357	0.0000000%
62.875461		- 	52.451857		- 	012	022	0013427	 000000012380	0.0000000%
53.238452		- 	52.452437		- 	009	025	0013461	 000000012403	0.0000000%
73.571540		- 	52.452692		- 	012	020	0013483	 000000012426	0.0000000%
70.171891		- 	52.455331		- 	026	003	0013524	 000000012449	0.0000000%
63.250444		- 	52.455634		- 	011	020	0013536	 000000012473	0.0000000%
58.293396		- 	52.455906		- 	022	007	0013559	 000000012497	0.0000000%
66.289475		- 	52.455982		- 	015	014	0013587	 000000012520	0.0000000%
52.630617		- 	52.456016		- 	016	015	0013604	 000000012544	0.0000000%
72.542107		- 	52.456415		- 	022	008	0013627	 000000012568	0.0000000%
69.752033		- 	52.456729		- 	024	006	0013652	 000000012592	0.0000000%
59.595660		- 	52.457216		- 	028	003	0013698	 000000012615	0.0000000%
60.297057		- 	52.457863		- 	012	023	0013711	 000000012639	0.0000000%
68.114414		- 	52.458988		- 	015	012	0013742	 000000012662	0.0000000%
52.990114		- 	52.459255		- 	011	022	0013754	 000000012686	0.0000000%
76.987371		- 	52.460341		- 	026	004	0013791	 000000012709	0.0000000%
56.230352		- 	52.460648		- 	024	005	0013816	 000000012733	0.0000000%
61.707826		- 	52.463548		- 	010	017	0013836	 000000012756	0.0000000%
60.607509		- 	52.466422		- 	019	009	0013871	 000000012779	0.0000000%
71.521124		- 	52.466527		- 	011	027	0013883	 000000012803	0.0000000%
68.902728		- 	52.467380		- 	018	013	0013902	 000000012827	0.0000000%
57.138003		- 	52.467948		- 	013	022	0013940	 000000012849	0.0000000%
65.087555		- 	52.468679		- 	021	007	0013962	 000000012873	0.0000000%
53.233159		- 	52.469104		- 	016	010	0013979	 000000012897	0.0000000%
57.754744		- 	52.469222		- 	027	003	0014007	 000000012921	0.0000000%
68.127021		- 	52.470448		- 	013	022	0014040	 000000012943	0.0000000%
54.158583		- 	52.472354		- 	014	021	0014055	 000000012967	0.0000000%
64.203280		- 	52.472848		- 	024	004	0014080	 000000012991	0.0000000%
62.448877		- 	52.474233		- 	027	004	0014108	 000000013015	0.0000000%
67.989127		- 	52.474401		- 	028	003	0014137	 000000013039	0.0000000%
61.129318		- 	52.475072		- 	015	017	0014164	 000000013062	0.0000000%
62.574680		- 	52.476168		- 	020	012	0014196	 000000013085	0.0000000%
62.498506		- 	52.476207		- 	012	022	0014209	 000000013109	0.0000000%
59.991183		- 	52.476603		- 	024	006	0014234	 000000013133	0.0000000%
65.213085		- 	52.478090		- 	010	028	0014259	 000000013156	0.0000000%
61.938093		- 	52.478186		- 	016	012	0014290	 000000013179	0.0000000%
56.962201		- 	52.479497		- 	015	014	0014306	 000000013203	0.0000000%
52.497533		- 	52.481849		- 	025	003	0014345	 000000013226	0.0000000%
59.719598		- 	52.482239		- 	010	028	0014356	 000000013250	0.0000000%
70.626779		- 	52.482377		- 	010	014	0014379	 000000013273	0.0000000%
60.245310		- 	52.485194		- 	017	011	0014412	 000000013296	0.0000000%
57.708931		- 	52.485605		- 	025	004	0014438	 000000013320	0.0000000%
55.097761		- 	52.485722		- 	013	022	0014452	 000000013344	0.0000000%
68.245045		- 	52.486308		- 	028	003	0014504	 000000013367	0.0000000%
70.450037		- 	52.486308		- 	028	003	0014504	 000000013392	0.0000000%
63.889122		- 	52.486459		- 	029	002	0014551	 000000013415	0.0000000%
57.844887		- 	52.486639		- 	010	022	0014562	 000000013439	0.0000000%
56.363505		- 	52.486679		- 	021	005	0014584	 000000013463	0.0000000%
76.087147		- 	52.488569		- 	025	002	0014610	 000000013487	0.0000000%
56.084209		- 	52.489751		- 	022	008	0014633	 000000013511	0.0000000%
53.686812		- 	52.490650		- 	029	002	0014663	 000000013535	0.0000000%
70.245263		- 	52.492325		- 	025	002	0014698	 000000013558	0.0000000%
65.620922		- 	52.493061		- 	013	022	0014712	 000000013582	0.0000000%
55.309850		- 	52.493185		- 	016	014	0014729	 000000013606	0.0000000%
60.129530		- 	52.494416		- 	023	004	0014769	 000000013629	0.0000000%
67.143598		- 	52.494657		- 	014	019	0014784	 000000013653	0.0000000%
58.602129		- 	52.495334		- 	022	005	0014807	 000000013677	0.0000000%
58.468561		- 	52.496744		- 	010	024	0014832	 000000013700	0.0000000%
70.559831		- 	52.497533		- 	026	004	0014859	 000000013724	0.0000000%
56.827098		- 	52.497955		- 	023	004	0014893	 000000013747	0.0000000%
65.174428		- 	52.498407		- 	023	005	0014917	 000000013771	0.0000000%
68.574934		- 	52.499831		- 	030	002	0014948	 000000013795	0.0000000%
61.259352		- 	52.501066		- 	010	023	0014959	 000000013819	0.0000000%
76.248847		- 	52.501289		- 	026	004	0014986	 000000013843	0.0000000%
58.700101		- 	52.501873		- 	023	005	0015010	 000000013867	0.0000000%
69.044380		- 	52.502486		- 	026	001	0015048	 000000013890	0.0000000%
70.283971		- 	52.503183		- 	023	008	0015072	 000000013914	0.0000000%
67.004633		- 	52.503455		- 	028	002	0015101	 000000013938	0.0000000%
66.932375		- 	52.503862		- 	016	010	0015118	 000000013962	0.0000000%
54.218673		- 	52.504791		- 	019	011	0015138	 000000013986	0.0000000%
63.587985		- 	52.505597		- 	020	012	0015159	 000000014010	0.0000000%
75.011972		- 	52.506242		- 	026	001	0015186	 000000014034	0.0000000%
56.385458		- 	52.506610		- 	024	004	0015211	 000000014058	0.0000000%
69.796713		- 	52.508544		- 	016	012	0015242	 000000014081	0.0000000%
73.072791		- 	52.509608		- 	009	018	0015252	 000000014105	0.0000000%
62.780685		- 	52.510530		- 	024	004	0015297	 000000014128	0.0000000%
54.649616		- 	52.510835		- 	007	024	0015305	 000000014152	0.0000000%
61.162112		- 	52.511448		- 	022	005	0015338	 000000014175	0.0000000%
68.202282	73.701314	52.511450	40.352845	027	002	0015366	 000000014199	3.2798892e-27%
65.945638	73.701314	52.512238	40.350738	021	007	0015401	 000000013841	3.2798892e-27%
52.538406	52.572406	52.522684	0.094666793	023	003	0015688	 000000000091	5.9038006e-27%

### Final Log ###

Termination Reason: Optimal
OPTIMAL SOLUTION FOUND
Function objective value: 52.543937412937296
Sum of infeasibilities: 0.000021702087612
Sequence: 0 49 2 40 37 13 6 43 18 7 3 35 45 19 16 30 9 47 10 41 20 27 32 5 14 28 50 21 39 24 33 25 
Solution: 

Number of Resolved Nodes: 16625
Pruned tree percentage: 0.000000000000000%
Computed Tree Percentage: 0.000000000000000%
Total: 0.000000000000000
Time total: 9.335008999999999
Time S.B: 9.258199999999995
Time SOCP: 7.556078999999872
Iterations to incumbent: 16573
Peak Memory Consumption: 71732
#################
Warm Start Time: 0.843046000000003
    init Time: 0.000030000000000
    construct Time: 0.843016000000003
        solve Time: 0.783706999999964
SOCPs solved: 16675
Solvers made: 30
SOCP Internal Iterations: 106578
SOCP Internal Solve Time: 9.307600950000015
SOCP Setup Time: 2.660568859000108
    SOCP Equilibration Time: 0.347852945000009
    SOCP KKT init Time: 2.022202490000042
SOCP initialization Time: 0.015925016000000
SOCP IP Iteration Time: 6.628113577999997
    SOCP KKT Update Time: 3.087998508000005
    SOCP KKT Solve Time: 2.466642780000014

